[0.026s] Invoking command in '/home/neubility/path_planning_ws/path_planning/src/build/genetic_algorithm_pkg': /usr/bin/cmake /home/neubility/path_planning_ws/path_planning/src/genetic_algorithm_pkg -DCATKIN_INSTALL_INTO_PREFIX_ROOT=0 -DCMAKE_INSTALL_PREFIX=/home/neubility/path_planning_ws/path_planning/src/install/genetic_algorithm_pkg
[0.117s] -- The C compiler identification is GNU 7.5.0
[0.176s] -- The CXX compiler identification is GNU 7.5.0
[0.180s] -- Check for working C compiler: /usr/bin/cc
[0.241s] -- Check for working C compiler: /usr/bin/cc -- works
[0.241s] -- Detecting C compiler ABI info
[0.301s] -- Detecting C compiler ABI info - done
[0.310s] -- Detecting C compile features
[0.509s] -- Detecting C compile features - done
[0.512s] -- Check for working CXX compiler: /usr/bin/c++
[0.585s] -- Check for working CXX compiler: /usr/bin/c++ -- works
[0.586s] -- Detecting CXX compiler ABI info
[0.666s] -- Detecting CXX compiler ABI info - done
[0.674s] -- Detecting CXX compile features
[1.017s] -- Detecting CXX compile features - done
[1.031s] -- Found OpenCV: /usr (found version "3.2.0") 
[1.037s] CMake Error at CMakeLists.txt:8 (find_package):
[1.038s]   By not providing "Findcatkin.cmake" in CMAKE_MODULE_PATH this project has
[1.038s]   asked CMake to find a package configuration file provided by "catkin", but
[1.038s]   CMake did not find one.
[1.040s] 
[1.041s]   Could not find a package configuration file provided by "catkin" with any
[1.041s]   of the following names:
[1.041s] 
[1.041s]     catkinConfig.cmake
[1.041s]     catkin-config.cmake
[1.042s] 
[1.042s]   Add the installation prefix of "catkin" to CMAKE_PREFIX_PATH or set
[1.042s]   "catkin_DIR" to a directory containing one of the above files.  If "catkin"
[1.043s]   provides a separate development package or SDK, be sure it has been
[1.044s]   installed.
[1.044s] 
[1.045s] 
[1.046s] -- Configuring incomplete, errors occurred!
[1.046s] See also "/home/neubility/path_planning_ws/path_planning/src/build/genetic_algorithm_pkg/CMakeFiles/CMakeOutput.log".
[1.046s] Invoked command in '/home/neubility/path_planning_ws/path_planning/src/build/genetic_algorithm_pkg' returned '1': /usr/bin/cmake /home/neubility/path_planning_ws/path_planning/src/genetic_algorithm_pkg -DCATKIN_INSTALL_INTO_PREFIX_ROOT=0 -DCMAKE_INSTALL_PREFIX=/home/neubility/path_planning_ws/path_planning/src/install/genetic_algorithm_pkg
