[0.135s] DEBUG:colcon:Command line arguments: ['/usr/bin/colcon', 'build']
[0.136s] DEBUG:colcon:Parsed command line arguments: Namespace(ament_cmake_args=None, base_paths=['.'], build_base='build', catkin_cmake_args=None, catkin_skip_building_tests=False, cmake_args=None, cmake_clean_cache=False, cmake_clean_first=False, cmake_force_configure=False, cmake_target=None, cmake_target_skip_unavailable=False, continue_on_error=False, event_handlers=None, executor='parallel', ignore_user_meta=False, install_base='install', log_base=None, log_level=None, main=<bound method BuildVerb.main of <colcon_core.verb.build.BuildVerb object at 0x7f50717dea20>>, merge_install=False, metas=['./colcon.meta'], packages_above=None, packages_above_and_dependencies=None, packages_above_depth=None, packages_end=None, packages_ignore=None, packages_ignore_regex=None, packages_select=None, packages_select_build_failed=False, packages_select_by_dep=None, packages_select_regex=None, packages_select_test_failures=False, packages_skip=None, packages_skip_build_finished=False, packages_skip_by_dep=None, packages_skip_regex=None, packages_skip_test_passed=False, packages_skip_up_to=None, packages_start=None, packages_up_to=None, packages_up_to_regex=None, parallel_workers=16, paths=None, symlink_install=False, test_result_base=None, verb_extension=<colcon_core.verb.build.BuildVerb object at 0x7f50717dea20>, verb_name='build', verb_parser=<colcon_defaults.argument_parser.defaults.DefaultArgumentsDecorator object at 0x7f50717ded68>)
[0.140s] Level 1:colcon.colcon_core.package_discovery:discover_packages(colcon_meta) check parameters
[0.140s] Level 1:colcon.colcon_core.package_discovery:discover_packages(recursive) check parameters
[0.140s] Level 1:colcon.colcon_core.package_discovery:discover_packages(ignore) check parameters
[0.140s] Level 1:colcon.colcon_core.package_discovery:discover_packages(path) check parameters
[0.140s] Level 1:colcon.colcon_core.package_discovery:discover_packages(colcon_meta) discover
[0.140s] Level 1:colcon.colcon_core.package_discovery:discover_packages(recursive) discover
[0.140s] INFO:colcon.colcon_core.package_discovery:Crawling recursively for packages in '/home/neubility/path_planning_ws/path_planning'
[0.141s] Level 1:colcon.colcon_core.package_identification:_identify(.) by extensions ['ignore', 'ignore_ament_install']
[0.141s] Level 1:colcon.colcon_core.package_identification:_identify(.) by extension 'ignore'
[0.141s] Level 1:colcon.colcon_core.package_identification:_identify(.) by extension 'ignore_ament_install'
[0.141s] Level 1:colcon.colcon_core.package_identification:_identify(.) by extensions ['colcon_pkg']
[0.141s] Level 1:colcon.colcon_core.package_identification:_identify(.) by extension 'colcon_pkg'
[0.141s] Level 1:colcon.colcon_core.package_identification:_identify(.) by extensions ['colcon_meta']
[0.141s] Level 1:colcon.colcon_core.package_identification:_identify(.) by extension 'colcon_meta'
[0.141s] Level 1:colcon.colcon_core.package_identification:_identify(.) by extensions ['ros']
[0.141s] Level 1:colcon.colcon_core.package_identification:_identify(.) by extension 'ros'
[0.150s] Level 1:colcon.colcon_core.package_identification:_identify(.) by extensions ['cmake', 'python']
[0.150s] Level 1:colcon.colcon_core.package_identification:_identify(.) by extension 'cmake'
[0.150s] Level 1:colcon.colcon_core.package_identification:_identify(.) by extension 'python'
[0.150s] Level 1:colcon.colcon_core.package_identification:_identify(.) by extensions ['python_setup_py']
[0.150s] Level 1:colcon.colcon_core.package_identification:_identify(.) by extension 'python_setup_py'
[0.150s] Level 1:colcon.colcon_core.package_identification:_identify(backup) by extensions ['ignore', 'ignore_ament_install']
[0.150s] Level 1:colcon.colcon_core.package_identification:_identify(backup) by extension 'ignore'
[0.150s] Level 1:colcon.colcon_core.package_identification:_identify(backup) by extension 'ignore_ament_install'
[0.150s] Level 1:colcon.colcon_core.package_identification:_identify(backup) by extensions ['colcon_pkg']
[0.150s] Level 1:colcon.colcon_core.package_identification:_identify(backup) by extension 'colcon_pkg'
[0.150s] Level 1:colcon.colcon_core.package_identification:_identify(backup) by extensions ['colcon_meta']
[0.150s] Level 1:colcon.colcon_core.package_identification:_identify(backup) by extension 'colcon_meta'
[0.150s] Level 1:colcon.colcon_core.package_identification:_identify(backup) by extensions ['ros']
[0.150s] Level 1:colcon.colcon_core.package_identification:_identify(backup) by extension 'ros'
[0.150s] Level 1:colcon.colcon_core.package_identification:_identify(backup) by extensions ['cmake', 'python']
[0.150s] Level 1:colcon.colcon_core.package_identification:_identify(backup) by extension 'cmake'
[0.150s] Level 1:colcon.colcon_core.package_identification:_identify(backup) by extension 'python'
[0.150s] Level 1:colcon.colcon_core.package_identification:_identify(backup) by extensions ['python_setup_py']
[0.150s] Level 1:colcon.colcon_core.package_identification:_identify(backup) by extension 'python_setup_py'
[0.151s] Level 1:colcon.colcon_core.package_identification:_identify(build) by extensions ['ignore', 'ignore_ament_install']
[0.151s] Level 1:colcon.colcon_core.package_identification:_identify(build) by extension 'ignore'
[0.151s] Level 1:colcon.colcon_core.package_identification:_identify(build) ignored
[0.151s] Level 1:colcon.colcon_core.package_identification:_identify(img) by extensions ['ignore', 'ignore_ament_install']
[0.151s] Level 1:colcon.colcon_core.package_identification:_identify(img) by extension 'ignore'
[0.151s] Level 1:colcon.colcon_core.package_identification:_identify(img) by extension 'ignore_ament_install'
[0.151s] Level 1:colcon.colcon_core.package_identification:_identify(img) by extensions ['colcon_pkg']
[0.151s] Level 1:colcon.colcon_core.package_identification:_identify(img) by extension 'colcon_pkg'
[0.151s] Level 1:colcon.colcon_core.package_identification:_identify(img) by extensions ['colcon_meta']
[0.151s] Level 1:colcon.colcon_core.package_identification:_identify(img) by extension 'colcon_meta'
[0.151s] Level 1:colcon.colcon_core.package_identification:_identify(img) by extensions ['ros']
[0.151s] Level 1:colcon.colcon_core.package_identification:_identify(img) by extension 'ros'
[0.151s] Level 1:colcon.colcon_core.package_identification:_identify(img) by extensions ['cmake', 'python']
[0.151s] Level 1:colcon.colcon_core.package_identification:_identify(img) by extension 'cmake'
[0.151s] Level 1:colcon.colcon_core.package_identification:_identify(img) by extension 'python'
[0.152s] Level 1:colcon.colcon_core.package_identification:_identify(img) by extensions ['python_setup_py']
[0.152s] Level 1:colcon.colcon_core.package_identification:_identify(img) by extension 'python_setup_py'
[0.152s] Level 1:colcon.colcon_core.package_identification:_identify(img/delete) by extensions ['ignore', 'ignore_ament_install']
[0.152s] Level 1:colcon.colcon_core.package_identification:_identify(img/delete) by extension 'ignore'
[0.152s] Level 1:colcon.colcon_core.package_identification:_identify(img/delete) by extension 'ignore_ament_install'
[0.152s] Level 1:colcon.colcon_core.package_identification:_identify(img/delete) by extensions ['colcon_pkg']
[0.152s] Level 1:colcon.colcon_core.package_identification:_identify(img/delete) by extension 'colcon_pkg'
[0.152s] Level 1:colcon.colcon_core.package_identification:_identify(img/delete) by extensions ['colcon_meta']
[0.152s] Level 1:colcon.colcon_core.package_identification:_identify(img/delete) by extension 'colcon_meta'
[0.152s] Level 1:colcon.colcon_core.package_identification:_identify(img/delete) by extensions ['ros']
[0.152s] Level 1:colcon.colcon_core.package_identification:_identify(img/delete) by extension 'ros'
[0.152s] Level 1:colcon.colcon_core.package_identification:_identify(img/delete) by extensions ['cmake', 'python']
[0.152s] Level 1:colcon.colcon_core.package_identification:_identify(img/delete) by extension 'cmake'
[0.152s] Level 1:colcon.colcon_core.package_identification:_identify(img/delete) by extension 'python'
[0.152s] Level 1:colcon.colcon_core.package_identification:_identify(img/delete) by extensions ['python_setup_py']
[0.152s] Level 1:colcon.colcon_core.package_identification:_identify(img/delete) by extension 'python_setup_py'
[0.152s] Level 1:colcon.colcon_core.package_identification:_identify(img/result) by extensions ['ignore', 'ignore_ament_install']
[0.152s] Level 1:colcon.colcon_core.package_identification:_identify(img/result) by extension 'ignore'
[0.152s] Level 1:colcon.colcon_core.package_identification:_identify(img/result) by extension 'ignore_ament_install'
[0.152s] Level 1:colcon.colcon_core.package_identification:_identify(img/result) by extensions ['colcon_pkg']
[0.152s] Level 1:colcon.colcon_core.package_identification:_identify(img/result) by extension 'colcon_pkg'
[0.152s] Level 1:colcon.colcon_core.package_identification:_identify(img/result) by extensions ['colcon_meta']
[0.152s] Level 1:colcon.colcon_core.package_identification:_identify(img/result) by extension 'colcon_meta'
[0.152s] Level 1:colcon.colcon_core.package_identification:_identify(img/result) by extensions ['ros']
[0.152s] Level 1:colcon.colcon_core.package_identification:_identify(img/result) by extension 'ros'
[0.152s] Level 1:colcon.colcon_core.package_identification:_identify(img/result) by extensions ['cmake', 'python']
[0.152s] Level 1:colcon.colcon_core.package_identification:_identify(img/result) by extension 'cmake'
[0.152s] Level 1:colcon.colcon_core.package_identification:_identify(img/result) by extension 'python'
[0.153s] Level 1:colcon.colcon_core.package_identification:_identify(img/result) by extensions ['python_setup_py']
[0.153s] Level 1:colcon.colcon_core.package_identification:_identify(img/result) by extension 'python_setup_py'
[0.153s] Level 1:colcon.colcon_core.package_identification:_identify(img/result/1) by extensions ['ignore', 'ignore_ament_install']
[0.153s] Level 1:colcon.colcon_core.package_identification:_identify(img/result/1) by extension 'ignore'
[0.153s] Level 1:colcon.colcon_core.package_identification:_identify(img/result/1) by extension 'ignore_ament_install'
[0.153s] Level 1:colcon.colcon_core.package_identification:_identify(img/result/1) by extensions ['colcon_pkg']
[0.153s] Level 1:colcon.colcon_core.package_identification:_identify(img/result/1) by extension 'colcon_pkg'
[0.153s] Level 1:colcon.colcon_core.package_identification:_identify(img/result/1) by extensions ['colcon_meta']
[0.153s] Level 1:colcon.colcon_core.package_identification:_identify(img/result/1) by extension 'colcon_meta'
[0.153s] Level 1:colcon.colcon_core.package_identification:_identify(img/result/1) by extensions ['ros']
[0.153s] Level 1:colcon.colcon_core.package_identification:_identify(img/result/1) by extension 'ros'
[0.153s] Level 1:colcon.colcon_core.package_identification:_identify(img/result/1) by extensions ['cmake', 'python']
[0.153s] Level 1:colcon.colcon_core.package_identification:_identify(img/result/1) by extension 'cmake'
[0.153s] Level 1:colcon.colcon_core.package_identification:_identify(img/result/1) by extension 'python'
[0.153s] Level 1:colcon.colcon_core.package_identification:_identify(img/result/1) by extensions ['python_setup_py']
[0.153s] Level 1:colcon.colcon_core.package_identification:_identify(img/result/1) by extension 'python_setup_py'
[0.153s] Level 1:colcon.colcon_core.package_identification:_identify(img/result/2) by extensions ['ignore', 'ignore_ament_install']
[0.153s] Level 1:colcon.colcon_core.package_identification:_identify(img/result/2) by extension 'ignore'
[0.153s] Level 1:colcon.colcon_core.package_identification:_identify(img/result/2) by extension 'ignore_ament_install'
[0.153s] Level 1:colcon.colcon_core.package_identification:_identify(img/result/2) by extensions ['colcon_pkg']
[0.153s] Level 1:colcon.colcon_core.package_identification:_identify(img/result/2) by extension 'colcon_pkg'
[0.153s] Level 1:colcon.colcon_core.package_identification:_identify(img/result/2) by extensions ['colcon_meta']
[0.153s] Level 1:colcon.colcon_core.package_identification:_identify(img/result/2) by extension 'colcon_meta'
[0.153s] Level 1:colcon.colcon_core.package_identification:_identify(img/result/2) by extensions ['ros']
[0.153s] Level 1:colcon.colcon_core.package_identification:_identify(img/result/2) by extension 'ros'
[0.153s] Level 1:colcon.colcon_core.package_identification:_identify(img/result/2) by extensions ['cmake', 'python']
[0.153s] Level 1:colcon.colcon_core.package_identification:_identify(img/result/2) by extension 'cmake'
[0.153s] Level 1:colcon.colcon_core.package_identification:_identify(img/result/2) by extension 'python'
[0.153s] Level 1:colcon.colcon_core.package_identification:_identify(img/result/2) by extensions ['python_setup_py']
[0.154s] Level 1:colcon.colcon_core.package_identification:_identify(img/result/2) by extension 'python_setup_py'
[0.154s] Level 1:colcon.colcon_core.package_identification:_identify(install) by extensions ['ignore', 'ignore_ament_install']
[0.154s] Level 1:colcon.colcon_core.package_identification:_identify(install) by extension 'ignore'
[0.154s] Level 1:colcon.colcon_core.package_identification:_identify(install) ignored
[0.154s] Level 1:colcon.colcon_core.package_identification:_identify(log) by extensions ['ignore', 'ignore_ament_install']
[0.154s] Level 1:colcon.colcon_core.package_identification:_identify(log) by extension 'ignore'
[0.154s] Level 1:colcon.colcon_core.package_identification:_identify(log) ignored
[0.154s] Level 1:colcon.colcon_core.package_identification:_identify(src) by extensions ['ignore', 'ignore_ament_install']
[0.154s] Level 1:colcon.colcon_core.package_identification:_identify(src) by extension 'ignore'
[0.154s] Level 1:colcon.colcon_core.package_identification:_identify(src) by extension 'ignore_ament_install'
[0.154s] Level 1:colcon.colcon_core.package_identification:_identify(src) by extensions ['colcon_pkg']
[0.154s] Level 1:colcon.colcon_core.package_identification:_identify(src) by extension 'colcon_pkg'
[0.154s] Level 1:colcon.colcon_core.package_identification:_identify(src) by extensions ['colcon_meta']
[0.154s] Level 1:colcon.colcon_core.package_identification:_identify(src) by extension 'colcon_meta'
[0.154s] Level 1:colcon.colcon_core.package_identification:_identify(src) by extensions ['ros']
[0.154s] Level 1:colcon.colcon_core.package_identification:_identify(src) by extension 'ros'
[0.154s] Level 1:colcon.colcon_core.package_identification:_identify(src) by extensions ['cmake', 'python']
[0.154s] Level 1:colcon.colcon_core.package_identification:_identify(src) by extension 'cmake'
[0.154s] Level 1:colcon.colcon_core.package_identification:_identify(src) by extension 'python'
[0.154s] Level 1:colcon.colcon_core.package_identification:_identify(src) by extensions ['python_setup_py']
[0.154s] Level 1:colcon.colcon_core.package_identification:_identify(src) by extension 'python_setup_py'
[0.154s] Level 1:colcon.colcon_core.package_identification:_identify(src/a_star_algorithm_pkg) by extensions ['ignore', 'ignore_ament_install']
[0.154s] Level 1:colcon.colcon_core.package_identification:_identify(src/a_star_algorithm_pkg) by extension 'ignore'
[0.154s] Level 1:colcon.colcon_core.package_identification:_identify(src/a_star_algorithm_pkg) by extension 'ignore_ament_install'
[0.155s] Level 1:colcon.colcon_core.package_identification:_identify(src/a_star_algorithm_pkg) by extensions ['colcon_pkg']
[0.155s] Level 1:colcon.colcon_core.package_identification:_identify(src/a_star_algorithm_pkg) by extension 'colcon_pkg'
[0.155s] Level 1:colcon.colcon_core.package_identification:_identify(src/a_star_algorithm_pkg) by extensions ['colcon_meta']
[0.155s] Level 1:colcon.colcon_core.package_identification:_identify(src/a_star_algorithm_pkg) by extension 'colcon_meta'
[0.155s] Level 1:colcon.colcon_core.package_identification:_identify(src/a_star_algorithm_pkg) by extensions ['ros']
[0.155s] Level 1:colcon.colcon_core.package_identification:_identify(src/a_star_algorithm_pkg) by extension 'ros'
[0.157s] DEBUG:colcon.colcon_core.package_identification:Package 'src/a_star_algorithm_pkg' with type 'ros.catkin' and name 'a_star_algorithm_pkg'
[0.157s] Level 1:colcon.colcon_core.package_identification:_identify(src/build) by extensions ['ignore', 'ignore_ament_install']
[0.157s] Level 1:colcon.colcon_core.package_identification:_identify(src/build) by extension 'ignore'
[0.157s] Level 1:colcon.colcon_core.package_identification:_identify(src/build) ignored
[0.157s] Level 1:colcon.colcon_core.package_identification:_identify(src/genetic_algorithm_pkg) by extensions ['ignore', 'ignore_ament_install']
[0.157s] Level 1:colcon.colcon_core.package_identification:_identify(src/genetic_algorithm_pkg) by extension 'ignore'
[0.157s] Level 1:colcon.colcon_core.package_identification:_identify(src/genetic_algorithm_pkg) by extension 'ignore_ament_install'
[0.157s] Level 1:colcon.colcon_core.package_identification:_identify(src/genetic_algorithm_pkg) by extensions ['colcon_pkg']
[0.157s] Level 1:colcon.colcon_core.package_identification:_identify(src/genetic_algorithm_pkg) by extension 'colcon_pkg'
[0.157s] Level 1:colcon.colcon_core.package_identification:_identify(src/genetic_algorithm_pkg) by extensions ['colcon_meta']
[0.157s] Level 1:colcon.colcon_core.package_identification:_identify(src/genetic_algorithm_pkg) by extension 'colcon_meta'
[0.157s] Level 1:colcon.colcon_core.package_identification:_identify(src/genetic_algorithm_pkg) by extensions ['ros']
[0.157s] Level 1:colcon.colcon_core.package_identification:_identify(src/genetic_algorithm_pkg) by extension 'ros'
[0.158s] DEBUG:colcon.colcon_core.package_identification:Package 'src/genetic_algorithm_pkg' with type 'ros.catkin' and name 'genetic_algorithm_pkg'
[0.158s] Level 1:colcon.colcon_core.package_identification:_identify(src/grid_algorithm_pkg) by extensions ['ignore', 'ignore_ament_install']
[0.158s] Level 1:colcon.colcon_core.package_identification:_identify(src/grid_algorithm_pkg) by extension 'ignore'
[0.158s] Level 1:colcon.colcon_core.package_identification:_identify(src/grid_algorithm_pkg) by extension 'ignore_ament_install'
[0.158s] Level 1:colcon.colcon_core.package_identification:_identify(src/grid_algorithm_pkg) by extensions ['colcon_pkg']
[0.158s] Level 1:colcon.colcon_core.package_identification:_identify(src/grid_algorithm_pkg) by extension 'colcon_pkg'
[0.158s] Level 1:colcon.colcon_core.package_identification:_identify(src/grid_algorithm_pkg) by extensions ['colcon_meta']
[0.158s] Level 1:colcon.colcon_core.package_identification:_identify(src/grid_algorithm_pkg) by extension 'colcon_meta'
[0.158s] Level 1:colcon.colcon_core.package_identification:_identify(src/grid_algorithm_pkg) by extensions ['ros']
[0.158s] Level 1:colcon.colcon_core.package_identification:_identify(src/grid_algorithm_pkg) by extension 'ros'
[0.159s] DEBUG:colcon.colcon_core.package_identification:Package 'src/grid_algorithm_pkg' with type 'ros.catkin' and name 'grid_algorithm_pkg'
[0.159s] Level 1:colcon.colcon_core.package_identification:_identify(src/hybrid_a_star_algorithm_pkg) by extensions ['ignore', 'ignore_ament_install']
[0.159s] Level 1:colcon.colcon_core.package_identification:_identify(src/hybrid_a_star_algorithm_pkg) by extension 'ignore'
[0.159s] Level 1:colcon.colcon_core.package_identification:_identify(src/hybrid_a_star_algorithm_pkg) by extension 'ignore_ament_install'
[0.159s] Level 1:colcon.colcon_core.package_identification:_identify(src/hybrid_a_star_algorithm_pkg) by extensions ['colcon_pkg']
[0.159s] Level 1:colcon.colcon_core.package_identification:_identify(src/hybrid_a_star_algorithm_pkg) by extension 'colcon_pkg'
[0.159s] Level 1:colcon.colcon_core.package_identification:_identify(src/hybrid_a_star_algorithm_pkg) by extensions ['colcon_meta']
[0.159s] Level 1:colcon.colcon_core.package_identification:_identify(src/hybrid_a_star_algorithm_pkg) by extension 'colcon_meta'
[0.159s] Level 1:colcon.colcon_core.package_identification:_identify(src/hybrid_a_star_algorithm_pkg) by extensions ['ros']
[0.159s] Level 1:colcon.colcon_core.package_identification:_identify(src/hybrid_a_star_algorithm_pkg) by extension 'ros'
[0.160s] DEBUG:colcon.colcon_core.package_identification:Package 'src/hybrid_a_star_algorithm_pkg' with type 'ros.ament_cmake' and name 'hybrid_a_star_algorithm_pkg'
[0.160s] Level 1:colcon.colcon_core.package_identification:_identify(src/install) by extensions ['ignore', 'ignore_ament_install']
[0.160s] Level 1:colcon.colcon_core.package_identification:_identify(src/install) by extension 'ignore'
[0.160s] Level 1:colcon.colcon_core.package_identification:_identify(src/install) ignored
[0.160s] Level 1:colcon.colcon_core.package_identification:_identify(src/log) by extensions ['ignore', 'ignore_ament_install']
[0.160s] Level 1:colcon.colcon_core.package_identification:_identify(src/log) by extension 'ignore'
[0.160s] Level 1:colcon.colcon_core.package_identification:_identify(src/log) ignored
[0.160s] Level 1:colcon.colcon_core.package_identification:_identify(src/pso_planner_pkg) by extensions ['ignore', 'ignore_ament_install']
[0.160s] Level 1:colcon.colcon_core.package_identification:_identify(src/pso_planner_pkg) by extension 'ignore'
[0.161s] Level 1:colcon.colcon_core.package_identification:_identify(src/pso_planner_pkg) by extension 'ignore_ament_install'
[0.161s] Level 1:colcon.colcon_core.package_identification:_identify(src/pso_planner_pkg) by extensions ['colcon_pkg']
[0.161s] Level 1:colcon.colcon_core.package_identification:_identify(src/pso_planner_pkg) by extension 'colcon_pkg'
[0.161s] Level 1:colcon.colcon_core.package_identification:_identify(src/pso_planner_pkg) by extensions ['colcon_meta']
[0.161s] Level 1:colcon.colcon_core.package_identification:_identify(src/pso_planner_pkg) by extension 'colcon_meta'
[0.161s] Level 1:colcon.colcon_core.package_identification:_identify(src/pso_planner_pkg) by extensions ['ros']
[0.161s] Level 1:colcon.colcon_core.package_identification:_identify(src/pso_planner_pkg) by extension 'ros'
[0.161s] DEBUG:colcon.colcon_core.package_identification:Package 'src/pso_planner_pkg' with type 'ros.ament_cmake' and name 'pso_planner_pkg'
[0.161s] Level 1:colcon.colcon_core.package_discovery:discover_packages(recursive) using defaults
[0.161s] Level 1:colcon.colcon_core.package_discovery:discover_packages(ignore) discover
[0.161s] Level 1:colcon.colcon_core.package_discovery:discover_packages(ignore) using defaults
[0.161s] Level 1:colcon.colcon_core.package_discovery:discover_packages(path) discover
[0.161s] Level 1:colcon.colcon_core.package_discovery:discover_packages(path) using defaults
[0.178s] Level 5:colcon.colcon_core.verb:set package 'a_star_algorithm_pkg' build argument 'cmake_args' from command line to 'None'
[0.178s] Level 5:colcon.colcon_core.verb:set package 'a_star_algorithm_pkg' build argument 'cmake_target' from command line to 'None'
[0.178s] Level 5:colcon.colcon_core.verb:set package 'a_star_algorithm_pkg' build argument 'cmake_target_skip_unavailable' from command line to 'False'
[0.178s] Level 5:colcon.colcon_core.verb:set package 'a_star_algorithm_pkg' build argument 'cmake_clean_cache' from command line to 'False'
[0.178s] Level 5:colcon.colcon_core.verb:set package 'a_star_algorithm_pkg' build argument 'cmake_clean_first' from command line to 'False'
[0.178s] Level 5:colcon.colcon_core.verb:set package 'a_star_algorithm_pkg' build argument 'cmake_force_configure' from command line to 'False'
[0.178s] Level 5:colcon.colcon_core.verb:set package 'a_star_algorithm_pkg' build argument 'ament_cmake_args' from command line to 'None'
[0.178s] Level 5:colcon.colcon_core.verb:set package 'a_star_algorithm_pkg' build argument 'catkin_cmake_args' from command line to 'None'
[0.178s] Level 5:colcon.colcon_core.verb:set package 'a_star_algorithm_pkg' build argument 'catkin_skip_building_tests' from command line to 'False'
[0.178s] DEBUG:colcon.colcon_core.verb:Building package 'a_star_algorithm_pkg' with the following arguments: {'ament_cmake_args': None, 'build_base': '/home/neubility/path_planning_ws/path_planning/build/a_star_algorithm_pkg', 'catkin_cmake_args': None, 'catkin_skip_building_tests': False, 'cmake_args': None, 'cmake_clean_cache': False, 'cmake_clean_first': False, 'cmake_force_configure': False, 'cmake_target': None, 'cmake_target_skip_unavailable': False, 'install_base': '/home/neubility/path_planning_ws/path_planning/install/a_star_algorithm_pkg', 'merge_install': False, 'path': '/home/neubility/path_planning_ws/path_planning/src/a_star_algorithm_pkg', 'symlink_install': False, 'test_result_base': None}
[0.180s] Level 5:colcon.colcon_core.verb:set package 'genetic_algorithm_pkg' build argument 'cmake_args' from command line to 'None'
[0.180s] Level 5:colcon.colcon_core.verb:set package 'genetic_algorithm_pkg' build argument 'cmake_target' from command line to 'None'
[0.180s] Level 5:colcon.colcon_core.verb:set package 'genetic_algorithm_pkg' build argument 'cmake_target_skip_unavailable' from command line to 'False'
[0.180s] Level 5:colcon.colcon_core.verb:set package 'genetic_algorithm_pkg' build argument 'cmake_clean_cache' from command line to 'False'
[0.180s] Level 5:colcon.colcon_core.verb:set package 'genetic_algorithm_pkg' build argument 'cmake_clean_first' from command line to 'False'
[0.180s] Level 5:colcon.colcon_core.verb:set package 'genetic_algorithm_pkg' build argument 'cmake_force_configure' from command line to 'False'
[0.180s] Level 5:colcon.colcon_core.verb:set package 'genetic_algorithm_pkg' build argument 'ament_cmake_args' from command line to 'None'
[0.180s] Level 5:colcon.colcon_core.verb:set package 'genetic_algorithm_pkg' build argument 'catkin_cmake_args' from command line to 'None'
[0.180s] Level 5:colcon.colcon_core.verb:set package 'genetic_algorithm_pkg' build argument 'catkin_skip_building_tests' from command line to 'False'
[0.181s] DEBUG:colcon.colcon_core.verb:Building package 'genetic_algorithm_pkg' with the following arguments: {'ament_cmake_args': None, 'build_base': '/home/neubility/path_planning_ws/path_planning/build/genetic_algorithm_pkg', 'catkin_cmake_args': None, 'catkin_skip_building_tests': False, 'cmake_args': None, 'cmake_clean_cache': False, 'cmake_clean_first': False, 'cmake_force_configure': False, 'cmake_target': None, 'cmake_target_skip_unavailable': False, 'install_base': '/home/neubility/path_planning_ws/path_planning/install/genetic_algorithm_pkg', 'merge_install': False, 'path': '/home/neubility/path_planning_ws/path_planning/src/genetic_algorithm_pkg', 'symlink_install': False, 'test_result_base': None}
[0.182s] Level 5:colcon.colcon_core.verb:set package 'grid_algorithm_pkg' build argument 'cmake_args' from command line to 'None'
[0.182s] Level 5:colcon.colcon_core.verb:set package 'grid_algorithm_pkg' build argument 'cmake_target' from command line to 'None'
[0.182s] Level 5:colcon.colcon_core.verb:set package 'grid_algorithm_pkg' build argument 'cmake_target_skip_unavailable' from command line to 'False'
[0.182s] Level 5:colcon.colcon_core.verb:set package 'grid_algorithm_pkg' build argument 'cmake_clean_cache' from command line to 'False'
[0.182s] Level 5:colcon.colcon_core.verb:set package 'grid_algorithm_pkg' build argument 'cmake_clean_first' from command line to 'False'
[0.182s] Level 5:colcon.colcon_core.verb:set package 'grid_algorithm_pkg' build argument 'cmake_force_configure' from command line to 'False'
[0.182s] Level 5:colcon.colcon_core.verb:set package 'grid_algorithm_pkg' build argument 'ament_cmake_args' from command line to 'None'
[0.182s] Level 5:colcon.colcon_core.verb:set package 'grid_algorithm_pkg' build argument 'catkin_cmake_args' from command line to 'None'
[0.182s] Level 5:colcon.colcon_core.verb:set package 'grid_algorithm_pkg' build argument 'catkin_skip_building_tests' from command line to 'False'
[0.182s] DEBUG:colcon.colcon_core.verb:Building package 'grid_algorithm_pkg' with the following arguments: {'ament_cmake_args': None, 'build_base': '/home/neubility/path_planning_ws/path_planning/build/grid_algorithm_pkg', 'catkin_cmake_args': None, 'catkin_skip_building_tests': False, 'cmake_args': None, 'cmake_clean_cache': False, 'cmake_clean_first': False, 'cmake_force_configure': False, 'cmake_target': None, 'cmake_target_skip_unavailable': False, 'install_base': '/home/neubility/path_planning_ws/path_planning/install/grid_algorithm_pkg', 'merge_install': False, 'path': '/home/neubility/path_planning_ws/path_planning/src/grid_algorithm_pkg', 'symlink_install': False, 'test_result_base': None}
[0.184s] Level 5:colcon.colcon_core.verb:set package 'hybrid_a_star_algorithm_pkg' build argument 'cmake_args' from command line to 'None'
[0.184s] Level 5:colcon.colcon_core.verb:set package 'hybrid_a_star_algorithm_pkg' build argument 'cmake_target' from command line to 'None'
[0.184s] Level 5:colcon.colcon_core.verb:set package 'hybrid_a_star_algorithm_pkg' build argument 'cmake_target_skip_unavailable' from command line to 'False'
[0.184s] Level 5:colcon.colcon_core.verb:set package 'hybrid_a_star_algorithm_pkg' build argument 'cmake_clean_cache' from command line to 'False'
[0.184s] Level 5:colcon.colcon_core.verb:set package 'hybrid_a_star_algorithm_pkg' build argument 'cmake_clean_first' from command line to 'False'
[0.184s] Level 5:colcon.colcon_core.verb:set package 'hybrid_a_star_algorithm_pkg' build argument 'cmake_force_configure' from command line to 'False'
[0.184s] Level 5:colcon.colcon_core.verb:set package 'hybrid_a_star_algorithm_pkg' build argument 'ament_cmake_args' from command line to 'None'
[0.184s] Level 5:colcon.colcon_core.verb:set package 'hybrid_a_star_algorithm_pkg' build argument 'catkin_cmake_args' from command line to 'None'
[0.184s] Level 5:colcon.colcon_core.verb:set package 'hybrid_a_star_algorithm_pkg' build argument 'catkin_skip_building_tests' from command line to 'False'
[0.184s] DEBUG:colcon.colcon_core.verb:Building package 'hybrid_a_star_algorithm_pkg' with the following arguments: {'ament_cmake_args': None, 'build_base': '/home/neubility/path_planning_ws/path_planning/build/hybrid_a_star_algorithm_pkg', 'catkin_cmake_args': None, 'catkin_skip_building_tests': False, 'cmake_args': None, 'cmake_clean_cache': False, 'cmake_clean_first': False, 'cmake_force_configure': False, 'cmake_target': None, 'cmake_target_skip_unavailable': False, 'install_base': '/home/neubility/path_planning_ws/path_planning/install/hybrid_a_star_algorithm_pkg', 'merge_install': False, 'path': '/home/neubility/path_planning_ws/path_planning/src/hybrid_a_star_algorithm_pkg', 'symlink_install': False, 'test_result_base': None}
[0.186s] Level 5:colcon.colcon_core.verb:set package 'pso_planner_pkg' build argument 'cmake_args' from command line to 'None'
[0.186s] Level 5:colcon.colcon_core.verb:set package 'pso_planner_pkg' build argument 'cmake_target' from command line to 'None'
[0.186s] Level 5:colcon.colcon_core.verb:set package 'pso_planner_pkg' build argument 'cmake_target_skip_unavailable' from command line to 'False'
[0.186s] Level 5:colcon.colcon_core.verb:set package 'pso_planner_pkg' build argument 'cmake_clean_cache' from command line to 'False'
[0.186s] Level 5:colcon.colcon_core.verb:set package 'pso_planner_pkg' build argument 'cmake_clean_first' from command line to 'False'
[0.186s] Level 5:colcon.colcon_core.verb:set package 'pso_planner_pkg' build argument 'cmake_force_configure' from command line to 'False'
[0.186s] Level 5:colcon.colcon_core.verb:set package 'pso_planner_pkg' build argument 'ament_cmake_args' from command line to 'None'
[0.186s] Level 5:colcon.colcon_core.verb:set package 'pso_planner_pkg' build argument 'catkin_cmake_args' from command line to 'None'
[0.186s] Level 5:colcon.colcon_core.verb:set package 'pso_planner_pkg' build argument 'catkin_skip_building_tests' from command line to 'False'
[0.186s] DEBUG:colcon.colcon_core.verb:Building package 'pso_planner_pkg' with the following arguments: {'ament_cmake_args': None, 'build_base': '/home/neubility/path_planning_ws/path_planning/build/pso_planner_pkg', 'catkin_cmake_args': None, 'catkin_skip_building_tests': False, 'cmake_args': None, 'cmake_clean_cache': False, 'cmake_clean_first': False, 'cmake_force_configure': False, 'cmake_target': None, 'cmake_target_skip_unavailable': False, 'install_base': '/home/neubility/path_planning_ws/path_planning/install/pso_planner_pkg', 'merge_install': False, 'path': '/home/neubility/path_planning_ws/path_planning/src/pso_planner_pkg', 'symlink_install': False, 'test_result_base': None}
[0.186s] INFO:colcon.colcon_core.executor:Executing jobs using 'parallel' executor
[0.188s] DEBUG:colcon.colcon_parallel_executor.executor.parallel:run_until_complete
[0.188s] INFO:colcon.colcon_ros.task.catkin.build:Building ROS package in '/home/neubility/path_planning_ws/path_planning/src/a_star_algorithm_pkg' with build type 'catkin'
[0.189s] INFO:colcon.colcon_cmake.task.cmake.build:Building CMake package in '/home/neubility/path_planning_ws/path_planning/src/a_star_algorithm_pkg'
[0.192s] INFO:colcon.colcon_core.plugin_system:Skipping extension 'colcon_core.shell.bat': Not used on non-Windows systems
[0.192s] INFO:colcon.colcon_core.shell:Skip shell extension 'powershell' for command environment: Not usable outside of PowerShell
[0.192s] DEBUG:colcon.colcon_core.shell:Skip shell extension 'dsv' for command environment
[0.194s] DEBUG:colcon.colcon_core.shell:Ignoring prefix path '/opt/ros/eloquent'
[0.198s] INFO:colcon.colcon_ros.task.catkin.build:Building ROS package in '/home/neubility/path_planning_ws/path_planning/src/genetic_algorithm_pkg' with build type 'catkin'
[0.198s] INFO:colcon.colcon_cmake.task.cmake.build:Building CMake package in '/home/neubility/path_planning_ws/path_planning/src/genetic_algorithm_pkg'
[0.199s] INFO:colcon.colcon_core.shell:Skip shell extension 'powershell' for command environment: Not usable outside of PowerShell
[0.199s] DEBUG:colcon.colcon_core.shell:Skip shell extension 'dsv' for command environment
[0.200s] DEBUG:colcon.colcon_core.shell:Ignoring prefix path '/opt/ros/eloquent'
[0.202s] INFO:colcon.colcon_ros.task.catkin.build:Building ROS package in '/home/neubility/path_planning_ws/path_planning/src/grid_algorithm_pkg' with build type 'catkin'
[0.203s] INFO:colcon.colcon_cmake.task.cmake.build:Building CMake package in '/home/neubility/path_planning_ws/path_planning/src/grid_algorithm_pkg'
[0.204s] INFO:colcon.colcon_core.shell:Skip shell extension 'powershell' for command environment: Not usable outside of PowerShell
[0.204s] DEBUG:colcon.colcon_core.shell:Skip shell extension 'dsv' for command environment
[0.205s] DEBUG:colcon.colcon_core.shell:Ignoring prefix path '/opt/ros/eloquent'
[0.208s] INFO:colcon.colcon_ros.task.ament_cmake.build:Building ROS package in '/home/neubility/path_planning_ws/path_planning/src/hybrid_a_star_algorithm_pkg' with build type 'ament_cmake'
[0.208s] INFO:colcon.colcon_cmake.task.cmake.build:Building CMake package in '/home/neubility/path_planning_ws/path_planning/src/hybrid_a_star_algorithm_pkg'
[0.209s] INFO:colcon.colcon_core.shell:Skip shell extension 'powershell' for command environment: Not usable outside of PowerShell
[0.209s] DEBUG:colcon.colcon_core.shell:Skip shell extension 'dsv' for command environment
[0.211s] DEBUG:colcon.colcon_core.shell:Ignoring prefix path '/opt/ros/eloquent'
[0.213s] INFO:colcon.colcon_ros.task.ament_cmake.build:Building ROS package in '/home/neubility/path_planning_ws/path_planning/src/pso_planner_pkg' with build type 'ament_cmake'
[0.213s] INFO:colcon.colcon_cmake.task.cmake.build:Building CMake package in '/home/neubility/path_planning_ws/path_planning/src/pso_planner_pkg'
[0.214s] INFO:colcon.colcon_core.shell:Skip shell extension 'powershell' for command environment: Not usable outside of PowerShell
[0.214s] DEBUG:colcon.colcon_core.shell:Skip shell extension 'dsv' for command environment
[0.215s] DEBUG:colcon.colcon_core.shell:Ignoring prefix path '/opt/ros/eloquent'
[0.222s] DEBUG:colcon.colcon_core.event_handler.log_command:Invoking command in '/home/neubility/path_planning_ws/path_planning/build/a_star_algorithm_pkg': /usr/bin/cmake /home/neubility/path_planning_ws/path_planning/src/a_star_algorithm_pkg -DCATKIN_INSTALL_INTO_PREFIX_ROOT=0 -DCMAKE_INSTALL_PREFIX=/home/neubility/path_planning_ws/path_planning/install/a_star_algorithm_pkg
[0.229s] DEBUG:colcon.colcon_core.event_handler.log_command:Invoking command in '/home/neubility/path_planning_ws/path_planning/build/genetic_algorithm_pkg': /usr/bin/cmake /home/neubility/path_planning_ws/path_planning/src/genetic_algorithm_pkg -DCATKIN_INSTALL_INTO_PREFIX_ROOT=0 -DCMAKE_INSTALL_PREFIX=/home/neubility/path_planning_ws/path_planning/install/genetic_algorithm_pkg
[0.232s] DEBUG:colcon.colcon_core.event_handler.log_command:Invoking command in '/home/neubility/path_planning_ws/path_planning/build/grid_algorithm_pkg': /usr/bin/cmake /home/neubility/path_planning_ws/path_planning/src/grid_algorithm_pkg -DCATKIN_INSTALL_INTO_PREFIX_ROOT=0 -DCMAKE_INSTALL_PREFIX=/home/neubility/path_planning_ws/path_planning/install/grid_algorithm_pkg
[0.237s] DEBUG:colcon.colcon_core.event_handler.log_command:Invoking command in '/home/neubility/path_planning_ws/path_planning/build/hybrid_a_star_algorithm_pkg': CMAKE_PREFIX_PATH=/opt/ros/eloquent /usr/bin/cmake /home/neubility/path_planning_ws/path_planning/src/hybrid_a_star_algorithm_pkg -DCMAKE_INSTALL_PREFIX=/home/neubility/path_planning_ws/path_planning/install/hybrid_a_star_algorithm_pkg
[0.240s] DEBUG:colcon.colcon_core.event_handler.log_command:Invoking command in '/home/neubility/path_planning_ws/path_planning/build/pso_planner_pkg': CMAKE_PREFIX_PATH=/opt/ros/eloquent /usr/bin/cmake /home/neubility/path_planning_ws/path_planning/src/pso_planner_pkg -DCMAKE_INSTALL_PREFIX=/home/neubility/path_planning_ws/path_planning/install/pso_planner_pkg
[1.175s] DEBUG:colcon.colcon_core.event_handler.log_command:Invoked command in '/home/neubility/path_planning_ws/path_planning/build/grid_algorithm_pkg' returned '1': /usr/bin/cmake /home/neubility/path_planning_ws/path_planning/src/grid_algorithm_pkg -DCATKIN_INSTALL_INTO_PREFIX_ROOT=0 -DCMAKE_INSTALL_PREFIX=/home/neubility/path_planning_ws/path_planning/install/grid_algorithm_pkg
[1.181s] DEBUG:colcon.colcon_core.event_handler.log_command:Invoked command in '/home/neubility/path_planning_ws/path_planning/build/a_star_algorithm_pkg' returned '1': /usr/bin/cmake /home/neubility/path_planning_ws/path_planning/src/a_star_algorithm_pkg -DCATKIN_INSTALL_INTO_PREFIX_ROOT=0 -DCMAKE_INSTALL_PREFIX=/home/neubility/path_planning_ws/path_planning/install/a_star_algorithm_pkg
[1.186s] Level 1:colcon.colcon_core.environment:create_environment_scripts_only(grid_algorithm_pkg)
[1.193s] Level 1:colcon.colcon_core.environment:checking '/home/neubility/path_planning_ws/path_planning/install/grid_algorithm_pkg' for CMake module files
[1.194s] Level 1:colcon.colcon_core.environment:checking '/home/neubility/path_planning_ws/path_planning/install/grid_algorithm_pkg' for CMake config files
[1.195s] Level 1:colcon.colcon_core.environment:checking '/home/neubility/path_planning_ws/path_planning/install/grid_algorithm_pkg/bin'
[1.195s] Level 1:colcon.colcon_core.environment:checking '/home/neubility/path_planning_ws/path_planning/install/grid_algorithm_pkg/lib/pkgconfig/grid_algorithm_pkg.pc'
[1.195s] Level 1:colcon.colcon_core.environment:checking '/home/neubility/path_planning_ws/path_planning/install/grid_algorithm_pkg/lib/python3.6/site-packages'
[1.196s] INFO:colcon.colcon_core.shell:Creating package script '/home/neubility/path_planning_ws/path_planning/install/grid_algorithm_pkg/share/grid_algorithm_pkg/package.ps1'
[1.197s] INFO:colcon.colcon_core.shell:Creating package descriptor '/home/neubility/path_planning_ws/path_planning/install/grid_algorithm_pkg/share/grid_algorithm_pkg/package.dsv'
[1.198s] INFO:colcon.colcon_core.shell:Creating package script '/home/neubility/path_planning_ws/path_planning/install/grid_algorithm_pkg/share/grid_algorithm_pkg/package.sh'
[1.199s] INFO:colcon.colcon_core.shell:Creating package script '/home/neubility/path_planning_ws/path_planning/install/grid_algorithm_pkg/share/grid_algorithm_pkg/package.bash'
[1.200s] INFO:colcon.colcon_core.shell:Creating package script '/home/neubility/path_planning_ws/path_planning/install/grid_algorithm_pkg/share/grid_algorithm_pkg/package.zsh'
[1.200s] Level 1:colcon.colcon_core.environment:create_file_with_runtime_dependencies(/home/neubility/path_planning_ws/path_planning/install/grid_algorithm_pkg/share/colcon-core/packages/grid_algorithm_pkg)
[1.202s] Level 1:colcon.colcon_core.environment:create_environment_scripts_only(a_star_algorithm_pkg)
[1.202s] Level 1:colcon.colcon_core.environment:checking '/home/neubility/path_planning_ws/path_planning/install/a_star_algorithm_pkg' for CMake module files
[1.203s] Level 1:colcon.colcon_core.environment:checking '/home/neubility/path_planning_ws/path_planning/install/a_star_algorithm_pkg' for CMake config files
[1.203s] Level 1:colcon.colcon_core.environment:checking '/home/neubility/path_planning_ws/path_planning/install/a_star_algorithm_pkg/bin'
[1.203s] Level 1:colcon.colcon_core.environment:checking '/home/neubility/path_planning_ws/path_planning/install/a_star_algorithm_pkg/lib/pkgconfig/a_star_algorithm_pkg.pc'
[1.203s] Level 1:colcon.colcon_core.environment:checking '/home/neubility/path_planning_ws/path_planning/install/a_star_algorithm_pkg/lib/python3.6/site-packages'
[1.204s] INFO:colcon.colcon_core.shell:Creating package script '/home/neubility/path_planning_ws/path_planning/install/a_star_algorithm_pkg/share/a_star_algorithm_pkg/package.ps1'
[1.204s] INFO:colcon.colcon_core.shell:Creating package descriptor '/home/neubility/path_planning_ws/path_planning/install/a_star_algorithm_pkg/share/a_star_algorithm_pkg/package.dsv'
[1.205s] INFO:colcon.colcon_core.shell:Creating package script '/home/neubility/path_planning_ws/path_planning/install/a_star_algorithm_pkg/share/a_star_algorithm_pkg/package.sh'
[1.205s] INFO:colcon.colcon_core.shell:Creating package script '/home/neubility/path_planning_ws/path_planning/install/a_star_algorithm_pkg/share/a_star_algorithm_pkg/package.bash'
[1.205s] INFO:colcon.colcon_core.shell:Creating package script '/home/neubility/path_planning_ws/path_planning/install/a_star_algorithm_pkg/share/a_star_algorithm_pkg/package.zsh'
[1.205s] Level 1:colcon.colcon_core.environment:create_file_with_runtime_dependencies(/home/neubility/path_planning_ws/path_planning/install/a_star_algorithm_pkg/share/colcon-core/packages/a_star_algorithm_pkg)
[1.805s] DEBUG:colcon.colcon_parallel_executor.executor.parallel:closing loop
[1.806s] DEBUG:colcon.colcon_parallel_executor.executor.parallel:loop closed
[1.806s] DEBUG:colcon.colcon_parallel_executor.executor.parallel:run_until_complete finished with '1'
[1.806s] DEBUG:colcon.colcon_core.event_reactor:joining thread
[1.812s] INFO:colcon.colcon_core.plugin_system:Skipping extension 'colcon_notification.desktop_notification.terminal_notifier': Not used on non-Darwin systems
[1.812s] INFO:colcon.colcon_core.plugin_system:Skipping extension 'colcon_notification.desktop_notification.win32': Not used on non-Windows systems
[1.812s] INFO:colcon.colcon_notification.desktop_notification:Sending desktop notification using 'notify2'
[1.814s] DEBUG:colcon.colcon_core.event_reactor:joined thread
[1.815s] INFO:colcon.colcon_core.shell:Creating prefix script '/home/neubility/path_planning_ws/path_planning/install/local_setup.ps1'
[1.816s] INFO:colcon.colcon_core.shell:Creating prefix util module '/home/neubility/path_planning_ws/path_planning/install/_local_setup_util_ps1.py'
[1.818s] INFO:colcon.colcon_core.shell:Creating prefix chain script '/home/neubility/path_planning_ws/path_planning/install/setup.ps1'
[1.820s] INFO:colcon.colcon_core.shell:Creating prefix script '/home/neubility/path_planning_ws/path_planning/install/local_setup.sh'
[1.821s] INFO:colcon.colcon_core.shell:Creating prefix util module '/home/neubility/path_planning_ws/path_planning/install/_local_setup_util_sh.py'
[1.821s] INFO:colcon.colcon_core.shell:Creating prefix chain script '/home/neubility/path_planning_ws/path_planning/install/setup.sh'
[1.823s] INFO:colcon.colcon_core.shell:Creating prefix script '/home/neubility/path_planning_ws/path_planning/install/local_setup.bash'
[1.824s] INFO:colcon.colcon_core.shell:Creating prefix chain script '/home/neubility/path_planning_ws/path_planning/install/setup.bash'
[1.827s] INFO:colcon.colcon_core.shell:Creating prefix script '/home/neubility/path_planning_ws/path_planning/install/local_setup.zsh'
[1.828s] INFO:colcon.colcon_core.shell:Creating prefix chain script '/home/neubility/path_planning_ws/path_planning/install/setup.zsh'
