[0.011s] Invoking command in '/home/neubility/path_planning_ws/path_planning/build/pso_planner_pkg': CMAKE_PREFIX_PATH=${CMAKE_PREFIX_PATH}:/opt/ros/eloquent /usr/bin/cmake --build /home/neubility/path_planning_ws/path_planning/build/pso_planner_pkg -- -j16 -l16
[0.069s] [35m[1mScanning dependencies of target pso_planner_pkg[0m
[0.086s] [ 33%] [32mBuilding CXX object CMakeFiles/pso_planner_pkg.dir/src/main.cpp.o[0m
[0.340s] In file included from [01m[K/home/neubility/path_planning_ws/path_planning/src/pso_planner_pkg/src/main.cpp:8:0[m[K:
[0.340s] [01m[K/home/neubility/path_planning_ws/path_planning/src/pso_planner_pkg/include/pso_planner.hpp:[m[K In constructor ‘[01m[KPSOPlanner::PSOPlanner(int, int, int, int)[m[K’:
[0.340s] [01m[K/home/neubility/path_planning_ws/path_planning/src/pso_planner_pkg/include/pso_planner.hpp:125:27:[m[K [01;35m[Kwarning: [m[Kcomparison between signed and unsigned integer expressions [[01;35m[K-Wsign-compare[m[K]
[0.340s]          for (int i = 0; [01;35m[Ki < x_swarm.size()[m[K; i++)
[0.341s]                          [01;35m[K~~^~~~~~~~~~~~~~~~[m[K
[0.341s] [01m[K/home/neubility/path_planning_ws/path_planning/src/pso_planner_pkg/include/pso_planner.hpp:126:31:[m[K [01;35m[Kwarning: [m[Kcomparison between signed and unsigned integer expressions [[01;35m[K-Wsign-compare[m[K]
[0.341s]              for (int j = 0; [01;35m[Kj < x_swarm[i].size()[m[K; j++)
[0.341s]                              [01;35m[K~~^~~~~~~~~~~~~~~~~~~[m[K
[0.341s] [01m[K/home/neubility/path_planning_ws/path_planning/src/pso_planner_pkg/include/pso_planner.hpp:133:27:[m[K [01;35m[Kwarning: [m[Kcomparison between signed and unsigned integer expressions [[01;35m[K-Wsign-compare[m[K]
[0.341s]          for (int i = 0; [01;35m[Ki < y_swarm.size()[m[K; i++)
[0.341s]                          [01;35m[K~~^~~~~~~~~~~~~~~~[m[K
[0.341s] [01m[K/home/neubility/path_planning_ws/path_planning/src/pso_planner_pkg/include/pso_planner.hpp:134:31:[m[K [01;35m[Kwarning: [m[Kcomparison between signed and unsigned integer expressions [[01;35m[K-Wsign-compare[m[K]
[0.341s]              for (int j = 0; [01;35m[Kj < y_swarm[i].size()[m[K; j++)
[0.341s]                              [01;35m[K~~^~~~~~~~~~~~~~~~~~~[m[K
[0.345s] [01m[K/home/neubility/path_planning_ws/path_planning/src/pso_planner_pkg/include/pso_planner.hpp:120:16:[m[K [01;35m[Kwarning: [m[Kvariable ‘[01m[Kmin_g_x[m[K’ set but not used [[01;35m[K-Wunused-but-set-variable[m[K]
[0.345s]          double [01;35m[Kmin_g_x[m[K = 0;
[0.345s]                 [01;35m[K^~~~~~~[m[K
[0.345s] [01m[K/home/neubility/path_planning_ws/path_planning/src/pso_planner_pkg/include/pso_planner.hpp:121:16:[m[K [01;35m[Kwarning: [m[Kvariable ‘[01m[Kmin_g_y[m[K’ set but not used [[01;35m[K-Wunused-but-set-variable[m[K]
[0.345s]          double [01;35m[Kmin_g_y[m[K = 0;
[0.345s]                 [01;35m[K^~~~~~~[m[K
[0.345s] [01m[K/home/neubility/path_planning_ws/path_planning/src/pso_planner_pkg/include/pso_planner.hpp:82:20:[m[K [01;35m[Kwarning: [m[Kunused parameter ‘[01m[Kwidth_[m[K’ [[01;35m[K-Wunused-parameter[m[K]
[0.346s]      PSOPlanner(int [01;35m[Kwidth_[m[K, int height_, int init_pos_x_, int init_pos_y_)
[0.346s]                     [01;35m[K^~~~~~[m[K
[0.346s] [01m[K/home/neubility/path_planning_ws/path_planning/src/pso_planner_pkg/include/pso_planner.hpp:82:32:[m[K [01;35m[Kwarning: [m[Kunused parameter ‘[01m[Kheight_[m[K’ [[01;35m[K-Wunused-parameter[m[K]
[0.346s]      PSOPlanner(int width_, int [01;35m[Kheight_[m[K, int init_pos_x_, int init_pos_y_)
[0.346s]                                 [01;35m[K^~~~~~~[m[K
[0.346s] [01m[K/home/neubility/path_planning_ws/path_planning/src/pso_planner_pkg/include/pso_planner.hpp:82:45:[m[K [01;35m[Kwarning: [m[Kunused parameter ‘[01m[Kinit_pos_x_[m[K’ [[01;35m[K-Wunused-parameter[m[K]
[0.346s]      PSOPlanner(int width_, int height_, int [01;35m[Kinit_pos_x_[m[K, int init_pos_y_)
[0.346s]                                              [01;35m[K^~~~~~~~~~~[m[K
[0.346s] [01m[K/home/neubility/path_planning_ws/path_planning/src/pso_planner_pkg/include/pso_planner.hpp:82:62:[m[K [01;35m[Kwarning: [m[Kunused parameter ‘[01m[Kinit_pos_y_[m[K’ [[01;35m[K-Wunused-parameter[m[K]
[0.346s]      PSOPlanner(int width_, int height_, int init_pos_x_, int [01;35m[Kinit_pos_y_[m[K)
[0.346s]                                                               [01;35m[K^~~~~~~~~~~[m[K
[1.021s] [01m[K/home/neubility/path_planning_ws/path_planning/src/pso_planner_pkg/src/main.cpp:[m[K In function ‘[01m[Kint main(int, char**)[m[K’:
[1.021s] [01m[K/home/neubility/path_planning_ws/path_planning/src/pso_planner_pkg/src/main.cpp:289:23:[m[K [01;35m[Kwarning: [m[Kcomparison between signed and unsigned integer expressions [[01;35m[K-Wsign-compare[m[K]
[1.021s]      for (int i = 0; [01;35m[Ki < pso_result_path_points.size() - 1[m[K; i++)
[1.021s]                      [01;35m[K~~^~~~~~~~~~~~~~~~~~~~~~~~~~~~~~~~~~~[m[K
[1.022s] [01m[K/home/neubility/path_planning_ws/path_planning/src/pso_planner_pkg/src/main.cpp:141:9:[m[K [01;35m[Kwarning: [m[Kunused variable ‘[01m[Ktarget_x[m[K’ [[01;35m[K-Wunused-variable[m[K]
[1.022s]      int [01;35m[Ktarget_x[m[K = waypoints[waypoints.size() - 5].first;
[1.022s]          [01;35m[K^~~~~~~~[m[K
[1.022s] [01m[K/home/neubility/path_planning_ws/path_planning/src/pso_planner_pkg/src/main.cpp:142:9:[m[K [01;35m[Kwarning: [m[Kunused variable ‘[01m[Ktarget_y[m[K’ [[01;35m[K-Wunused-variable[m[K]
[1.022s]      int [01;35m[Ktarget_y[m[K = waypoints[waypoints.size() - 5].second;
[1.022s]          [01;35m[K^~~~~~~~[m[K
[4.689s] [ 66%] [32m[1mLinking CXX executable pso_planner_pkg[0m
[5.107s] [100%] Built target pso_planner_pkg
[5.121s] Invoked command in '/home/neubility/path_planning_ws/path_planning/build/pso_planner_pkg' returned '0': CMAKE_PREFIX_PATH=${CMAKE_PREFIX_PATH}:/opt/ros/eloquent /usr/bin/cmake --build /home/neubility/path_planning_ws/path_planning/build/pso_planner_pkg -- -j16 -l16
[5.169s] Invoking command in '/home/neubility/path_planning_ws/path_planning/build/pso_planner_pkg': CMAKE_PREFIX_PATH=${CMAKE_PREFIX_PATH}:/opt/ros/eloquent /usr/bin/cmake --build /home/neubility/path_planning_ws/path_planning/build/pso_planner_pkg --target install -- -j16 -l16
[5.253s] [100%] Built target pso_planner_pkg
[5.282s] [36mInstall the project...[0m
[5.290s] -- Install configuration: ""
[5.290s] -- Installing: /home/neubility/path_planning_ws/path_planning/install/pso_planner_pkg/lib/pso_planner_pkg/pso_planner_pkg
[5.292s] -- Set runtime path of "/home/neubility/path_planning_ws/path_planning/install/pso_planner_pkg/lib/pso_planner_pkg/pso_planner_pkg" to ""
[5.292s] -- Up-to-date: /home/neubility/path_planning_ws/path_planning/install/pso_planner_pkg/share/pso_planner_pkg/launch
[5.292s] -- Up-to-date: /home/neubility/path_planning_ws/path_planning/install/pso_planner_pkg/share/ament_index/resource_index/package_run_dependencies/pso_planner_pkg
[5.292s] -- Up-to-date: /home/neubility/path_planning_ws/path_planning/install/pso_planner_pkg/share/ament_index/resource_index/parent_prefix_path/pso_planner_pkg
[5.293s] -- Up-to-date: /home/neubility/path_planning_ws/path_planning/install/pso_planner_pkg/share/pso_planner_pkg/environment/ament_prefix_path.sh
[5.293s] -- Up-to-date: /home/neubility/path_planning_ws/path_planning/install/pso_planner_pkg/share/pso_planner_pkg/environment/ament_prefix_path.dsv
[5.293s] -- Up-to-date: /home/neubility/path_planning_ws/path_planning/install/pso_planner_pkg/share/pso_planner_pkg/environment/path.sh
[5.293s] -- Up-to-date: /home/neubility/path_planning_ws/path_planning/install/pso_planner_pkg/share/pso_planner_pkg/environment/path.dsv
[5.293s] -- Up-to-date: /home/neubility/path_planning_ws/path_planning/install/pso_planner_pkg/share/pso_planner_pkg/local_setup.bash
[5.293s] -- Up-to-date: /home/neubility/path_planning_ws/path_planning/install/pso_planner_pkg/share/pso_planner_pkg/local_setup.sh
[5.293s] -- Up-to-date: /home/neubility/path_planning_ws/path_planning/install/pso_planner_pkg/share/pso_planner_pkg/local_setup.zsh
[5.293s] -- Up-to-date: /home/neubility/path_planning_ws/path_planning/install/pso_planner_pkg/share/pso_planner_pkg/local_setup.dsv
[5.293s] -- Installing: /home/neubility/path_planning_ws/path_planning/install/pso_planner_pkg/share/pso_planner_pkg/package.dsv
[5.293s] -- Up-to-date: /home/neubility/path_planning_ws/path_planning/install/pso_planner_pkg/share/ament_index/resource_index/packages/pso_planner_pkg
[5.293s] -- Up-to-date: /home/neubility/path_planning_ws/path_planning/install/pso_planner_pkg/share/pso_planner_pkg/cmake/pso_planner_pkgConfig.cmake
[5.293s] -- Up-to-date: /home/neubility/path_planning_ws/path_planning/install/pso_planner_pkg/share/pso_planner_pkg/cmake/pso_planner_pkgConfig-version.cmake
[5.293s] -- Up-to-date: /home/neubility/path_planning_ws/path_planning/install/pso_planner_pkg/share/pso_planner_pkg/package.xml
[5.296s] Invoked command in '/home/neubility/path_planning_ws/path_planning/build/pso_planner_pkg' returned '0': CMAKE_PREFIX_PATH=${CMAKE_PREFIX_PATH}:/opt/ros/eloquent /usr/bin/cmake --build /home/neubility/path_planning_ws/path_planning/build/pso_planner_pkg --target install -- -j16 -l16
