[0.037s] Invoking command in '/home/neubility/path_planning_ws/path_planning/src/build/pso_planner_pkg': /usr/bin/cmake /home/neubility/path_planning_ws/path_planning/src/pso_planner_pkg -DCATKIN_INSTALL_INTO_PREFIX_ROOT=0 -DCMAKE_INSTALL_PREFIX=/home/neubility/path_planning_ws/path_planning/src/install/pso_planner_pkg
[0.063s] -- Configuring incomplete, errors occurred!
[0.063s] See also "/home/neubility/path_planning_ws/path_planning/src/build/pso_planner_pkg/CMakeFiles/CMakeOutput.log".
[0.063s] CMake Error at CMakeLists.txt:8 (find_package):
[0.063s]   By not providing "Findcatkin.cmake" in CMAKE_MODULE_PATH this project has
[0.063s]   asked CMake to find a package configuration file provided by "catkin", but
[0.063s]   CMake did not find one.
[0.064s] 
[0.064s]   Could not find a package configuration file provided by "catkin" with any
[0.064s]   of the following names:
[0.064s] 
[0.065s]     catkinConfig.cmake
[0.065s]     catkin-config.cmake
[0.065s] 
[0.066s]   Add the installation prefix of "catkin" to CMAKE_PREFIX_PATH or set
[0.066s]   "catkin_DIR" to a directory containing one of the above files.  If "catkin"
[0.066s]   provides a separate development package or SDK, be sure it has been
[0.067s]   installed.
[0.067s] 
[0.067s] 
