[0.011s] Invoking command in '/home/neubility/path_planning_ws/path_planning/src/build/hybrid_a_star_algorithm_pkg': /usr/bin/cmake /home/neubility/path_planning_ws/path_planning/src/hybrid_a_star_algorithm_pkg -DCMAKE_INSTALL_PREFIX=/home/neubility/path_planning_ws/path_planning/src/install/hybrid_a_star_algorithm_pkg
[0.028s] -- Found ament_cmake: 0.8.3 (/opt/ros/eloquent/share/ament_cmake/cmake)
[0.050s] -- Using PYTHON_EXECUTABLE: /usr/bin/python3
[0.192s] -- Found rclcpp: 0.8.5 (/opt/ros/eloquent/share/rclcpp/cmake)
[0.201s] -- Found rosidl_adapter: 0.8.3 (/opt/ros/eloquent/share/rosidl_adapter/cmake)
[0.221s] -- Found rmw_implementation_cmake: 0.8.1 (/opt/ros/eloquent/share/rmw_implementation_cmake/cmake)
[0.222s] -- Using RMW implementation 'rmw_cyclonedds_cpp' as default
[0.242s] -- Found std_msgs: 0.8.1 (/opt/ros/eloquent/share/std_msgs/cmake)
[0.309s] Error parsing '/home/neubility/path_planning_ws/path_planning/src/hybrid_a_star_algorithm_pkg/package.xml':
[0.348s] Traceback (most recent call last):
[0.348s]   File "/opt/ros/eloquent/share/ament_cmake_core/cmake/core/package_xml_2_cmake.py", line 143, in <module>
[0.348s]     main()
[0.348s]   File "/opt/ros/eloquent/share/ament_cmake_core/cmake/core/package_xml_2_cmake.py", line 52, in main
[0.348s]     raise e
[0.348s]   File "/opt/ros/eloquent/share/ament_cmake_core/cmake/core/package_xml_2_cmake.py", line 49, in main
[0.348s]     args.package_xml.read(), filename=args.package_xml.name)
[0.348s]   File "/usr/lib/python3/dist-packages/catkin_pkg/package.py", line 772, in parse_package_string
[0.348s]     raise InvalidPackage('Error(s):%s' % (''.join(['\n- %s' % e for e in errors])), filename)
[0.348s] catkin_pkg.package.InvalidPackage: Error(s) in package '/home/neubility/path_planning_ws/path_planning/src/hybrid_a_star_algorithm_pkg/package.xml':
[0.348s] Error(s):
[0.348s] - The manifest of package "hybrid_a_star_algorithm_pkg" (with format version 1) must not contain the following tags: exec_depend
[0.349s] - Either update to a newer format or replace <exec_depend> tags with <run_depend> tags.
[0.357s] CMake Error at /opt/ros/eloquent/share/ament_cmake_core/cmake/core/ament_package_xml.cmake:94 (message):
[0.357s]   execute_process(/usr/bin/python3
[0.357s]   /opt/ros/eloquent/share/ament_cmake_core/cmake/core/package_xml_2_cmake.py
[0.357s]   /home/neubility/path_planning_ws/path_planning/src/hybrid_a_star_algorithm_pkg/package.xml
[0.358s]   /home/neubility/path_planning_ws/path_planning/src/build/hybrid_a_star_algorithm_pkg/ament_cmake_core/package.cmake)
[0.358s]   returned error code 1
[0.358s] Call Stack (most recent call first):
[0.358s]   /opt/ros/eloquent/share/ament_cmake_core/cmake/core/ament_package_xml.cmake:49 (_ament_package_xml)
[0.358s]   /opt/ros/eloquent/share/ament_cmake_core/cmake/core/ament_package.cmake:63 (ament_package_xml)
[0.358s]   CMakeLists.txt:37 (ament_package)
[0.358s] 
[0.358s] 
[0.358s] -- Configuring incomplete, errors occurred!
[0.358s] See also "/home/neubility/path_planning_ws/path_planning/src/build/hybrid_a_star_algorithm_pkg/CMakeFiles/CMakeOutput.log".
[0.358s] See also "/home/neubility/path_planning_ws/path_planning/src/build/hybrid_a_star_algorithm_pkg/CMakeFiles/CMakeError.log".
[0.364s] Invoked command in '/home/neubility/path_planning_ws/path_planning/src/build/hybrid_a_star_algorithm_pkg' returned '1': /usr/bin/cmake /home/neubility/path_planning_ws/path_planning/src/hybrid_a_star_algorithm_pkg -DCMAKE_INSTALL_PREFIX=/home/neubility/path_planning_ws/path_planning/src/install/hybrid_a_star_algorithm_pkg
