[0.043s] Invoking command in '/home/neubility/path_planning_ws/path_planning/build/genetic_algorithm_pkg': /usr/bin/cmake /home/neubility/path_planning_ws/path_planning/src/genetic_algorithm_pkg -DCATKIN_INSTALL_INTO_PREFIX_ROOT=0 -DCMAKE_INSTALL_PREFIX=/home/neubility/path_planning_ws/path_planning/install/genetic_algorithm_pkg
[0.128s] -- The C compiler identification is GNU 7.5.0
[0.191s] -- The CXX compiler identification is GNU 7.5.0
[0.195s] -- Check for working C compiler: /usr/bin/cc
[0.254s] -- Check for working C compiler: /usr/bin/cc -- works
[0.254s] -- Detecting C compiler ABI info
[0.320s] -- Detecting C compiler ABI info - done
[0.330s] -- Detecting C compile features
[0.530s] -- Detecting C compile features - done
[0.533s] -- Check for working CXX compiler: /usr/bin/c++
[0.609s] -- Check for working CXX compiler: /usr/bin/c++ -- works
[0.610s] -- Detecting CXX compiler ABI info
[0.684s] -- Detecting CXX compiler ABI info - done
[0.690s] -- Detecting CXX compile features
[1.004s] -- Detecting CXX compile features - done
[1.020s] -- Found OpenCV: /usr (found version "3.2.0") 
[1.025s] CMake Error at CMakeLists.txt:8 (find_package):
[1.025s]   By not providing "Findcatkin.cmake" in CMAKE_MODULE_PATH this project has
[1.025s]   asked CMake to find a package configuration file provided by "catkin", but
[1.025s]   CMake did not find one.
[1.025s] 
[1.025s]   Could not find a package configuration file provided by "catkin" with any
[1.026s]   of the following names:
[1.026s] 
[1.026s]     catkinConfig.cmake
[1.026s]     catkin-config.cmake
[1.026s] 
[1.026s]   Add the installation prefix of "catkin" to CMAKE_PREFIX_PATH or set
[1.026s]   "catkin_DIR" to a directory containing one of the above files.  If "catkin"
[1.026s]   provides a separate development package or SDK, be sure it has been
[1.026s]   installed.
[1.026s] 
[1.026s] 
[1.026s] -- Configuring incomplete, errors occurred!
[1.026s] See also "/home/neubility/path_planning_ws/path_planning/build/genetic_algorithm_pkg/CMakeFiles/CMakeOutput.log".
[1.034s] Invoked command in '/home/neubility/path_planning_ws/path_planning/build/genetic_algorithm_pkg' returned '1': /usr/bin/cmake /home/neubility/path_planning_ws/path_planning/src/genetic_algorithm_pkg -DCATKIN_INSTALL_INTO_PREFIX_ROOT=0 -DCMAKE_INSTALL_PREFIX=/home/neubility/path_planning_ws/path_planning/install/genetic_algorithm_pkg
