[0.045s] Invoking command in '/home/neubility/path_planning_ws/path_planning/build/pso_planner_pkg': CMAKE_PREFIX_PATH=${CMAKE_PREFIX_PATH}:/opt/ros/eloquent /usr/bin/cmake --build /home/neubility/path_planning_ws/path_planning/build/pso_planner_pkg
[0.089s] [35m[1mScanning dependencies of target pso_planner_pkg[0m
[0.100s] [ 33%] [32mBuilding CXX object CMakeFiles/pso_planner_pkg.dir/src/main.cpp.o[0m
[0.370s] In file included from [01m[K/home/neubility/path_planning_ws/path_planning/src/pso_planner_pkg/src/main.cpp:8:0[m[K:
[0.370s] [01m[K/home/neubility/path_planning_ws/path_planning/src/pso_planner_pkg/include/pso_planner.hpp:[m[K In constructor ‘[01m[KPSOPlanner::PSOPlanner(const std::pair<double, double>&, const std::pair<double, double>&, const std::pair<double, double>&)[m[K’:
[0.370s] [01m[K/home/neubility/path_planning_ws/path_planning/src/pso_planner_pkg/include/pso_planner.hpp:616:15:[m[K [01;35m[Kwarning: [m[Kstatement has no effect [[01;35m[K-Wunused-value[m[K]
[0.371s]          [01;35m[Kthis->m_personal_best_array_index[m[K;
[0.371s]          [01;35m[K~~~~~~^~~~~~~~~~~~~~~~~~~~~~~~~~~[m[K
[0.371s] [01m[K/home/neubility/path_planning_ws/path_planning/src/pso_planner_pkg/include/pso_planner.hpp:617:15:[m[K [01;35m[Kwarning: [m[Kstatement has no effect [[01;35m[K-Wunused-value[m[K]
[0.371s]          [01;35m[Kthis->m_global_best_array_index[m[K;
[0.371s]          [01;35m[K~~~~~~^~~~~~~~~~~~~~~~~~~~~~~~~[m[K
[0.371s] [01m[K/home/neubility/path_planning_ws/path_planning/src/pso_planner_pkg/include/pso_planner.hpp:618:15:[m[K [01;35m[Kwarning: [m[Kstatement has no effect [[01;35m[K-Wunused-value[m[K]
[0.371s]          [01;35m[Kthis->m_swarm[m[K;
[0.371s]          [01;35m[K~~~~~~^~~~~~~[m[K
[0.372s] [01m[K/home/neubility/path_planning_ws/path_planning/src/pso_planner_pkg/include/pso_planner.hpp:[m[K In member function ‘[01m[Kvoid PSOPlanner::run()[m[K’:
[0.372s] [01m[K/home/neubility/path_planning_ws/path_planning/src/pso_planner_pkg/include/pso_planner.hpp:682:27:[m[K [01;35m[Kwarning: [m[Kcomparison between signed and unsigned integer expressions [[01;35m[K-Wsign-compare[m[K]
[0.372s]          for (int i = 0; [01;35m[Ki < this->m_swarm[this->m_global_best_array_index.first].size()[m[K; i++)
[0.372s]                          [01;35m[K~~^~~~~~~~~~~~~~~~~~~~~~~~~~~~~~~~~~~~~~~~~~~~~~~~~~~~~~~~~~~~~[m[K
[0.377s] [01m[K/home/neubility/path_planning_ws/path_planning/src/pso_planner_pkg/include/pso_planner.hpp:690:27:[m[K [01;35m[Kwarning: [m[Kcomparison between signed and unsigned integer expressions [[01;35m[K-Wsign-compare[m[K]
[0.377s]          for (int i = 0; [01;35m[Ki < this->m_swarm.size()[m[K; i++)
[0.377s]                          [01;35m[K~~^~~~~~~~~~~~~~~~~~~~~~[m[K
[0.377s] [01m[K/home/neubility/path_planning_ws/path_planning/src/pso_planner_pkg/include/pso_planner.hpp:693:31:[m[K [01;35m[Kwarning: [m[Kcomparison between signed and unsigned integer expressions [[01;35m[K-Wsign-compare[m[K]
[0.377s]              for (int j = 0; [01;35m[Kj < this->m_swarm[i].size()[m[K; j++)
[0.377s]                              [01;35m[K~~^~~~~~~~~~~~~~~~~~~~~~~~~[m[K
[0.380s] [01m[K/home/neubility/path_planning_ws/path_planning/src/pso_planner_pkg/include/pso_planner.hpp:[m[K In member function ‘[01m[Kvoid PSOPlanner::init_first_particles()[m[K’:
[0.380s] [01m[K/home/neubility/path_planning_ws/path_planning/src/pso_planner_pkg/include/pso_planner.hpp:717:27:[m[K [01;35m[Kwarning: [m[Kcomparison between signed and unsigned integer expressions [[01;35m[K-Wsign-compare[m[K]
[0.380s]          for (int i = 0; [01;35m[Ki < this->m_swarm.size()[m[K; i++)
[0.380s]                          [01;35m[K~~^~~~~~~~~~~~~~~~~~~~~~[m[K
[0.380s] [01m[K/home/neubility/path_planning_ws/path_planning/src/pso_planner_pkg/include/pso_planner.hpp:719:31:[m[K [01;35m[Kwarning: [m[Kcomparison between signed and unsigned integer expressions [[01;35m[K-Wsign-compare[m[K]
[0.380s]              for (int j = 0; [01;35m[Kj < this->m_swarm[i].size()[m[K; j++)
[0.381s]                              [01;35m[K~~^~~~~~~~~~~~~~~~~~~~~~~~~[m[K
[0.381s] [01m[K/home/neubility/path_planning_ws/path_planning/src/pso_planner_pkg/include/pso_planner.hpp:[m[K In member function ‘[01m[Kvoid PSOPlanner::update_new_swarm_fitness_value()[m[K’:
[0.381s] [01m[K/home/neubility/path_planning_ws/path_planning/src/pso_planner_pkg/include/pso_planner.hpp:758:27:[m[K [01;35m[Kwarning: [m[Kcomparison between signed and unsigned integer expressions [[01;35m[K-Wsign-compare[m[K]
[0.381s]          for (int i = 0; [01;35m[Ki < this->m_swarm.size()[m[K; i++)
[0.381s]                          [01;35m[K~~^~~~~~~~~~~~~~~~~~~~~~[m[K
[0.381s] In file included from [01m[K/home/neubility/path_planning_ws/path_planning/src/pso_planner_pkg/src/main.cpp:8:0[m[K:
[0.381s] [01m[K/home/neubility/path_planning_ws/path_planning/src/pso_planner_pkg/include/pso_planner.hpp:[m[K In member function ‘[01m[Kvoid PSOPlanner::update_personal_best_swarm()[m[K’:
[0.382s] [01m[K/home/neubility/path_planning_ws/path_planning/src/pso_planner_pkg/include/pso_planner.hpp:811:15:[m[K [01;35m[Kwarning: [m[Kstatement has no effect [[01;35m[K-Wunused-value[m[K]
[0.382s]          [01;35m[Kthis->m_personal_best_array_index[m[K; // std::vector<int>
[0.382s]          [01;35m[K~~~~~~^~~~~~~~~~~~~~~~~~~~~~~~~~~[m[K
[0.382s] [01m[K/home/neubility/path_planning_ws/path_planning/src/pso_planner_pkg/include/pso_planner.hpp:812:27:[m[K [01;35m[Kwarning: [m[Kcomparison between signed and unsigned integer expressions [[01;35m[K-Wsign-compare[m[K]
[0.382s]          for (int i = 0; [01;35m[Ki < this->m_swarm.size()[m[K; i++)
[0.382s]                          [01;35m[K~~^~~~~~~~~~~~~~~~~~~~~~[m[K
[0.382s] [01m[K/home/neubility/path_planning_ws/path_planning/src/pso_planner_pkg/include/pso_planner.hpp:815:31:[m[K [01;35m[Kwarning: [m[Kcomparison between signed and unsigned integer expressions [[01;35m[K-Wsign-compare[m[K]
[0.382s]              for (int j = 0; [01;35m[Kj < this->m_swarm[i].size()[m[K; j++)
[0.382s]                              [01;35m[K~~^~~~~~~~~~~~~~~~~~~~~~~~~[m[K
[0.382s] [01m[K/home/neubility/path_planning_ws/path_planning/src/pso_planner_pkg/include/pso_planner.hpp:[m[K In member function ‘[01m[Kvoid PSOPlanner::update_global_best_swarm()[m[K’:
[0.382s] [01m[K/home/neubility/path_planning_ws/path_planning/src/pso_planner_pkg/include/pso_planner.hpp:838:27:[m[K [01;35m[Kwarning: [m[Kcomparison between signed and unsigned integer expressions [[01;35m[K-Wsign-compare[m[K]
[0.382s]          for (int i = 0; [01;35m[Ki < this->m_swarm.size()[m[K; i++)
[0.382s]                          [01;35m[K~~^~~~~~~~~~~~~~~~~~~~~~[m[K
[0.382s] [01m[K/home/neubility/path_planning_ws/path_planning/src/pso_planner_pkg/include/pso_planner.hpp:840:31:[m[K [01;35m[Kwarning: [m[Kcomparison between signed and unsigned integer expressions [[01;35m[K-Wsign-compare[m[K]
[0.382s]              for (int j = 0; [01;35m[Kj < this->m_swarm[i].size()[m[K; j++)
[0.382s]                              [01;35m[K~~^~~~~~~~~~~~~~~~~~~~~~~~~[m[K
[0.384s] [01m[K/home/neubility/path_planning_ws/path_planning/src/pso_planner_pkg/include/pso_planner.hpp:[m[K In member function ‘[01m[Kvoid PSOPlanner::update_new_swarm()[m[K’:
[0.385s] [01m[K/home/neubility/path_planning_ws/path_planning/src/pso_planner_pkg/include/pso_planner.hpp:880:27:[m[K [01;35m[Kwarning: [m[Kcomparison between signed and unsigned integer expressions [[01;35m[K-Wsign-compare[m[K]
[0.385s]          for (int i = 0; [01;35m[Ki < this->m_swarm.size()[m[K; i++)
[0.385s]                          [01;35m[K~~^~~~~~~~~~~~~~~~~~~~~~[m[K
[0.385s] [01m[K/home/neubility/path_planning_ws/path_planning/src/pso_planner_pkg/include/pso_planner.hpp:926:31:[m[K [01;35m[Kwarning: [m[Kcomparison between signed and unsigned integer expressions [[01;35m[K-Wsign-compare[m[K]
[0.385s]              for (int k = 0; [01;35m[Kk < this->m_swarm[i][swarm_depth_end_index].particles.size()[m[K; k++)
[0.385s]                              [01;35m[K~~^~~~~~~~~~~~~~~~~~~~~~~~~~~~~~~~~~~~~~~~~~~~~~~~~~~~~~~~~~[m[K
[0.385s] [01m[K/home/neubility/path_planning_ws/path_planning/src/pso_planner_pkg/include/pso_planner.hpp:935:24:[m[K [01;35m[Kwarning: [m[Kunused variable ‘[01m[Knew_position[m[K’ [[01;35m[K-Wunused-variable[m[K]
[0.385s]                  double [01;35m[Knew_position[m[K = current_particle->position + new_velocity;
[0.385s]                         [01;35m[K^~~~~~~~~~~~[m[K
[0.385s] [01m[K/home/neubility/path_planning_ws/path_planning/src/pso_planner_pkg/include/pso_planner.hpp:943:31:[m[K [01;35m[Kwarning: [m[Kcomparison between signed and unsigned integer expressions [[01;35m[K-Wsign-compare[m[K]
[0.385s]              for (int k = 0; [01;35m[Kk < this->m_swarm[i][swarm_depth_end_index].particles.size()[m[K; k++)
[0.385s]                              [01;35m[K~~^~~~~~~~~~~~~~~~~~~~~~~~~~~~~~~~~~~~~~~~~~~~~~~~~~~~~~~~~~[m[K
[1.045s] [01m[K/home/neubility/path_planning_ws/path_planning/src/pso_planner_pkg/src/main.cpp:[m[K In function ‘[01m[Kint main(int, char**)[m[K’:
[1.045s] [01m[K/home/neubility/path_planning_ws/path_planning/src/pso_planner_pkg/src/main.cpp:74:23:[m[K [01;35m[Kwarning: [m[Kcomparison between signed and unsigned integer expressions [[01;35m[K-Wsign-compare[m[K]
[1.045s]      for (int i = 0; [01;35m[Ki < pso_total_result_path_points.size()[m[K; i++)
[1.046s]                      [01;35m[K~~^~~~~~~~~~~~~~~~~~~~~~~~~~~~~~~~~~~~~[m[K
[1.046s] [01m[K/home/neubility/path_planning_ws/path_planning/src/pso_planner_pkg/src/main.cpp:77:27:[m[K [01;35m[Kwarning: [m[Kcomparison between signed and unsigned integer expressions [[01;35m[K-Wsign-compare[m[K]
[1.046s]          for (int j = 0; [01;35m[Kj < pso_total_result_path_points[i].size() - 1[m[K; j++)
[1.046s]                          [01;35m[K~~^~~~~~~~~~~~~~~~~~~~~~~~~~~~~~~~~~~~~~~~~~~~[m[K
[1.046s] [01m[K/home/neubility/path_planning_ws/path_planning/src/pso_planner_pkg/src/main.cpp:47:14:[m[K [01;35m[Kwarning: [m[Kunused parameter ‘[01m[Kargc[m[K’ [[01;35m[K-Wunused-parameter[m[K]
[1.046s]  int main(int [01;35m[Kargc[m[K, char **argv)
[1.046s]               [01;35m[K^~~~[m[K
[1.046s] [01m[K/home/neubility/path_planning_ws/path_planning/src/pso_planner_pkg/src/main.cpp:47:27:[m[K [01;35m[Kwarning: [m[Kunused parameter ‘[01m[Kargv[m[K’ [[01;35m[K-Wunused-parameter[m[K]
[1.046s]  int main(int argc, char **[01;35m[Kargv[m[K)
[1.046s]                            [01;35m[K^~~~[m[K
[5.154s] [ 66%] [32m[1mLinking CXX executable pso_planner_pkg[0m
[5.601s] [100%] Built target pso_planner_pkg
