[35m[1mScanning dependencies of target pso_planner_pkg[0m
[ 33%] [32mBuilding CXX object CMakeFiles/pso_planner_pkg.dir/src/main.cpp.o[0m
In file included from [01m[K/home/neubility/path_planning_ws/path_planning/src/pso_planner_pkg/src/main.cpp:8:0[m[K:
[01m[K/home/neubility/path_planning_ws/path_planning/src/pso_planner_pkg/include/pso_planner.hpp:[m[K In constructor ‘[01m[KPSOPlanner::PSOPlanner(int, int, int, int)[m[K’:
[01m[K/home/neubility/path_planning_ws/path_planning/src/pso_planner_pkg/include/pso_planner.hpp:82:20:[m[K [01;31m[Kerror: [m[K‘[01m[Kn_particles[m[K’ was not declared in this scope
         p_x.assign([01;31m[Kn_particles[m[K, 0);
                    [01;31m[K^~~~~~~~~~~[m[K
[01m[K/home/neubility/path_planning_ws/path_planning/src/pso_planner_pkg/include/pso_planner.hpp:82:20:[m[K [01;36m[Knote: [m[Ksuggested alternative: ‘[01m[Km_n_particles[m[K’
         p_x.assign([01;36m[Kn_particles[m[K, 0);
                    [01;36m[K^~~~~~~~~~~[m[K
                    [32m[Km_n_particles[m[K
[01m[K/home/neubility/path_planning_ws/path_planning/src/pso_planner_pkg/include/pso_planner.hpp:101:27:[m[K [01;35m[Kwarning: [m[Kcomparison between signed and unsigned integer expressions [[01;35m[K-Wsign-compare[m[K]
         for (int i = 0; [01;35m[Ki < x_swarm.size()[m[K; i++)
                         [01;35m[K~~^~~~~~~~~~~~~~~~[m[K
[01m[K/home/neubility/path_planning_ws/path_planning/src/pso_planner_pkg/include/pso_planner.hpp:102:31:[m[K [01;35m[Kwarning: [m[Kcomparison between signed and unsigned integer expressions [[01;35m[K-Wsign-compare[m[K]
             for (int j = 0; [01;35m[Kj < x_swarm[i].size()[m[K; j++)
                             [01;35m[K~~^~~~~~~~~~~~~~~~~~~[m[K
[01m[K/home/neubility/path_planning_ws/path_planning/src/pso_planner_pkg/include/pso_planner.hpp:109:27:[m[K [01;35m[Kwarning: [m[Kcomparison between signed and unsigned integer expressions [[01;35m[K-Wsign-compare[m[K]
         for (int i = 0; [01;35m[Ki < y_swarm.size()[m[K; i++)
                         [01;35m[K~~^~~~~~~~~~~~~~~~[m[K
[01m[K/home/neubility/path_planning_ws/path_planning/src/pso_planner_pkg/include/pso_planner.hpp:110:31:[m[K [01;35m[Kwarning: [m[Kcomparison between signed and unsigned integer expressions [[01;35m[K-Wsign-compare[m[K]
             for (int j = 0; [01;35m[Kj < y_swarm[i].size()[m[K; j++)
                             [01;35m[K~~^~~~~~~~~~~~~~~~~~~[m[K
[01m[K/home/neubility/path_planning_ws/path_planning/src/pso_planner_pkg/include/pso_planner.hpp:115:29:[m[K [01;31m[Kerror: [m[K‘[01m[Krepeat_cnt[m[K’ was not declared in this scope
         for (int e = 0; e < [01;31m[Krepeat_cnt[m[K; e++)
                             [01;31m[K^~~~~~~~~~[m[K
[01m[K/home/neubility/path_planning_ws/path_planning/src/pso_planner_pkg/include/pso_planner.hpp:115:29:[m[K [01;36m[Knote: [m[Ksuggested alternative: ‘[01m[Km_repeat_cnt[m[K’
         for (int e = 0; e < [01;36m[Krepeat_cnt[m[K; e++)
                             [01;36m[K^~~~~~~~~~[m[K
                             [32m[Km_repeat_cnt[m[K
[01m[K/home/neubility/path_planning_ws/path_planning/src/pso_planner_pkg/include/pso_planner.hpp:63:20:[m[K [01;35m[Kwarning: [m[Kunused parameter ‘[01m[Kwidth_[m[K’ [[01;35m[K-Wunused-parameter[m[K]
     PSOPlanner(int [01;35m[Kwidth_[m[K, int height_, int init_pos_x_, int init_pos_y_)
                    [01;35m[K^~~~~~[m[K
[01m[K/home/neubility/path_planning_ws/path_planning/src/pso_planner_pkg/include/pso_planner.hpp:63:32:[m[K [01;35m[Kwarning: [m[Kunused parameter ‘[01m[Kheight_[m[K’ [[01;35m[K-Wunused-parameter[m[K]
     PSOPlanner(int width_, int [01;35m[Kheight_[m[K, int init_pos_x_, int init_pos_y_)
                                [01;35m[K^~~~~~~[m[K
[01m[K/home/neubility/path_planning_ws/path_planning/src/pso_planner_pkg/include/pso_planner.hpp:63:45:[m[K [01;35m[Kwarning: [m[Kunused parameter ‘[01m[Kinit_pos_x_[m[K’ [[01;35m[K-Wunused-parameter[m[K]
     PSOPlanner(int width_, int height_, int [01;35m[Kinit_pos_x_[m[K, int init_pos_y_)
                                             [01;35m[K^~~~~~~~~~~[m[K
[01m[K/home/neubility/path_planning_ws/path_planning/src/pso_planner_pkg/include/pso_planner.hpp:63:62:[m[K [01;35m[Kwarning: [m[Kunused parameter ‘[01m[Kinit_pos_y_[m[K’ [[01;35m[K-Wunused-parameter[m[K]
     PSOPlanner(int width_, int height_, int init_pos_x_, int [01;35m[Kinit_pos_y_[m[K)
                                                              [01;35m[K^~~~~~~~~~~[m[K
[01m[K/home/neubility/path_planning_ws/path_planning/src/pso_planner_pkg/src/main.cpp:[m[K In function ‘[01m[Kint main(int, char**)[m[K’:
[01m[K/home/neubility/path_planning_ws/path_planning/src/pso_planner_pkg/src/main.cpp:289:23:[m[K [01;35m[Kwarning: [m[Kcomparison between signed and unsigned integer expressions [[01;35m[K-Wsign-compare[m[K]
     for (int i = 0; [01;35m[Ki < pso_result_path_points.size() - 1[m[K; i++)
                     [01;35m[K~~^~~~~~~~~~~~~~~~~~~~~~~~~~~~~~~~~~~[m[K
[01m[K/home/neubility/path_planning_ws/path_planning/src/pso_planner_pkg/src/main.cpp:141:9:[m[K [01;35m[Kwarning: [m[Kunused variable ‘[01m[Ktarget_x[m[K’ [[01;35m[K-Wunused-variable[m[K]
     int [01;35m[Ktarget_x[m[K = waypoints[waypoints.size() - 5].first;
         [01;35m[K^~~~~~~~[m[K
[01m[K/home/neubility/path_planning_ws/path_planning/src/pso_planner_pkg/src/main.cpp:142:9:[m[K [01;35m[Kwarning: [m[Kunused variable ‘[01m[Ktarget_y[m[K’ [[01;35m[K-Wunused-variable[m[K]
     int [01;35m[Ktarget_y[m[K = waypoints[waypoints.size() - 5].second;
         [01;35m[K^~~~~~~~[m[K
CMakeFiles/pso_planner_pkg.dir/build.make:62: recipe for target 'CMakeFiles/pso_planner_pkg.dir/src/main.cpp.o' failed
make[2]: *** [CMakeFiles/pso_planner_pkg.dir/src/main.cpp.o] Error 1
make[1]: *** [CMakeFiles/pso_planner_pkg.dir/all] Error 2
CMakeFiles/Makefile2:131: recipe for target 'CMakeFiles/pso_planner_pkg.dir/all' failed
Makefile:140: recipe for target 'all' failed
make: *** [all] Error 2
