[0.174s] DEBUG:colcon:Command line arguments: ['/usr/bin/colcon', 'build', '--cmake-args', '-DCMAKE_BUILD_TYPE=Debug', '--packages-select', 'pso_planner_pkg']
[0.174s] DEBUG:colcon:Parsed command line arguments: Namespace(ament_cmake_args=None, base_paths=['.'], build_base='build', catkin_cmake_args=None, catkin_skip_building_tests=False, cmake_args=['-DCMAKE_BUILD_TYPE=Debug'], cmake_clean_cache=False, cmake_clean_first=False, cmake_force_configure=False, cmake_target=None, cmake_target_skip_unavailable=False, continue_on_error=False, event_handlers=None, executor='parallel', ignore_user_meta=False, install_base='install', log_base=None, log_level=None, main=<bound method BuildVerb.main of <colcon_core.verb.build.BuildVerb object at 0x7f1e39af4eb8>>, merge_install=False, metas=['./colcon.meta'], packages_above=None, packages_above_and_dependencies=None, packages_above_depth=None, packages_end=None, packages_ignore=None, packages_ignore_regex=None, packages_select=['pso_planner_pkg'], packages_select_build_failed=False, packages_select_by_dep=None, packages_select_regex=None, packages_select_test_failures=False, packages_skip=None, packages_skip_build_finished=False, packages_skip_by_dep=None, packages_skip_regex=None, packages_skip_test_passed=False, packages_skip_up_to=None, packages_start=None, packages_up_to=None, packages_up_to_regex=None, parallel_workers=16, paths=None, symlink_install=False, test_result_base=None, verb_extension=<colcon_core.verb.build.BuildVerb object at 0x7f1e39af4eb8>, verb_name='build', verb_parser=<colcon_defaults.argument_parser.defaults.DefaultArgumentsDecorator object at 0x7f1e39b00390>)
[0.183s] Level 1:colcon.colcon_core.package_discovery:discover_packages(colcon_meta) check parameters
[0.183s] Level 1:colcon.colcon_core.package_discovery:discover_packages(recursive) check parameters
[0.183s] Level 1:colcon.colcon_core.package_discovery:discover_packages(ignore) check parameters
[0.183s] Level 1:colcon.colcon_core.package_discovery:discover_packages(path) check parameters
[0.183s] Level 1:colcon.colcon_core.package_discovery:discover_packages(colcon_meta) discover
[0.183s] Level 1:colcon.colcon_core.package_discovery:discover_packages(recursive) discover
[0.183s] INFO:colcon.colcon_core.package_discovery:Crawling recursively for packages in '/home/neubility/path_planning_ws/path_planning'
[0.184s] Level 1:colcon.colcon_core.package_identification:_identify(.) by extensions ['ignore', 'ignore_ament_install']
[0.184s] Level 1:colcon.colcon_core.package_identification:_identify(.) by extension 'ignore'
[0.184s] Level 1:colcon.colcon_core.package_identification:_identify(.) by extension 'ignore_ament_install'
[0.184s] Level 1:colcon.colcon_core.package_identification:_identify(.) by extensions ['colcon_pkg']
[0.184s] Level 1:colcon.colcon_core.package_identification:_identify(.) by extension 'colcon_pkg'
[0.184s] Level 1:colcon.colcon_core.package_identification:_identify(.) by extensions ['colcon_meta']
[0.184s] Level 1:colcon.colcon_core.package_identification:_identify(.) by extension 'colcon_meta'
[0.184s] Level 1:colcon.colcon_core.package_identification:_identify(.) by extensions ['ros']
[0.184s] Level 1:colcon.colcon_core.package_identification:_identify(.) by extension 'ros'
[0.194s] Level 1:colcon.colcon_core.package_identification:_identify(.) by extensions ['cmake', 'python']
[0.194s] Level 1:colcon.colcon_core.package_identification:_identify(.) by extension 'cmake'
[0.194s] Level 1:colcon.colcon_core.package_identification:_identify(.) by extension 'python'
[0.194s] Level 1:colcon.colcon_core.package_identification:_identify(.) by extensions ['python_setup_py']
[0.194s] Level 1:colcon.colcon_core.package_identification:_identify(.) by extension 'python_setup_py'
[0.195s] Level 1:colcon.colcon_core.package_identification:_identify(backup) by extensions ['ignore', 'ignore_ament_install']
[0.195s] Level 1:colcon.colcon_core.package_identification:_identify(backup) by extension 'ignore'
[0.195s] Level 1:colcon.colcon_core.package_identification:_identify(backup) by extension 'ignore_ament_install'
[0.195s] Level 1:colcon.colcon_core.package_identification:_identify(backup) by extensions ['colcon_pkg']
[0.195s] Level 1:colcon.colcon_core.package_identification:_identify(backup) by extension 'colcon_pkg'
[0.195s] Level 1:colcon.colcon_core.package_identification:_identify(backup) by extensions ['colcon_meta']
[0.195s] Level 1:colcon.colcon_core.package_identification:_identify(backup) by extension 'colcon_meta'
[0.195s] Level 1:colcon.colcon_core.package_identification:_identify(backup) by extensions ['ros']
[0.195s] Level 1:colcon.colcon_core.package_identification:_identify(backup) by extension 'ros'
[0.195s] Level 1:colcon.colcon_core.package_identification:_identify(backup) by extensions ['cmake', 'python']
[0.195s] Level 1:colcon.colcon_core.package_identification:_identify(backup) by extension 'cmake'
[0.195s] Level 1:colcon.colcon_core.package_identification:_identify(backup) by extension 'python'
[0.195s] Level 1:colcon.colcon_core.package_identification:_identify(backup) by extensions ['python_setup_py']
[0.195s] Level 1:colcon.colcon_core.package_identification:_identify(backup) by extension 'python_setup_py'
[0.195s] Level 1:colcon.colcon_core.package_identification:_identify(build) by extensions ['ignore', 'ignore_ament_install']
[0.195s] Level 1:colcon.colcon_core.package_identification:_identify(build) by extension 'ignore'
[0.195s] Level 1:colcon.colcon_core.package_identification:_identify(build) ignored
[0.195s] Level 1:colcon.colcon_core.package_identification:_identify(img) by extensions ['ignore', 'ignore_ament_install']
[0.196s] Level 1:colcon.colcon_core.package_identification:_identify(img) by extension 'ignore'
[0.196s] Level 1:colcon.colcon_core.package_identification:_identify(img) by extension 'ignore_ament_install'
[0.196s] Level 1:colcon.colcon_core.package_identification:_identify(img) by extensions ['colcon_pkg']
[0.196s] Level 1:colcon.colcon_core.package_identification:_identify(img) by extension 'colcon_pkg'
[0.196s] Level 1:colcon.colcon_core.package_identification:_identify(img) by extensions ['colcon_meta']
[0.196s] Level 1:colcon.colcon_core.package_identification:_identify(img) by extension 'colcon_meta'
[0.196s] Level 1:colcon.colcon_core.package_identification:_identify(img) by extensions ['ros']
[0.196s] Level 1:colcon.colcon_core.package_identification:_identify(img) by extension 'ros'
[0.196s] Level 1:colcon.colcon_core.package_identification:_identify(img) by extensions ['cmake', 'python']
[0.196s] Level 1:colcon.colcon_core.package_identification:_identify(img) by extension 'cmake'
[0.196s] Level 1:colcon.colcon_core.package_identification:_identify(img) by extension 'python'
[0.196s] Level 1:colcon.colcon_core.package_identification:_identify(img) by extensions ['python_setup_py']
[0.196s] Level 1:colcon.colcon_core.package_identification:_identify(img) by extension 'python_setup_py'
[0.196s] Level 1:colcon.colcon_core.package_identification:_identify(img/delete) by extensions ['ignore', 'ignore_ament_install']
[0.196s] Level 1:colcon.colcon_core.package_identification:_identify(img/delete) by extension 'ignore'
[0.196s] Level 1:colcon.colcon_core.package_identification:_identify(img/delete) by extension 'ignore_ament_install'
[0.196s] Level 1:colcon.colcon_core.package_identification:_identify(img/delete) by extensions ['colcon_pkg']
[0.196s] Level 1:colcon.colcon_core.package_identification:_identify(img/delete) by extension 'colcon_pkg'
[0.196s] Level 1:colcon.colcon_core.package_identification:_identify(img/delete) by extensions ['colcon_meta']
[0.196s] Level 1:colcon.colcon_core.package_identification:_identify(img/delete) by extension 'colcon_meta'
[0.196s] Level 1:colcon.colcon_core.package_identification:_identify(img/delete) by extensions ['ros']
[0.196s] Level 1:colcon.colcon_core.package_identification:_identify(img/delete) by extension 'ros'
[0.196s] Level 1:colcon.colcon_core.package_identification:_identify(img/delete) by extensions ['cmake', 'python']
[0.196s] Level 1:colcon.colcon_core.package_identification:_identify(img/delete) by extension 'cmake'
[0.196s] Level 1:colcon.colcon_core.package_identification:_identify(img/delete) by extension 'python'
[0.196s] Level 1:colcon.colcon_core.package_identification:_identify(img/delete) by extensions ['python_setup_py']
[0.196s] Level 1:colcon.colcon_core.package_identification:_identify(img/delete) by extension 'python_setup_py'
[0.196s] Level 1:colcon.colcon_core.package_identification:_identify(img/result) by extensions ['ignore', 'ignore_ament_install']
[0.197s] Level 1:colcon.colcon_core.package_identification:_identify(img/result) by extension 'ignore'
[0.197s] Level 1:colcon.colcon_core.package_identification:_identify(img/result) by extension 'ignore_ament_install'
[0.197s] Level 1:colcon.colcon_core.package_identification:_identify(img/result) by extensions ['colcon_pkg']
[0.197s] Level 1:colcon.colcon_core.package_identification:_identify(img/result) by extension 'colcon_pkg'
[0.197s] Level 1:colcon.colcon_core.package_identification:_identify(img/result) by extensions ['colcon_meta']
[0.197s] Level 1:colcon.colcon_core.package_identification:_identify(img/result) by extension 'colcon_meta'
[0.197s] Level 1:colcon.colcon_core.package_identification:_identify(img/result) by extensions ['ros']
[0.197s] Level 1:colcon.colcon_core.package_identification:_identify(img/result) by extension 'ros'
[0.197s] Level 1:colcon.colcon_core.package_identification:_identify(img/result) by extensions ['cmake', 'python']
[0.197s] Level 1:colcon.colcon_core.package_identification:_identify(img/result) by extension 'cmake'
[0.197s] Level 1:colcon.colcon_core.package_identification:_identify(img/result) by extension 'python'
[0.197s] Level 1:colcon.colcon_core.package_identification:_identify(img/result) by extensions ['python_setup_py']
[0.197s] Level 1:colcon.colcon_core.package_identification:_identify(img/result) by extension 'python_setup_py'
[0.197s] Level 1:colcon.colcon_core.package_identification:_identify(img/result/1) by extensions ['ignore', 'ignore_ament_install']
[0.197s] Level 1:colcon.colcon_core.package_identification:_identify(img/result/1) by extension 'ignore'
[0.197s] Level 1:colcon.colcon_core.package_identification:_identify(img/result/1) by extension 'ignore_ament_install'
[0.197s] Level 1:colcon.colcon_core.package_identification:_identify(img/result/1) by extensions ['colcon_pkg']
[0.197s] Level 1:colcon.colcon_core.package_identification:_identify(img/result/1) by extension 'colcon_pkg'
[0.197s] Level 1:colcon.colcon_core.package_identification:_identify(img/result/1) by extensions ['colcon_meta']
[0.197s] Level 1:colcon.colcon_core.package_identification:_identify(img/result/1) by extension 'colcon_meta'
[0.197s] Level 1:colcon.colcon_core.package_identification:_identify(img/result/1) by extensions ['ros']
[0.197s] Level 1:colcon.colcon_core.package_identification:_identify(img/result/1) by extension 'ros'
[0.197s] Level 1:colcon.colcon_core.package_identification:_identify(img/result/1) by extensions ['cmake', 'python']
[0.197s] Level 1:colcon.colcon_core.package_identification:_identify(img/result/1) by extension 'cmake'
[0.198s] Level 1:colcon.colcon_core.package_identification:_identify(img/result/1) by extension 'python'
[0.198s] Level 1:colcon.colcon_core.package_identification:_identify(img/result/1) by extensions ['python_setup_py']
[0.198s] Level 1:colcon.colcon_core.package_identification:_identify(img/result/1) by extension 'python_setup_py'
[0.198s] Level 1:colcon.colcon_core.package_identification:_identify(img/result/2) by extensions ['ignore', 'ignore_ament_install']
[0.198s] Level 1:colcon.colcon_core.package_identification:_identify(img/result/2) by extension 'ignore'
[0.198s] Level 1:colcon.colcon_core.package_identification:_identify(img/result/2) by extension 'ignore_ament_install'
[0.198s] Level 1:colcon.colcon_core.package_identification:_identify(img/result/2) by extensions ['colcon_pkg']
[0.198s] Level 1:colcon.colcon_core.package_identification:_identify(img/result/2) by extension 'colcon_pkg'
[0.198s] Level 1:colcon.colcon_core.package_identification:_identify(img/result/2) by extensions ['colcon_meta']
[0.198s] Level 1:colcon.colcon_core.package_identification:_identify(img/result/2) by extension 'colcon_meta'
[0.198s] Level 1:colcon.colcon_core.package_identification:_identify(img/result/2) by extensions ['ros']
[0.198s] Level 1:colcon.colcon_core.package_identification:_identify(img/result/2) by extension 'ros'
[0.198s] Level 1:colcon.colcon_core.package_identification:_identify(img/result/2) by extensions ['cmake', 'python']
[0.198s] Level 1:colcon.colcon_core.package_identification:_identify(img/result/2) by extension 'cmake'
[0.198s] Level 1:colcon.colcon_core.package_identification:_identify(img/result/2) by extension 'python'
[0.198s] Level 1:colcon.colcon_core.package_identification:_identify(img/result/2) by extensions ['python_setup_py']
[0.198s] Level 1:colcon.colcon_core.package_identification:_identify(img/result/2) by extension 'python_setup_py'
[0.198s] Level 1:colcon.colcon_core.package_identification:_identify(install) by extensions ['ignore', 'ignore_ament_install']
[0.198s] Level 1:colcon.colcon_core.package_identification:_identify(install) by extension 'ignore'
[0.198s] Level 1:colcon.colcon_core.package_identification:_identify(install) ignored
[0.198s] Level 1:colcon.colcon_core.package_identification:_identify(log) by extensions ['ignore', 'ignore_ament_install']
[0.199s] Level 1:colcon.colcon_core.package_identification:_identify(log) by extension 'ignore'
[0.199s] Level 1:colcon.colcon_core.package_identification:_identify(log) ignored
[0.199s] Level 1:colcon.colcon_core.package_identification:_identify(src) by extensions ['ignore', 'ignore_ament_install']
[0.199s] Level 1:colcon.colcon_core.package_identification:_identify(src) by extension 'ignore'
[0.199s] Level 1:colcon.colcon_core.package_identification:_identify(src) by extension 'ignore_ament_install'
[0.199s] Level 1:colcon.colcon_core.package_identification:_identify(src) by extensions ['colcon_pkg']
[0.199s] Level 1:colcon.colcon_core.package_identification:_identify(src) by extension 'colcon_pkg'
[0.199s] Level 1:colcon.colcon_core.package_identification:_identify(src) by extensions ['colcon_meta']
[0.199s] Level 1:colcon.colcon_core.package_identification:_identify(src) by extension 'colcon_meta'
[0.199s] Level 1:colcon.colcon_core.package_identification:_identify(src) by extensions ['ros']
[0.199s] Level 1:colcon.colcon_core.package_identification:_identify(src) by extension 'ros'
[0.199s] Level 1:colcon.colcon_core.package_identification:_identify(src) by extensions ['cmake', 'python']
[0.199s] Level 1:colcon.colcon_core.package_identification:_identify(src) by extension 'cmake'
[0.199s] Level 1:colcon.colcon_core.package_identification:_identify(src) by extension 'python'
[0.199s] Level 1:colcon.colcon_core.package_identification:_identify(src) by extensions ['python_setup_py']
[0.199s] Level 1:colcon.colcon_core.package_identification:_identify(src) by extension 'python_setup_py'
[0.199s] Level 1:colcon.colcon_core.package_identification:_identify(src/a_star_algorithm_pkg) by extensions ['ignore', 'ignore_ament_install']
[0.199s] Level 1:colcon.colcon_core.package_identification:_identify(src/a_star_algorithm_pkg) by extension 'ignore'
[0.200s] Level 1:colcon.colcon_core.package_identification:_identify(src/a_star_algorithm_pkg) by extension 'ignore_ament_install'
[0.200s] Level 1:colcon.colcon_core.package_identification:_identify(src/a_star_algorithm_pkg) by extensions ['colcon_pkg']
[0.200s] Level 1:colcon.colcon_core.package_identification:_identify(src/a_star_algorithm_pkg) by extension 'colcon_pkg'
[0.200s] Level 1:colcon.colcon_core.package_identification:_identify(src/a_star_algorithm_pkg) by extensions ['colcon_meta']
[0.200s] Level 1:colcon.colcon_core.package_identification:_identify(src/a_star_algorithm_pkg) by extension 'colcon_meta'
[0.200s] Level 1:colcon.colcon_core.package_identification:_identify(src/a_star_algorithm_pkg) by extensions ['ros']
[0.200s] Level 1:colcon.colcon_core.package_identification:_identify(src/a_star_algorithm_pkg) by extension 'ros'
[0.202s] DEBUG:colcon.colcon_core.package_identification:Package 'src/a_star_algorithm_pkg' with type 'ros.catkin' and name 'a_star_algorithm_pkg'
[0.202s] Level 1:colcon.colcon_core.package_identification:_identify(src/genetic_algorithm_pkg) by extensions ['ignore', 'ignore_ament_install']
[0.202s] Level 1:colcon.colcon_core.package_identification:_identify(src/genetic_algorithm_pkg) by extension 'ignore'
[0.203s] Level 1:colcon.colcon_core.package_identification:_identify(src/genetic_algorithm_pkg) by extension 'ignore_ament_install'
[0.203s] Level 1:colcon.colcon_core.package_identification:_identify(src/genetic_algorithm_pkg) by extensions ['colcon_pkg']
[0.203s] Level 1:colcon.colcon_core.package_identification:_identify(src/genetic_algorithm_pkg) by extension 'colcon_pkg'
[0.203s] Level 1:colcon.colcon_core.package_identification:_identify(src/genetic_algorithm_pkg) by extensions ['colcon_meta']
[0.203s] Level 1:colcon.colcon_core.package_identification:_identify(src/genetic_algorithm_pkg) by extension 'colcon_meta'
[0.203s] Level 1:colcon.colcon_core.package_identification:_identify(src/genetic_algorithm_pkg) by extensions ['ros']
[0.203s] Level 1:colcon.colcon_core.package_identification:_identify(src/genetic_algorithm_pkg) by extension 'ros'
[0.203s] DEBUG:colcon.colcon_core.package_identification:Package 'src/genetic_algorithm_pkg' with type 'ros.catkin' and name 'genetic_algorithm_pkg'
[0.204s] Level 1:colcon.colcon_core.package_identification:_identify(src/grid_algorithm_pkg) by extensions ['ignore', 'ignore_ament_install']
[0.204s] Level 1:colcon.colcon_core.package_identification:_identify(src/grid_algorithm_pkg) by extension 'ignore'
[0.204s] Level 1:colcon.colcon_core.package_identification:_identify(src/grid_algorithm_pkg) by extension 'ignore_ament_install'
[0.204s] Level 1:colcon.colcon_core.package_identification:_identify(src/grid_algorithm_pkg) by extensions ['colcon_pkg']
[0.204s] Level 1:colcon.colcon_core.package_identification:_identify(src/grid_algorithm_pkg) by extension 'colcon_pkg'
[0.204s] Level 1:colcon.colcon_core.package_identification:_identify(src/grid_algorithm_pkg) by extensions ['colcon_meta']
[0.204s] Level 1:colcon.colcon_core.package_identification:_identify(src/grid_algorithm_pkg) by extension 'colcon_meta'
[0.204s] Level 1:colcon.colcon_core.package_identification:_identify(src/grid_algorithm_pkg) by extensions ['ros']
[0.204s] Level 1:colcon.colcon_core.package_identification:_identify(src/grid_algorithm_pkg) by extension 'ros'
[0.205s] DEBUG:colcon.colcon_core.package_identification:Package 'src/grid_algorithm_pkg' with type 'ros.catkin' and name 'grid_algorithm_pkg'
[0.205s] Level 1:colcon.colcon_core.package_identification:_identify(src/hybrid_a_star_algorithm_pkg) by extensions ['ignore', 'ignore_ament_install']
[0.205s] Level 1:colcon.colcon_core.package_identification:_identify(src/hybrid_a_star_algorithm_pkg) by extension 'ignore'
[0.205s] Level 1:colcon.colcon_core.package_identification:_identify(src/hybrid_a_star_algorithm_pkg) by extension 'ignore_ament_install'
[0.205s] Level 1:colcon.colcon_core.package_identification:_identify(src/hybrid_a_star_algorithm_pkg) by extensions ['colcon_pkg']
[0.206s] Level 1:colcon.colcon_core.package_identification:_identify(src/hybrid_a_star_algorithm_pkg) by extension 'colcon_pkg'
[0.206s] Level 1:colcon.colcon_core.package_identification:_identify(src/hybrid_a_star_algorithm_pkg) by extensions ['colcon_meta']
[0.206s] Level 1:colcon.colcon_core.package_identification:_identify(src/hybrid_a_star_algorithm_pkg) by extension 'colcon_meta'
[0.206s] Level 1:colcon.colcon_core.package_identification:_identify(src/hybrid_a_star_algorithm_pkg) by extensions ['ros']
[0.206s] Level 1:colcon.colcon_core.package_identification:_identify(src/hybrid_a_star_algorithm_pkg) by extension 'ros'
[0.206s] DEBUG:colcon.colcon_core.package_identification:Package 'src/hybrid_a_star_algorithm_pkg' with type 'ros.ament_cmake' and name 'hybrid_a_star_algorithm_pkg'
[0.207s] Level 1:colcon.colcon_core.package_identification:_identify(src/pso_planner_pkg) by extensions ['ignore', 'ignore_ament_install']
[0.207s] Level 1:colcon.colcon_core.package_identification:_identify(src/pso_planner_pkg) by extension 'ignore'
[0.207s] Level 1:colcon.colcon_core.package_identification:_identify(src/pso_planner_pkg) by extension 'ignore_ament_install'
[0.207s] Level 1:colcon.colcon_core.package_identification:_identify(src/pso_planner_pkg) by extensions ['colcon_pkg']
[0.207s] Level 1:colcon.colcon_core.package_identification:_identify(src/pso_planner_pkg) by extension 'colcon_pkg'
[0.207s] Level 1:colcon.colcon_core.package_identification:_identify(src/pso_planner_pkg) by extensions ['colcon_meta']
[0.207s] Level 1:colcon.colcon_core.package_identification:_identify(src/pso_planner_pkg) by extension 'colcon_meta'
[0.207s] Level 1:colcon.colcon_core.package_identification:_identify(src/pso_planner_pkg) by extensions ['ros']
[0.207s] Level 1:colcon.colcon_core.package_identification:_identify(src/pso_planner_pkg) by extension 'ros'
[0.208s] DEBUG:colcon.colcon_core.package_identification:Package 'src/pso_planner_pkg' with type 'ros.ament_cmake' and name 'pso_planner_pkg'
[0.208s] Level 1:colcon.colcon_core.package_discovery:discover_packages(recursive) using defaults
[0.208s] Level 1:colcon.colcon_core.package_discovery:discover_packages(ignore) discover
[0.208s] Level 1:colcon.colcon_core.package_discovery:discover_packages(ignore) using defaults
[0.208s] Level 1:colcon.colcon_core.package_discovery:discover_packages(path) discover
[0.208s] Level 1:colcon.colcon_core.package_discovery:discover_packages(path) using defaults
[0.224s] INFO:colcon.colcon_core.package_selection:Skipping not selected package 'a_star_algorithm_pkg' in 'src/a_star_algorithm_pkg'
[0.224s] INFO:colcon.colcon_core.package_selection:Skipping not selected package 'genetic_algorithm_pkg' in 'src/genetic_algorithm_pkg'
[0.224s] INFO:colcon.colcon_core.package_selection:Skipping not selected package 'grid_algorithm_pkg' in 'src/grid_algorithm_pkg'
[0.224s] INFO:colcon.colcon_core.package_selection:Skipping not selected package 'hybrid_a_star_algorithm_pkg' in 'src/hybrid_a_star_algorithm_pkg'
[0.226s] Level 5:colcon.colcon_core.verb:set package 'pso_planner_pkg' build argument 'cmake_args' from command line to '['-DCMAKE_BUILD_TYPE=Debug']'
[0.226s] Level 5:colcon.colcon_core.verb:set package 'pso_planner_pkg' build argument 'cmake_target' from command line to 'None'
[0.226s] Level 5:colcon.colcon_core.verb:set package 'pso_planner_pkg' build argument 'cmake_target_skip_unavailable' from command line to 'False'
[0.226s] Level 5:colcon.colcon_core.verb:set package 'pso_planner_pkg' build argument 'cmake_clean_cache' from command line to 'False'
[0.226s] Level 5:colcon.colcon_core.verb:set package 'pso_planner_pkg' build argument 'cmake_clean_first' from command line to 'False'
[0.226s] Level 5:colcon.colcon_core.verb:set package 'pso_planner_pkg' build argument 'cmake_force_configure' from command line to 'False'
[0.227s] Level 5:colcon.colcon_core.verb:set package 'pso_planner_pkg' build argument 'ament_cmake_args' from command line to 'None'
[0.227s] Level 5:colcon.colcon_core.verb:set package 'pso_planner_pkg' build argument 'catkin_cmake_args' from command line to 'None'
[0.227s] Level 5:colcon.colcon_core.verb:set package 'pso_planner_pkg' build argument 'catkin_skip_building_tests' from command line to 'False'
[0.227s] DEBUG:colcon.colcon_core.verb:Building package 'pso_planner_pkg' with the following arguments: {'ament_cmake_args': None, 'build_base': '/home/neubility/path_planning_ws/path_planning/build/pso_planner_pkg', 'catkin_cmake_args': None, 'catkin_skip_building_tests': False, 'cmake_args': ['-DCMAKE_BUILD_TYPE=Debug'], 'cmake_clean_cache': False, 'cmake_clean_first': False, 'cmake_force_configure': False, 'cmake_target': None, 'cmake_target_skip_unavailable': False, 'install_base': '/home/neubility/path_planning_ws/path_planning/install/pso_planner_pkg', 'merge_install': False, 'path': '/home/neubility/path_planning_ws/path_planning/src/pso_planner_pkg', 'symlink_install': False, 'test_result_base': None}
[0.227s] INFO:colcon.colcon_core.executor:Executing jobs using 'parallel' executor
[0.230s] DEBUG:colcon.colcon_parallel_executor.executor.parallel:run_until_complete
[0.231s] INFO:colcon.colcon_ros.task.ament_cmake.build:Building ROS package in '/home/neubility/path_planning_ws/path_planning/src/pso_planner_pkg' with build type 'ament_cmake'
[0.232s] INFO:colcon.colcon_cmake.task.cmake.build:Building CMake package in '/home/neubility/path_planning_ws/path_planning/src/pso_planner_pkg'
[0.239s] INFO:colcon.colcon_core.plugin_system:Skipping extension 'colcon_core.shell.bat': Not used on non-Windows systems
[0.239s] INFO:colcon.colcon_core.shell:Skip shell extension 'powershell' for command environment: Not usable outside of PowerShell
[0.239s] DEBUG:colcon.colcon_core.shell:Skip shell extension 'dsv' for command environment
[0.243s] DEBUG:colcon.colcon_core.shell:Ignoring prefix path '/opt/ros/eloquent'
[0.255s] DEBUG:colcon.colcon_core.event_handler.log_command:Invoking command in '/home/neubility/path_planning_ws/path_planning/build/pso_planner_pkg': CMAKE_PREFIX_PATH=${CMAKE_PREFIX_PATH}:/opt/ros/eloquent /usr/bin/cmake /home/neubility/path_planning_ws/path_planning/src/pso_planner_pkg -DCMAKE_BUILD_TYPE=Debug -DCMAKE_INSTALL_PREFIX=/home/neubility/path_planning_ws/path_planning/install/pso_planner_pkg
[2.307s] DEBUG:colcon.colcon_core.event_handler.log_command:Invoked command in '/home/neubility/path_planning_ws/path_planning/build/pso_planner_pkg' returned '0': CMAKE_PREFIX_PATH=${CMAKE_PREFIX_PATH}:/opt/ros/eloquent /usr/bin/cmake /home/neubility/path_planning_ws/path_planning/src/pso_planner_pkg -DCMAKE_BUILD_TYPE=Debug -DCMAKE_INSTALL_PREFIX=/home/neubility/path_planning_ws/path_planning/install/pso_planner_pkg
[2.310s] DEBUG:colcon.colcon_core.event_handler.log_command:Invoking command in '/home/neubility/path_planning_ws/path_planning/build/pso_planner_pkg': CMAKE_PREFIX_PATH=${CMAKE_PREFIX_PATH}:/opt/ros/eloquent /usr/bin/cmake --build /home/neubility/path_planning_ws/path_planning/build/pso_planner_pkg
[10.209s] DEBUG:colcon.colcon_core.event_handler.log_command:Invoked command in '/home/neubility/path_planning_ws/path_planning/build/pso_planner_pkg' returned '0': CMAKE_PREFIX_PATH=${CMAKE_PREFIX_PATH}:/opt/ros/eloquent /usr/bin/cmake --build /home/neubility/path_planning_ws/path_planning/build/pso_planner_pkg
[10.267s] DEBUG:colcon.colcon_core.event_handler.log_command:Invoking command in '/home/neubility/path_planning_ws/path_planning/build/pso_planner_pkg': CMAKE_PREFIX_PATH=${CMAKE_PREFIX_PATH}:/opt/ros/eloquent /usr/bin/cmake --build /home/neubility/path_planning_ws/path_planning/build/pso_planner_pkg --target install
[10.397s] Level 1:colcon.colcon_core.environment:create_environment_scripts_only(pso_planner_pkg)
[10.398s] DEBUG:colcon.colcon_core.event_handler.log_command:Invoked command in '/home/neubility/path_planning_ws/path_planning/build/pso_planner_pkg' returned '0': CMAKE_PREFIX_PATH=${CMAKE_PREFIX_PATH}:/opt/ros/eloquent /usr/bin/cmake --build /home/neubility/path_planning_ws/path_planning/build/pso_planner_pkg --target install
[10.406s] Level 1:colcon.colcon_core.environment:checking '/home/neubility/path_planning_ws/path_planning/install/pso_planner_pkg' for CMake module files
[10.407s] Level 1:colcon.colcon_core.environment:checking '/home/neubility/path_planning_ws/path_planning/install/pso_planner_pkg' for CMake config files
[10.408s] Level 1:colcon.colcon_core.shell:create_environment_hook('pso_planner_pkg', 'cmake_prefix_path')
[10.410s] INFO:colcon.colcon_core.shell:Creating environment hook '/home/neubility/path_planning_ws/path_planning/install/pso_planner_pkg/share/pso_planner_pkg/hook/cmake_prefix_path.ps1'
[10.411s] INFO:colcon.colcon_core.shell:Creating environment descriptor '/home/neubility/path_planning_ws/path_planning/install/pso_planner_pkg/share/pso_planner_pkg/hook/cmake_prefix_path.dsv'
[10.411s] INFO:colcon.colcon_core.shell:Creating environment hook '/home/neubility/path_planning_ws/path_planning/install/pso_planner_pkg/share/pso_planner_pkg/hook/cmake_prefix_path.sh'
[10.412s] Level 1:colcon.colcon_core.environment:checking '/home/neubility/path_planning_ws/path_planning/install/pso_planner_pkg/lib'
[10.412s] Level 1:colcon.colcon_core.environment:checking '/home/neubility/path_planning_ws/path_planning/install/pso_planner_pkg/bin'
[10.412s] Level 1:colcon.colcon_core.environment:checking '/home/neubility/path_planning_ws/path_planning/install/pso_planner_pkg/lib/pkgconfig/pso_planner_pkg.pc'
[10.412s] Level 1:colcon.colcon_core.environment:checking '/home/neubility/path_planning_ws/path_planning/install/pso_planner_pkg/lib/python3.6/site-packages'
[10.412s] INFO:colcon.colcon_core.shell:Creating package script '/home/neubility/path_planning_ws/path_planning/install/pso_planner_pkg/share/pso_planner_pkg/package.ps1'
[10.413s] INFO:colcon.colcon_core.shell:Creating package descriptor '/home/neubility/path_planning_ws/path_planning/install/pso_planner_pkg/share/pso_planner_pkg/package.dsv'
[10.414s] INFO:colcon.colcon_core.shell:Creating package script '/home/neubility/path_planning_ws/path_planning/install/pso_planner_pkg/share/pso_planner_pkg/package.sh'
[10.414s] INFO:colcon.colcon_core.shell:Creating package script '/home/neubility/path_planning_ws/path_planning/install/pso_planner_pkg/share/pso_planner_pkg/package.bash'
[10.414s] INFO:colcon.colcon_core.shell:Creating package script '/home/neubility/path_planning_ws/path_planning/install/pso_planner_pkg/share/pso_planner_pkg/package.zsh'
[10.415s] Level 1:colcon.colcon_core.environment:create_file_with_runtime_dependencies(/home/neubility/path_planning_ws/path_planning/install/pso_planner_pkg/share/colcon-core/packages/pso_planner_pkg)
[10.463s] Level 1:colcon.colcon_core.environment:create_environment_scripts_only(pso_planner_pkg)
[10.465s] Level 1:colcon.colcon_core.environment:checking '/home/neubility/path_planning_ws/path_planning/install/pso_planner_pkg' for CMake module files
[10.466s] Level 1:colcon.colcon_core.environment:checking '/home/neubility/path_planning_ws/path_planning/install/pso_planner_pkg' for CMake config files
[10.466s] Level 1:colcon.colcon_core.shell:create_environment_hook('pso_planner_pkg', 'cmake_prefix_path')
[10.467s] INFO:colcon.colcon_core.shell:Creating environment hook '/home/neubility/path_planning_ws/path_planning/install/pso_planner_pkg/share/pso_planner_pkg/hook/cmake_prefix_path.ps1'
[10.467s] INFO:colcon.colcon_core.shell:Creating environment descriptor '/home/neubility/path_planning_ws/path_planning/install/pso_planner_pkg/share/pso_planner_pkg/hook/cmake_prefix_path.dsv'
[10.467s] INFO:colcon.colcon_core.shell:Creating environment hook '/home/neubility/path_planning_ws/path_planning/install/pso_planner_pkg/share/pso_planner_pkg/hook/cmake_prefix_path.sh'
[10.468s] Level 1:colcon.colcon_core.environment:checking '/home/neubility/path_planning_ws/path_planning/install/pso_planner_pkg/lib'
[10.468s] Level 1:colcon.colcon_core.environment:checking '/home/neubility/path_planning_ws/path_planning/install/pso_planner_pkg/bin'
[10.468s] Level 1:colcon.colcon_core.environment:checking '/home/neubility/path_planning_ws/path_planning/install/pso_planner_pkg/lib/pkgconfig/pso_planner_pkg.pc'
[10.468s] Level 1:colcon.colcon_core.environment:checking '/home/neubility/path_planning_ws/path_planning/install/pso_planner_pkg/lib/python3.6/site-packages'
[10.470s] INFO:colcon.colcon_core.shell:Creating package script '/home/neubility/path_planning_ws/path_planning/install/pso_planner_pkg/share/pso_planner_pkg/package.ps1'
[10.470s] INFO:colcon.colcon_core.shell:Creating package descriptor '/home/neubility/path_planning_ws/path_planning/install/pso_planner_pkg/share/pso_planner_pkg/package.dsv'
[10.470s] INFO:colcon.colcon_core.shell:Creating package script '/home/neubility/path_planning_ws/path_planning/install/pso_planner_pkg/share/pso_planner_pkg/package.sh'
[10.484s] INFO:colcon.colcon_core.shell:Creating package script '/home/neubility/path_planning_ws/path_planning/install/pso_planner_pkg/share/pso_planner_pkg/package.bash'
[10.484s] INFO:colcon.colcon_core.shell:Creating package script '/home/neubility/path_planning_ws/path_planning/install/pso_planner_pkg/share/pso_planner_pkg/package.zsh'
[10.484s] Level 1:colcon.colcon_core.environment:create_file_with_runtime_dependencies(/home/neubility/path_planning_ws/path_planning/install/pso_planner_pkg/share/colcon-core/packages/pso_planner_pkg)
[10.485s] DEBUG:colcon.colcon_parallel_executor.executor.parallel:closing loop
[10.485s] DEBUG:colcon.colcon_parallel_executor.executor.parallel:loop closed
[10.485s] DEBUG:colcon.colcon_parallel_executor.executor.parallel:run_until_complete finished with '0'
[10.485s] DEBUG:colcon.colcon_core.event_reactor:joining thread
[10.493s] INFO:colcon.colcon_core.plugin_system:Skipping extension 'colcon_notification.desktop_notification.terminal_notifier': Not used on non-Darwin systems
[10.493s] INFO:colcon.colcon_core.plugin_system:Skipping extension 'colcon_notification.desktop_notification.win32': Not used on non-Windows systems
[10.493s] INFO:colcon.colcon_notification.desktop_notification:Sending desktop notification using 'notify2'
[10.496s] DEBUG:colcon.colcon_core.event_reactor:joined thread
[10.496s] INFO:colcon.colcon_core.shell:Creating prefix script '/home/neubility/path_planning_ws/path_planning/install/local_setup.ps1'
[10.497s] INFO:colcon.colcon_core.shell:Creating prefix util module '/home/neubility/path_planning_ws/path_planning/install/_local_setup_util_ps1.py'
[10.498s] INFO:colcon.colcon_core.shell:Creating prefix chain script '/home/neubility/path_planning_ws/path_planning/install/setup.ps1'
[10.501s] INFO:colcon.colcon_core.shell:Creating prefix script '/home/neubility/path_planning_ws/path_planning/install/local_setup.sh'
[10.501s] INFO:colcon.colcon_core.shell:Creating prefix util module '/home/neubility/path_planning_ws/path_planning/install/_local_setup_util_sh.py'
[10.502s] INFO:colcon.colcon_core.shell:Creating prefix chain script '/home/neubility/path_planning_ws/path_planning/install/setup.sh'
[10.504s] INFO:colcon.colcon_core.shell:Creating prefix script '/home/neubility/path_planning_ws/path_planning/install/local_setup.bash'
[10.505s] INFO:colcon.colcon_core.shell:Creating prefix chain script '/home/neubility/path_planning_ws/path_planning/install/setup.bash'
[10.507s] INFO:colcon.colcon_core.shell:Creating prefix script '/home/neubility/path_planning_ws/path_planning/install/local_setup.zsh'
[10.508s] INFO:colcon.colcon_core.shell:Creating prefix chain script '/home/neubility/path_planning_ws/path_planning/install/setup.zsh'
