[0.053s] Invoking command in '/home/neubility/path_planning_ws/path_planning/build/a_star_algorithm_pkg': /usr/bin/cmake /home/neubility/path_planning_ws/path_planning/src/a_star_algorithm_pkg -DCATKIN_INSTALL_INTO_PREFIX_ROOT=0 -DCMAKE_INSTALL_PREFIX=/home/neubility/path_planning_ws/path_planning/install/a_star_algorithm_pkg
[0.143s] -- The C compiler identification is GNU 7.5.0
[0.208s] -- The CXX compiler identification is GNU 7.5.0
[0.212s] -- Check for working C compiler: /usr/bin/cc
[0.279s] -- Check for working C compiler: /usr/bin/cc -- works
[0.279s] -- Detecting C compiler ABI info
[0.339s] -- Detecting C compiler ABI info - done
[0.347s] -- Detecting C compile features
[0.550s] -- Detecting C compile features - done
[0.552s] -- Check for working CXX compiler: /usr/bin/c++
[0.620s] -- Check for working CXX compiler: /usr/bin/c++ -- works
[0.620s] -- Detecting CXX compiler ABI info
[0.697s] -- Detecting CXX compiler ABI info - done
[0.704s] -- Detecting CXX compile features
[1.017s] -- Detecting CXX compile features - done
[1.035s] -- Found OpenCV: /usr (found version "3.2.0") 
[1.042s] CMake Error at CMakeLists.txt:8 (find_package):
[1.042s]   By not providing "Findcatkin.cmake" in CMAKE_MODULE_PATH this project has
[1.043s]   asked CMake to find a package configuration file provided by "catkin", but
[1.043s]   CMake did not find one.
[1.043s] 
[1.044s]   Could not find a package configuration file provided by "catkin" with any
[1.044s]   of the following names:
[1.044s] 
[1.044s]     catkinConfig.cmake
[1.045s]     catkin-config.cmake
[1.046s] 
[1.046s]   Add the installation prefix of "catkin" to CMAKE_PREFIX_PATH or set
[1.046s]   "catkin_DIR" to a directory containing one of the above files.  If "catkin"
[1.046s]   provides a separate development package or SDK, be sure it has been
[1.047s]   installed.
[1.047s] 
[1.048s] 
[1.048s] -- Configuring incomplete, errors occurred!
[1.048s] See also "/home/neubility/path_planning_ws/path_planning/build/a_star_algorithm_pkg/CMakeFiles/CMakeOutput.log".
[1.049s] Invoked command in '/home/neubility/path_planning_ws/path_planning/build/a_star_algorithm_pkg' returned '1': /usr/bin/cmake /home/neubility/path_planning_ws/path_planning/src/a_star_algorithm_pkg -DCATKIN_INSTALL_INTO_PREFIX_ROOT=0 -DCMAKE_INSTALL_PREFIX=/home/neubility/path_planning_ws/path_planning/install/a_star_algorithm_pkg
