-- Found ament_cmake: 0.8.3 (/opt/ros/eloquent/share/ament_cmake/cmake)
-- Using PYTHON_EXECUTABLE: /usr/bin/python3
-- Found rclcpp: 0.8.5 (/opt/ros/eloquent/share/rclcpp/cmake)
-- Found rosidl_adapter: 0.8.3 (/opt/ros/eloquent/share/rosidl_adapter/cmake)
-- Found rmw_implementation_cmake: 0.8.1 (/opt/ros/eloquent/share/rmw_implementation_cmake/cmake)
-- Using RMW implementation 'rmw_cyclonedds_cpp' as default
-- Found std_msgs: 0.8.1 (/opt/ros/eloquent/share/std_msgs/cmake)
-- Configuring done
-- Generating done
-- Build files have been written to: /home/neubility/path_planning_ws/path_planning/src/build/hybrid_a_star_algorithm_pkg
[35m[1mScanning dependencies of target hybrid_a_star_algorithm_pkg[0m
[ 66%] [32mBuilding CXX object CMakeFiles/hybrid_a_star_algorithm_pkg.dir/src/main.cpp.o[0m
[ 66%] [32mBuilding CXX object CMakeFiles/hybrid_a_star_algorithm_pkg.dir/src/monitor.cpp.o[0m
[100%] [32m[1mLinking CXX executable hybrid_a_star_algorithm_pkg[0m
[100%] Built target hybrid_a_star_algorithm_pkg
[100%] Built target hybrid_a_star_algorithm_pkg
[36mInstall the project...[0m
-- Install configuration: ""
-- Installing: /home/neubility/path_planning_ws/path_planning/src/install/hybrid_a_star_algorithm_pkg/lib/hybrid_a_star_algorithm_pkg/hybrid_a_star_algorithm_pkg
-- Set runtime path of "/home/neubility/path_planning_ws/path_planning/src/install/hybrid_a_star_algorithm_pkg/lib/hybrid_a_star_algorithm_pkg/hybrid_a_star_algorithm_pkg" to ""
Makefile:73: recipe for target 'install' failed
