[0.013s] Invoking command in '/home/neubility/path_planning_ws/path_planning/build/pso_planner_pkg': CMAKE_PREFIX_PATH=${CMAKE_PREFIX_PATH}:/opt/ros/eloquent /usr/bin/cmake --build /home/neubility/path_planning_ws/path_planning/build/pso_planner_pkg -- -j16 -l16
[0.064s] [35m[1mScanning dependencies of target pso_planner_pkg[0m
[0.085s] [ 33%] [32mBuilding CXX object CMakeFiles/pso_planner_pkg.dir/src/main.cpp.o[0m
[0.359s] In file included from [01m[K/home/neubility/path_planning_ws/path_planning/src/pso_planner_pkg/src/main.cpp:8:0[m[K:
[0.359s] [01m[K/home/neubility/path_planning_ws/path_planning/src/pso_planner_pkg/include/pso_planner.hpp:[m[K In constructor ‘[01m[KPSOPlanner::PSOPlanner()[m[K’:
[0.359s] [01m[K/home/neubility/path_planning_ws/path_planning/src/pso_planner_pkg/include/pso_planner.hpp:109:15:[m[K [01;35m[Kwarning: [m[Kstatement has no effect [[01;35m[K-Wunused-value[m[K]
[0.359s]          [01;35m[Kthis->m_personal_best_array_index[m[K;
[0.359s]          [01;35m[K~~~~~~^~~~~~~~~~~~~~~~~~~~~~~~~~~[m[K
[0.360s] [01m[K/home/neubility/path_planning_ws/path_planning/src/pso_planner_pkg/include/pso_planner.hpp:110:15:[m[K [01;35m[Kwarning: [m[Kstatement has no effect [[01;35m[K-Wunused-value[m[K]
[0.360s]          [01;35m[Kthis->m_global_best_array_index[m[K;
[0.360s]          [01;35m[K~~~~~~^~~~~~~~~~~~~~~~~~~~~~~~~[m[K
[0.360s] [01m[K/home/neubility/path_planning_ws/path_planning/src/pso_planner_pkg/include/pso_planner.hpp:111:15:[m[K [01;35m[Kwarning: [m[Kstatement has no effect [[01;35m[K-Wunused-value[m[K]
[0.360s]          [01;35m[Kthis->m_swarm[m[K;
[0.360s]          [01;35m[K~~~~~~^~~~~~~[m[K
[0.366s] [01m[K/home/neubility/path_planning_ws/path_planning/src/pso_planner_pkg/include/pso_planner.hpp:[m[K In member function ‘[01m[Kvoid PSOPlanner::run()[m[K’:
[0.366s] [01m[K/home/neubility/path_planning_ws/path_planning/src/pso_planner_pkg/include/pso_planner.hpp:169:27:[m[K [01;35m[Kwarning: [m[Kcomparison between signed and unsigned integer expressions [[01;35m[K-Wsign-compare[m[K]
[0.366s]          for (int i = 0; [01;35m[Ki < this->m_swarm[this->m_global_best_array_index.first].size()[m[K; i++)
[0.367s]                          [01;35m[K~~^~~~~~~~~~~~~~~~~~~~~~~~~~~~~~~~~~~~~~~~~~~~~~~~~~~~~~~~~~~~~[m[K
[0.370s] In file included from [01m[K/home/neubility/path_planning_ws/path_planning/src/pso_planner_pkg/src/main.cpp:8:0[m[K:
[0.370s] [01m[K/home/neubility/path_planning_ws/path_planning/src/pso_planner_pkg/include/pso_planner.hpp:[m[K In member function ‘[01m[Kvoid PSOPlanner::init_first_node()[m[K’:
[0.370s] [01m[K/home/neubility/path_planning_ws/path_planning/src/pso_planner_pkg/include/pso_planner.hpp:191:27:[m[K [01;35m[Kwarning: [m[Kcomparison between signed and unsigned integer expressions [[01;35m[K-Wsign-compare[m[K]
[0.370s]          for (int i = 0; [01;35m[Ki < this->m_swarm.size()[m[K; i++)
[0.370s]                          [01;35m[K~~^~~~~~~~~~~~~~~~~~~~~~[m[K
[0.370s] [01m[K/home/neubility/path_planning_ws/path_planning/src/pso_planner_pkg/include/pso_planner.hpp:193:31:[m[K [01;35m[Kwarning: [m[Kcomparison between signed and unsigned integer expressions [[01;35m[K-Wsign-compare[m[K]
[0.370s]              for (int j = 0; [01;35m[Kj < this->m_swarm[i].size()[m[K; j++)
[0.370s]                              [01;35m[K~~^~~~~~~~~~~~~~~~~~~~~~~~~[m[K
[0.371s] [01m[K/home/neubility/path_planning_ws/path_planning/src/pso_planner_pkg/include/pso_planner.hpp:195:35:[m[K [01;35m[Kwarning: [m[Kcomparison between signed and unsigned integer expressions [[01;35m[K-Wsign-compare[m[K]
[0.371s]                  for (int k = 0; [01;35m[Kk < this->m_swarm[i][j].particles.size()[m[K; k++)
[0.371s]                                  [01;35m[K~~^~~~~~~~~~~~~~~~~~~~~~~~~~~~~~~~~~~~~~[m[K
[0.371s] [01m[K/home/neubility/path_planning_ws/path_planning/src/pso_planner_pkg/include/pso_planner.hpp:[m[K In member function ‘[01m[Kvoid PSOPlanner::update_new_node_fitness_value()[m[K’:
[0.371s] [01m[K/home/neubility/path_planning_ws/path_planning/src/pso_planner_pkg/include/pso_planner.hpp:216:27:[m[K [01;35m[Kwarning: [m[Kcomparison between signed and unsigned integer expressions [[01;35m[K-Wsign-compare[m[K]
[0.371s]          for (int i = 0; [01;35m[Ki < this->m_swarm.size()[m[K; i++)
[0.371s]                          [01;35m[K~~^~~~~~~~~~~~~~~~~~~~~~[m[K
[0.372s] In file included from [01m[K/home/neubility/path_planning_ws/path_planning/src/pso_planner_pkg/src/main.cpp:8:0[m[K:
[0.372s] [01m[K/home/neubility/path_planning_ws/path_planning/src/pso_planner_pkg/include/pso_planner.hpp:254:27:[m[K [01;35m[Kwarning: [m[Kcomparison between signed and unsigned integer expressions [[01;35m[K-Wsign-compare[m[K]
[0.372s]          for (int i = 0; [01;35m[Ki < this->m_swarm.size()[m[K; i++)
[0.372s]                          [01;35m[K~~^~~~~~~~~~~~~~~~~~~~~~[m[K
[0.372s] [01m[K/home/neubility/path_planning_ws/path_planning/src/pso_planner_pkg/include/pso_planner.hpp:256:31:[m[K [01;35m[Kwarning: [m[Kcomparison between signed and unsigned integer expressions [[01;35m[K-Wsign-compare[m[K]
[0.372s]              for (int j = 0; [01;35m[Kj < this->m_swarm[i].size()[m[K; j++)
[0.372s]                              [01;35m[K~~^~~~~~~~~~~~~~~~~~~~~~~~~[m[K
[0.373s] [01m[K/home/neubility/path_planning_ws/path_planning/src/pso_planner_pkg/include/pso_planner.hpp:[m[K In member function ‘[01m[Kvoid PSOPlanner::renew_personal_best_position()[m[K’:
[0.373s] [01m[K/home/neubility/path_planning_ws/path_planning/src/pso_planner_pkg/include/pso_planner.hpp:267:15:[m[K [01;35m[Kwarning: [m[Kstatement has no effect [[01;35m[K-Wunused-value[m[K]
[0.373s]          [01;35m[Kthis->m_personal_best_array_index[m[K; // std::vector<int>
[0.373s]          [01;35m[K~~~~~~^~~~~~~~~~~~~~~~~~~~~~~~~~~[m[K
[0.373s] [01m[K/home/neubility/path_planning_ws/path_planning/src/pso_planner_pkg/include/pso_planner.hpp:268:27:[m[K [01;35m[Kwarning: [m[Kcomparison between signed and unsigned integer expressions [[01;35m[K-Wsign-compare[m[K]
[0.373s]          for (int i = 0; [01;35m[Ki < this->m_swarm.size()[m[K; i++)
[0.373s]                          [01;35m[K~~^~~~~~~~~~~~~~~~~~~~~~[m[K
[0.374s] [01m[K/home/neubility/path_planning_ws/path_planning/src/pso_planner_pkg/include/pso_planner.hpp:271:31:[m[K [01;35m[Kwarning: [m[Kcomparison between signed and unsigned integer expressions [[01;35m[K-Wsign-compare[m[K]
[0.374s]              for (int j = 0; [01;35m[Kj < this->m_swarm[i].size()[m[K; j++)
[0.374s]                              [01;35m[K~~^~~~~~~~~~~~~~~~~~~~~~~~~[m[K
[0.374s] [01m[K/home/neubility/path_planning_ws/path_planning/src/pso_planner_pkg/include/pso_planner.hpp:282:27:[m[K [01;35m[Kwarning: [m[Kcomparison between signed and unsigned integer expressions [[01;35m[K-Wsign-compare[m[K]
[0.374s]          for (int i = 0; [01;35m[Ki < m_personal_best_array_index.size()[m[K; i++)
[0.374s]                          [01;35m[K~~^~~~~~~~~~~~~~~~~~~~~~~~~~~~~~~~~~~~[m[K
[0.374s] [01m[K/home/neubility/path_planning_ws/path_planning/src/pso_planner_pkg/include/pso_planner.hpp:[m[K In member function ‘[01m[Kvoid PSOPlanner::renew_global_best_position()[m[K’:
[0.374s] [01m[K/home/neubility/path_planning_ws/path_planning/src/pso_planner_pkg/include/pso_planner.hpp:292:27:[m[K [01;35m[Kwarning: [m[Kcomparison between signed and unsigned integer expressions [[01;35m[K-Wsign-compare[m[K]
[0.375s]          for (int i = 0; [01;35m[Ki < this->m_swarm.size()[m[K; i++)
[0.375s]                          [01;35m[K~~^~~~~~~~~~~~~~~~~~~~~~[m[K
[0.375s] [01m[K/home/neubility/path_planning_ws/path_planning/src/pso_planner_pkg/include/pso_planner.hpp:294:31:[m[K [01;35m[Kwarning: [m[Kcomparison between signed and unsigned integer expressions [[01;35m[K-Wsign-compare[m[K]
[0.375s]              for (int j = 0; [01;35m[Kj < this->m_swarm[i].size()[m[K; j++)
[0.375s]                              [01;35m[K~~^~~~~~~~~~~~~~~~~~~~~~~~~[m[K
[0.376s] [01m[K/home/neubility/path_planning_ws/path_planning/src/pso_planner_pkg/include/pso_planner.hpp:[m[K In member function ‘[01m[Kvoid PSOPlanner::update_new_swarm()[m[K’:
[0.377s] [01m[K/home/neubility/path_planning_ws/path_planning/src/pso_planner_pkg/include/pso_planner.hpp:332:27:[m[K [01;35m[Kwarning: [m[Kcomparison between signed and unsigned integer expressions [[01;35m[K-Wsign-compare[m[K]
[0.377s]          for (int i = 0; [01;35m[Ki < this->m_swarm.size()[m[K; i++)
[0.377s]                          [01;35m[K~~^~~~~~~~~~~~~~~~~~~~~~[m[K
[0.377s] [01m[K/home/neubility/path_planning_ws/path_planning/src/pso_planner_pkg/include/pso_planner.hpp:337:31:[m[K [01;35m[Kwarning: [m[Kcomparison between signed and unsigned integer expressions [[01;35m[K-Wsign-compare[m[K]
[0.377s]              for (int k = 0; [01;35m[Kk < this->m_swarm[i][swarm_depth_end_index].particles.size()[m[K; k++)
[0.377s]                              [01;35m[K~~^~~~~~~~~~~~~~~~~~~~~~~~~~~~~~~~~~~~~~~~~~~~~~~~~~~~~~~~~~[m[K
[0.377s] [01m[K/home/neubility/path_planning_ws/path_planning/src/pso_planner_pkg/include/pso_planner.hpp:363:27:[m[K [01;35m[Kwarning: [m[Kcomparison between signed and unsigned integer expressions [[01;35m[K-Wsign-compare[m[K]
[0.377s]          for (int i = 0; [01;35m[Ki < this->m_swarm.size()[m[K; i++)
[0.377s]                          [01;35m[K~~^~~~~~~~~~~~~~~~~~~~~~[m[K
[0.377s] [01m[K/home/neubility/path_planning_ws/path_planning/src/pso_planner_pkg/include/pso_planner.hpp:365:31:[m[K [01;35m[Kwarning: [m[Kcomparison between signed and unsigned integer expressions [[01;35m[K-Wsign-compare[m[K]
[0.377s]              for (int j = 0; [01;35m[Kj < this->m_swarm[i].size()[m[K; j++)
[0.378s]                              [01;35m[K~~^~~~~~~~~~~~~~~~~~~~~~~~~[m[K
[0.380s] [01m[K/home/neubility/path_planning_ws/path_planning/src/pso_planner_pkg/include/pso_planner.hpp:[m[K In member function ‘[01m[Kvoid PSOPlanner::origin_func()[m[K’:
[0.380s] [01m[K/home/neubility/path_planning_ws/path_planning/src/pso_planner_pkg/include/pso_planner.hpp:425:27:[m[K [01;35m[Kwarning: [m[Kcomparison between signed and unsigned integer expressions [[01;35m[K-Wsign-compare[m[K]
[0.380s]          for (int i = 0; [01;35m[Ki < x_swarm.size()[m[K; i++)
[0.380s]                          [01;35m[K~~^~~~~~~~~~~~~~~~[m[K
[0.380s] [01m[K/home/neubility/path_planning_ws/path_planning/src/pso_planner_pkg/include/pso_planner.hpp:426:31:[m[K [01;35m[Kwarning: [m[Kcomparison between signed and unsigned integer expressions [[01;35m[K-Wsign-compare[m[K]
[0.380s]              for (int j = 0; [01;35m[Kj < x_swarm[i].size()[m[K; j++)
[0.380s]                              [01;35m[K~~^~~~~~~~~~~~~~~~~~~[m[K
[0.381s] [01m[K/home/neubility/path_planning_ws/path_planning/src/pso_planner_pkg/include/pso_planner.hpp:433:27:[m[K [01;35m[Kwarning: [m[Kcomparison between signed and unsigned integer expressions [[01;35m[K-Wsign-compare[m[K]
[0.381s]          for (int i = 0; [01;35m[Ki < y_swarm.size()[m[K; i++)
[0.381s]                          [01;35m[K~~^~~~~~~~~~~~~~~~[m[K
[0.381s] [01m[K/home/neubility/path_planning_ws/path_planning/src/pso_planner_pkg/include/pso_planner.hpp:434:31:[m[K [01;35m[Kwarning: [m[Kcomparison between signed and unsigned integer expressions [[01;35m[K-Wsign-compare[m[K]
[0.381s]              for (int j = 0; [01;35m[Kj < y_swarm[i].size()[m[K; j++)
[0.381s]                              [01;35m[K~~^~~~~~~~~~~~~~~~~~~[m[K
[0.381s] [01m[K/home/neubility/path_planning_ws/path_planning/src/pso_planner_pkg/include/pso_planner.hpp:420:16:[m[K [01;35m[Kwarning: [m[Kvariable ‘[01m[Kmin_g_x[m[K’ set but not used [[01;35m[K-Wunused-but-set-variable[m[K]
[0.382s]          double [01;35m[Kmin_g_x[m[K = 0;
[0.382s]                 [01;35m[K^~~~~~~[m[K
[0.382s] [01m[K/home/neubility/path_planning_ws/path_planning/src/pso_planner_pkg/include/pso_planner.hpp:421:16:[m[K [01;35m[Kwarning: [m[Kvariable ‘[01m[Kmin_g_y[m[K’ set but not used [[01;35m[K-Wunused-but-set-variable[m[K]
[0.382s]          double [01;35m[Kmin_g_y[m[K = 0;
[0.382s]                 [01;35m[K^~~~~~~[m[K
[1.020s] [01m[K/home/neubility/path_planning_ws/path_planning/src/pso_planner_pkg/src/main.cpp:[m[K In function ‘[01m[Kint main(int, char**)[m[K’:
[1.021s] [01m[K/home/neubility/path_planning_ws/path_planning/src/pso_planner_pkg/src/main.cpp:291:23:[m[K [01;35m[Kwarning: [m[Kcomparison between signed and unsigned integer expressions [[01;35m[K-Wsign-compare[m[K]
[1.021s]      for (int i = 0; [01;35m[Ki < pso_result_path_points.size() - 1[m[K; i++)
[1.021s]                      [01;35m[K~~^~~~~~~~~~~~~~~~~~~~~~~~~~~~~~~~~~~[m[K
[1.021s] [01m[K/home/neubility/path_planning_ws/path_planning/src/pso_planner_pkg/src/main.cpp:83:9:[m[K [01;35m[Kwarning: [m[Kunused variable ‘[01m[Koccupancy_grid_map_width[m[K’ [[01;35m[K-Wunused-variable[m[K]
[1.021s]      int [01;35m[Koccupancy_grid_map_width[m[K = 959;
[1.021s]          [01;35m[K^~~~~~~~~~~~~~~~~~~~~~~~[m[K
[1.021s] [01m[K/home/neubility/path_planning_ws/path_planning/src/pso_planner_pkg/src/main.cpp:84:9:[m[K [01;35m[Kwarning: [m[Kunused variable ‘[01m[Koccupancy_grid_map_height[m[K’ [[01;35m[K-Wunused-variable[m[K]
[1.021s]      int [01;35m[Koccupancy_grid_map_height[m[K = 538;
[1.021s]          [01;35m[K^~~~~~~~~~~~~~~~~~~~~~~~~[m[K
[1.021s] [01m[K/home/neubility/path_planning_ws/path_planning/src/pso_planner_pkg/src/main.cpp:139:9:[m[K [01;35m[Kwarning: [m[Kunused variable ‘[01m[Kinit_pos_x[m[K’ [[01;35m[K-Wunused-variable[m[K]
[1.021s]      int [01;35m[Kinit_pos_x[m[K = waypoints[0].first;
[1.021s]          [01;35m[K^~~~~~~~~~[m[K
[1.021s] [01m[K/home/neubility/path_planning_ws/path_planning/src/pso_planner_pkg/src/main.cpp:140:9:[m[K [01;35m[Kwarning: [m[Kunused variable ‘[01m[Kinit_pos_y[m[K’ [[01;35m[K-Wunused-variable[m[K]
[1.022s]      int [01;35m[Kinit_pos_y[m[K = waypoints[0].second;
[1.022s]          [01;35m[K^~~~~~~~~~[m[K
[1.022s] [01m[K/home/neubility/path_planning_ws/path_planning/src/pso_planner_pkg/src/main.cpp:141:9:[m[K [01;35m[Kwarning: [m[Kunused variable ‘[01m[Ktarget_x[m[K’ [[01;35m[K-Wunused-variable[m[K]
[1.022s]      int [01;35m[Ktarget_x[m[K = waypoints[waypoints.size() - 5].first;
[1.022s]          [01;35m[K^~~~~~~~[m[K
[1.022s] [01m[K/home/neubility/path_planning_ws/path_planning/src/pso_planner_pkg/src/main.cpp:142:9:[m[K [01;35m[Kwarning: [m[Kunused variable ‘[01m[Ktarget_y[m[K’ [[01;35m[K-Wunused-variable[m[K]
[1.022s]      int [01;35m[Ktarget_y[m[K = waypoints[waypoints.size() - 5].second;
[1.022s]          [01;35m[K^~~~~~~~[m[K
[4.481s] [ 66%] [32m[1mLinking CXX executable pso_planner_pkg[0m
[4.872s] [100%] Built target pso_planner_pkg
[4.889s] Invoked command in '/home/neubility/path_planning_ws/path_planning/build/pso_planner_pkg' returned '0': CMAKE_PREFIX_PATH=${CMAKE_PREFIX_PATH}:/opt/ros/eloquent /usr/bin/cmake --build /home/neubility/path_planning_ws/path_planning/build/pso_planner_pkg -- -j16 -l16
[4.940s] Invoking command in '/home/neubility/path_planning_ws/path_planning/build/pso_planner_pkg': CMAKE_PREFIX_PATH=${CMAKE_PREFIX_PATH}:/opt/ros/eloquent /usr/bin/cmake --build /home/neubility/path_planning_ws/path_planning/build/pso_planner_pkg --target install -- -j16 -l16
[5.019s] [100%] Built target pso_planner_pkg
[5.043s] [36mInstall the project...[0m
[5.057s] -- Install configuration: ""
[5.058s] -- Installing: /home/neubility/path_planning_ws/path_planning/install/pso_planner_pkg/lib/pso_planner_pkg/pso_planner_pkg
[5.059s] -- Set runtime path of "/home/neubility/path_planning_ws/path_planning/install/pso_planner_pkg/lib/pso_planner_pkg/pso_planner_pkg" to ""
[5.059s] -- Up-to-date: /home/neubility/path_planning_ws/path_planning/install/pso_planner_pkg/share/pso_planner_pkg/launch
[5.059s] -- Up-to-date: /home/neubility/path_planning_ws/path_planning/install/pso_planner_pkg/share/ament_index/resource_index/package_run_dependencies/pso_planner_pkg
[5.059s] -- Up-to-date: /home/neubility/path_planning_ws/path_planning/install/pso_planner_pkg/share/ament_index/resource_index/parent_prefix_path/pso_planner_pkg
[5.060s] -- Up-to-date: /home/neubility/path_planning_ws/path_planning/install/pso_planner_pkg/share/pso_planner_pkg/environment/ament_prefix_path.sh
[5.060s] -- Up-to-date: /home/neubility/path_planning_ws/path_planning/install/pso_planner_pkg/share/pso_planner_pkg/environment/ament_prefix_path.dsv
[5.060s] -- Up-to-date: /home/neubility/path_planning_ws/path_planning/install/pso_planner_pkg/share/pso_planner_pkg/environment/path.sh
[5.060s] -- Up-to-date: /home/neubility/path_planning_ws/path_planning/install/pso_planner_pkg/share/pso_planner_pkg/environment/path.dsv
[5.060s] -- Up-to-date: /home/neubility/path_planning_ws/path_planning/install/pso_planner_pkg/share/pso_planner_pkg/local_setup.bash
[5.060s] -- Up-to-date: /home/neubility/path_planning_ws/path_planning/install/pso_planner_pkg/share/pso_planner_pkg/local_setup.sh
[5.060s] -- Up-to-date: /home/neubility/path_planning_ws/path_planning/install/pso_planner_pkg/share/pso_planner_pkg/local_setup.zsh
[5.060s] -- Up-to-date: /home/neubility/path_planning_ws/path_planning/install/pso_planner_pkg/share/pso_planner_pkg/local_setup.dsv
[5.060s] -- Installing: /home/neubility/path_planning_ws/path_planning/install/pso_planner_pkg/share/pso_planner_pkg/package.dsv
[5.060s] -- Up-to-date: /home/neubility/path_planning_ws/path_planning/install/pso_planner_pkg/share/ament_index/resource_index/packages/pso_planner_pkg
[5.060s] -- Up-to-date: /home/neubility/path_planning_ws/path_planning/install/pso_planner_pkg/share/pso_planner_pkg/cmake/pso_planner_pkgConfig.cmake
[5.060s] -- Up-to-date: /home/neubility/path_planning_ws/path_planning/install/pso_planner_pkg/share/pso_planner_pkg/cmake/pso_planner_pkgConfig-version.cmake
[5.060s] -- Up-to-date: /home/neubility/path_planning_ws/path_planning/install/pso_planner_pkg/share/pso_planner_pkg/package.xml
[5.063s] Invoked command in '/home/neubility/path_planning_ws/path_planning/build/pso_planner_pkg' returned '0': CMAKE_PREFIX_PATH=${CMAKE_PREFIX_PATH}:/opt/ros/eloquent /usr/bin/cmake --build /home/neubility/path_planning_ws/path_planning/build/pso_planner_pkg --target install -- -j16 -l16
