[0.011s] Invoking command in '/home/neubility/path_planning_ws/path_planning/build/pso_planner_pkg': CMAKE_PREFIX_PATH=${CMAKE_PREFIX_PATH}:/opt/ros/eloquent /usr/bin/cmake --build /home/neubility/path_planning_ws/path_planning/build/pso_planner_pkg -- -j16 -l16
[0.048s] [35m[1mScanning dependencies of target pso_planner_pkg[0m
[0.058s] [ 33%] [32mBuilding CXX object CMakeFiles/pso_planner_pkg.dir/src/main.cpp.o[0m
[0.293s] In file included from [01m[K/home/neubility/path_planning_ws/path_planning/src/pso_planner_pkg/src/main.cpp:8:0[m[K:
[0.293s] [01m[K/home/neubility/path_planning_ws/path_planning/src/pso_planner_pkg/include/pso_planner.hpp:[m[K In constructor ‘[01m[KPSOPlanner::PSOPlanner(int, int, int, int)[m[K’:
[0.294s] [01m[K/home/neubility/path_planning_ws/path_planning/src/pso_planner_pkg/include/pso_planner.hpp:104:26:[m[K [01;35m[Kwarning: [m[Kcomparison between signed and unsigned integer expressions [[01;35m[K-Wsign-compare[m[K]
[0.294s]          for(int i = 0; [01;35m[Ki < x_swarm.size()[m[K; i++)
[0.294s]                         [01;35m[K~~^~~~~~~~~~~~~~~~[m[K
[0.294s] [01m[K/home/neubility/path_planning_ws/path_planning/src/pso_planner_pkg/include/pso_planner.hpp:105:30:[m[K [01;35m[Kwarning: [m[Kcomparison between signed and unsigned integer expressions [[01;35m[K-Wsign-compare[m[K]
[0.294s]              for(int j = 0; [01;35m[Kj < x_swarm[i].size()[m[K; j++)
[0.294s]                             [01;35m[K~~^~~~~~~~~~~~~~~~~~~[m[K
[0.294s] [01m[K/home/neubility/path_planning_ws/path_planning/src/pso_planner_pkg/include/pso_planner.hpp:112:26:[m[K [01;35m[Kwarning: [m[Kcomparison between signed and unsigned integer expressions [[01;35m[K-Wsign-compare[m[K]
[0.294s]          for(int i = 0; [01;35m[Ki < y_swarm.size()[m[K; i++)
[0.294s]                         [01;35m[K~~^~~~~~~~~~~~~~~~[m[K
[0.294s] [01m[K/home/neubility/path_planning_ws/path_planning/src/pso_planner_pkg/include/pso_planner.hpp:113:30:[m[K [01;35m[Kwarning: [m[Kcomparison between signed and unsigned integer expressions [[01;35m[K-Wsign-compare[m[K]
[0.294s]              for(int j = 0; [01;35m[Kj < y_swarm[i].size()[m[K; j++)
[0.294s]                             [01;35m[K~~^~~~~~~~~~~~~~~~~~~[m[K
[0.296s] [01m[K/home/neubility/path_planning_ws/path_planning/src/pso_planner_pkg/include/pso_planner.hpp:99:16:[m[K [01;35m[Kwarning: [m[Kvariable ‘[01m[Kmin_g_x[m[K’ set but not used [[01;35m[K-Wunused-but-set-variable[m[K]
[0.296s]          double [01;35m[Kmin_g_x[m[K = 0;
[0.296s]                 [01;35m[K^~~~~~~[m[K
[0.297s] [01m[K/home/neubility/path_planning_ws/path_planning/src/pso_planner_pkg/include/pso_planner.hpp:100:16:[m[K [01;35m[Kwarning: [m[Kvariable ‘[01m[Kmin_g_y[m[K’ set but not used [[01;35m[K-Wunused-but-set-variable[m[K]
[0.297s]          double [01;35m[Kmin_g_y[m[K = 0;
[0.297s]                 [01;35m[K^~~~~~~[m[K
[0.297s] [01m[K/home/neubility/path_planning_ws/path_planning/src/pso_planner_pkg/include/pso_planner.hpp:65:20:[m[K [01;35m[Kwarning: [m[Kunused parameter ‘[01m[Kwidth_[m[K’ [[01;35m[K-Wunused-parameter[m[K]
[0.297s]      PSOPlanner(int [01;35m[Kwidth_[m[K, int height_, int init_pos_x_, int init_pos_y_)
[0.297s]                     [01;35m[K^~~~~~[m[K
[0.297s] [01m[K/home/neubility/path_planning_ws/path_planning/src/pso_planner_pkg/include/pso_planner.hpp:65:32:[m[K [01;35m[Kwarning: [m[Kunused parameter ‘[01m[Kheight_[m[K’ [[01;35m[K-Wunused-parameter[m[K]
[0.297s]      PSOPlanner(int width_, int [01;35m[Kheight_[m[K, int init_pos_x_, int init_pos_y_)
[0.297s]                                 [01;35m[K^~~~~~~[m[K
[0.297s] [01m[K/home/neubility/path_planning_ws/path_planning/src/pso_planner_pkg/include/pso_planner.hpp:65:45:[m[K [01;35m[Kwarning: [m[Kunused parameter ‘[01m[Kinit_pos_x_[m[K’ [[01;35m[K-Wunused-parameter[m[K]
[0.297s]      PSOPlanner(int width_, int height_, int [01;35m[Kinit_pos_x_[m[K, int init_pos_y_)
[0.297s]                                              [01;35m[K^~~~~~~~~~~[m[K
[0.297s] [01m[K/home/neubility/path_planning_ws/path_planning/src/pso_planner_pkg/include/pso_planner.hpp:65:62:[m[K [01;35m[Kwarning: [m[Kunused parameter ‘[01m[Kinit_pos_y_[m[K’ [[01;35m[K-Wunused-parameter[m[K]
[0.298s]      PSOPlanner(int width_, int height_, int init_pos_x_, int [01;35m[Kinit_pos_y_[m[K)
[0.298s]                                                               [01;35m[K^~~~~~~~~~~[m[K
[0.952s] [01m[K/home/neubility/path_planning_ws/path_planning/src/pso_planner_pkg/src/main.cpp:[m[K In function ‘[01m[Kint main(int, char**)[m[K’:
[0.952s] [01m[K/home/neubility/path_planning_ws/path_planning/src/pso_planner_pkg/src/main.cpp:286:23:[m[K [01;35m[Kwarning: [m[Kcomparison between signed and unsigned integer expressions [[01;35m[K-Wsign-compare[m[K]
[0.952s]      for (int i = 0; [01;35m[Ki < pso_result_path_points.size() - 1[m[K; i++)
[0.952s]                      [01;35m[K~~^~~~~~~~~~~~~~~~~~~~~~~~~~~~~~~~~~~[m[K
[0.952s] [01m[K/home/neubility/path_planning_ws/path_planning/src/pso_planner_pkg/src/main.cpp:138:9:[m[K [01;35m[Kwarning: [m[Kunused variable ‘[01m[Ktarget_x[m[K’ [[01;35m[K-Wunused-variable[m[K]
[0.953s]      int [01;35m[Ktarget_x[m[K = waypoints[waypoints.size() - 5].first;
[0.953s]          [01;35m[K^~~~~~~~[m[K
[0.953s] [01m[K/home/neubility/path_planning_ws/path_planning/src/pso_planner_pkg/src/main.cpp:139:9:[m[K [01;35m[Kwarning: [m[Kunused variable ‘[01m[Ktarget_y[m[K’ [[01;35m[K-Wunused-variable[m[K]
[0.953s]      int [01;35m[Ktarget_y[m[K = waypoints[waypoints.size() - 5].second;
[0.953s]          [01;35m[K^~~~~~~~[m[K
[4.519s] [ 66%] [32m[1mLinking CXX executable pso_planner_pkg[0m
[4.916s] [100%] Built target pso_planner_pkg
[4.935s] Invoked command in '/home/neubility/path_planning_ws/path_planning/build/pso_planner_pkg' returned '0': CMAKE_PREFIX_PATH=${CMAKE_PREFIX_PATH}:/opt/ros/eloquent /usr/bin/cmake --build /home/neubility/path_planning_ws/path_planning/build/pso_planner_pkg -- -j16 -l16
[4.991s] Invoking command in '/home/neubility/path_planning_ws/path_planning/build/pso_planner_pkg': CMAKE_PREFIX_PATH=${CMAKE_PREFIX_PATH}:/opt/ros/eloquent /usr/bin/cmake --build /home/neubility/path_planning_ws/path_planning/build/pso_planner_pkg --target install -- -j16 -l16
[5.056s] [100%] Built target pso_planner_pkg
[5.083s] [36mInstall the project...[0m
[5.090s] -- Install configuration: ""
[5.090s] -- Installing: /home/neubility/path_planning_ws/path_planning/install/pso_planner_pkg/lib/pso_planner_pkg/pso_planner_pkg
[5.091s] -- Set runtime path of "/home/neubility/path_planning_ws/path_planning/install/pso_planner_pkg/lib/pso_planner_pkg/pso_planner_pkg" to ""
[5.092s] CMake Error at cmake_install.cmake:61 (file):
[5.092s]   file INSTALL cannot find
[5.092s]   "/home/neubility/path_planning_ws/path_planning/src/pso_planner_pkg/launch".
[5.092s] 
[5.092s] 
[5.092s] Makefile:73: recipe for target 'install' failed
[5.093s] make: *** [install] Error 1
[5.095s] Invoked command in '/home/neubility/path_planning_ws/path_planning/build/pso_planner_pkg' returned '2': CMAKE_PREFIX_PATH=${CMAKE_PREFIX_PATH}:/opt/ros/eloquent /usr/bin/cmake --build /home/neubility/path_planning_ws/path_planning/build/pso_planner_pkg --target install -- -j16 -l16
