[35m[1mScanning dependencies of target pso_planner_pkg[0m
[ 33%] [32mBuilding CXX object CMakeFiles/pso_planner_pkg.dir/src/main.cpp.o[0m
In file included from [01m[K/home/neubility/path_planning_ws/path_planning/src/pso_planner_pkg/src/main.cpp:8:0[m[K:
[01m[K/home/neubility/path_planning_ws/path_planning/src/pso_planner_pkg/include/pso_planner.hpp:[m[K In constructor ‘[01m[KPSOPlanner::PSOPlanner(const std::pair<double, double>&, const std::pair<double, double>&, const std::pair<double, double>&)[m[K’:
[01m[K/home/neubility/path_planning_ws/path_planning/src/pso_planner_pkg/include/pso_planner.hpp:615:15:[m[K [01;35m[Kwarning: [m[Kstatement has no effect [[01;35m[K-Wunused-value[m[K]
         [01;35m[Kthis->m_personal_best_array_index[m[K;
         [01;35m[K~~~~~~^~~~~~~~~~~~~~~~~~~~~~~~~~~[m[K
[01m[K/home/neubility/path_planning_ws/path_planning/src/pso_planner_pkg/include/pso_planner.hpp:616:15:[m[K [01;35m[Kwarning: [m[Kstatement has no effect [[01;35m[K-Wunused-value[m[K]
         [01;35m[Kthis->m_global_best_array_index[m[K;
         [01;35m[K~~~~~~^~~~~~~~~~~~~~~~~~~~~~~~~[m[K
[01m[K/home/neubility/path_planning_ws/path_planning/src/pso_planner_pkg/include/pso_planner.hpp:617:15:[m[K [01;35m[Kwarning: [m[Kstatement has no effect [[01;35m[K-Wunused-value[m[K]
         [01;35m[Kthis->m_swarm[m[K;
         [01;35m[K~~~~~~^~~~~~~[m[K
[01m[K/home/neubility/path_planning_ws/path_planning/src/pso_planner_pkg/include/pso_planner.hpp:[m[K In member function ‘[01m[Kvoid PSOPlanner::run()[m[K’:
[01m[K/home/neubility/path_planning_ws/path_planning/src/pso_planner_pkg/include/pso_planner.hpp:680:27:[m[K [01;35m[Kwarning: [m[Kcomparison between signed and unsigned integer expressions [[01;35m[K-Wsign-compare[m[K]
         for (int i = 0; [01;35m[Ki < this->m_swarm[this->m_global_best_array_index.first].size()[m[K; i++)
                         [01;35m[K~~^~~~~~~~~~~~~~~~~~~~~~~~~~~~~~~~~~~~~~~~~~~~~~~~~~~~~~~~~~~~~[m[K
[01m[K/home/neubility/path_planning_ws/path_planning/src/pso_planner_pkg/include/pso_planner.hpp:688:27:[m[K [01;35m[Kwarning: [m[Kcomparison between signed and unsigned integer expressions [[01;35m[K-Wsign-compare[m[K]
         for (int i = 0; [01;35m[Ki < this->m_swarm.size()[m[K; i++)
                         [01;35m[K~~^~~~~~~~~~~~~~~~~~~~~~[m[K
[01m[K/home/neubility/path_planning_ws/path_planning/src/pso_planner_pkg/include/pso_planner.hpp:691:31:[m[K [01;35m[Kwarning: [m[Kcomparison between signed and unsigned integer expressions [[01;35m[K-Wsign-compare[m[K]
             for (int j = 0; [01;35m[Kj < this->m_swarm[i].size()[m[K; j++)
                             [01;35m[K~~^~~~~~~~~~~~~~~~~~~~~~~~~[m[K
[01m[K/home/neubility/path_planning_ws/path_planning/src/pso_planner_pkg/include/pso_planner.hpp:[m[K In member function ‘[01m[Kvoid PSOPlanner::init_first_particles()[m[K’:
[01m[K/home/neubility/path_planning_ws/path_planning/src/pso_planner_pkg/include/pso_planner.hpp:715:27:[m[K [01;35m[Kwarning: [m[Kcomparison between signed and unsigned integer expressions [[01;35m[K-Wsign-compare[m[K]
         for (int i = 0; [01;35m[Ki < this->m_swarm.size()[m[K; i++)
                         [01;35m[K~~^~~~~~~~~~~~~~~~~~~~~~[m[K
[01m[K/home/neubility/path_planning_ws/path_planning/src/pso_planner_pkg/include/pso_planner.hpp:717:31:[m[K [01;35m[Kwarning: [m[Kcomparison between signed and unsigned integer expressions [[01;35m[K-Wsign-compare[m[K]
             for (int j = 0; [01;35m[Kj < this->m_swarm[i].size()[m[K; j++)
                             [01;35m[K~~^~~~~~~~~~~~~~~~~~~~~~~~~[m[K
[01m[K/home/neubility/path_planning_ws/path_planning/src/pso_planner_pkg/include/pso_planner.hpp:[m[K In member function ‘[01m[Kvoid PSOPlanner::update_new_swarm_fitness_value()[m[K’:
[01m[K/home/neubility/path_planning_ws/path_planning/src/pso_planner_pkg/include/pso_planner.hpp:756:27:[m[K [01;35m[Kwarning: [m[Kcomparison between signed and unsigned integer expressions [[01;35m[K-Wsign-compare[m[K]
         for (int i = 0; [01;35m[Ki < this->m_swarm.size()[m[K; i++)
                         [01;35m[K~~^~~~~~~~~~~~~~~~~~~~~~[m[K
In file included from [01m[K/home/neubility/path_planning_ws/path_planning/src/pso_planner_pkg/src/main.cpp:8:0[m[K:
[01m[K/home/neubility/path_planning_ws/path_planning/src/pso_planner_pkg/include/pso_planner.hpp:[m[K In member function ‘[01m[Kvoid PSOPlanner::update_personal_best_swarm()[m[K’:
[01m[K/home/neubility/path_planning_ws/path_planning/src/pso_planner_pkg/include/pso_planner.hpp:809:15:[m[K [01;35m[Kwarning: [m[Kstatement has no effect [[01;35m[K-Wunused-value[m[K]
         [01;35m[Kthis->m_personal_best_array_index[m[K; // std::vector<int>
         [01;35m[K~~~~~~^~~~~~~~~~~~~~~~~~~~~~~~~~~[m[K
[01m[K/home/neubility/path_planning_ws/path_planning/src/pso_planner_pkg/include/pso_planner.hpp:810:27:[m[K [01;35m[Kwarning: [m[Kcomparison between signed and unsigned integer expressions [[01;35m[K-Wsign-compare[m[K]
         for (int i = 0; [01;35m[Ki < this->m_swarm.size()[m[K; i++)
                         [01;35m[K~~^~~~~~~~~~~~~~~~~~~~~~[m[K
[01m[K/home/neubility/path_planning_ws/path_planning/src/pso_planner_pkg/include/pso_planner.hpp:813:31:[m[K [01;35m[Kwarning: [m[Kcomparison between signed and unsigned integer expressions [[01;35m[K-Wsign-compare[m[K]
             for (int j = 0; [01;35m[Kj < this->m_swarm[i].size()[m[K; j++)
                             [01;35m[K~~^~~~~~~~~~~~~~~~~~~~~~~~~[m[K
[01m[K/home/neubility/path_planning_ws/path_planning/src/pso_planner_pkg/include/pso_planner.hpp:[m[K In member function ‘[01m[Kvoid PSOPlanner::update_global_best_swarm()[m[K’:
[01m[K/home/neubility/path_planning_ws/path_planning/src/pso_planner_pkg/include/pso_planner.hpp:836:27:[m[K [01;35m[Kwarning: [m[Kcomparison between signed and unsigned integer expressions [[01;35m[K-Wsign-compare[m[K]
         for (int i = 0; [01;35m[Ki < this->m_swarm.size()[m[K; i++)
                         [01;35m[K~~^~~~~~~~~~~~~~~~~~~~~~[m[K
[01m[K/home/neubility/path_planning_ws/path_planning/src/pso_planner_pkg/include/pso_planner.hpp:838:31:[m[K [01;35m[Kwarning: [m[Kcomparison between signed and unsigned integer expressions [[01;35m[K-Wsign-compare[m[K]
             for (int j = 0; [01;35m[Kj < this->m_swarm[i].size()[m[K; j++)
                             [01;35m[K~~^~~~~~~~~~~~~~~~~~~~~~~~~[m[K
[01m[K/home/neubility/path_planning_ws/path_planning/src/pso_planner_pkg/include/pso_planner.hpp:[m[K In member function ‘[01m[Kvoid PSOPlanner::update_new_swarm()[m[K’:
[01m[K/home/neubility/path_planning_ws/path_planning/src/pso_planner_pkg/include/pso_planner.hpp:878:27:[m[K [01;35m[Kwarning: [m[Kcomparison between signed and unsigned integer expressions [[01;35m[K-Wsign-compare[m[K]
         for (int i = 0; [01;35m[Ki < this->m_swarm.size()[m[K; i++)
                         [01;35m[K~~^~~~~~~~~~~~~~~~~~~~~~[m[K
[01m[K/home/neubility/path_planning_ws/path_planning/src/pso_planner_pkg/include/pso_planner.hpp:883:31:[m[K [01;35m[Kwarning: [m[Kcomparison between signed and unsigned integer expressions [[01;35m[K-Wsign-compare[m[K]
             for (int k = 0; [01;35m[Kk < this->m_swarm[i][swarm_depth_end_index].particles.size()[m[K; k++)
                             [01;35m[K~~^~~~~~~~~~~~~~~~~~~~~~~~~~~~~~~~~~~~~~~~~~~~~~~~~~~~~~~~~~[m[K
[01m[K/home/neubility/path_planning_ws/path_planning/src/pso_planner_pkg/src/main.cpp:[m[K In function ‘[01m[Kint main(int, char**)[m[K’:
[01m[K/home/neubility/path_planning_ws/path_planning/src/pso_planner_pkg/src/main.cpp:74:23:[m[K [01;35m[Kwarning: [m[Kcomparison between signed and unsigned integer expressions [[01;35m[K-Wsign-compare[m[K]
     for (int i = 0; [01;35m[Ki < pso_total_result_path_points.size() - 1[m[K; i++)
                     [01;35m[K~~^~~~~~~~~~~~~~~~~~~~~~~~~~~~~~~~~~~~~~~~~[m[K
[01m[K/home/neubility/path_planning_ws/path_planning/src/pso_planner_pkg/src/main.cpp:76:27:[m[K [01;35m[Kwarning: [m[Kcomparison between signed and unsigned integer expressions [[01;35m[K-Wsign-compare[m[K]
         for (int j = 0; [01;35m[Kj < pso_total_result_path_points[i].size() - 1[m[K; j++)
                         [01;35m[K~~^~~~~~~~~~~~~~~~~~~~~~~~~~~~~~~~~~~~~~~~~~~~[m[K
[01m[K/home/neubility/path_planning_ws/path_planning/src/pso_planner_pkg/src/main.cpp:47:14:[m[K [01;35m[Kwarning: [m[Kunused parameter ‘[01m[Kargc[m[K’ [[01;35m[K-Wunused-parameter[m[K]
 int main(int [01;35m[Kargc[m[K, char **argv)
              [01;35m[K^~~~[m[K
[01m[K/home/neubility/path_planning_ws/path_planning/src/pso_planner_pkg/src/main.cpp:47:27:[m[K [01;35m[Kwarning: [m[Kunused parameter ‘[01m[Kargv[m[K’ [[01;35m[K-Wunused-parameter[m[K]
 int main(int argc, char **[01;35m[Kargv[m[K)
                           [01;35m[K^~~~[m[K
[ 66%] [32m[1mLinking CXX executable pso_planner_pkg[0m
[100%] Built target pso_planner_pkg
[100%] Built target pso_planner_pkg
[36mInstall the project...[0m
-- Install configuration: ""
-- Installing: /home/neubility/path_planning_ws/path_planning/install/pso_planner_pkg/lib/pso_planner_pkg/pso_planner_pkg
-- Set runtime path of "/home/neubility/path_planning_ws/path_planning/install/pso_planner_pkg/lib/pso_planner_pkg/pso_planner_pkg" to ""
-- Up-to-date: /home/neubility/path_planning_ws/path_planning/install/pso_planner_pkg/share/pso_planner_pkg/launch
-- Up-to-date: /home/neubility/path_planning_ws/path_planning/install/pso_planner_pkg/share/ament_index/resource_index/package_run_dependencies/pso_planner_pkg
-- Up-to-date: /home/neubility/path_planning_ws/path_planning/install/pso_planner_pkg/share/ament_index/resource_index/parent_prefix_path/pso_planner_pkg
-- Up-to-date: /home/neubility/path_planning_ws/path_planning/install/pso_planner_pkg/share/pso_planner_pkg/environment/ament_prefix_path.sh
-- Up-to-date: /home/neubility/path_planning_ws/path_planning/install/pso_planner_pkg/share/pso_planner_pkg/environment/ament_prefix_path.dsv
-- Up-to-date: /home/neubility/path_planning_ws/path_planning/install/pso_planner_pkg/share/pso_planner_pkg/environment/path.sh
-- Up-to-date: /home/neubility/path_planning_ws/path_planning/install/pso_planner_pkg/share/pso_planner_pkg/environment/path.dsv
-- Up-to-date: /home/neubility/path_planning_ws/path_planning/install/pso_planner_pkg/share/pso_planner_pkg/local_setup.bash
-- Up-to-date: /home/neubility/path_planning_ws/path_planning/install/pso_planner_pkg/share/pso_planner_pkg/local_setup.sh
-- Up-to-date: /home/neubility/path_planning_ws/path_planning/install/pso_planner_pkg/share/pso_planner_pkg/local_setup.zsh
-- Up-to-date: /home/neubility/path_planning_ws/path_planning/install/pso_planner_pkg/share/pso_planner_pkg/local_setup.dsv
-- Installing: /home/neubility/path_planning_ws/path_planning/install/pso_planner_pkg/share/pso_planner_pkg/package.dsv
-- Up-to-date: /home/neubility/path_planning_ws/path_planning/install/pso_planner_pkg/share/ament_index/resource_index/packages/pso_planner_pkg
-- Up-to-date: /home/neubility/path_planning_ws/path_planning/install/pso_planner_pkg/share/pso_planner_pkg/cmake/pso_planner_pkgConfig.cmake
-- Up-to-date: /home/neubility/path_planning_ws/path_planning/install/pso_planner_pkg/share/pso_planner_pkg/cmake/pso_planner_pkgConfig-version.cmake
-- Up-to-date: /home/neubility/path_planning_ws/path_planning/install/pso_planner_pkg/share/pso_planner_pkg/package.xml
