[0.011s] Invoking command in '/home/neubility/path_planning_ws/path_planning/build/pso_planner_pkg': CMAKE_PREFIX_PATH=${CMAKE_PREFIX_PATH}:/opt/ros/eloquent /usr/bin/cmake --build /home/neubility/path_planning_ws/path_planning/build/pso_planner_pkg -- -j16 -l16
[0.071s] [35m[1mScanning dependencies of target pso_planner_pkg[0m
[0.085s] [ 33%] [32mBuilding CXX object CMakeFiles/pso_planner_pkg.dir/src/main.cpp.o[0m
[0.381s] In file included from [01m[K/home/neubility/path_planning_ws/path_planning/src/pso_planner_pkg/src/main.cpp:8:0[m[K:
[0.381s] [01m[K/home/neubility/path_planning_ws/path_planning/src/pso_planner_pkg/include/pso_planner.hpp:[m[K In constructor ‘[01m[KPSOPlanner::PSOPlanner()[m[K’:
[0.381s] [01m[K/home/neubility/path_planning_ws/path_planning/src/pso_planner_pkg/include/pso_planner.hpp:164:27:[m[K [01;35m[Kwarning: [m[Kcomparison between signed and unsigned integer expressions [[01;35m[K-Wsign-compare[m[K]
[0.381s]          for (int i = 0; [01;35m[Ki < x_swarm.size()[m[K; i++)
[0.381s]                          [01;35m[K~~^~~~~~~~~~~~~~~~[m[K
[0.381s] [01m[K/home/neubility/path_planning_ws/path_planning/src/pso_planner_pkg/include/pso_planner.hpp:165:31:[m[K [01;35m[Kwarning: [m[Kcomparison between signed and unsigned integer expressions [[01;35m[K-Wsign-compare[m[K]
[0.381s]              for (int j = 0; [01;35m[Kj < x_swarm[i].size()[m[K; j++)
[0.381s]                              [01;35m[K~~^~~~~~~~~~~~~~~~~~~[m[K
[0.381s] [01m[K/home/neubility/path_planning_ws/path_planning/src/pso_planner_pkg/include/pso_planner.hpp:172:27:[m[K [01;35m[Kwarning: [m[Kcomparison between signed and unsigned integer expressions [[01;35m[K-Wsign-compare[m[K]
[0.382s]          for (int i = 0; [01;35m[Ki < y_swarm.size()[m[K; i++)
[0.382s]                          [01;35m[K~~^~~~~~~~~~~~~~~~[m[K
[0.382s] [01m[K/home/neubility/path_planning_ws/path_planning/src/pso_planner_pkg/include/pso_planner.hpp:173:31:[m[K [01;35m[Kwarning: [m[Kcomparison between signed and unsigned integer expressions [[01;35m[K-Wsign-compare[m[K]
[0.382s]              for (int j = 0; [01;35m[Kj < y_swarm[i].size()[m[K; j++)
[0.382s]                              [01;35m[K~~^~~~~~~~~~~~~~~~~~~[m[K
[0.385s] [01m[K/home/neubility/path_planning_ws/path_planning/src/pso_planner_pkg/include/pso_planner.hpp:159:16:[m[K [01;35m[Kwarning: [m[Kvariable ‘[01m[Kmin_g_x[m[K’ set but not used [[01;35m[K-Wunused-but-set-variable[m[K]
[0.385s]          double [01;35m[Kmin_g_x[m[K = 0;
[0.385s]                 [01;35m[K^~~~~~~[m[K
[0.385s] [01m[K/home/neubility/path_planning_ws/path_planning/src/pso_planner_pkg/include/pso_planner.hpp:160:16:[m[K [01;35m[Kwarning: [m[Kvariable ‘[01m[Kmin_g_y[m[K’ set but not used [[01;35m[K-Wunused-but-set-variable[m[K]
[0.385s]          double [01;35m[Kmin_g_y[m[K = 0;
[0.385s]                 [01;35m[K^~~~~~~[m[K
[1.026s] [01m[K/home/neubility/path_planning_ws/path_planning/src/pso_planner_pkg/src/main.cpp:[m[K In function ‘[01m[Kint main(int, char**)[m[K’:
[1.026s] [01m[K/home/neubility/path_planning_ws/path_planning/src/pso_planner_pkg/src/main.cpp:290:23:[m[K [01;35m[Kwarning: [m[Kcomparison between signed and unsigned integer expressions [[01;35m[K-Wsign-compare[m[K]
[1.026s]      for (int i = 0; [01;35m[Ki < pso_result_path_points.size() - 1[m[K; i++)
[1.026s]                      [01;35m[K~~^~~~~~~~~~~~~~~~~~~~~~~~~~~~~~~~~~~[m[K
[1.027s] [01m[K/home/neubility/path_planning_ws/path_planning/src/pso_planner_pkg/src/main.cpp:83:9:[m[K [01;35m[Kwarning: [m[Kunused variable ‘[01m[Koccupancy_grid_map_width[m[K’ [[01;35m[K-Wunused-variable[m[K]
[1.027s]      int [01;35m[Koccupancy_grid_map_width[m[K = 959;
[1.027s]          [01;35m[K^~~~~~~~~~~~~~~~~~~~~~~~[m[K
[1.027s] [01m[K/home/neubility/path_planning_ws/path_planning/src/pso_planner_pkg/src/main.cpp:84:9:[m[K [01;35m[Kwarning: [m[Kunused variable ‘[01m[Koccupancy_grid_map_height[m[K’ [[01;35m[K-Wunused-variable[m[K]
[1.027s]      int [01;35m[Koccupancy_grid_map_height[m[K = 538;
[1.027s]          [01;35m[K^~~~~~~~~~~~~~~~~~~~~~~~~[m[K
[1.027s] [01m[K/home/neubility/path_planning_ws/path_planning/src/pso_planner_pkg/src/main.cpp:139:9:[m[K [01;35m[Kwarning: [m[Kunused variable ‘[01m[Kinit_pos_x[m[K’ [[01;35m[K-Wunused-variable[m[K]
[1.027s]      int [01;35m[Kinit_pos_x[m[K = waypoints[0].first;
[1.027s]          [01;35m[K^~~~~~~~~~[m[K
[1.027s] [01m[K/home/neubility/path_planning_ws/path_planning/src/pso_planner_pkg/src/main.cpp:140:9:[m[K [01;35m[Kwarning: [m[Kunused variable ‘[01m[Kinit_pos_y[m[K’ [[01;35m[K-Wunused-variable[m[K]
[1.027s]      int [01;35m[Kinit_pos_y[m[K = waypoints[0].second;
[1.027s]          [01;35m[K^~~~~~~~~~[m[K
[1.027s] [01m[K/home/neubility/path_planning_ws/path_planning/src/pso_planner_pkg/src/main.cpp:141:9:[m[K [01;35m[Kwarning: [m[Kunused variable ‘[01m[Ktarget_x[m[K’ [[01;35m[K-Wunused-variable[m[K]
[1.027s]      int [01;35m[Ktarget_x[m[K = waypoints[waypoints.size() - 5].first;
[1.027s]          [01;35m[K^~~~~~~~[m[K
[1.027s] [01m[K/home/neubility/path_planning_ws/path_planning/src/pso_planner_pkg/src/main.cpp:142:9:[m[K [01;35m[Kwarning: [m[Kunused variable ‘[01m[Ktarget_y[m[K’ [[01;35m[K-Wunused-variable[m[K]
[1.027s]      int [01;35m[Ktarget_y[m[K = waypoints[waypoints.size() - 5].second;
[1.027s]          [01;35m[K^~~~~~~~[m[K
[4.703s] [ 66%] [32m[1mLinking CXX executable pso_planner_pkg[0m
[5.102s] [100%] Built target pso_planner_pkg
[5.114s] Invoked command in '/home/neubility/path_planning_ws/path_planning/build/pso_planner_pkg' returned '0': CMAKE_PREFIX_PATH=${CMAKE_PREFIX_PATH}:/opt/ros/eloquent /usr/bin/cmake --build /home/neubility/path_planning_ws/path_planning/build/pso_planner_pkg -- -j16 -l16
[5.172s] Invoking command in '/home/neubility/path_planning_ws/path_planning/build/pso_planner_pkg': CMAKE_PREFIX_PATH=${CMAKE_PREFIX_PATH}:/opt/ros/eloquent /usr/bin/cmake --build /home/neubility/path_planning_ws/path_planning/build/pso_planner_pkg --target install -- -j16 -l16
[5.241s] [100%] Built target pso_planner_pkg
[5.261s] [36mInstall the project...[0m
[5.278s] -- Install configuration: ""
[5.278s] -- Installing: /home/neubility/path_planning_ws/path_planning/install/pso_planner_pkg/lib/pso_planner_pkg/pso_planner_pkg
[5.279s] -- Set runtime path of "/home/neubility/path_planning_ws/path_planning/install/pso_planner_pkg/lib/pso_planner_pkg/pso_planner_pkg" to ""
[5.280s] -- Up-to-date: /home/neubility/path_planning_ws/path_planning/install/pso_planner_pkg/share/pso_planner_pkg/launch
[5.280s] -- Up-to-date: /home/neubility/path_planning_ws/path_planning/install/pso_planner_pkg/share/ament_index/resource_index/package_run_dependencies/pso_planner_pkg
[5.280s] -- Up-to-date: /home/neubility/path_planning_ws/path_planning/install/pso_planner_pkg/share/ament_index/resource_index/parent_prefix_path/pso_planner_pkg
[5.280s] -- Up-to-date: /home/neubility/path_planning_ws/path_planning/install/pso_planner_pkg/share/pso_planner_pkg/environment/ament_prefix_path.sh
[5.280s] -- Up-to-date: /home/neubility/path_planning_ws/path_planning/install/pso_planner_pkg/share/pso_planner_pkg/environment/ament_prefix_path.dsv
[5.280s] -- Up-to-date: /home/neubility/path_planning_ws/path_planning/install/pso_planner_pkg/share/pso_planner_pkg/environment/path.sh
[5.280s] -- Up-to-date: /home/neubility/path_planning_ws/path_planning/install/pso_planner_pkg/share/pso_planner_pkg/environment/path.dsv
[5.280s] -- Up-to-date: /home/neubility/path_planning_ws/path_planning/install/pso_planner_pkg/share/pso_planner_pkg/local_setup.bash
[5.280s] -- Up-to-date: /home/neubility/path_planning_ws/path_planning/install/pso_planner_pkg/share/pso_planner_pkg/local_setup.sh
[5.280s] -- Up-to-date: /home/neubility/path_planning_ws/path_planning/install/pso_planner_pkg/share/pso_planner_pkg/local_setup.zsh
[5.280s] -- Up-to-date: /home/neubility/path_planning_ws/path_planning/install/pso_planner_pkg/share/pso_planner_pkg/local_setup.dsv
[5.280s] -- Installing: /home/neubility/path_planning_ws/path_planning/install/pso_planner_pkg/share/pso_planner_pkg/package.dsv
[5.281s] -- Up-to-date: /home/neubility/path_planning_ws/path_planning/install/pso_planner_pkg/share/ament_index/resource_index/packages/pso_planner_pkg
[5.281s] -- Up-to-date: /home/neubility/path_planning_ws/path_planning/install/pso_planner_pkg/share/pso_planner_pkg/cmake/pso_planner_pkgConfig.cmake
[5.281s] -- Up-to-date: /home/neubility/path_planning_ws/path_planning/install/pso_planner_pkg/share/pso_planner_pkg/cmake/pso_planner_pkgConfig-version.cmake
[5.281s] -- Up-to-date: /home/neubility/path_planning_ws/path_planning/install/pso_planner_pkg/share/pso_planner_pkg/package.xml
[5.283s] Invoked command in '/home/neubility/path_planning_ws/path_planning/build/pso_planner_pkg' returned '0': CMAKE_PREFIX_PATH=${CMAKE_PREFIX_PATH}:/opt/ros/eloquent /usr/bin/cmake --build /home/neubility/path_planning_ws/path_planning/build/pso_planner_pkg --target install -- -j16 -l16
