[0.041s] Invoking command in '/home/neubility/path_planning_ws/path_planning/src/build/hybrid_a_star_algorithm_pkg': /usr/bin/cmake /home/neubility/path_planning_ws/path_planning/src/hybrid_a_star_algorithm_pkg -DCMAKE_INSTALL_PREFIX=/home/neubility/path_planning_ws/path_planning/src/install/hybrid_a_star_algorithm_pkg
[0.103s] -- The C compiler identification is GNU 7.5.0
[0.166s] -- The CXX compiler identification is GNU 7.5.0
[0.171s] -- Check for working C compiler: /usr/bin/cc
[0.228s] -- Check for working C compiler: /usr/bin/cc -- works
[0.229s] -- Detecting C compiler ABI info
[0.299s] -- Detecting C compiler ABI info - done
[0.303s] -- Detecting C compile features
[0.500s] -- Detecting C compile features - done
[0.502s] -- Check for working CXX compiler: /usr/bin/c++
[0.576s] -- Check for working CXX compiler: /usr/bin/c++ -- works
[0.577s] -- Detecting CXX compiler ABI info
[0.655s] -- Detecting CXX compiler ABI info - done
[0.659s] -- Detecting CXX compile features
[0.983s] -- Detecting CXX compile features - done
[0.987s] -- Found ament_cmake: 0.8.3 (/opt/ros/eloquent/share/ament_cmake/cmake)
[1.018s] -- Found PythonInterp: /usr/bin/python3 (found suitable version "3.6.9", minimum required is "3") 
[1.019s] -- Using PYTHON_EXECUTABLE: /usr/bin/python3
[1.204s] -- Found rclcpp: 0.8.5 (/opt/ros/eloquent/share/rclcpp/cmake)
[1.224s] -- Found rosidl_adapter: 0.8.3 (/opt/ros/eloquent/share/rosidl_adapter/cmake)
[1.264s] -- Found rmw_implementation_cmake: 0.8.1 (/opt/ros/eloquent/share/rmw_implementation_cmake/cmake)
[1.266s] -- Using RMW implementation 'rmw_cyclonedds_cpp' as default
[1.267s] -- Looking for pthread.h
[1.358s] -- Looking for pthread.h - found
[1.360s] -- Looking for pthread_create
[1.468s] -- Looking for pthread_create - not found
[1.468s] -- Looking for pthread_create in pthreads
[1.542s] -- Looking for pthread_create in pthreads - not found
[1.543s] -- Looking for pthread_create in pthread
[1.637s] -- Looking for pthread_create in pthread - found
[1.638s] -- Found Threads: TRUE  
[1.676s] -- Found std_msgs: 0.8.1 (/opt/ros/eloquent/share/std_msgs/cmake)
[1.688s] -- Found OpenCV: /usr (found version "3.2.0") 
[1.751s] Error parsing '/home/neubility/path_planning_ws/path_planning/src/hybrid_a_star_algorithm_pkg/package.xml':
[1.794s] Traceback (most recent call last):
[1.794s]   File "/opt/ros/eloquent/share/ament_cmake_core/cmake/core/package_xml_2_cmake.py", line 143, in <module>
[1.794s]     main()
[1.795s]   File "/opt/ros/eloquent/share/ament_cmake_core/cmake/core/package_xml_2_cmake.py", line 52, in main
[1.795s]     raise e
[1.795s]   File "/opt/ros/eloquent/share/ament_cmake_core/cmake/core/package_xml_2_cmake.py", line 49, in main
[1.795s]     args.package_xml.read(), filename=args.package_xml.name)
[1.795s]   File "/usr/lib/python3/dist-packages/catkin_pkg/package.py", line 772, in parse_package_string
[1.795s]     raise InvalidPackage('Error(s):%s' % (''.join(['\n- %s' % e for e in errors])), filename)
[1.795s] catkin_pkg.package.InvalidPackage: Error(s) in package '/home/neubility/path_planning_ws/path_planning/src/hybrid_a_star_algorithm_pkg/package.xml':
[1.795s] Error(s):
[1.795s] - The manifest of package "hybrid_a_star_algorithm_pkg" (with format version 1) must not contain the following tags: exec_depend
[1.795s] - Either update to a newer format or replace <exec_depend> tags with <run_depend> tags.
[1.807s] CMake Error at /opt/ros/eloquent/share/ament_cmake_core/cmake/core/ament_package_xml.cmake:94 (message):
[1.808s]   execute_process(/usr/bin/python3
[1.808s]   /opt/ros/eloquent/share/ament_cmake_core/cmake/core/package_xml_2_cmake.py
[1.808s]   /home/neubility/path_planning_ws/path_planning/src/hybrid_a_star_algorithm_pkg/package.xml
[1.808s]   /home/neubility/path_planning_ws/path_planning/src/build/hybrid_a_star_algorithm_pkg/ament_cmake_core/package.cmake)
[1.808s]   returned error code 1
[1.808s] Call Stack (most recent call first):
[1.808s]   /opt/ros/eloquent/share/ament_cmake_core/cmake/core/ament_package_xml.cmake:49 (_ament_package_xml)
[1.808s]   /opt/ros/eloquent/share/ament_cmake_core/cmake/core/ament_package.cmake:63 (ament_package_xml)
[1.808s]   CMakeLists.txt:37 (ament_package)
[1.808s] 
[1.808s] 
[1.809s] -- Configuring incomplete, errors occurred!
[1.809s] See also "/home/neubility/path_planning_ws/path_planning/src/build/hybrid_a_star_algorithm_pkg/CMakeFiles/CMakeOutput.log".
[1.809s] See also "/home/neubility/path_planning_ws/path_planning/src/build/hybrid_a_star_algorithm_pkg/CMakeFiles/CMakeError.log".
