[0.032s] Invoking command in '/home/neubility/path_planning_ws/path_planning/build/a_star_algorithm_pkg': /usr/bin/cmake /home/neubility/path_planning_ws/path_planning/src/a_star_algorithm_pkg -DCATKIN_INSTALL_INTO_PREFIX_ROOT=0 -DCMAKE_INSTALL_PREFIX=/home/neubility/path_planning_ws/path_planning/install/a_star_algorithm_pkg
[0.092s] -- The C compiler identification is GNU 7.5.0
[0.147s] -- The CXX compiler identification is GNU 7.5.0
[0.152s] -- Check for working C compiler: /usr/bin/cc
[0.219s] -- Check for working C compiler: /usr/bin/cc -- works
[0.219s] -- Detecting C compiler ABI info
[0.284s] -- Detecting C compiler ABI info - done
[0.290s] -- Detecting C compile features
[0.475s] -- Detecting C compile features - done
[0.479s] -- Check for working CXX compiler: /usr/bin/c++
[0.549s] -- Check for working CXX compiler: /usr/bin/c++ -- works
[0.550s] -- Detecting CXX compiler ABI info
[0.624s] -- Detecting CXX compiler ABI info - done
[0.631s] -- Detecting CXX compile features
[0.970s] -- Detecting CXX compile features - done
[0.984s] -- Found OpenCV: /usr (found version "3.2.0") 
[0.988s] CMake Error at CMakeLists.txt:8 (find_package):
[0.988s]   By not providing "Findcatkin.cmake" in CMAKE_MODULE_PATH this project has
[0.988s]   asked CMake to find a package configuration file provided by "catkin", but
[0.988s]   CMake did not find one.
[0.988s] 
[0.988s]   Could not find a package configuration file provided by "catkin" with any
[0.988s]   of the following names:
[0.989s] 
[0.989s]     catkinConfig.cmake
[0.989s]     catkin-config.cmake
[0.989s] 
[0.989s]   Add the installation prefix of "catkin" to CMAKE_PREFIX_PATH or set
[0.989s]   "catkin_DIR" to a directory containing one of the above files.  If "catkin"
[0.989s]   provides a separate development package or SDK, be sure it has been
[0.989s]   installed.
[0.989s] 
[0.989s] 
[0.989s] -- Configuring incomplete, errors occurred!
[0.990s] See also "/home/neubility/path_planning_ws/path_planning/build/a_star_algorithm_pkg/CMakeFiles/CMakeOutput.log".
[0.990s] Invoked command in '/home/neubility/path_planning_ws/path_planning/build/a_star_algorithm_pkg' returned '1': /usr/bin/cmake /home/neubility/path_planning_ws/path_planning/src/a_star_algorithm_pkg -DCATKIN_INSTALL_INTO_PREFIX_ROOT=0 -DCMAKE_INSTALL_PREFIX=/home/neubility/path_planning_ws/path_planning/install/a_star_algorithm_pkg
