[0.047s] Invoking command in '/home/neubility/path_planning_ws/path_planning/build/genetic_algorithm_pkg': /usr/bin/cmake /home/neubility/path_planning_ws/path_planning/src/genetic_algorithm_pkg -DCATKIN_INSTALL_INTO_PREFIX_ROOT=0 -DCMAKE_INSTALL_PREFIX=/home/neubility/path_planning_ws/path_planning/install/genetic_algorithm_pkg
[0.087s] CMake Error at CMakeLists.txt:8 (find_package):
[0.087s]   By not providing "Findcatkin.cmake" in CMAKE_MODULE_PATH this project has
[0.088s]   asked CMake to find a package configuration file provided by "catkin", but
[0.088s]   CMake did not find one.
[0.088s] 
[0.089s]   Could not find a package configuration file provided by "catkin" with any
[0.090s]   of the following names:
[0.090s] 
[0.090s]     catkinConfig.cmake
[0.090s]     catkin-config.cmake
[0.090s] 
[0.090s]   Add the installation prefix of "catkin" to CMAKE_PREFIX_PATH or set
[0.091s]   "catkin_DIR" to a directory containing one of the above files.  If "catkin"
[0.091s]   provides a separate development package or SDK, be sure it has been
[0.091s]   installed.
[0.091s] 
[0.092s] 
[0.096s] -- Configuring incomplete, errors occurred!
[0.096s] See also "/home/neubility/path_planning_ws/path_planning/build/genetic_algorithm_pkg/CMakeFiles/CMakeOutput.log".
[0.098s] Invoked command in '/home/neubility/path_planning_ws/path_planning/build/genetic_algorithm_pkg' returned '1': /usr/bin/cmake /home/neubility/path_planning_ws/path_planning/src/genetic_algorithm_pkg -DCATKIN_INSTALL_INTO_PREFIX_ROOT=0 -DCMAKE_INSTALL_PREFIX=/home/neubility/path_planning_ws/path_planning/install/genetic_algorithm_pkg
