[0.025s] Invoking command in '/home/neubility/path_planning_ws/path_planning/build/pso_planner_pkg': CMAKE_PREFIX_PATH=/opt/ros/eloquent /usr/bin/cmake /home/neubility/path_planning_ws/path_planning/src/pso_planner_pkg -DCMAKE_INSTALL_PREFIX=/home/neubility/path_planning_ws/path_planning/install/pso_planner_pkg
[0.079s] -- The C compiler identification is GNU 7.5.0
[0.128s] -- The CXX compiler identification is GNU 7.5.0
[0.132s] -- Check for working C compiler: /usr/bin/cc
[0.195s] -- Check for working C compiler: /usr/bin/cc -- works
[0.195s] -- Detecting C compiler ABI info
[0.256s] -- Detecting C compiler ABI info - done
[0.260s] -- Detecting C compile features
[0.451s] -- Detecting C compile features - done
[0.453s] -- Check for working CXX compiler: /usr/bin/c++
[0.521s] -- Check for working CXX compiler: /usr/bin/c++ -- works
[0.522s] -- Detecting CXX compiler ABI info
[0.593s] -- Detecting CXX compiler ABI info - done
[0.597s] -- Detecting CXX compile features
[0.911s] -- Detecting CXX compile features - done
[0.914s] -- Found ament_cmake: 0.8.3 (/opt/ros/eloquent/share/ament_cmake/cmake)
[0.945s] -- Found PythonInterp: /usr/bin/python3 (found suitable version "3.6.9", minimum required is "3") 
[0.945s] -- Using PYTHON_EXECUTABLE: /usr/bin/python3
[1.106s] -- Found rclcpp: 0.8.5 (/opt/ros/eloquent/share/rclcpp/cmake)
[1.125s] -- Found rosidl_adapter: 0.8.3 (/opt/ros/eloquent/share/rosidl_adapter/cmake)
[1.167s] -- Found rmw_implementation_cmake: 0.8.1 (/opt/ros/eloquent/share/rmw_implementation_cmake/cmake)
[1.168s] -- Using RMW implementation 'rmw_cyclonedds_cpp' as default
[1.169s] -- Looking for pthread.h
[1.239s] -- Looking for pthread.h - found
[1.239s] -- Looking for pthread_create
[1.312s] -- Looking for pthread_create - not found
[1.313s] -- Looking for pthread_create in pthreads
[1.367s] -- Looking for pthread_create in pthreads - not found
[1.367s] -- Looking for pthread_create in pthread
[1.429s] -- Looking for pthread_create in pthread - found
[1.430s] -- Found Threads: TRUE  
[1.468s] -- Found std_msgs: 0.8.1 (/opt/ros/eloquent/share/std_msgs/cmake)
[1.472s] -- Found eigen3_cmake_module: 0.1.1 (/opt/ros/eloquent/share/eigen3_cmake_module/cmake)
[1.474s] -- Found Eigen3: TRUE (found version "3.3.4") 
[1.483s] -- Found OpenCV: /usr (found version "3.2.0") 
[1.554s] -- Configuring done
[1.566s] -- Generating done
[1.567s] -- Build files have been written to: /home/neubility/path_planning_ws/path_planning/build/pso_planner_pkg
