[0.010s] Invoking command in '/home/neubility/path_planning_ws/path_planning/build/pso_planner_pkg': CMAKE_PREFIX_PATH=${CMAKE_PREFIX_PATH}:/opt/ros/eloquent /usr/bin/cmake /home/neubility/path_planning_ws/path_planning/src/pso_planner_pkg -DCMAKE_INSTALL_PREFIX=/home/neubility/path_planning_ws/path_planning/install/pso_planner_pkg
[0.068s] -- The C compiler identification is GNU 7.5.0
[0.134s] -- The CXX compiler identification is GNU 7.5.0
[0.141s] -- Check for working C compiler: /usr/bin/cc
[0.215s] -- Check for working C compiler: /usr/bin/cc -- works
[0.216s] -- Detecting C compiler ABI info
[0.299s] -- Detecting C compiler ABI info - done
[0.302s] -- Detecting C compile features
[0.597s] -- Detecting C compile features - done
[0.603s] -- Check for working CXX compiler: /usr/bin/c++
[0.691s] -- Check for working CXX compiler: /usr/bin/c++ -- works
[0.691s] -- Detecting CXX compiler ABI info
[0.808s] -- Detecting CXX compiler ABI info - done
[0.811s] -- Detecting CXX compile features
[1.257s] -- Detecting CXX compile features - done
[1.262s] -- Found ament_cmake: 0.8.3 (/opt/ros/eloquent/share/ament_cmake/cmake)
[1.292s] -- Found PythonInterp: /usr/bin/python3 (found suitable version "3.6.9", minimum required is "3") 
[1.292s] -- Using PYTHON_EXECUTABLE: /usr/bin/python3
[1.442s] -- Found rclcpp: 0.8.5 (/opt/ros/eloquent/share/rclcpp/cmake)
[1.455s] -- Found rosidl_adapter: 0.8.3 (/opt/ros/eloquent/share/rosidl_adapter/cmake)
[1.484s] -- Found rmw_implementation_cmake: 0.8.1 (/opt/ros/eloquent/share/rmw_implementation_cmake/cmake)
[1.485s] -- Using RMW implementation 'rmw_cyclonedds_cpp' as default
[1.486s] -- Looking for pthread.h
[1.579s] -- Looking for pthread.h - found
[1.580s] -- Looking for pthread_create
[1.662s] -- Looking for pthread_create - not found
[1.663s] -- Looking for pthread_create in pthreads
[1.747s] -- Looking for pthread_create in pthreads - not found
[1.747s] -- Looking for pthread_create in pthread
[1.850s] -- Looking for pthread_create in pthread - found
[1.851s] -- Found Threads: TRUE  
[1.876s] -- Found std_msgs: 0.8.1 (/opt/ros/eloquent/share/std_msgs/cmake)
[1.881s] -- Found eigen3_cmake_module: 0.1.1 (/opt/ros/eloquent/share/eigen3_cmake_module/cmake)
[1.883s] -- Found Eigen3: TRUE (found version "3.3.4") 
[1.892s] -- Found OpenCV: /usr (found version "3.2.0") 
[1.970s] -- Configuring done
[1.984s] -- Generating done
[1.985s] -- Build files have been written to: /home/neubility/path_planning_ws/path_planning/build/pso_planner_pkg
[1.989s] Invoked command in '/home/neubility/path_planning_ws/path_planning/build/pso_planner_pkg' returned '0': CMAKE_PREFIX_PATH=${CMAKE_PREFIX_PATH}:/opt/ros/eloquent /usr/bin/cmake /home/neubility/path_planning_ws/path_planning/src/pso_planner_pkg -DCMAKE_INSTALL_PREFIX=/home/neubility/path_planning_ws/path_planning/install/pso_planner_pkg
[1.996s] Invoking command in '/home/neubility/path_planning_ws/path_planning/build/pso_planner_pkg': CMAKE_PREFIX_PATH=${CMAKE_PREFIX_PATH}:/opt/ros/eloquent /usr/bin/cmake --build /home/neubility/path_planning_ws/path_planning/build/pso_planner_pkg -- -j16 -l16
[2.058s] [35m[1mScanning dependencies of target pso_planner_pkg[0m
[2.073s] [ 66%] [32mBuilding CXX object CMakeFiles/pso_planner_pkg.dir/src/monitor.cpp.o[0m
[2.073s] [ 66%] [32mBuilding CXX object CMakeFiles/pso_planner_pkg.dir/src/main.cpp.o[0m
[2.153s] [01m[K/home/neubility/path_planning_ws/path_planning/src/pso_planner_pkg/src/main.cpp:16:10:[m[K [01;31m[Kfatal error: [m[KEigen-3.3/Eigen/Core: No such file or directory
[2.153s]  #include [01;31m[K<Eigen-3.3/Eigen/Core>[m[K
[2.153s]           [01;31m[K^~~~~~~~~~~~~~~~~~~~~~[m[K
[2.153s] compilation terminated.
[2.157s] make[2]: *** [CMakeFiles/pso_planner_pkg.dir/src/main.cpp.o] Error 1
[2.157s] make[2]: *** Waiting for unfinished jobs....
[2.157s] CMakeFiles/pso_planner_pkg.dir/build.make:62: recipe for target 'CMakeFiles/pso_planner_pkg.dir/src/main.cpp.o' failed
[2.219s] CMakeFiles/Makefile2:131: recipe for target 'CMakeFiles/pso_planner_pkg.dir/all' failed
[2.219s] Makefile:140: recipe for target 'all' failed
[2.219s] make[1]: *** [CMakeFiles/pso_planner_pkg.dir/all] Error 2
[2.220s] make: *** [all] Error 2
[2.222s] Invoked command in '/home/neubility/path_planning_ws/path_planning/build/pso_planner_pkg' returned '2': CMAKE_PREFIX_PATH=${CMAKE_PREFIX_PATH}:/opt/ros/eloquent /usr/bin/cmake --build /home/neubility/path_planning_ws/path_planning/build/pso_planner_pkg -- -j16 -l16
