[0.031s] Invoking command in '/home/neubility/path_planning_ws/path_planning/build/genetic_algorithm_pkg': /usr/bin/cmake /home/neubility/path_planning_ws/path_planning/src/genetic_algorithm_pkg -DCATKIN_INSTALL_INTO_PREFIX_ROOT=0 -DCMAKE_INSTALL_PREFIX=/home/neubility/path_planning_ws/path_planning/install/genetic_algorithm_pkg
[0.087s] -- The C compiler identification is GNU 7.5.0
[0.139s] -- The CXX compiler identification is GNU 7.5.0
[0.144s] -- Check for working C compiler: /usr/bin/cc
[0.215s] -- Check for working C compiler: /usr/bin/cc -- works
[0.215s] -- Detecting C compiler ABI info
[0.281s] -- Detecting C compiler ABI info - done
[0.287s] -- Detecting C compile features
[0.497s] -- Detecting C compile features - done
[0.500s] -- Check for working CXX compiler: /usr/bin/c++
[0.572s] -- Check for working CXX compiler: /usr/bin/c++ -- works
[0.573s] -- Detecting CXX compiler ABI info
[0.648s] -- Detecting CXX compiler ABI info - done
[0.654s] -- Detecting CXX compile features
[0.973s] -- Detecting CXX compile features - done
[0.988s] -- Found OpenCV: /usr (found version "3.2.0") 
[0.993s] CMake Error at CMakeLists.txt:8 (find_package):
[0.993s]   By not providing "Findcatkin.cmake" in CMAKE_MODULE_PATH this project has
[0.993s]   asked CMake to find a package configuration file provided by "catkin", but
[0.994s]   CMake did not find one.
[0.995s] 
[0.995s]   Could not find a package configuration file provided by "catkin" with any
[0.995s]   of the following names:
[0.996s] 
[0.997s]     catkinConfig.cmake
[0.998s]     catkin-config.cmake
[0.998s] 
[0.998s]   Add the installation prefix of "catkin" to CMAKE_PREFIX_PATH or set
[0.998s]   "catkin_DIR" to a directory containing one of the above files.  If "catkin"
[0.999s]   provides a separate development package or SDK, be sure it has been
[0.999s]   installed.
[0.999s] 
[0.999s] 
[1.000s] -- Configuring incomplete, errors occurred!
[1.000s] See also "/home/neubility/path_planning_ws/path_planning/build/genetic_algorithm_pkg/CMakeFiles/CMakeOutput.log".
