Determining if the pthread_create exist failed with the following output:
Change Dir: /home/a/path_planning_ws/build-src-ROS-Debug/CMakeFiles/CMakeTmp

Run Build Command:"/usr/bin/make" "cmTC_3f3ac/fast"
/usr/bin/make -f CMakeFiles/cmTC_3f3ac.dir/build.make CMakeFiles/cmTC_3f3ac.dir/build
make[1]: Entering directory '/home/a/path_planning_ws/build-src-ROS-Debug/CMakeFiles/CMakeTmp'
Building C object CMakeFiles/cmTC_3f3ac.dir/CheckSymbolExists.c.o
/usr/bin/cc    -o CMakeFiles/cmTC_3f3ac.dir/CheckSymbolExists.c.o   -c /home/a/path_planning_ws/build-src-ROS-Debug/CMakeFiles/CMakeTmp/CheckSymbolExists.c
Linking C executable cmTC_3f3ac
/usr/bin/cmake -E cmake_link_script CMakeFiles/cmTC_3f3ac.dir/link.txt --verbose=1
/usr/bin/cc      -rdynamic CMakeFiles/cmTC_3f3ac.dir/CheckSymbolExists.c.o  -o cmTC_3f3ac 
CMakeFiles/cmTC_3f3ac.dir/CheckSymbolExists.c.o: In function `main':
CheckSymbolExists.c:(.text+0x1b): undefined reference to `pthread_create'
collect2: error: ld returned 1 exit status
CMakeFiles/cmTC_3f3ac.dir/build.make:97: recipe for target 'cmTC_3f3ac' failed
make[1]: *** [cmTC_3f3ac] Error 1
make[1]: Leaving directory '/home/a/path_planning_ws/build-src-ROS-Debug/CMakeFiles/CMakeTmp'
Makefile:126: recipe for target 'cmTC_3f3ac/fast' failed
make: *** [cmTC_3f3ac/fast] Error 2

File /home/a/path_planning_ws/build-src-ROS-Debug/CMakeFiles/CMakeTmp/CheckSymbolExists.c:
/* */
#include <pthread.h>

int main(int argc, char** argv)
{
  (void)argv;
#ifndef pthread_create
  return ((int*)(&pthread_create))[argc];
#else
  (void)argc;
  return 0;
#endif
}

Determining if the function pthread_create exists in the pthreads failed with the following output:
Change Dir: /home/a/path_planning_ws/build-src-ROS-Debug/CMakeFiles/CMakeTmp

Run Build Command:"/usr/bin/make" "cmTC_ab84a/fast"
/usr/bin/make -f CMakeFiles/cmTC_ab84a.dir/build.make CMakeFiles/cmTC_ab84a.dir/build
make[1]: Entering directory '/home/a/path_planning_ws/build-src-ROS-Debug/CMakeFiles/CMakeTmp'
Building C object CMakeFiles/cmTC_ab84a.dir/CheckFunctionExists.c.o
/usr/bin/cc   -DCHECK_FUNCTION_EXISTS=pthread_create   -o CMakeFiles/cmTC_ab84a.dir/CheckFunctionExists.c.o   -c /usr/share/cmake-3.10/Modules/CheckFunctionExists.c
Linking C executable cmTC_ab84a
/usr/bin/cmake -E cmake_link_script CMakeFiles/cmTC_ab84a.dir/link.txt --verbose=1
/usr/bin/cc  -DCHECK_FUNCTION_EXISTS=pthread_create    -rdynamic CMakeFiles/cmTC_ab84a.dir/CheckFunctionExists.c.o  -o cmTC_ab84a -lpthreads 
/usr/bin/ld: cannot find -lpthreads
collect2: error: ld returned 1 exit status
CMakeFiles/cmTC_ab84a.dir/build.make:97: recipe for target 'cmTC_ab84a' failed
make[1]: *** [cmTC_ab84a] Error 1
make[1]: Leaving directory '/home/a/path_planning_ws/build-src-ROS-Debug/CMakeFiles/CMakeTmp'
Makefile:126: recipe for target 'cmTC_ab84a/fast' failed
make: *** [cmTC_ab84a/fast] Error 2


