[0.026s] Invoking command in '/home/neubility/path_planning_ws/path_planning/src/build/grid_algorithm_pkg': /usr/bin/cmake /home/neubility/path_planning_ws/path_planning/src/grid_algorithm_pkg -DCATKIN_INSTALL_INTO_PREFIX_ROOT=0 -DCMAKE_INSTALL_PREFIX=/home/neubility/path_planning_ws/path_planning/src/install/grid_algorithm_pkg
[0.112s] -- The C compiler identification is GNU 7.5.0
[0.173s] -- The CXX compiler identification is GNU 7.5.0
[0.177s] -- Check for working C compiler: /usr/bin/cc
[0.242s] -- Check for working C compiler: /usr/bin/cc -- works
[0.243s] -- Detecting C compiler ABI info
[0.313s] -- Detecting C compiler ABI info - done
[0.321s] -- Detecting C compile features
[0.525s] -- Detecting C compile features - done
[0.528s] -- Check for working CXX compiler: /usr/bin/c++
[0.604s] -- Check for working CXX compiler: /usr/bin/c++ -- works
[0.604s] -- Detecting CXX compiler ABI info
[0.677s] -- Detecting CXX compiler ABI info - done
[0.684s] -- Detecting CXX compile features
[1.045s] -- Detecting CXX compile features - done
[1.060s] -- Found OpenCV: /usr (found version "3.2.0") 
[1.065s] CMake Error at CMakeLists.txt:8 (find_package):
[1.066s]   By not providing "Findcatkin.cmake" in CMAKE_MODULE_PATH this project has
[1.066s]   asked CMake to find a package configuration file provided by "catkin", but
[1.066s]   CMake did not find one.
[1.066s] 
[1.066s]   Could not find a package configuration file provided by "catkin" with any
[1.067s]   of the following names:
[1.067s] 
[1.067s]     catkinConfig.cmake
[1.067s]     catkin-config.cmake
[1.067s] 
[1.068s]   Add the installation prefix of "catkin" to CMAKE_PREFIX_PATH or set
[1.068s]   "catkin_DIR" to a directory containing one of the above files.  If "catkin"
[1.068s]   provides a separate development package or SDK, be sure it has been
[1.068s]   installed.
[1.068s] 
[1.068s] 
[1.068s] -- Configuring incomplete, errors occurred!
[1.068s] See also "/home/neubility/path_planning_ws/path_planning/src/build/grid_algorithm_pkg/CMakeFiles/CMakeOutput.log".
