[0.036s] Invoking command in '/home/neubility/path_planning_ws/path_planning/src/build/a_star_algorithm_pkg': /usr/bin/cmake /home/neubility/path_planning_ws/path_planning/src/a_star_algorithm_pkg -DCATKIN_INSTALL_INTO_PREFIX_ROOT=0 -DCMAKE_INSTALL_PREFIX=/home/neubility/path_planning_ws/path_planning/src/install/a_star_algorithm_pkg
[0.127s] -- The C compiler identification is GNU 7.5.0
[0.188s] -- The CXX compiler identification is GNU 7.5.0
[0.193s] -- Check for working C compiler: /usr/bin/cc
[0.250s] -- Check for working C compiler: /usr/bin/cc -- works
[0.251s] -- Detecting C compiler ABI info
[0.313s] -- Detecting C compiler ABI info - done
[0.322s] -- Detecting C compile features
[0.531s] -- Detecting C compile features - done
[0.535s] -- Check for working CXX compiler: /usr/bin/c++
[0.612s] -- Check for working CXX compiler: /usr/bin/c++ -- works
[0.613s] -- Detecting CXX compiler ABI info
[0.687s] -- Detecting CXX compiler ABI info - done
[0.695s] -- Detecting CXX compile features
[1.045s] -- Detecting CXX compile features - done
[1.065s] -- Found OpenCV: /usr (found version "3.2.0") 
[1.072s] CMake Error at CMakeLists.txt:8 (find_package):
[1.072s]   By not providing "Findcatkin.cmake" in CMAKE_MODULE_PATH this project has
[1.073s]   asked CMake to find a package configuration file provided by "catkin", but
[1.073s]   CMake did not find one.
[1.074s] 
[1.074s]   Could not find a package configuration file provided by "catkin" with any
[1.074s]   of the following names:
[1.074s] 
[1.074s]     catkinConfig.cmake
[1.074s]     catkin-config.cmake
[1.075s] 
[1.075s]   Add the installation prefix of "catkin" to CMAKE_PREFIX_PATH or set
[1.075s]   "catkin_DIR" to a directory containing one of the above files.  If "catkin"
[1.075s]   provides a separate development package or SDK, be sure it has been
[1.075s]   installed.
[1.075s] 
[1.075s] 
[1.076s] -- Configuring incomplete, errors occurred!
[1.076s] See also "/home/neubility/path_planning_ws/path_planning/src/build/a_star_algorithm_pkg/CMakeFiles/CMakeOutput.log".
