Determining if the pthread_create exist failed with the following output:
Change Dir: /home/neubility/path_planning_ws/path_planning/src/hybrid_a_star_algorithm_pkg/build/CMakeFiles/CMakeTmp

Run Build Command:"/usr/bin/make" "cmTC_63ae0/fast"
/usr/bin/make -f CMakeFiles/cmTC_63ae0.dir/build.make CMakeFiles/cmTC_63ae0.dir/build
make[1]: Entering directory '/home/neubility/path_planning_ws/path_planning/src/hybrid_a_star_algorithm_pkg/build/CMakeFiles/CMakeTmp'
Building C object CMakeFiles/cmTC_63ae0.dir/CheckSymbolExists.c.o
/usr/bin/x86_64-linux-gnu-gcc-7    -o CMakeFiles/cmTC_63ae0.dir/CheckSymbolExists.c.o   -c /home/neubility/path_planning_ws/path_planning/src/hybrid_a_star_algorithm_pkg/build/CMakeFiles/CMakeTmp/CheckSymbolExists.c
Linking C executable cmTC_63ae0
/usr/bin/cmake -E cmake_link_script CMakeFiles/cmTC_63ae0.dir/link.txt --verbose=1
/usr/bin/x86_64-linux-gnu-gcc-7      CMakeFiles/cmTC_63ae0.dir/CheckSymbolExists.c.o  -o cmTC_63ae0 
CMakeFiles/cmTC_63ae0.dir/CheckSymbolExists.c.o: In function `main':
CheckSymbolExists.c:(.text+0x1b): undefined reference to `pthread_create'
collect2: error: ld returned 1 exit status
CMakeFiles/cmTC_63ae0.dir/build.make:97: recipe for target 'cmTC_63ae0' failed
make[1]: *** [cmTC_63ae0] Error 1
make[1]: Leaving directory '/home/neubility/path_planning_ws/path_planning/src/hybrid_a_star_algorithm_pkg/build/CMakeFiles/CMakeTmp'
Makefile:126: recipe for target 'cmTC_63ae0/fast' failed
make: *** [cmTC_63ae0/fast] Error 2

File /home/neubility/path_planning_ws/path_planning/src/hybrid_a_star_algorithm_pkg/build/CMakeFiles/CMakeTmp/CheckSymbolExists.c:
/* */
#include <pthread.h>

int main(int argc, char** argv)
{
  (void)argv;
#ifndef pthread_create
  return ((int*)(&pthread_create))[argc];
#else
  (void)argc;
  return 0;
#endif
}

Determining if the function pthread_create exists in the pthreads failed with the following output:
Change Dir: /home/neubility/path_planning_ws/path_planning/src/hybrid_a_star_algorithm_pkg/build/CMakeFiles/CMakeTmp

Run Build Command:"/usr/bin/make" "cmTC_1dff6/fast"
/usr/bin/make -f CMakeFiles/cmTC_1dff6.dir/build.make CMakeFiles/cmTC_1dff6.dir/build
make[1]: Entering directory '/home/neubility/path_planning_ws/path_planning/src/hybrid_a_star_algorithm_pkg/build/CMakeFiles/CMakeTmp'
Building C object CMakeFiles/cmTC_1dff6.dir/CheckFunctionExists.c.o
/usr/bin/x86_64-linux-gnu-gcc-7   -DCHECK_FUNCTION_EXISTS=pthread_create   -o CMakeFiles/cmTC_1dff6.dir/CheckFunctionExists.c.o   -c /usr/share/cmake-3.10/Modules/CheckFunctionExists.c
Linking C executable cmTC_1dff6
/usr/bin/cmake -E cmake_link_script CMakeFiles/cmTC_1dff6.dir/link.txt --verbose=1
/usr/bin/x86_64-linux-gnu-gcc-7  -DCHECK_FUNCTION_EXISTS=pthread_create    CMakeFiles/cmTC_1dff6.dir/CheckFunctionExists.c.o  -o cmTC_1dff6 -lpthreads 
/usr/bin/ld: cannot find -lpthreads
collect2: error: ld returned 1 exit status
CMakeFiles/cmTC_1dff6.dir/build.make:97: recipe for target 'cmTC_1dff6' failed
make[1]: *** [cmTC_1dff6] Error 1
make[1]: Leaving directory '/home/neubility/path_planning_ws/path_planning/src/hybrid_a_star_algorithm_pkg/build/CMakeFiles/CMakeTmp'
Makefile:126: recipe for target 'cmTC_1dff6/fast' failed
make: *** [cmTC_1dff6/fast] Error 2


