[0.014s] Invoking command in '/home/neubility/path_planning_ws/path_planning/build/pso_planner_pkg': CMAKE_PREFIX_PATH=${CMAKE_PREFIX_PATH}:/opt/ros/eloquent /usr/bin/cmake --build /home/neubility/path_planning_ws/path_planning/build/pso_planner_pkg
[0.071s] [35m[1mScanning dependencies of target pso_planner_pkg[0m
[0.085s] [ 33%] [32mBuilding CXX object CMakeFiles/pso_planner_pkg.dir/src/main.cpp.o[0m
[0.391s] In file included from [01m[K/home/neubility/path_planning_ws/path_planning/src/pso_planner_pkg/src/main.cpp:8:0[m[K:
[0.391s] [01m[K/home/neubility/path_planning_ws/path_planning/src/pso_planner_pkg/include/pso_planner.hpp:[m[K In constructor ‘[01m[KPSOPlanner::PSOPlanner(const std::pair<double, double>&, const std::pair<double, double>&, const std::pair<double, double>&)[m[K’:
[0.392s] [01m[K/home/neubility/path_planning_ws/path_planning/src/pso_planner_pkg/include/pso_planner.hpp:120:15:[m[K [01;35m[Kwarning: [m[Kstatement has no effect [[01;35m[K-Wunused-value[m[K]
[0.392s]          [01;35m[Kthis->m_personal_best_array_index[m[K;
[0.392s]          [01;35m[K~~~~~~^~~~~~~~~~~~~~~~~~~~~~~~~~~[m[K
[0.392s] [01m[K/home/neubility/path_planning_ws/path_planning/src/pso_planner_pkg/include/pso_planner.hpp:121:15:[m[K [01;35m[Kwarning: [m[Kstatement has no effect [[01;35m[K-Wunused-value[m[K]
[0.392s]          [01;35m[Kthis->m_global_best_array_index[m[K;
[0.392s]          [01;35m[K~~~~~~^~~~~~~~~~~~~~~~~~~~~~~~~[m[K
[0.392s] [01m[K/home/neubility/path_planning_ws/path_planning/src/pso_planner_pkg/include/pso_planner.hpp:122:15:[m[K [01;35m[Kwarning: [m[Kstatement has no effect [[01;35m[K-Wunused-value[m[K]
[0.392s]          [01;35m[Kthis->m_swarm[m[K;
[0.392s]          [01;35m[K~~~~~~^~~~~~~[m[K
[0.392s] [01m[K/home/neubility/path_planning_ws/path_planning/src/pso_planner_pkg/include/pso_planner.hpp:[m[K In member function ‘[01m[Kvoid PSOPlanner::run()[m[K’:
[0.392s] [01m[K/home/neubility/path_planning_ws/path_planning/src/pso_planner_pkg/include/pso_planner.hpp:195:27:[m[K [01;35m[Kwarning: [m[Kcomparison between signed and unsigned integer expressions [[01;35m[K-Wsign-compare[m[K]
[0.392s]          for (int i = 0; [01;35m[Ki < this->m_swarm.size()[m[K; i++)
[0.392s]                          [01;35m[K~~^~~~~~~~~~~~~~~~~~~~~~[m[K
[0.393s] [01m[K/home/neubility/path_planning_ws/path_planning/src/pso_planner_pkg/include/pso_planner.hpp:198:31:[m[K [01;35m[Kwarning: [m[Kcomparison between signed and unsigned integer expressions [[01;35m[K-Wsign-compare[m[K]
[0.394s]              for (int j = 0; [01;35m[Kj < this->m_swarm[i].size()[m[K; j++)
[0.394s]                              [01;35m[K~~^~~~~~~~~~~~~~~~~~~~~~~~~[m[K
[0.402s] [01m[K/home/neubility/path_planning_ws/path_planning/src/pso_planner_pkg/include/pso_planner.hpp:[m[K In member function ‘[01m[Kvoid PSOPlanner::init_first_particles()[m[K’:
[0.402s] [01m[K/home/neubility/path_planning_ws/path_planning/src/pso_planner_pkg/include/pso_planner.hpp:236:27:[m[K [01;35m[Kwarning: [m[Kcomparison between signed and unsigned integer expressions [[01;35m[K-Wsign-compare[m[K]
[0.402s]          for (int i = 0; [01;35m[Ki < this->m_swarm.size()[m[K; i++)
[0.403s]                          [01;35m[K~~^~~~~~~~~~~~~~~~~~~~~~[m[K
[0.403s] [01m[K/home/neubility/path_planning_ws/path_planning/src/pso_planner_pkg/include/pso_planner.hpp:238:31:[m[K [01;35m[Kwarning: [m[Kcomparison between signed and unsigned integer expressions [[01;35m[K-Wsign-compare[m[K]
[0.403s]              for (int j = 0; [01;35m[Kj < this->m_swarm[i].size()[m[K; j++)
[0.403s]                              [01;35m[K~~^~~~~~~~~~~~~~~~~~~~~~~~~[m[K
[0.403s] [01m[K/home/neubility/path_planning_ws/path_planning/src/pso_planner_pkg/include/pso_planner.hpp:[m[K In member function ‘[01m[Kvoid PSOPlanner::update_new_swarm_fitness_value()[m[K’:
[0.404s] [01m[K/home/neubility/path_planning_ws/path_planning/src/pso_planner_pkg/include/pso_planner.hpp:284:27:[m[K [01;35m[Kwarning: [m[Kcomparison between signed and unsigned integer expressions [[01;35m[K-Wsign-compare[m[K]
[0.404s]          for (int i = 0; [01;35m[Ki < this->m_swarm.size()[m[K; i++)
[0.404s]                          [01;35m[K~~^~~~~~~~~~~~~~~~~~~~~~[m[K
[0.404s] In file included from [01m[K/home/neubility/path_planning_ws/path_planning/src/pso_planner_pkg/src/main.cpp:8:0[m[K:
[0.404s] [01m[K/home/neubility/path_planning_ws/path_planning/src/pso_planner_pkg/include/pso_planner.hpp:[m[K In member function ‘[01m[Kvoid PSOPlanner::update_personal_best_swarm()[m[K’:
[0.404s] [01m[K/home/neubility/path_planning_ws/path_planning/src/pso_planner_pkg/include/pso_planner.hpp:351:15:[m[K [01;35m[Kwarning: [m[Kstatement has no effect [[01;35m[K-Wunused-value[m[K]
[0.404s]          [01;35m[Kthis->m_personal_best_array_index[m[K; // std::vector<int>
[0.404s]          [01;35m[K~~~~~~^~~~~~~~~~~~~~~~~~~~~~~~~~~[m[K
[0.405s] [01m[K/home/neubility/path_planning_ws/path_planning/src/pso_planner_pkg/include/pso_planner.hpp:352:27:[m[K [01;35m[Kwarning: [m[Kcomparison between signed and unsigned integer expressions [[01;35m[K-Wsign-compare[m[K]
[0.405s]          for (int k = 0; [01;35m[Kk < this->m_personal_best_array_index.size()[m[K; k++)
[0.405s]                          [01;35m[K~~^~~~~~~~~~~~~~~~~~~~~~~~~~~~~~~~~~~~~~~~~~[m[K
[0.405s] [01m[K/home/neubility/path_planning_ws/path_planning/src/pso_planner_pkg/include/pso_planner.hpp:353:31:[m[K [01;35m[Kwarning: [m[Kcomparison between signed and unsigned integer expressions [[01;35m[K-Wsign-compare[m[K]
[0.405s]              for (int i = 0; [01;35m[Ki < this->m_swarm.size()[m[K; i++)
[0.405s]                              [01;35m[K~~^~~~~~~~~~~~~~~~~~~~~~[m[K
[0.405s] [01m[K/home/neubility/path_planning_ws/path_planning/src/pso_planner_pkg/include/pso_planner.hpp:356:35:[m[K [01;35m[Kwarning: [m[Kcomparison between signed and unsigned integer expressions [[01;35m[K-Wsign-compare[m[K]
[0.405s]                  for (int j = 0; [01;35m[Kj < this->m_swarm[i].size()[m[K; j++)
[0.405s]                                  [01;35m[K~~^~~~~~~~~~~~~~~~~~~~~~~~~[m[K
[0.405s] [01m[K/home/neubility/path_planning_ws/path_planning/src/pso_planner_pkg/include/pso_planner.hpp:[m[K In member function ‘[01m[Kvoid PSOPlanner::update_global_best_swarm()[m[K’:
[0.405s] [01m[K/home/neubility/path_planning_ws/path_planning/src/pso_planner_pkg/include/pso_planner.hpp:378:27:[m[K [01;35m[Kwarning: [m[Kcomparison between signed and unsigned integer expressions [[01;35m[K-Wsign-compare[m[K]
[0.405s]          for (int k = 0; [01;35m[Kk < this->m_global_best_array_index.size()[m[K; k++)
[0.405s]                          [01;35m[K~~^~~~~~~~~~~~~~~~~~~~~~~~~~~~~~~~~~~~~~~~[m[K
[0.405s] [01m[K/home/neubility/path_planning_ws/path_planning/src/pso_planner_pkg/include/pso_planner.hpp:381:31:[m[K [01;35m[Kwarning: [m[Kcomparison between signed and unsigned integer expressions [[01;35m[K-Wsign-compare[m[K]
[0.405s]              for (int i = 0; [01;35m[Ki < this->m_swarm.size()[m[K; i++)
[0.406s]                              [01;35m[K~~^~~~~~~~~~~~~~~~~~~~~~[m[K
[0.406s] [01m[K/home/neubility/path_planning_ws/path_planning/src/pso_planner_pkg/include/pso_planner.hpp:383:35:[m[K [01;35m[Kwarning: [m[Kcomparison between signed and unsigned integer expressions [[01;35m[K-Wsign-compare[m[K]
[0.406s]                  for (int j = 0; [01;35m[Kj < this->m_swarm[i].size()[m[K; j++)
[0.406s]                                  [01;35m[K~~^~~~~~~~~~~~~~~~~~~~~~~~~[m[K
[0.409s] [01m[K/home/neubility/path_planning_ws/path_planning/src/pso_planner_pkg/include/pso_planner.hpp:[m[K In member function ‘[01m[Kvoid PSOPlanner::update_new_swarm()[m[K’:
[0.409s] [01m[K/home/neubility/path_planning_ws/path_planning/src/pso_planner_pkg/include/pso_planner.hpp:427:27:[m[K [01;35m[Kwarning: [m[Kcomparison between signed and unsigned integer expressions [[01;35m[K-Wsign-compare[m[K]
[0.409s]          for (int i = 0; [01;35m[Ki < this->m_swarm.size()[m[K; i++)
[0.409s]                          [01;35m[K~~^~~~~~~~~~~~~~~~~~~~~~[m[K
[0.410s] [01m[K/home/neubility/path_planning_ws/path_planning/src/pso_planner_pkg/include/pso_planner.hpp:436:31:[m[K [01;35m[Kwarning: [m[Kcomparison between signed and unsigned integer expressions [[01;35m[K-Wsign-compare[m[K]
[0.410s]              for (int k = 0; [01;35m[Kk < this->m_swarm[i][swarm_depth_end_index].particles.size()[m[K; k++)
[0.410s]                              [01;35m[K~~^~~~~~~~~~~~~~~~~~~~~~~~~~~~~~~~~~~~~~~~~~~~~~~~~~~~~~~~~~[m[K
[0.410s] [01m[K/home/neubility/path_planning_ws/path_planning/src/pso_planner_pkg/include/pso_planner.hpp:440:74:[m[K [01;31m[Kerror: [m[Kno match for ‘[01m[Koperator[][m[K’ (operand types are ‘[01m[K__gnu_cxx::__alloc_traits<std::allocator<std::vector<Swarm> > >::value_type {aka std::vector<Swarm>}[m[K’ and ‘[01m[K__gnu_cxx::__alloc_traits<std::allocator<std::vector<int> > >::value_type {aka std::vector<int>}[m[K’)
[0.410s]                  Particles personal_best_swarm_particle = this->m_swarm[i][01;31m[K[[m[Kthis->m_personal_best_array_index[i]].particles[k];
[0.410s]                                                                           [01;31m[K^[m[K
[0.410s] In file included from [01m[K/usr/include/c++/7/vector:64:0[m[K,
[0.410s]                  from [01m[K/home/neubility/path_planning_ws/path_planning/src/pso_planner_pkg/include/pso_planner.hpp:5[m[K,
[0.410s]                  from [01m[K/home/neubility/path_planning_ws/path_planning/src/pso_planner_pkg/src/main.cpp:8[m[K:
[0.410s] [01m[K/usr/include/c++/7/bits/stl_vector.h:795:7:[m[K [01;36m[Knote: [m[Kcandidate: std::vector<_Tp, _Alloc>::reference std::vector<_Tp, _Alloc>::operator[](std::vector<_Tp, _Alloc>::size_type) [with _Tp = Swarm; _Alloc = std::allocator<Swarm>; std::vector<_Tp, _Alloc>::reference = Swarm&; std::vector<_Tp, _Alloc>::size_type = long unsigned int]
[0.410s]        [01;36m[Koperator[m[K[](size_type __n) _GLIBCXX_NOEXCEPT
[0.410s]        [01;36m[K^~~~~~~~[m[K
[0.410s] [01m[K/usr/include/c++/7/bits/stl_vector.h:795:7:[m[K [01;36m[Knote: [m[K  no known conversion for argument 1 from ‘[01m[K__gnu_cxx::__alloc_traits<std::allocator<std::vector<int> > >::value_type {aka std::vector<int>}[m[K’ to ‘[01m[Kstd::vector<Swarm>::size_type {aka long unsigned int}[m[K’
[0.411s] [01m[K/usr/include/c++/7/bits/stl_vector.h:813:7:[m[K [01;36m[Knote: [m[Kcandidate: std::vector<_Tp, _Alloc>::const_reference std::vector<_Tp, _Alloc>::operator[](std::vector<_Tp, _Alloc>::size_type) const [with _Tp = Swarm; _Alloc = std::allocator<Swarm>; std::vector<_Tp, _Alloc>::const_reference = const Swarm&; std::vector<_Tp, _Alloc>::size_type = long unsigned int]
[0.411s]        [01;36m[Koperator[m[K[](size_type __n) const _GLIBCXX_NOEXCEPT
[0.411s]        [01;36m[K^~~~~~~~[m[K
[0.411s] [01m[K/usr/include/c++/7/bits/stl_vector.h:813:7:[m[K [01;36m[Knote: [m[K  no known conversion for argument 1 from ‘[01m[K__gnu_cxx::__alloc_traits<std::allocator<std::vector<int> > >::value_type {aka std::vector<int>}[m[K’ to ‘[01m[Kstd::vector<Swarm>::size_type {aka long unsigned int}[m[K’
[0.411s] In file included from [01m[K/home/neubility/path_planning_ws/path_planning/src/pso_planner_pkg/src/main.cpp:8:0[m[K:
[0.411s] [01m[K/home/neubility/path_planning_ws/path_planning/src/pso_planner_pkg/include/pso_planner.hpp:441:102:[m[K [01;31m[Kerror: [m[K‘[01m[Kclass std::vector<std::pair<int, int> >[m[K’ has no member named ‘[01m[Kfirst[m[K’
[0.411s]                  Particles global_best_swarm_particle = this->m_swarm[this->m_global_best_array_index.[01;31m[Kfirst[m[K][this->m_global_best_array_index.second].particles[k];
[0.411s]                                                                                                       [01;31m[K^~~~~[m[K
[0.411s] [01m[K/home/neubility/path_planning_ws/path_planning/src/pso_planner_pkg/include/pso_planner.hpp:441:141:[m[K [01;31m[Kerror: [m[K‘[01m[Kclass std::vector<std::pair<int, int> >[m[K’ has no member named ‘[01m[Ksecond[m[K’; did you mean ‘[01m[Kcend[m[K’?
[0.411s]                  Particles global_best_swarm_particle = this->m_swarm[this->m_global_best_array_index.first][this->m_global_best_array_index.[01;31m[Ksecond[m[K].particles[k];
[0.411s]                                                                                                                                              [01;31m[K^~~~~~[m[K
[0.411s]                                                                                                                                              [32m[Kcend[m[K
[0.411s] [01m[K/home/neubility/path_planning_ws/path_planning/src/pso_planner_pkg/include/pso_planner.hpp:435:20:[m[K [01;35m[Kwarning: [m[Kunused variable ‘[01m[Knorm_particle_velocity[m[K’ [[01;35m[K-Wunused-variable[m[K]
[0.411s]              double [01;35m[Knorm_particle_velocity[m[K = 0;
[0.411s]                     [01;35m[K^~~~~~~~~~~~~~~~~~~~~~[m[K
[1.151s] [01m[K/home/neubility/path_planning_ws/path_planning/src/pso_planner_pkg/src/main.cpp:[m[K In function ‘[01m[Kint main(int, char**)[m[K’:
[1.151s] [01m[K/home/neubility/path_planning_ws/path_planning/src/pso_planner_pkg/src/main.cpp:84:93:[m[K [01;31m[Kerror: [m[Kconversion from ‘[01m[Kstd::vector<std::pair<int, int> >[m[K’ to non-scalar type ‘[01m[Kstd::pair<int, int>[m[K’ requested
[1.151s]          std::pair<int, int> global_best_array_index = [01;31m[Kpso_search.get_global_best_array_index()[m[K;
[1.152s]                                                        [01;31m[K~~~~~~~~~~~~~~~~~~~~~~~~~~~~~~~~~~~~~~^~[m[K
[1.152s] [01m[K/home/neubility/path_planning_ws/path_planning/src/pso_planner_pkg/src/main.cpp:101:27:[m[K [01;35m[Kwarning: [m[Kcomparison between signed and unsigned integer expressions [[01;35m[K-Wsign-compare[m[K]
[1.152s]          for (int i = 0; [01;35m[Ki < global_best_position_array.size()[m[K; i++)
[1.152s]                          [01;35m[K~~^~~~~~~~~~~~~~~~~~~~~~~~~~~~~~~~~~~[m[K
[1.152s] [01m[K/home/neubility/path_planning_ws/path_planning/src/pso_planner_pkg/src/main.cpp:115:27:[m[K [01;35m[Kwarning: [m[Kcomparison between signed and unsigned integer expressions [[01;35m[K-Wsign-compare[m[K]
[1.152s]          for (int i = 0; [01;35m[Ki < swarms_total_fitness.size()[m[K; i++)
[1.152s]                          [01;35m[K~~^~~~~~~~~~~~~~~~~~~~~~~~~~~~~[m[K
[1.153s] [01m[K/home/neubility/path_planning_ws/path_planning/src/pso_planner_pkg/src/main.cpp:133:27:[m[K [01;35m[Kwarning: [m[Kcomparison between signed and unsigned integer expressions [[01;35m[K-Wsign-compare[m[K]
[1.153s]          for (int i = 0; [01;35m[Ki < pso_total_result_path_points.size()[m[K; i++)
[1.153s]                          [01;35m[K~~^~~~~~~~~~~~~~~~~~~~~~~~~~~~~~~~~~~~~[m[K
[1.153s] [01m[K/home/neubility/path_planning_ws/path_planning/src/pso_planner_pkg/src/main.cpp:136:31:[m[K [01;35m[Kwarning: [m[Kcomparison between signed and unsigned integer expressions [[01;35m[K-Wsign-compare[m[K]
[1.154s]              for (int j = 0; [01;35m[Kj < pso_total_result_path_points[i].size() - 1[m[K; j++)
[1.154s]                              [01;35m[K~~^~~~~~~~~~~~~~~~~~~~~~~~~~~~~~~~~~~~~~~~~~~~[m[K
[1.154s] [01m[K/home/neubility/path_planning_ws/path_planning/src/pso_planner_pkg/src/main.cpp:154:27:[m[K [01;35m[Kwarning: [m[Kcomparison between signed and unsigned integer expressions [[01;35m[K-Wsign-compare[m[K]
[1.154s]          for (int i = 0; [01;35m[Ki < pso_total_result_path_points.size()[m[K; i++)
[1.154s]                          [01;35m[K~~^~~~~~~~~~~~~~~~~~~~~~~~~~~~~~~~~~~~~[m[K
[1.154s] [01m[K/home/neubility/path_planning_ws/path_planning/src/pso_planner_pkg/src/main.cpp:156:31:[m[K [01;35m[Kwarning: [m[Kcomparison between signed and unsigned integer expressions [[01;35m[K-Wsign-compare[m[K]
[1.154s]              for (int j = 0; [01;35m[Kj < pso_total_result_path_points[i].size()[m[K; j++)
[1.154s]                              [01;35m[K~~^~~~~~~~~~~~~~~~~~~~~~~~~~~~~~~~~~~~~~~~[m[K
[3.791s] CMakeFiles/pso_planner_pkg.dir/build.make:62: recipe for target 'CMakeFiles/pso_planner_pkg.dir/src/main.cpp.o' failed
[3.792s] make[2]: *** [CMakeFiles/pso_planner_pkg.dir/src/main.cpp.o] Error 1
[3.792s] CMakeFiles/Makefile2:131: recipe for target 'CMakeFiles/pso_planner_pkg.dir/all' failed
[3.792s] make[1]: *** [CMakeFiles/pso_planner_pkg.dir/all] Error 2
[3.792s] Makefile:140: recipe for target 'all' failed
[3.792s] make: *** [all] Error 2
[3.793s] Invoked command in '/home/neubility/path_planning_ws/path_planning/build/pso_planner_pkg' returned '2': CMAKE_PREFIX_PATH=${CMAKE_PREFIX_PATH}:/opt/ros/eloquent /usr/bin/cmake --build /home/neubility/path_planning_ws/path_planning/build/pso_planner_pkg
