[0.010s] Invoking command in '/home/neubility/path_planning_ws/path_planning/build/pso_planner_pkg': CMAKE_PREFIX_PATH=${CMAKE_PREFIX_PATH}:/opt/ros/eloquent /usr/bin/cmake --build /home/neubility/path_planning_ws/path_planning/build/pso_planner_pkg -- -j16 -l16
[0.066s] [35m[1mScanning dependencies of target pso_planner_pkg[0m
[0.085s] [ 33%] [32mBuilding CXX object CMakeFiles/pso_planner_pkg.dir/src/main.cpp.o[0m
[0.296s] In file included from [01m[K/home/neubility/path_planning_ws/path_planning/src/pso_planner_pkg/src/main.cpp:8:0[m[K:
[0.296s] [01m[K/home/neubility/path_planning_ws/path_planning/src/pso_planner_pkg/include/pso_planner.hpp:[m[K In constructor ‘[01m[KPSOPlanner::PSOPlanner()[m[K’:
[0.296s] [01m[K/home/neubility/path_planning_ws/path_planning/src/pso_planner_pkg/include/pso_planner.hpp:109:14:[m[K [01;31m[Kerror: [m[K‘[01m[Kshared_ptr[m[K’ is not a member of ‘[01m[Kstd[m[K’
[0.297s]          std::[01;31m[Kshared_ptr[m[K<particles> current_particle;
[0.297s]               [01;31m[K^~~~~~~~~~[m[K
[0.297s] [01m[K/home/neubility/path_planning_ws/path_planning/src/pso_planner_pkg/include/pso_planner.hpp:109:25:[m[K [01;31m[Kerror: [m[K‘[01m[Kparticles[m[K’ was not declared in this scope
[0.297s]          std::shared_ptr<[01;31m[Kparticles[m[K> current_particle;
[0.297s]                          [01;31m[K^~~~~~~~~[m[K
[0.297s] [01m[K/home/neubility/path_planning_ws/path_planning/src/pso_planner_pkg/include/pso_planner.hpp:109:25:[m[K [01;36m[Knote: [m[Ksuggested alternative: ‘[01m[KParticles[m[K’
[0.297s]          std::shared_ptr<[01;36m[Kparticles[m[K> current_particle;
[0.297s]                          [01;36m[K^~~~~~~~~[m[K
[0.297s]                          [32m[KParticles[m[K
[0.297s] [01m[K/home/neubility/path_planning_ws/path_planning/src/pso_planner_pkg/include/pso_planner.hpp:109:36:[m[K [01;31m[Kerror: [m[K‘[01m[Kcurrent_particle[m[K’ was not declared in this scope
[0.297s]          std::shared_ptr<particles> [01;31m[Kcurrent_particle[m[K;
[0.298s]                                     [01;31m[K^~~~~~~~~~~~~~~~[m[K
[0.300s] [01m[K/home/neubility/path_planning_ws/path_planning/src/pso_planner_pkg/include/pso_planner.hpp:109:36:[m[K [01;36m[Knote: [m[Ksuggested alternative: ‘[01m[Km_n_particles[m[K’
[0.300s]          std::shared_ptr<particles> [01;36m[Kcurrent_particle[m[K;
[0.300s]                                     [01;36m[K^~~~~~~~~~~~~~~~[m[K
[0.300s]                                     [32m[Km_n_particles[m[K
[0.307s] [01m[K/home/neubility/path_planning_ws/path_planning/src/pso_planner_pkg/include/pso_planner.hpp:164:27:[m[K [01;35m[Kwarning: [m[Kcomparison between signed and unsigned integer expressions [[01;35m[K-Wsign-compare[m[K]
[0.307s]          for (int i = 0; [01;35m[Ki < x_swarm.size()[m[K; i++)
[0.307s]                          [01;35m[K~~^~~~~~~~~~~~~~~~[m[K
[0.307s] [01m[K/home/neubility/path_planning_ws/path_planning/src/pso_planner_pkg/include/pso_planner.hpp:165:31:[m[K [01;35m[Kwarning: [m[Kcomparison between signed and unsigned integer expressions [[01;35m[K-Wsign-compare[m[K]
[0.307s]              for (int j = 0; [01;35m[Kj < x_swarm[i].size()[m[K; j++)
[0.307s]                              [01;35m[K~~^~~~~~~~~~~~~~~~~~~[m[K
[0.307s] [01m[K/home/neubility/path_planning_ws/path_planning/src/pso_planner_pkg/include/pso_planner.hpp:172:27:[m[K [01;35m[Kwarning: [m[Kcomparison between signed and unsigned integer expressions [[01;35m[K-Wsign-compare[m[K]
[0.307s]          for (int i = 0; [01;35m[Ki < y_swarm.size()[m[K; i++)
[0.307s]                          [01;35m[K~~^~~~~~~~~~~~~~~~[m[K
[0.307s] [01m[K/home/neubility/path_planning_ws/path_planning/src/pso_planner_pkg/include/pso_planner.hpp:173:31:[m[K [01;35m[Kwarning: [m[Kcomparison between signed and unsigned integer expressions [[01;35m[K-Wsign-compare[m[K]
[0.307s]              for (int j = 0; [01;35m[Kj < y_swarm[i].size()[m[K; j++)
[0.307s]                              [01;35m[K~~^~~~~~~~~~~~~~~~~~~[m[K
[0.937s] [01m[K/home/neubility/path_planning_ws/path_planning/src/pso_planner_pkg/src/main.cpp:[m[K In function ‘[01m[Kint main(int, char**)[m[K’:
[0.937s] [01m[K/home/neubility/path_planning_ws/path_planning/src/pso_planner_pkg/src/main.cpp:290:23:[m[K [01;35m[Kwarning: [m[Kcomparison between signed and unsigned integer expressions [[01;35m[K-Wsign-compare[m[K]
[0.937s]      for (int i = 0; [01;35m[Ki < pso_result_path_points.size() - 1[m[K; i++)
[0.937s]                      [01;35m[K~~^~~~~~~~~~~~~~~~~~~~~~~~~~~~~~~~~~~[m[K
[0.938s] [01m[K/home/neubility/path_planning_ws/path_planning/src/pso_planner_pkg/src/main.cpp:83:9:[m[K [01;35m[Kwarning: [m[Kunused variable ‘[01m[Koccupancy_grid_map_width[m[K’ [[01;35m[K-Wunused-variable[m[K]
[0.938s]      int [01;35m[Koccupancy_grid_map_width[m[K = 959;
[0.938s]          [01;35m[K^~~~~~~~~~~~~~~~~~~~~~~~[m[K
[0.938s] [01m[K/home/neubility/path_planning_ws/path_planning/src/pso_planner_pkg/src/main.cpp:84:9:[m[K [01;35m[Kwarning: [m[Kunused variable ‘[01m[Koccupancy_grid_map_height[m[K’ [[01;35m[K-Wunused-variable[m[K]
[0.938s]      int [01;35m[Koccupancy_grid_map_height[m[K = 538;
[0.938s]          [01;35m[K^~~~~~~~~~~~~~~~~~~~~~~~~[m[K
[0.938s] [01m[K/home/neubility/path_planning_ws/path_planning/src/pso_planner_pkg/src/main.cpp:139:9:[m[K [01;35m[Kwarning: [m[Kunused variable ‘[01m[Kinit_pos_x[m[K’ [[01;35m[K-Wunused-variable[m[K]
[0.938s]      int [01;35m[Kinit_pos_x[m[K = waypoints[0].first;
[0.938s]          [01;35m[K^~~~~~~~~~[m[K
[0.938s] [01m[K/home/neubility/path_planning_ws/path_planning/src/pso_planner_pkg/src/main.cpp:140:9:[m[K [01;35m[Kwarning: [m[Kunused variable ‘[01m[Kinit_pos_y[m[K’ [[01;35m[K-Wunused-variable[m[K]
[0.938s]      int [01;35m[Kinit_pos_y[m[K = waypoints[0].second;
[0.938s]          [01;35m[K^~~~~~~~~~[m[K
[0.938s] [01m[K/home/neubility/path_planning_ws/path_planning/src/pso_planner_pkg/src/main.cpp:141:9:[m[K [01;35m[Kwarning: [m[Kunused variable ‘[01m[Ktarget_x[m[K’ [[01;35m[K-Wunused-variable[m[K]
[0.938s]      int [01;35m[Ktarget_x[m[K = waypoints[waypoints.size() - 5].first;
[0.938s]          [01;35m[K^~~~~~~~[m[K
[0.938s] [01m[K/home/neubility/path_planning_ws/path_planning/src/pso_planner_pkg/src/main.cpp:142:9:[m[K [01;35m[Kwarning: [m[Kunused variable ‘[01m[Ktarget_y[m[K’ [[01;35m[K-Wunused-variable[m[K]
[0.938s]      int [01;35m[Ktarget_y[m[K = waypoints[waypoints.size() - 5].second;
[0.938s]          [01;35m[K^~~~~~~~[m[K
[2.723s] make[2]: *** [CMakeFiles/pso_planner_pkg.dir/src/main.cpp.o] Error 1
[2.723s] CMakeFiles/pso_planner_pkg.dir/build.make:62: recipe for target 'CMakeFiles/pso_planner_pkg.dir/src/main.cpp.o' failed
[2.723s] CMakeFiles/Makefile2:131: recipe for target 'CMakeFiles/pso_planner_pkg.dir/all' failed
[2.723s] make[1]: *** [CMakeFiles/pso_planner_pkg.dir/all] Error 2
[2.724s] make: *** [all] Error 2
[2.724s] Makefile:140: recipe for target 'all' failed
[2.725s] Invoked command in '/home/neubility/path_planning_ws/path_planning/build/pso_planner_pkg' returned '2': CMAKE_PREFIX_PATH=${CMAKE_PREFIX_PATH}:/opt/ros/eloquent /usr/bin/cmake --build /home/neubility/path_planning_ws/path_planning/build/pso_planner_pkg -- -j16 -l16
