[0.000000] (-) TimerEvent: {}
[0.000604] (-) JobUnselected: {'identifier': 'a_star_algorithm_pkg'}
[0.000847] (-) JobUnselected: {'identifier': 'genetic_algorithm_pkg'}
[0.000874] (-) JobUnselected: {'identifier': 'grid_algorithm_pkg'}
[0.000950] (-) JobUnselected: {'identifier': 'hybrid_a_star_algorithm_pkg'}
[0.001831] (pso_planner_pkg) JobQueued: {'identifier': 'pso_planner_pkg', 'dependencies': OrderedDict()}
[0.002022] (pso_planner_pkg) JobStarted: {'identifier': 'pso_planner_pkg'}
[0.014249] (pso_planner_pkg) JobProgress: {'identifier': 'pso_planner_pkg', 'progress': 'cmake'}
[0.015023] (pso_planner_pkg) JobProgress: {'identifier': 'pso_planner_pkg', 'progress': 'build'}
[0.015703] (pso_planner_pkg) Command: {'cmd': ['/usr/bin/cmake', '--build', '/home/neubility/path_planning_ws/path_planning/build/pso_planner_pkg'], 'cwd': '/home/neubility/path_planning_ws/path_planning/build/pso_planner_pkg', 'env': OrderedDict([('GJS_DEBUG_TOPICS', 'JS ERROR;JS LOG'), ('LESSOPEN', '| /usr/bin/lesspipe %s'), ('USER', 'neubility'), ('LC_TIME', 'ko_KR.UTF-8'), ('TEXTDOMAIN', 'im-config'), ('XDG_SEAT', 'seat0'), ('SSH_AGENT_PID', '1425'), ('XDG_SESSION_TYPE', 'x11'), ('GIT_ASKPASS', '/usr/share/code/resources/app/extensions/git/dist/askpass.sh'), ('LD_LIBRARY_PATH', '/home/neubility/Qt5.14.2/Tools/QtCreator/lib:/usr/local/cuda-11.4/lib64:/home/neubility/nb_devel_ws/install/parameter_manager/lib:/home/neubility/nb_devel_ws/install/link_fake_utm_pose_generator/lib:/home/neubility/nb_devel_ws/install/link_fake_global_localization/lib:/home/neubility/nb_devel_ws/install/link_util/lib:/home/neubility/nb_devel_ws/install/link_fake_sensor_broadcaster/lib:/home/neubility/nb_devel_ws/install/link_fake_cover_motor/lib:/home/neubility/nb_devel_ws/install/link_fake_control_bridge/lib:/home/neubility/nb_devel_ws/install/groot/lib:/home/neubility/nb_devel_ws/install/autonomy_ros2_message/lib:/usr/lib/x86_64-linux-gnu/gazebo-9/plugins:/opt/ros/eloquent/opt/yaml_cpp_vendor/lib:/opt/ros/eloquent/opt/rviz_ogre_vendor/lib:/opt/ros/eloquent/lib/x86_64-linux-gnu:/opt/ros/eloquent/lib'), ('SHLVL', '2'), ('CHROME_DESKTOP', 'code-url-handler.desktop'), ('QT4_IM_MODULE', 'xim'), ('CYCLONEDDS_URI', 'file:///home/neubility/robot_cfg/cyclonedds/cyclonedds.xml'), ('HOME', '/home/neubility'), ('DESKTOP_SESSION', 'ubuntu'), ('TERM_PROGRAM_VERSION', '1.63.2'), ('GIO_LAUNCHED_DESKTOP_FILE', '/usr/share/applications/code.desktop'), ('GNOME_SHELL_SESSION_MODE', 'ubuntu'), ('GTK_MODULES', 'gail:atk-bridge'), ('VSCODE_GIT_ASKPASS_MAIN', '/usr/share/code/resources/app/extensions/git/dist/askpass-main.js'), ('ROS_PYTHON_VERSION', '3'), ('LC_MONETARY', 'ko_KR.UTF-8'), ('VSCODE_GIT_ASKPASS_NODE', '/usr/share/code/code'), ('DBUS_SESSION_BUS_ADDRESS', 'unix:path=/run/user/1000/bus'), ('MAKEFLAGS', '-j 16'), ('COLORTERM', 'truecolor'), ('GIO_LAUNCHED_DESKTOP_FILE_PID', '2906'), ('COLCON_PREFIX_PATH', '/home/neubility/nb_devel_ws/install'), ('IM_CONFIG_PHASE', '2'), ('ROS_DISTRO', 'eloquent'), ('LOGNAME', 'neubility'), ('GTK_IM_MODULE', 'ibus'), ('_', '/usr/bin/colcon'), ('ROS_VERSION', '2'), ('USERNAME', 'neubility'), ('XDG_SESSION_ID', '1'), ('TERM', 'xterm-256color'), ('ROS_LOCALHOST_ONLY', '0'), ('GNOME_DESKTOP_SESSION_ID', 'this-is-deprecated'), ('WINDOWPATH', '1'), ('PATH', '/home/neubility/Qt5.14.2/Tools/QtCreator/bin:/usr/local/cuda-11.4/bin:/opt/ros/eloquent/bin:/usr/local/sbin:/usr/local/bin:/usr/sbin:/usr/bin:/sbin:/bin:/usr/games:/usr/local/games:/snap/bin'), ('SESSION_MANAGER', 'local/neubility:@/tmp/.ICE-unix/1341,unix/neubility:/tmp/.ICE-unix/1341'), ('XDG_MENU_PREFIX', 'gnome-'), ('LC_ADDRESS', 'ko_KR.UTF-8'), ('GDK_BACKEND', 'x11'), ('XDG_RUNTIME_DIR', '/run/user/1000'), ('DISPLAY', ':0'), ('LANG', 'en_US.UTF-8'), ('XDG_CURRENT_DESKTOP', 'Unity'), ('LC_TELEPHONE', 'ko_KR.UTF-8'), ('RMW_IMPLEMENTATION', 'rmw_cyclonedds_cpp'), ('TERM_PROGRAM', 'vscode'), ('XDG_SESSION_DESKTOP', 'ubuntu'), ('XMODIFIERS', '@im=ibus'), ('VSCODE_GIT_IPC_HANDLE', '/run/user/1000/vscode-git-db6130a115.sock'), ('XAUTHORITY', '/run/user/1000/gdm/Xauthority'), ('AMENT_PREFIX_PATH', '/home/neubility/nb_devel_ws/install/parameter_manager:/home/neubility/nb_devel_ws/install/neubie1_model:/home/neubility/nb_devel_ws/install/nb_platform_pkg:/home/neubility/nb_devel_ws/install/nb_global_planner_connector:/home/neubility/nb_devel_ws/install/link_fake_utm_pose_generator:/home/neubility/nb_devel_ws/install/link_fake_global_localization:/home/neubility/nb_devel_ws/install/link_util:/home/neubility/nb_devel_ws/install/link_simulation:/home/neubility/nb_devel_ws/install/link_fake_sensor_broadcaster:/home/neubility/nb_devel_ws/install/link_fake_cover_motor:/home/neubility/nb_devel_ws/install/link_fake_control_bridge:/home/neubility/nb_devel_ws/install/groot:/home/neubility/nb_devel_ws/install/autonomy_ros2_message:/opt/ros/eloquent'), ('ORIGINAL_XDG_CURRENT_DESKTOP', 'ubuntu:GNOME'), ('SSH_AUTH_SOCK', '/run/user/1000/keyring/ssh'), ('ROS_DOMAIN_ID', '142'), ('LC_NAME', 'ko_KR.UTF-8'), ('SHELL', '/bin/bash'), ('QT_ACCESSIBILITY', '1'), ('GDMSESSION', 'ubuntu'), ('LESSCLOSE', '/usr/bin/lesspipe %s %s'), ('LC_MEASUREMENT', 'ko_KR.UTF-8'), ('TEXTDOMAINDIR', '/usr/share/locale/'), ('GJS_DEBUG_OUTPUT', 'stderr'), ('GPG_AGENT_INFO', '/run/user/1000/gnupg/S.gpg-agent:0:1'), ('LC_IDENTIFICATION', 'ko_KR.UTF-8'), ('VSCODE_GIT_ASKPASS_EXTRA_ARGS', '--ms-enable-electron-run-as-node'), ('XDG_VTNR', '1'), ('QT_IM_MODULE', 'ibus'), ('LC_ALL', 'en_US.UTF-8'), ('PWD', '/home/neubility/path_planning_ws/path_planning/build/pso_planner_pkg'), ('CLUTTER_IM_MODULE', 'xim'), ('XDG_DATA_DIRS', '/usr/share/ubuntu:/usr/local/share/:/usr/share/:/var/lib/snapd/desktop'), ('XDG_CONFIG_DIRS', '/etc/xdg/xdg-ubuntu:/etc/xdg'), ('PASSWORD', 'a'), ('LC_NUMERIC', 'ko_KR.UTF-8'), ('PYTHONPATH', '/home/neubility/nb_devel_ws/install/autonomy_ros2_message/lib/python3.6/site-packages:/opt/ros/eloquent/lib/python3.6/site-packages'), ('LC_PAPER', 'ko_KR.UTF-8'), ('BREAKPAD_DUMP_LOCATION', '/home/neubility/.config/Code/exthost Crash Reports'), ('COLCON', '1'), ('CMAKE_PREFIX_PATH', '/home/neubility/nb_devel_ws/install/parameter_manager:/home/neubility/nb_devel_ws/install/neubie1_model:/home/neubility/nb_devel_ws/install/nb_platform_pkg:/home/neubility/nb_devel_ws/install/nb_global_planner_connector:/home/neubility/nb_devel_ws/install/link_fake_utm_pose_generator:/home/neubility/nb_devel_ws/install/link_fake_global_localization:/home/neubility/nb_devel_ws/install/link_util:/home/neubility/nb_devel_ws/install/link_simulation:/home/neubility/nb_devel_ws/install/link_fake_sensor_broadcaster:/home/neubility/nb_devel_ws/install/link_fake_cover_motor:/home/neubility/nb_devel_ws/install/link_fake_control_bridge:/home/neubility/nb_devel_ws/install/groot:/home/neubility/nb_devel_ws/install/autonomy_ros2_message:/opt/ros/eloquent')]), 'shell': False}
[0.068098] (pso_planner_pkg) StdoutLine: {'line': b'\x1b[35m\x1b[1mScanning dependencies of target pso_planner_pkg\x1b[0m\n'}
[0.082441] (pso_planner_pkg) StdoutLine: {'line': b'[ 33%] \x1b[32mBuilding CXX object CMakeFiles/pso_planner_pkg.dir/src/main.cpp.o\x1b[0m\n'}
[0.099484] (-) TimerEvent: {}
[0.199887] (-) TimerEvent: {}
[0.300322] (-) TimerEvent: {}
[0.396937] (pso_planner_pkg) StderrLine: {'line': b'In file included from \x1b[01m\x1b[K/home/neubility/path_planning_ws/path_planning/src/pso_planner_pkg/src/main.cpp:8:0\x1b[m\x1b[K:\n'}
[0.397397] (pso_planner_pkg) StderrLine: {'line': b'\x1b[01m\x1b[K/home/neubility/path_planning_ws/path_planning/src/pso_planner_pkg/include/pso_planner.hpp:\x1b[m\x1b[K In constructor \xe2\x80\x98\x1b[01m\x1b[KPSOPlanner::PSOPlanner(const std::pair<double, double>&, const std::pair<double, double>&, const std::pair<double, double>&)\x1b[m\x1b[K\xe2\x80\x99:\n'}
[0.397745] (pso_planner_pkg) StderrLine: {'line': b'\x1b[01m\x1b[K/home/neubility/path_planning_ws/path_planning/src/pso_planner_pkg/include/pso_planner.hpp:120:15:\x1b[m\x1b[K \x1b[01;35m\x1b[Kwarning: \x1b[m\x1b[Kstatement has no effect [\x1b[01;35m\x1b[K-Wunused-value\x1b[m\x1b[K]\n'}
[0.398166] (pso_planner_pkg) StderrLine: {'line': b'         \x1b[01;35m\x1b[Kthis->m_personal_best_array_index\x1b[m\x1b[K;\n'}
[0.398437] (pso_planner_pkg) StderrLine: {'line': b'         \x1b[01;35m\x1b[K~~~~~~^~~~~~~~~~~~~~~~~~~~~~~~~~~\x1b[m\x1b[K\n'}
[0.398603] (pso_planner_pkg) StderrLine: {'line': b'\x1b[01m\x1b[K/home/neubility/path_planning_ws/path_planning/src/pso_planner_pkg/include/pso_planner.hpp:121:15:\x1b[m\x1b[K \x1b[01;35m\x1b[Kwarning: \x1b[m\x1b[Kstatement has no effect [\x1b[01;35m\x1b[K-Wunused-value\x1b[m\x1b[K]\n'}
[0.398704] (pso_planner_pkg) StderrLine: {'line': b'         \x1b[01;35m\x1b[Kthis->m_global_best_array_index\x1b[m\x1b[K;\n'}
[0.398799] (pso_planner_pkg) StderrLine: {'line': b'         \x1b[01;35m\x1b[K~~~~~~^~~~~~~~~~~~~~~~~~~~~~~~~\x1b[m\x1b[K\n'}
[0.398894] (pso_planner_pkg) StderrLine: {'line': b'\x1b[01m\x1b[K/home/neubility/path_planning_ws/path_planning/src/pso_planner_pkg/include/pso_planner.hpp:122:15:\x1b[m\x1b[K \x1b[01;35m\x1b[Kwarning: \x1b[m\x1b[Kstatement has no effect [\x1b[01;35m\x1b[K-Wunused-value\x1b[m\x1b[K]\n'}
[0.398994] (pso_planner_pkg) StderrLine: {'line': b'         \x1b[01;35m\x1b[Kthis->m_swarm\x1b[m\x1b[K;\n'}
[0.399093] (pso_planner_pkg) StderrLine: {'line': b'         \x1b[01;35m\x1b[K~~~~~~^~~~~~~\x1b[m\x1b[K\n'}
[0.399191] (pso_planner_pkg) StderrLine: {'line': b'\x1b[01m\x1b[K/home/neubility/path_planning_ws/path_planning/src/pso_planner_pkg/include/pso_planner.hpp:\x1b[m\x1b[K In member function \xe2\x80\x98\x1b[01m\x1b[Kvoid PSOPlanner::run()\x1b[m\x1b[K\xe2\x80\x99:\n'}
[0.399293] (pso_planner_pkg) StderrLine: {'line': b'\x1b[01m\x1b[K/home/neubility/path_planning_ws/path_planning/src/pso_planner_pkg/include/pso_planner.hpp:195:27:\x1b[m\x1b[K \x1b[01;35m\x1b[Kwarning: \x1b[m\x1b[Kcomparison between signed and unsigned integer expressions [\x1b[01;35m\x1b[K-Wsign-compare\x1b[m\x1b[K]\n'}
[0.399385] (pso_planner_pkg) StderrLine: {'line': b'         for (int i = 0; \x1b[01;35m\x1b[Ki < this->m_swarm.size()\x1b[m\x1b[K; i++)\n'}
[0.399761] (pso_planner_pkg) StderrLine: {'line': b'                         \x1b[01;35m\x1b[K~~^~~~~~~~~~~~~~~~~~~~~~\x1b[m\x1b[K\n'}
[0.400392] (-) TimerEvent: {}
[0.400853] (pso_planner_pkg) StderrLine: {'line': b'\x1b[01m\x1b[K/home/neubility/path_planning_ws/path_planning/src/pso_planner_pkg/include/pso_planner.hpp:198:31:\x1b[m\x1b[K \x1b[01;35m\x1b[Kwarning: \x1b[m\x1b[Kcomparison between signed and unsigned integer expressions [\x1b[01;35m\x1b[K-Wsign-compare\x1b[m\x1b[K]\n'}
[0.401182] (pso_planner_pkg) StderrLine: {'line': b'             for (int j = 0; \x1b[01;35m\x1b[Kj < this->m_swarm[i].size()\x1b[m\x1b[K; j++)\n'}
[0.401517] (pso_planner_pkg) StderrLine: {'line': b'                             \x1b[01;35m\x1b[K~~^~~~~~~~~~~~~~~~~~~~~~~~~\x1b[m\x1b[K\n'}
[0.418218] (pso_planner_pkg) StderrLine: {'line': b'\x1b[01m\x1b[K/home/neubility/path_planning_ws/path_planning/src/pso_planner_pkg/include/pso_planner.hpp:\x1b[m\x1b[K In member function \xe2\x80\x98\x1b[01m\x1b[Kvoid PSOPlanner::init_first_particles()\x1b[m\x1b[K\xe2\x80\x99:\n'}
[0.418636] (pso_planner_pkg) StderrLine: {'line': b'\x1b[01m\x1b[K/home/neubility/path_planning_ws/path_planning/src/pso_planner_pkg/include/pso_planner.hpp:237:27:\x1b[m\x1b[K \x1b[01;35m\x1b[Kwarning: \x1b[m\x1b[Kcomparison between signed and unsigned integer expressions [\x1b[01;35m\x1b[K-Wsign-compare\x1b[m\x1b[K]\n'}
[0.418926] (pso_planner_pkg) StderrLine: {'line': b'         for (int i = 0; \x1b[01;35m\x1b[Ki < this->m_swarm.size()\x1b[m\x1b[K; i++)\n'}
[0.419403] (pso_planner_pkg) StderrLine: {'line': b'                         \x1b[01;35m\x1b[K~~^~~~~~~~~~~~~~~~~~~~~~\x1b[m\x1b[K\n'}
[0.419748] (pso_planner_pkg) StderrLine: {'line': b'\x1b[01m\x1b[K/home/neubility/path_planning_ws/path_planning/src/pso_planner_pkg/include/pso_planner.hpp:239:31:\x1b[m\x1b[K \x1b[01;35m\x1b[Kwarning: \x1b[m\x1b[Kcomparison between signed and unsigned integer expressions [\x1b[01;35m\x1b[K-Wsign-compare\x1b[m\x1b[K]\n'}
[0.420050] (pso_planner_pkg) StderrLine: {'line': b'             for (int j = 0; \x1b[01;35m\x1b[Kj < this->m_swarm[i].size()\x1b[m\x1b[K; j++)\n'}
[0.420280] (pso_planner_pkg) StderrLine: {'line': b'                             \x1b[01;35m\x1b[K~~^~~~~~~~~~~~~~~~~~~~~~~~~\x1b[m\x1b[K\n'}
[0.420414] (pso_planner_pkg) StderrLine: {'line': b'\x1b[01m\x1b[K/home/neubility/path_planning_ws/path_planning/src/pso_planner_pkg/include/pso_planner.hpp:\x1b[m\x1b[K In member function \xe2\x80\x98\x1b[01m\x1b[Kvoid PSOPlanner::update_new_swarm_fitness_value()\x1b[m\x1b[K\xe2\x80\x99:\n'}
[0.420522] (pso_planner_pkg) StderrLine: {'line': b'\x1b[01m\x1b[K/home/neubility/path_planning_ws/path_planning/src/pso_planner_pkg/include/pso_planner.hpp:285:27:\x1b[m\x1b[K \x1b[01;35m\x1b[Kwarning: \x1b[m\x1b[Kcomparison between signed and unsigned integer expressions [\x1b[01;35m\x1b[K-Wsign-compare\x1b[m\x1b[K]\n'}
[0.420631] (pso_planner_pkg) StderrLine: {'line': b'         for (int i = 0; \x1b[01;35m\x1b[Ki < this->m_swarm.size()\x1b[m\x1b[K; i++)\n'}
[0.420730] (pso_planner_pkg) StderrLine: {'line': b'                         \x1b[01;35m\x1b[K~~^~~~~~~~~~~~~~~~~~~~~~\x1b[m\x1b[K\n'}
[0.421660] (pso_planner_pkg) StderrLine: {'line': b'In file included from \x1b[01m\x1b[K/home/neubility/path_planning_ws/path_planning/src/pso_planner_pkg/src/main.cpp:8:0\x1b[m\x1b[K:\n'}
[0.422306] (pso_planner_pkg) StderrLine: {'line': b'\x1b[01m\x1b[K/home/neubility/path_planning_ws/path_planning/src/pso_planner_pkg/include/pso_planner.hpp:\x1b[m\x1b[K In member function \xe2\x80\x98\x1b[01m\x1b[Kvoid PSOPlanner::update_personal_best_swarm()\x1b[m\x1b[K\xe2\x80\x99:\n'}
[0.422681] (pso_planner_pkg) StderrLine: {'line': b'\x1b[01m\x1b[K/home/neubility/path_planning_ws/path_planning/src/pso_planner_pkg/include/pso_planner.hpp:352:15:\x1b[m\x1b[K \x1b[01;35m\x1b[Kwarning: \x1b[m\x1b[Kstatement has no effect [\x1b[01;35m\x1b[K-Wunused-value\x1b[m\x1b[K]\n'}
[0.423125] (pso_planner_pkg) StderrLine: {'line': b'         \x1b[01;35m\x1b[Kthis->m_personal_best_array_index\x1b[m\x1b[K; // std::vector<int>\n'}
[0.423397] (pso_planner_pkg) StderrLine: {'line': b'         \x1b[01;35m\x1b[K~~~~~~^~~~~~~~~~~~~~~~~~~~~~~~~~~\x1b[m\x1b[K\n'}
[0.423523] (pso_planner_pkg) StderrLine: {'line': b'\x1b[01m\x1b[K/home/neubility/path_planning_ws/path_planning/src/pso_planner_pkg/include/pso_planner.hpp:353:27:\x1b[m\x1b[K \x1b[01;35m\x1b[Kwarning: \x1b[m\x1b[Kcomparison between signed and unsigned integer expressions [\x1b[01;35m\x1b[K-Wsign-compare\x1b[m\x1b[K]\n'}
[0.423626] (pso_planner_pkg) StderrLine: {'line': b'         for (int k = 0; \x1b[01;35m\x1b[Kk < this->m_personal_best_array_index.size()\x1b[m\x1b[K; k++)\n'}
[0.423727] (pso_planner_pkg) StderrLine: {'line': b'                         \x1b[01;35m\x1b[K~~^~~~~~~~~~~~~~~~~~~~~~~~~~~~~~~~~~~~~~~~~~\x1b[m\x1b[K\n'}
[0.423830] (pso_planner_pkg) StderrLine: {'line': b'\x1b[01m\x1b[K/home/neubility/path_planning_ws/path_planning/src/pso_planner_pkg/include/pso_planner.hpp:354:31:\x1b[m\x1b[K \x1b[01;35m\x1b[Kwarning: \x1b[m\x1b[Kcomparison between signed and unsigned integer expressions [\x1b[01;35m\x1b[K-Wsign-compare\x1b[m\x1b[K]\n'}
[0.423936] (pso_planner_pkg) StderrLine: {'line': b'             for (int i = 0; \x1b[01;35m\x1b[Ki < this->m_swarm.size()\x1b[m\x1b[K; i++)\n'}
[0.424035] (pso_planner_pkg) StderrLine: {'line': b'                             \x1b[01;35m\x1b[K~~^~~~~~~~~~~~~~~~~~~~~~\x1b[m\x1b[K\n'}
[0.424139] (pso_planner_pkg) StderrLine: {'line': b'\x1b[01m\x1b[K/home/neubility/path_planning_ws/path_planning/src/pso_planner_pkg/include/pso_planner.hpp:357:35:\x1b[m\x1b[K \x1b[01;35m\x1b[Kwarning: \x1b[m\x1b[Kcomparison between signed and unsigned integer expressions [\x1b[01;35m\x1b[K-Wsign-compare\x1b[m\x1b[K]\n'}
[0.424245] (pso_planner_pkg) StderrLine: {'line': b'                 for (int j = 0; \x1b[01;35m\x1b[Kj < this->m_swarm[i].size()\x1b[m\x1b[K; j++)\n'}
[0.424352] (pso_planner_pkg) StderrLine: {'line': b'                                 \x1b[01;35m\x1b[K~~^~~~~~~~~~~~~~~~~~~~~~~~~\x1b[m\x1b[K\n'}
[0.424457] (pso_planner_pkg) StderrLine: {'line': b'\x1b[01m\x1b[K/home/neubility/path_planning_ws/path_planning/src/pso_planner_pkg/include/pso_planner.hpp:\x1b[m\x1b[K In member function \xe2\x80\x98\x1b[01m\x1b[Kvoid PSOPlanner::update_global_best_swarm()\x1b[m\x1b[K\xe2\x80\x99:\n'}
[0.424578] (pso_planner_pkg) StderrLine: {'line': b'\x1b[01m\x1b[K/home/neubility/path_planning_ws/path_planning/src/pso_planner_pkg/include/pso_planner.hpp:379:27:\x1b[m\x1b[K \x1b[01;35m\x1b[Kwarning: \x1b[m\x1b[Kcomparison between signed and unsigned integer expressions [\x1b[01;35m\x1b[K-Wsign-compare\x1b[m\x1b[K]\n'}
[0.424685] (pso_planner_pkg) StderrLine: {'line': b'         for (int k = 0; \x1b[01;35m\x1b[Kk < this->m_global_best_array_index.size()\x1b[m\x1b[K; k++)\n'}
[0.424791] (pso_planner_pkg) StderrLine: {'line': b'                         \x1b[01;35m\x1b[K~~^~~~~~~~~~~~~~~~~~~~~~~~~~~~~~~~~~~~~~~~\x1b[m\x1b[K\n'}
[0.424900] (pso_planner_pkg) StderrLine: {'line': b'\x1b[01m\x1b[K/home/neubility/path_planning_ws/path_planning/src/pso_planner_pkg/include/pso_planner.hpp:382:31:\x1b[m\x1b[K \x1b[01;35m\x1b[Kwarning: \x1b[m\x1b[Kcomparison between signed and unsigned integer expressions [\x1b[01;35m\x1b[K-Wsign-compare\x1b[m\x1b[K]\n'}
[0.425012] (pso_planner_pkg) StderrLine: {'line': b'             for (int i = 0; \x1b[01;35m\x1b[Ki < this->m_swarm.size()\x1b[m\x1b[K; i++)\n'}
[0.425640] (pso_planner_pkg) StderrLine: {'line': b'                             \x1b[01;35m\x1b[K~~^~~~~~~~~~~~~~~~~~~~~~\x1b[m\x1b[K\n'}
[0.425927] (pso_planner_pkg) StderrLine: {'line': b'\x1b[01m\x1b[K/home/neubility/path_planning_ws/path_planning/src/pso_planner_pkg/include/pso_planner.hpp:384:35:\x1b[m\x1b[K \x1b[01;35m\x1b[Kwarning: \x1b[m\x1b[Kcomparison between signed and unsigned integer expressions [\x1b[01;35m\x1b[K-Wsign-compare\x1b[m\x1b[K]\n'}
[0.426167] (pso_planner_pkg) StderrLine: {'line': b'                 for (int j = 0; \x1b[01;35m\x1b[Kj < this->m_swarm[i].size()\x1b[m\x1b[K; j++)\n'}
[0.426272] (pso_planner_pkg) StderrLine: {'line': b'                                 \x1b[01;35m\x1b[K~~^~~~~~~~~~~~~~~~~~~~~~~~~\x1b[m\x1b[K\n'}
[0.426749] (pso_planner_pkg) StderrLine: {'line': b'\x1b[01m\x1b[K/home/neubility/path_planning_ws/path_planning/src/pso_planner_pkg/include/pso_planner.hpp:\x1b[m\x1b[K In member function \xe2\x80\x98\x1b[01m\x1b[Kvoid PSOPlanner::update_new_swarm()\x1b[m\x1b[K\xe2\x80\x99:\n'}
[0.427140] (pso_planner_pkg) StderrLine: {'line': b'\x1b[01m\x1b[K/home/neubility/path_planning_ws/path_planning/src/pso_planner_pkg/include/pso_planner.hpp:428:27:\x1b[m\x1b[K \x1b[01;35m\x1b[Kwarning: \x1b[m\x1b[Kcomparison between signed and unsigned integer expressions [\x1b[01;35m\x1b[K-Wsign-compare\x1b[m\x1b[K]\n'}
[0.427284] (pso_planner_pkg) StderrLine: {'line': b'         for (int i = 0; \x1b[01;35m\x1b[Ki < this->m_swarm.size()\x1b[m\x1b[K; i++)\n'}
[0.427627] (pso_planner_pkg) StderrLine: {'line': b'                         \x1b[01;35m\x1b[K~~^~~~~~~~~~~~~~~~~~~~~~\x1b[m\x1b[K\n'}
[0.427831] (pso_planner_pkg) StderrLine: {'line': b'\x1b[01m\x1b[K/home/neubility/path_planning_ws/path_planning/src/pso_planner_pkg/include/pso_planner.hpp:437:31:\x1b[m\x1b[K \x1b[01;35m\x1b[Kwarning: \x1b[m\x1b[Kcomparison between signed and unsigned integer expressions [\x1b[01;35m\x1b[K-Wsign-compare\x1b[m\x1b[K]\n'}
[0.428086] (pso_planner_pkg) StderrLine: {'line': b'             for (int k = 0; \x1b[01;35m\x1b[Kk < this->m_swarm[i][swarm_depth_end_index].particles.size()\x1b[m\x1b[K; k++)\n'}
[0.428274] (pso_planner_pkg) StderrLine: {'line': b'                             \x1b[01;35m\x1b[K~~^~~~~~~~~~~~~~~~~~~~~~~~~~~~~~~~~~~~~~~~~~~~~~~~~~~~~~~~~~\x1b[m\x1b[K\n'}
[0.428468] (pso_planner_pkg) StderrLine: {'line': b'\x1b[01m\x1b[K/home/neubility/path_planning_ws/path_planning/src/pso_planner_pkg/include/pso_planner.hpp:436:20:\x1b[m\x1b[K \x1b[01;35m\x1b[Kwarning: \x1b[m\x1b[Kunused variable \xe2\x80\x98\x1b[01m\x1b[Knorm_particle_velocity\x1b[m\x1b[K\xe2\x80\x99 [\x1b[01;35m\x1b[K-Wunused-variable\x1b[m\x1b[K]\n'}
[0.428592] (pso_planner_pkg) StderrLine: {'line': b'             double \x1b[01;35m\x1b[Knorm_particle_velocity\x1b[m\x1b[K = 0;\n'}
[0.428710] (pso_planner_pkg) StderrLine: {'line': b'                    \x1b[01;35m\x1b[K^~~~~~~~~~~~~~~~~~~~~~\x1b[m\x1b[K\n'}
[0.500537] (-) TimerEvent: {}
[0.600871] (-) TimerEvent: {}
[0.701278] (-) TimerEvent: {}
[0.801634] (-) TimerEvent: {}
[0.902048] (-) TimerEvent: {}
[1.002555] (-) TimerEvent: {}
[1.103004] (-) TimerEvent: {}
[1.203395] (-) TimerEvent: {}
[1.241324] (pso_planner_pkg) StderrLine: {'line': b'\x1b[01m\x1b[K/home/neubility/path_planning_ws/path_planning/src/pso_planner_pkg/src/main.cpp:\x1b[m\x1b[K In function \xe2\x80\x98\x1b[01m\x1b[Kint main(int, char**)\x1b[m\x1b[K\xe2\x80\x99:\n'}
[1.241682] (pso_planner_pkg) StderrLine: {'line': b'\x1b[01m\x1b[K/home/neubility/path_planning_ws/path_planning/src/pso_planner_pkg/src/main.cpp:101:27:\x1b[m\x1b[K \x1b[01;35m\x1b[Kwarning: \x1b[m\x1b[Kcomparison between signed and unsigned integer expressions [\x1b[01;35m\x1b[K-Wsign-compare\x1b[m\x1b[K]\n'}
[1.242064] (pso_planner_pkg) StderrLine: {'line': b'         for (int i = 0; \x1b[01;35m\x1b[Ki < global_best_position_array.size()\x1b[m\x1b[K; i++)\n'}
[1.242231] (pso_planner_pkg) StderrLine: {'line': b'                         \x1b[01;35m\x1b[K~~^~~~~~~~~~~~~~~~~~~~~~~~~~~~~~~~~~~\x1b[m\x1b[K\n'}
[1.242347] (pso_planner_pkg) StderrLine: {'line': b'\x1b[01m\x1b[K/home/neubility/path_planning_ws/path_planning/src/pso_planner_pkg/src/main.cpp:115:27:\x1b[m\x1b[K \x1b[01;35m\x1b[Kwarning: \x1b[m\x1b[Kcomparison between signed and unsigned integer expressions [\x1b[01;35m\x1b[K-Wsign-compare\x1b[m\x1b[K]\n'}
[1.242487] (pso_planner_pkg) StderrLine: {'line': b'         for (int i = 0; \x1b[01;35m\x1b[Ki < swarms_total_fitness.size()\x1b[m\x1b[K; i++)\n'}
[1.242568] (pso_planner_pkg) StderrLine: {'line': b'                         \x1b[01;35m\x1b[K~~^~~~~~~~~~~~~~~~~~~~~~~~~~~~~\x1b[m\x1b[K\n'}
[1.242933] (pso_planner_pkg) StderrLine: {'line': b'\x1b[01m\x1b[K/home/neubility/path_planning_ws/path_planning/src/pso_planner_pkg/src/main.cpp:133:27:\x1b[m\x1b[K \x1b[01;35m\x1b[Kwarning: \x1b[m\x1b[Kcomparison between signed and unsigned integer expressions [\x1b[01;35m\x1b[K-Wsign-compare\x1b[m\x1b[K]\n'}
[1.243087] (pso_planner_pkg) StderrLine: {'line': b'         for (int i = 0; \x1b[01;35m\x1b[Ki < pso_total_result_path_points.size()\x1b[m\x1b[K; i++)\n'}
[1.243187] (pso_planner_pkg) StderrLine: {'line': b'                         \x1b[01;35m\x1b[K~~^~~~~~~~~~~~~~~~~~~~~~~~~~~~~~~~~~~~~\x1b[m\x1b[K\n'}
[1.243295] (pso_planner_pkg) StderrLine: {'line': b'\x1b[01m\x1b[K/home/neubility/path_planning_ws/path_planning/src/pso_planner_pkg/src/main.cpp:136:31:\x1b[m\x1b[K \x1b[01;35m\x1b[Kwarning: \x1b[m\x1b[Kcomparison between signed and unsigned integer expressions [\x1b[01;35m\x1b[K-Wsign-compare\x1b[m\x1b[K]\n'}
[1.243459] (pso_planner_pkg) StderrLine: {'line': b'             for (int j = 0; \x1b[01;35m\x1b[Kj < pso_total_result_path_points[i].size() - 1\x1b[m\x1b[K; j++)\n'}
[1.243572] (pso_planner_pkg) StderrLine: {'line': b'                             \x1b[01;35m\x1b[K~~^~~~~~~~~~~~~~~~~~~~~~~~~~~~~~~~~~~~~~~~~~~~\x1b[m\x1b[K\n'}
[1.243671] (pso_planner_pkg) StderrLine: {'line': b'\x1b[01m\x1b[K/home/neubility/path_planning_ws/path_planning/src/pso_planner_pkg/src/main.cpp:154:27:\x1b[m\x1b[K \x1b[01;35m\x1b[Kwarning: \x1b[m\x1b[Kcomparison between signed and unsigned integer expressions [\x1b[01;35m\x1b[K-Wsign-compare\x1b[m\x1b[K]\n'}
[1.243766] (pso_planner_pkg) StderrLine: {'line': b'         for (int i = 0; \x1b[01;35m\x1b[Ki < pso_total_result_path_points.size()\x1b[m\x1b[K; i++)\n'}
[1.243845] (pso_planner_pkg) StderrLine: {'line': b'                         \x1b[01;35m\x1b[K~~^~~~~~~~~~~~~~~~~~~~~~~~~~~~~~~~~~~~~\x1b[m\x1b[K\n'}
[1.243923] (pso_planner_pkg) StderrLine: {'line': b'\x1b[01m\x1b[K/home/neubility/path_planning_ws/path_planning/src/pso_planner_pkg/src/main.cpp:156:31:\x1b[m\x1b[K \x1b[01;35m\x1b[Kwarning: \x1b[m\x1b[Kcomparison between signed and unsigned integer expressions [\x1b[01;35m\x1b[K-Wsign-compare\x1b[m\x1b[K]\n'}
[1.244008] (pso_planner_pkg) StderrLine: {'line': b'             for (int j = 0; \x1b[01;35m\x1b[Kj < pso_total_result_path_points[i].size()\x1b[m\x1b[K; j++)\n'}
[1.244141] (pso_planner_pkg) StderrLine: {'line': b'                             \x1b[01;35m\x1b[K~~^~~~~~~~~~~~~~~~~~~~~~~~~~~~~~~~~~~~~~~~\x1b[m\x1b[K\n'}
[1.303526] (-) TimerEvent: {}
[1.403911] (-) TimerEvent: {}
[1.504304] (-) TimerEvent: {}
[1.604679] (-) TimerEvent: {}
[1.705065] (-) TimerEvent: {}
[1.805486] (-) TimerEvent: {}
[1.905832] (-) TimerEvent: {}
[2.006229] (-) TimerEvent: {}
[2.106628] (-) TimerEvent: {}
[2.207024] (-) TimerEvent: {}
[2.307468] (-) TimerEvent: {}
[2.407842] (-) TimerEvent: {}
[2.508250] (-) TimerEvent: {}
[2.608634] (-) TimerEvent: {}
[2.709072] (-) TimerEvent: {}
[2.809471] (-) TimerEvent: {}
[2.909823] (-) TimerEvent: {}
[3.010175] (-) TimerEvent: {}
[3.110486] (-) TimerEvent: {}
[3.210841] (-) TimerEvent: {}
[3.311446] (-) TimerEvent: {}
[3.412003] (-) TimerEvent: {}
[3.512601] (-) TimerEvent: {}
[3.613096] (-) TimerEvent: {}
[3.713479] (-) TimerEvent: {}
[3.813920] (-) TimerEvent: {}
[3.914341] (-) TimerEvent: {}
[4.014769] (-) TimerEvent: {}
[4.115267] (-) TimerEvent: {}
[4.215694] (-) TimerEvent: {}
[4.316061] (-) TimerEvent: {}
[4.416442] (-) TimerEvent: {}
[4.516737] (-) TimerEvent: {}
[4.617192] (-) TimerEvent: {}
[4.717541] (-) TimerEvent: {}
[4.817904] (-) TimerEvent: {}
[4.918274] (-) TimerEvent: {}
[5.018698] (-) TimerEvent: {}
[5.119048] (-) TimerEvent: {}
[5.219428] (-) TimerEvent: {}
[5.319813] (-) TimerEvent: {}
[5.420276] (-) TimerEvent: {}
[5.520697] (-) TimerEvent: {}
[5.621126] (-) TimerEvent: {}
[5.721526] (-) TimerEvent: {}
[5.821923] (-) TimerEvent: {}
[5.922309] (-) TimerEvent: {}
[6.022685] (-) TimerEvent: {}
[6.123087] (-) TimerEvent: {}
[6.223450] (-) TimerEvent: {}
[6.323829] (-) TimerEvent: {}
[6.424204] (-) TimerEvent: {}
[6.524598] (-) TimerEvent: {}
[6.624939] (-) TimerEvent: {}
[6.725349] (-) TimerEvent: {}
[6.825708] (-) TimerEvent: {}
[6.926078] (-) TimerEvent: {}
[7.026408] (-) TimerEvent: {}
[7.126812] (-) TimerEvent: {}
[7.227148] (-) TimerEvent: {}
[7.327482] (-) TimerEvent: {}
[7.427838] (-) TimerEvent: {}
[7.528276] (-) TimerEvent: {}
[7.628739] (-) TimerEvent: {}
[7.700559] (pso_planner_pkg) StdoutLine: {'line': b'[ 66%] \x1b[32m\x1b[1mLinking CXX executable pso_planner_pkg\x1b[0m\n'}
[7.728942] (-) TimerEvent: {}
[7.829754] (-) TimerEvent: {}
[7.930143] (-) TimerEvent: {}
[8.030582] (-) TimerEvent: {}
[8.130935] (-) TimerEvent: {}
[8.231235] (-) TimerEvent: {}
[8.327232] (pso_planner_pkg) StdoutLine: {'line': b'[100%] Built target pso_planner_pkg\n'}
[8.331380] (-) TimerEvent: {}
[8.344201] (pso_planner_pkg) CommandEnded: {'returncode': 0}
[8.380382] (pso_planner_pkg) JobProgress: {'identifier': 'pso_planner_pkg', 'progress': 'install'}
[8.394590] (pso_planner_pkg) Command: {'cmd': ['/usr/bin/cmake', '--build', '/home/neubility/path_planning_ws/path_planning/build/pso_planner_pkg', '--target', 'install'], 'cwd': '/home/neubility/path_planning_ws/path_planning/build/pso_planner_pkg', 'env': OrderedDict([('GJS_DEBUG_TOPICS', 'JS ERROR;JS LOG'), ('LESSOPEN', '| /usr/bin/lesspipe %s'), ('USER', 'neubility'), ('LC_TIME', 'ko_KR.UTF-8'), ('TEXTDOMAIN', 'im-config'), ('XDG_SEAT', 'seat0'), ('SSH_AGENT_PID', '1425'), ('XDG_SESSION_TYPE', 'x11'), ('GIT_ASKPASS', '/usr/share/code/resources/app/extensions/git/dist/askpass.sh'), ('LD_LIBRARY_PATH', '/home/neubility/Qt5.14.2/Tools/QtCreator/lib:/usr/local/cuda-11.4/lib64:/home/neubility/nb_devel_ws/install/parameter_manager/lib:/home/neubility/nb_devel_ws/install/link_fake_utm_pose_generator/lib:/home/neubility/nb_devel_ws/install/link_fake_global_localization/lib:/home/neubility/nb_devel_ws/install/link_util/lib:/home/neubility/nb_devel_ws/install/link_fake_sensor_broadcaster/lib:/home/neubility/nb_devel_ws/install/link_fake_cover_motor/lib:/home/neubility/nb_devel_ws/install/link_fake_control_bridge/lib:/home/neubility/nb_devel_ws/install/groot/lib:/home/neubility/nb_devel_ws/install/autonomy_ros2_message/lib:/usr/lib/x86_64-linux-gnu/gazebo-9/plugins:/opt/ros/eloquent/opt/yaml_cpp_vendor/lib:/opt/ros/eloquent/opt/rviz_ogre_vendor/lib:/opt/ros/eloquent/lib/x86_64-linux-gnu:/opt/ros/eloquent/lib'), ('SHLVL', '2'), ('CHROME_DESKTOP', 'code-url-handler.desktop'), ('QT4_IM_MODULE', 'xim'), ('CYCLONEDDS_URI', 'file:///home/neubility/robot_cfg/cyclonedds/cyclonedds.xml'), ('HOME', '/home/neubility'), ('DESKTOP_SESSION', 'ubuntu'), ('TERM_PROGRAM_VERSION', '1.63.2'), ('GIO_LAUNCHED_DESKTOP_FILE', '/usr/share/applications/code.desktop'), ('GNOME_SHELL_SESSION_MODE', 'ubuntu'), ('GTK_MODULES', 'gail:atk-bridge'), ('VSCODE_GIT_ASKPASS_MAIN', '/usr/share/code/resources/app/extensions/git/dist/askpass-main.js'), ('ROS_PYTHON_VERSION', '3'), ('LC_MONETARY', 'ko_KR.UTF-8'), ('VSCODE_GIT_ASKPASS_NODE', '/usr/share/code/code'), ('DBUS_SESSION_BUS_ADDRESS', 'unix:path=/run/user/1000/bus'), ('MAKEFLAGS', '-j 16'), ('COLORTERM', 'truecolor'), ('GIO_LAUNCHED_DESKTOP_FILE_PID', '2906'), ('COLCON_PREFIX_PATH', '/home/neubility/nb_devel_ws/install'), ('IM_CONFIG_PHASE', '2'), ('ROS_DISTRO', 'eloquent'), ('LOGNAME', 'neubility'), ('GTK_IM_MODULE', 'ibus'), ('_', '/usr/bin/colcon'), ('ROS_VERSION', '2'), ('USERNAME', 'neubility'), ('XDG_SESSION_ID', '1'), ('TERM', 'xterm-256color'), ('ROS_LOCALHOST_ONLY', '0'), ('GNOME_DESKTOP_SESSION_ID', 'this-is-deprecated'), ('WINDOWPATH', '1'), ('PATH', '/home/neubility/Qt5.14.2/Tools/QtCreator/bin:/usr/local/cuda-11.4/bin:/opt/ros/eloquent/bin:/usr/local/sbin:/usr/local/bin:/usr/sbin:/usr/bin:/sbin:/bin:/usr/games:/usr/local/games:/snap/bin'), ('SESSION_MANAGER', 'local/neubility:@/tmp/.ICE-unix/1341,unix/neubility:/tmp/.ICE-unix/1341'), ('XDG_MENU_PREFIX', 'gnome-'), ('LC_ADDRESS', 'ko_KR.UTF-8'), ('GDK_BACKEND', 'x11'), ('XDG_RUNTIME_DIR', '/run/user/1000'), ('DISPLAY', ':0'), ('LANG', 'en_US.UTF-8'), ('XDG_CURRENT_DESKTOP', 'Unity'), ('LC_TELEPHONE', 'ko_KR.UTF-8'), ('RMW_IMPLEMENTATION', 'rmw_cyclonedds_cpp'), ('TERM_PROGRAM', 'vscode'), ('XDG_SESSION_DESKTOP', 'ubuntu'), ('XMODIFIERS', '@im=ibus'), ('VSCODE_GIT_IPC_HANDLE', '/run/user/1000/vscode-git-db6130a115.sock'), ('XAUTHORITY', '/run/user/1000/gdm/Xauthority'), ('AMENT_PREFIX_PATH', '/home/neubility/nb_devel_ws/install/parameter_manager:/home/neubility/nb_devel_ws/install/neubie1_model:/home/neubility/nb_devel_ws/install/nb_platform_pkg:/home/neubility/nb_devel_ws/install/nb_global_planner_connector:/home/neubility/nb_devel_ws/install/link_fake_utm_pose_generator:/home/neubility/nb_devel_ws/install/link_fake_global_localization:/home/neubility/nb_devel_ws/install/link_util:/home/neubility/nb_devel_ws/install/link_simulation:/home/neubility/nb_devel_ws/install/link_fake_sensor_broadcaster:/home/neubility/nb_devel_ws/install/link_fake_cover_motor:/home/neubility/nb_devel_ws/install/link_fake_control_bridge:/home/neubility/nb_devel_ws/install/groot:/home/neubility/nb_devel_ws/install/autonomy_ros2_message:/opt/ros/eloquent'), ('ORIGINAL_XDG_CURRENT_DESKTOP', 'ubuntu:GNOME'), ('SSH_AUTH_SOCK', '/run/user/1000/keyring/ssh'), ('ROS_DOMAIN_ID', '142'), ('LC_NAME', 'ko_KR.UTF-8'), ('SHELL', '/bin/bash'), ('QT_ACCESSIBILITY', '1'), ('GDMSESSION', 'ubuntu'), ('LESSCLOSE', '/usr/bin/lesspipe %s %s'), ('LC_MEASUREMENT', 'ko_KR.UTF-8'), ('TEXTDOMAINDIR', '/usr/share/locale/'), ('GJS_DEBUG_OUTPUT', 'stderr'), ('GPG_AGENT_INFO', '/run/user/1000/gnupg/S.gpg-agent:0:1'), ('LC_IDENTIFICATION', 'ko_KR.UTF-8'), ('VSCODE_GIT_ASKPASS_EXTRA_ARGS', '--ms-enable-electron-run-as-node'), ('XDG_VTNR', '1'), ('QT_IM_MODULE', 'ibus'), ('LC_ALL', 'en_US.UTF-8'), ('PWD', '/home/neubility/path_planning_ws/path_planning/build/pso_planner_pkg'), ('CLUTTER_IM_MODULE', 'xim'), ('XDG_DATA_DIRS', '/usr/share/ubuntu:/usr/local/share/:/usr/share/:/var/lib/snapd/desktop'), ('XDG_CONFIG_DIRS', '/etc/xdg/xdg-ubuntu:/etc/xdg'), ('PASSWORD', 'a'), ('LC_NUMERIC', 'ko_KR.UTF-8'), ('PYTHONPATH', '/home/neubility/nb_devel_ws/install/autonomy_ros2_message/lib/python3.6/site-packages:/opt/ros/eloquent/lib/python3.6/site-packages'), ('LC_PAPER', 'ko_KR.UTF-8'), ('BREAKPAD_DUMP_LOCATION', '/home/neubility/.config/Code/exthost Crash Reports'), ('COLCON', '1'), ('CMAKE_PREFIX_PATH', '/home/neubility/nb_devel_ws/install/parameter_manager:/home/neubility/nb_devel_ws/install/neubie1_model:/home/neubility/nb_devel_ws/install/nb_platform_pkg:/home/neubility/nb_devel_ws/install/nb_global_planner_connector:/home/neubility/nb_devel_ws/install/link_fake_utm_pose_generator:/home/neubility/nb_devel_ws/install/link_fake_global_localization:/home/neubility/nb_devel_ws/install/link_util:/home/neubility/nb_devel_ws/install/link_simulation:/home/neubility/nb_devel_ws/install/link_fake_sensor_broadcaster:/home/neubility/nb_devel_ws/install/link_fake_cover_motor:/home/neubility/nb_devel_ws/install/link_fake_control_bridge:/home/neubility/nb_devel_ws/install/groot:/home/neubility/nb_devel_ws/install/autonomy_ros2_message:/opt/ros/eloquent')]), 'shell': False}
[8.431570] (-) TimerEvent: {}
[8.470141] (pso_planner_pkg) StdoutLine: {'line': b'[100%] Built target pso_planner_pkg\n'}
[8.488155] (pso_planner_pkg) StdoutLine: {'line': b'\x1b[36mInstall the project...\x1b[0m\n'}
[8.500173] (pso_planner_pkg) StdoutLine: {'line': b'-- Install configuration: "Debug"\n'}
[8.500468] (pso_planner_pkg) StdoutLine: {'line': b'-- Installing: /home/neubility/path_planning_ws/path_planning/install/pso_planner_pkg/lib/pso_planner_pkg/pso_planner_pkg\n'}
[8.509733] (pso_planner_pkg) StdoutLine: {'line': b'-- Set runtime path of "/home/neubility/path_planning_ws/path_planning/install/pso_planner_pkg/lib/pso_planner_pkg/pso_planner_pkg" to ""\n'}
[8.510077] (pso_planner_pkg) StdoutLine: {'line': b'-- Up-to-date: /home/neubility/path_planning_ws/path_planning/install/pso_planner_pkg/share/pso_planner_pkg/launch\n'}
[8.510282] (pso_planner_pkg) StdoutLine: {'line': b'-- Up-to-date: /home/neubility/path_planning_ws/path_planning/install/pso_planner_pkg/share/ament_index/resource_index/package_run_dependencies/pso_planner_pkg\n'}
[8.510469] (pso_planner_pkg) StdoutLine: {'line': b'-- Up-to-date: /home/neubility/path_planning_ws/path_planning/install/pso_planner_pkg/share/ament_index/resource_index/parent_prefix_path/pso_planner_pkg\n'}
[8.510537] (pso_planner_pkg) StdoutLine: {'line': b'-- Up-to-date: /home/neubility/path_planning_ws/path_planning/install/pso_planner_pkg/share/pso_planner_pkg/environment/ament_prefix_path.sh\n'}
[8.510602] (pso_planner_pkg) StdoutLine: {'line': b'-- Up-to-date: /home/neubility/path_planning_ws/path_planning/install/pso_planner_pkg/share/pso_planner_pkg/environment/ament_prefix_path.dsv\n'}
[8.510772] (pso_planner_pkg) StdoutLine: {'line': b'-- Up-to-date: /home/neubility/path_planning_ws/path_planning/install/pso_planner_pkg/share/pso_planner_pkg/environment/path.sh\n'}
[8.510900] (pso_planner_pkg) StdoutLine: {'line': b'-- Up-to-date: /home/neubility/path_planning_ws/path_planning/install/pso_planner_pkg/share/pso_planner_pkg/environment/path.dsv\n'}
[8.510982] (pso_planner_pkg) StdoutLine: {'line': b'-- Up-to-date: /home/neubility/path_planning_ws/path_planning/install/pso_planner_pkg/share/pso_planner_pkg/local_setup.bash\n'}
[8.511096] (pso_planner_pkg) StdoutLine: {'line': b'-- Up-to-date: /home/neubility/path_planning_ws/path_planning/install/pso_planner_pkg/share/pso_planner_pkg/local_setup.sh\n'}
[8.511206] (pso_planner_pkg) StdoutLine: {'line': b'-- Up-to-date: /home/neubility/path_planning_ws/path_planning/install/pso_planner_pkg/share/pso_planner_pkg/local_setup.zsh\n'}
[8.511270] (pso_planner_pkg) StdoutLine: {'line': b'-- Up-to-date: /home/neubility/path_planning_ws/path_planning/install/pso_planner_pkg/share/pso_planner_pkg/local_setup.dsv\n'}
[8.511387] (pso_planner_pkg) StdoutLine: {'line': b'-- Installing: /home/neubility/path_planning_ws/path_planning/install/pso_planner_pkg/share/pso_planner_pkg/package.dsv\n'}
[8.511446] (pso_planner_pkg) StdoutLine: {'line': b'-- Up-to-date: /home/neubility/path_planning_ws/path_planning/install/pso_planner_pkg/share/ament_index/resource_index/packages/pso_planner_pkg\n'}
[8.511502] (pso_planner_pkg) StdoutLine: {'line': b'-- Up-to-date: /home/neubility/path_planning_ws/path_planning/install/pso_planner_pkg/share/pso_planner_pkg/cmake/pso_planner_pkgConfig.cmake\n'}
[8.511606] (pso_planner_pkg) StdoutLine: {'line': b'-- Up-to-date: /home/neubility/path_planning_ws/path_planning/install/pso_planner_pkg/share/pso_planner_pkg/cmake/pso_planner_pkgConfig-version.cmake\n'}
[8.511833] (pso_planner_pkg) StdoutLine: {'line': b'-- Up-to-date: /home/neubility/path_planning_ws/path_planning/install/pso_planner_pkg/share/pso_planner_pkg/package.xml\n'}
[8.514682] (pso_planner_pkg) CommandEnded: {'returncode': 0}
[8.531710] (-) TimerEvent: {}
[8.596644] (pso_planner_pkg) JobEnded: {'identifier': 'pso_planner_pkg', 'rc': 0}
[8.598533] (-) EventReactorShutdown: {}
