[0.028s] Invoking command in '/home/neubility/path_planning_ws/path_planning/build/grid_algorithm_pkg': /usr/bin/cmake /home/neubility/path_planning_ws/path_planning/src/grid_algorithm_pkg -DCATKIN_INSTALL_INTO_PREFIX_ROOT=0 -DCMAKE_INSTALL_PREFIX=/home/neubility/path_planning_ws/path_planning/install/grid_algorithm_pkg
[0.082s] -- The C compiler identification is GNU 7.5.0
[0.132s] -- The CXX compiler identification is GNU 7.5.0
[0.136s] -- Check for working C compiler: /usr/bin/cc
[0.202s] -- Check for working C compiler: /usr/bin/cc -- works
[0.202s] -- Detecting C compiler ABI info
[0.268s] -- Detecting C compiler ABI info - done
[0.275s] -- Detecting C compile features
[0.464s] -- Detecting C compile features - done
[0.466s] -- Check for working CXX compiler: /usr/bin/c++
[0.534s] -- Check for working CXX compiler: /usr/bin/c++ -- works
[0.534s] -- Detecting CXX compiler ABI info
[0.608s] -- Detecting CXX compiler ABI info - done
[0.617s] -- Detecting CXX compile features
[0.950s] -- Detecting CXX compile features - done
[0.964s] -- Found OpenCV: /usr (found version "3.2.0") 
[0.968s] CMake Error at CMakeLists.txt:8 (find_package):
[0.968s]   By not providing "Findcatkin.cmake" in CMAKE_MODULE_PATH this project has
[0.969s]   asked CMake to find a package configuration file provided by "catkin", but
[0.969s]   CMake did not find one.
[0.969s] 
[0.969s]   Could not find a package configuration file provided by "catkin" with any
[0.969s]   of the following names:
[0.969s] 
[0.969s]     catkinConfig.cmake
[0.969s]     catkin-config.cmake
[0.969s] 
[0.969s]   Add the installation prefix of "catkin" to CMAKE_PREFIX_PATH or set
[0.969s]   "catkin_DIR" to a directory containing one of the above files.  If "catkin"
[0.969s]   provides a separate development package or SDK, be sure it has been
[0.969s]   installed.
[0.969s] 
[0.970s] 
[0.970s] -- Configuring incomplete, errors occurred!
[0.970s] See also "/home/neubility/path_planning_ws/path_planning/build/grid_algorithm_pkg/CMakeFiles/CMakeOutput.log".
[0.971s] Invoked command in '/home/neubility/path_planning_ws/path_planning/build/grid_algorithm_pkg' returned '1': /usr/bin/cmake /home/neubility/path_planning_ws/path_planning/src/grid_algorithm_pkg -DCATKIN_INSTALL_INTO_PREFIX_ROOT=0 -DCMAKE_INSTALL_PREFIX=/home/neubility/path_planning_ws/path_planning/install/grid_algorithm_pkg
