[0.028s] Invoking command in '/home/neubility/path_planning_ws/path_planning/build/hybrid_a_star_algorithm_pkg': CMAKE_PREFIX_PATH=/opt/ros/eloquent /usr/bin/cmake /home/neubility/path_planning_ws/path_planning/src/hybrid_a_star_algorithm_pkg -DCMAKE_INSTALL_PREFIX=/home/neubility/path_planning_ws/path_planning/install/hybrid_a_star_algorithm_pkg
[0.080s] -- The C compiler identification is GNU 7.5.0
[0.128s] -- The CXX compiler identification is GNU 7.5.0
[0.131s] -- Check for working C compiler: /usr/bin/cc
[0.202s] -- Check for working C compiler: /usr/bin/cc -- works
[0.203s] -- Detecting C compiler ABI info
[0.268s] -- Detecting C compiler ABI info - done
[0.272s] -- Detecting C compile features
[0.478s] -- Detecting C compile features - done
[0.481s] -- Check for working CXX compiler: /usr/bin/c++
[0.553s] -- Check for working CXX compiler: /usr/bin/c++ -- works
[0.553s] -- Detecting CXX compiler ABI info
[0.629s] -- Detecting CXX compiler ABI info - done
[0.635s] -- Detecting CXX compile features
[0.948s] -- Detecting CXX compile features - done
[0.951s] -- Found ament_cmake: 0.8.3 (/opt/ros/eloquent/share/ament_cmake/cmake)
[0.976s] -- Found PythonInterp: /usr/bin/python3 (found suitable version "3.6.9", minimum required is "3") 
[0.976s] -- Using PYTHON_EXECUTABLE: /usr/bin/python3
[1.135s] -- Found rclcpp: 0.8.5 (/opt/ros/eloquent/share/rclcpp/cmake)
[1.155s] -- Found rosidl_adapter: 0.8.3 (/opt/ros/eloquent/share/rosidl_adapter/cmake)
[1.184s] -- Found rmw_implementation_cmake: 0.8.1 (/opt/ros/eloquent/share/rmw_implementation_cmake/cmake)
[1.185s] -- Using RMW implementation 'rmw_cyclonedds_cpp' as default
[1.186s] -- Looking for pthread.h
[1.259s] -- Looking for pthread.h - found
[1.260s] -- Looking for pthread_create
[1.331s] -- Looking for pthread_create - not found
[1.331s] -- Looking for pthread_create in pthreads
[1.384s] -- Looking for pthread_create in pthreads - not found
[1.384s] -- Looking for pthread_create in pthread
[1.448s] -- Looking for pthread_create in pthread - found
[1.448s] -- Found Threads: TRUE  
[1.480s] -- Found std_msgs: 0.8.1 (/opt/ros/eloquent/share/std_msgs/cmake)
[1.486s] -- Found eigen3_cmake_module: 0.1.1 (/opt/ros/eloquent/share/eigen3_cmake_module/cmake)
[1.488s] -- Found Eigen3: TRUE (found version "3.3.4") 
[1.498s] -- Found OpenCV: /usr (found version "3.2.0") 
[1.571s] -- Configuring done
[1.582s] -- Generating done
[1.583s] -- Build files have been written to: /home/neubility/path_planning_ws/path_planning/build/hybrid_a_star_algorithm_pkg
