Determining if the pthread_create exist failed with the following output:
Change Dir: /home/neubility/path_planning_ws/path_planning/build/hybrid_a_star_algorithm_pkg/CMakeFiles/CMakeTmp

Run Build Command:"/usr/bin/make" "cmTC_b3fd3/fast"
/usr/bin/make -f CMakeFiles/cmTC_b3fd3.dir/build.make CMakeFiles/cmTC_b3fd3.dir/build
make[1]: Entering directory '/home/neubility/path_planning_ws/path_planning/build/hybrid_a_star_algorithm_pkg/CMakeFiles/CMakeTmp'
Building C object CMakeFiles/cmTC_b3fd3.dir/CheckSymbolExists.c.o
/usr/bin/cc    -o CMakeFiles/cmTC_b3fd3.dir/CheckSymbolExists.c.o   -c /home/neubility/path_planning_ws/path_planning/build/hybrid_a_star_algorithm_pkg/CMakeFiles/CMakeTmp/CheckSymbolExists.c
Linking C executable cmTC_b3fd3
/usr/bin/cmake -E cmake_link_script CMakeFiles/cmTC_b3fd3.dir/link.txt --verbose=1
/usr/bin/cc      CMakeFiles/cmTC_b3fd3.dir/CheckSymbolExists.c.o  -o cmTC_b3fd3 
CMakeFiles/cmTC_b3fd3.dir/CheckSymbolExists.c.o: In function `main':
CheckSymbolExists.c:(.text+0x1b): undefined reference to `pthread_create'
collect2: error: ld returned 1 exit status
CMakeFiles/cmTC_b3fd3.dir/build.make:97: recipe for target 'cmTC_b3fd3' failed
make[1]: *** [cmTC_b3fd3] Error 1
make[1]: Leaving directory '/home/neubility/path_planning_ws/path_planning/build/hybrid_a_star_algorithm_pkg/CMakeFiles/CMakeTmp'
Makefile:126: recipe for target 'cmTC_b3fd3/fast' failed
make: *** [cmTC_b3fd3/fast] Error 2

File /home/neubility/path_planning_ws/path_planning/build/hybrid_a_star_algorithm_pkg/CMakeFiles/CMakeTmp/CheckSymbolExists.c:
/* */
#include <pthread.h>

int main(int argc, char** argv)
{
  (void)argv;
#ifndef pthread_create
  return ((int*)(&pthread_create))[argc];
#else
  (void)argc;
  return 0;
#endif
}

Determining if the function pthread_create exists in the pthreads failed with the following output:
Change Dir: /home/neubility/path_planning_ws/path_planning/build/hybrid_a_star_algorithm_pkg/CMakeFiles/CMakeTmp

Run Build Command:"/usr/bin/make" "cmTC_cbfa8/fast"
/usr/bin/make -f CMakeFiles/cmTC_cbfa8.dir/build.make CMakeFiles/cmTC_cbfa8.dir/build
make[1]: Entering directory '/home/neubility/path_planning_ws/path_planning/build/hybrid_a_star_algorithm_pkg/CMakeFiles/CMakeTmp'
Building C object CMakeFiles/cmTC_cbfa8.dir/CheckFunctionExists.c.o
/usr/bin/cc   -DCHECK_FUNCTION_EXISTS=pthread_create   -o CMakeFiles/cmTC_cbfa8.dir/CheckFunctionExists.c.o   -c /usr/share/cmake-3.10/Modules/CheckFunctionExists.c
Linking C executable cmTC_cbfa8
/usr/bin/cmake -E cmake_link_script CMakeFiles/cmTC_cbfa8.dir/link.txt --verbose=1
/usr/bin/cc  -DCHECK_FUNCTION_EXISTS=pthread_create    CMakeFiles/cmTC_cbfa8.dir/CheckFunctionExists.c.o  -o cmTC_cbfa8 -lpthreads 
/usr/bin/ld: cannot find -lpthreads
collect2: error: ld returned 1 exit status
CMakeFiles/cmTC_cbfa8.dir/build.make:97: recipe for target 'cmTC_cbfa8' failed
make[1]: *** [cmTC_cbfa8] Error 1
make[1]: Leaving directory '/home/neubility/path_planning_ws/path_planning/build/hybrid_a_star_algorithm_pkg/CMakeFiles/CMakeTmp'
Makefile:126: recipe for target 'cmTC_cbfa8/fast' failed
make: *** [cmTC_cbfa8/fast] Error 2


