[0.015s] Invoking command in '/home/neubility/path_planning_ws/path_planning/build/pso_planner_pkg': CMAKE_PREFIX_PATH=${CMAKE_PREFIX_PATH}:/opt/ros/eloquent /usr/bin/cmake --build /home/neubility/path_planning_ws/path_planning/build/pso_planner_pkg -- -j16 -l16
[0.056s] [35m[1mScanning dependencies of target pso_planner_pkg[0m
[0.066s] [ 33%] [32mBuilding CXX object CMakeFiles/pso_planner_pkg.dir/src/main.cpp.o[0m
[0.331s] In file included from [01m[K/home/neubility/path_planning_ws/path_planning/src/pso_planner_pkg/src/main.cpp:8:0[m[K:
[0.332s] [01m[K/home/neubility/path_planning_ws/path_planning/src/pso_planner_pkg/include/pso_planner.hpp:[m[K In constructor ‘[01m[KPSOPlanner::PSOPlanner()[m[K’:
[0.332s] [01m[K/home/neubility/path_planning_ws/path_planning/src/pso_planner_pkg/include/pso_planner.hpp:103:15:[m[K [01;35m[Kwarning: [m[Kstatement has no effect [[01;35m[K-Wunused-value[m[K]
[0.332s]          [01;35m[Kthis->m_personal_best_array_index[m[K;
[0.332s]          [01;35m[K~~~~~~^~~~~~~~~~~~~~~~~~~~~~~~~~~[m[K
[0.332s] [01m[K/home/neubility/path_planning_ws/path_planning/src/pso_planner_pkg/include/pso_planner.hpp:104:15:[m[K [01;35m[Kwarning: [m[Kstatement has no effect [[01;35m[K-Wunused-value[m[K]
[0.332s]          [01;35m[Kthis->m_global_best_array_index[m[K;
[0.332s]          [01;35m[K~~~~~~^~~~~~~~~~~~~~~~~~~~~~~~~[m[K
[0.332s] [01m[K/home/neubility/path_planning_ws/path_planning/src/pso_planner_pkg/include/pso_planner.hpp:105:15:[m[K [01;35m[Kwarning: [m[Kstatement has no effect [[01;35m[K-Wunused-value[m[K]
[0.332s]          [01;35m[Kthis->m_swarm[m[K;
[0.333s]          [01;35m[K~~~~~~^~~~~~~[m[K
[0.334s] In file included from [01m[K/home/neubility/path_planning_ws/path_planning/src/pso_planner_pkg/src/main.cpp:8:0[m[K:
[0.335s] [01m[K/home/neubility/path_planning_ws/path_planning/src/pso_planner_pkg/include/pso_planner.hpp:[m[K In member function ‘[01m[Kvoid PSOPlanner::update_fitness_value()[m[K’:
[0.335s] [01m[K/home/neubility/path_planning_ws/path_planning/src/pso_planner_pkg/include/pso_planner.hpp:131:27:[m[K [01;35m[Kwarning: [m[Kcomparison between signed and unsigned integer expressions [[01;35m[K-Wsign-compare[m[K]
[0.335s]          for (int i = 0; [01;35m[Ki < m_swarm.size()[m[K; i++)
[0.335s]                          [01;35m[K~~^~~~~~~~~~~~~~~~[m[K
[0.335s] [01m[K/home/neubility/path_planning_ws/path_planning/src/pso_planner_pkg/include/pso_planner.hpp:133:31:[m[K [01;35m[Kwarning: [m[Kcomparison between signed and unsigned integer expressions [[01;35m[K-Wsign-compare[m[K]
[0.336s]              for (int j = 0; [01;35m[Kj < m_swarm[i].size()[m[K; j++)
[0.336s]                              [01;35m[K~~^~~~~~~~~~~~~~~~~~~[m[K
[0.336s] [01m[K/home/neubility/path_planning_ws/path_planning/src/pso_planner_pkg/include/pso_planner.hpp:139:56:[m[K [01;31m[Kerror: [m[Kcannot convert ‘[01m[K__gnu_cxx::__alloc_traits<std::allocator<Particles> >::value_type {aka Particles}[m[K’ to ‘[01m[Kfloat[m[K’ in initialization
[0.336s]                  float x_tmp = m_swarm[i][j].particles[0[01;31m[K][m[K;
[0.336s]                                                         [01;31m[K^[m[K
[0.336s] [01m[K/home/neubility/path_planning_ws/path_planning/src/pso_planner_pkg/include/pso_planner.hpp:141:115:[m[K [01;31m[Kerror: [m[K‘[01m[Ky_tmp[m[K’ was not declared in this scope
[0.336s]  ness = this->m_fitness_w1 * 1. / std::fabs(closed_obsts_xy.second - [01;31m[Ky_tmp[m[K) + this->m_fitness_w2 * std::fabs(pso_target_xy.second - y_tmp);
[0.336s]                                                                      [01;31m[K^~~~~[m[K
[0.336s] [01m[K/home/neubility/path_planning_ws/path_planning/src/pso_planner_pkg/include/pso_planner.hpp:141:115:[m[K [01;36m[Knote: [m[Ksuggested alternative: ‘[01m[Kx_tmp[m[K’
[0.337s]  ness = this->m_fitness_w1 * 1. / std::fabs(closed_obsts_xy.second - [01;36m[Ky_tmp[m[K) + this->m_fitness_w2 * std::fabs(pso_target_xy.second - y_tmp);
[0.337s]                                                                      [01;36m[K^~~~~[m[K
[0.337s]                                                                                                                    [32m[Kx_tmp[m[K
[0.345s] [01m[K/home/neubility/path_planning_ws/path_planning/src/pso_planner_pkg/include/pso_planner.hpp:201:27:[m[K [01;35m[Kwarning: [m[Kcomparison between signed and unsigned integer expressions [[01;35m[K-Wsign-compare[m[K]
[0.345s]          for (int i = 0; [01;35m[Ki < x_swarm.size()[m[K; i++)
[0.345s]                          [01;35m[K~~^~~~~~~~~~~~~~~~[m[K
[0.345s] [01m[K/home/neubility/path_planning_ws/path_planning/src/pso_planner_pkg/include/pso_planner.hpp:202:31:[m[K [01;35m[Kwarning: [m[Kcomparison between signed and unsigned integer expressions [[01;35m[K-Wsign-compare[m[K]
[0.345s]              for (int j = 0; [01;35m[Kj < x_swarm[i].size()[m[K; j++)
[0.345s]                              [01;35m[K~~^~~~~~~~~~~~~~~~~~~[m[K
[0.345s] [01m[K/home/neubility/path_planning_ws/path_planning/src/pso_planner_pkg/include/pso_planner.hpp:209:27:[m[K [01;35m[Kwarning: [m[Kcomparison between signed and unsigned integer expressions [[01;35m[K-Wsign-compare[m[K]
[0.345s]          for (int i = 0; [01;35m[Ki < y_swarm.size()[m[K; i++)
[0.346s]                          [01;35m[K~~^~~~~~~~~~~~~~~~[m[K
[0.346s] [01m[K/home/neubility/path_planning_ws/path_planning/src/pso_planner_pkg/include/pso_planner.hpp:210:31:[m[K [01;35m[Kwarning: [m[Kcomparison between signed and unsigned integer expressions [[01;35m[K-Wsign-compare[m[K]
[0.346s]              for (int j = 0; [01;35m[Kj < y_swarm[i].size()[m[K; j++)
[0.346s]                              [01;35m[K~~^~~~~~~~~~~~~~~~~~~[m[K
[1.051s] [01m[K/home/neubility/path_planning_ws/path_planning/src/pso_planner_pkg/src/main.cpp:[m[K In function ‘[01m[Kint main(int, char**)[m[K’:
[1.051s] [01m[K/home/neubility/path_planning_ws/path_planning/src/pso_planner_pkg/src/main.cpp:290:23:[m[K [01;35m[Kwarning: [m[Kcomparison between signed and unsigned integer expressions [[01;35m[K-Wsign-compare[m[K]
[1.051s]      for (int i = 0; [01;35m[Ki < pso_result_path_points.size() - 1[m[K; i++)
[1.051s]                      [01;35m[K~~^~~~~~~~~~~~~~~~~~~~~~~~~~~~~~~~~~~[m[K
[1.051s] [01m[K/home/neubility/path_planning_ws/path_planning/src/pso_planner_pkg/src/main.cpp:83:9:[m[K [01;35m[Kwarning: [m[Kunused variable ‘[01m[Koccupancy_grid_map_width[m[K’ [[01;35m[K-Wunused-variable[m[K]
[1.051s]      int [01;35m[Koccupancy_grid_map_width[m[K = 959;
[1.051s]          [01;35m[K^~~~~~~~~~~~~~~~~~~~~~~~[m[K
[1.051s] [01m[K/home/neubility/path_planning_ws/path_planning/src/pso_planner_pkg/src/main.cpp:84:9:[m[K [01;35m[Kwarning: [m[Kunused variable ‘[01m[Koccupancy_grid_map_height[m[K’ [[01;35m[K-Wunused-variable[m[K]
[1.051s]      int [01;35m[Koccupancy_grid_map_height[m[K = 538;
[1.051s]          [01;35m[K^~~~~~~~~~~~~~~~~~~~~~~~~[m[K
[1.052s] [01m[K/home/neubility/path_planning_ws/path_planning/src/pso_planner_pkg/src/main.cpp:139:9:[m[K [01;35m[Kwarning: [m[Kunused variable ‘[01m[Kinit_pos_x[m[K’ [[01;35m[K-Wunused-variable[m[K]
[1.052s]      int [01;35m[Kinit_pos_x[m[K = waypoints[0].first;
[1.052s]          [01;35m[K^~~~~~~~~~[m[K
[1.052s] [01m[K/home/neubility/path_planning_ws/path_planning/src/pso_planner_pkg/src/main.cpp:140:9:[m[K [01;35m[Kwarning: [m[Kunused variable ‘[01m[Kinit_pos_y[m[K’ [[01;35m[K-Wunused-variable[m[K]
[1.052s]      int [01;35m[Kinit_pos_y[m[K = waypoints[0].second;
[1.052s]          [01;35m[K^~~~~~~~~~[m[K
[1.052s] [01m[K/home/neubility/path_planning_ws/path_planning/src/pso_planner_pkg/src/main.cpp:141:9:[m[K [01;35m[Kwarning: [m[Kunused variable ‘[01m[Ktarget_x[m[K’ [[01;35m[K-Wunused-variable[m[K]
[1.052s]      int [01;35m[Ktarget_x[m[K = waypoints[waypoints.size() - 5].first;
[1.052s]          [01;35m[K^~~~~~~~[m[K
[1.052s] [01m[K/home/neubility/path_planning_ws/path_planning/src/pso_planner_pkg/src/main.cpp:142:9:[m[K [01;35m[Kwarning: [m[Kunused variable ‘[01m[Ktarget_y[m[K’ [[01;35m[K-Wunused-variable[m[K]
[1.052s]      int [01;35m[Ktarget_y[m[K = waypoints[waypoints.size() - 5].second;
[1.052s]          [01;35m[K^~~~~~~~[m[K
[3.322s] CMakeFiles/pso_planner_pkg.dir/build.make:62: recipe for target 'CMakeFiles/pso_planner_pkg.dir/src/main.cpp.o' failed
[3.323s] make[2]: *** [CMakeFiles/pso_planner_pkg.dir/src/main.cpp.o] Error 1
[3.323s] make[1]: *** [CMakeFiles/pso_planner_pkg.dir/all] Error 2
[3.323s] make: *** [all] Error 2
[3.323s] CMakeFiles/Makefile2:131: recipe for target 'CMakeFiles/pso_planner_pkg.dir/all' failed
[3.323s] Makefile:140: recipe for target 'all' failed
[3.326s] Invoked command in '/home/neubility/path_planning_ws/path_planning/build/pso_planner_pkg' returned '2': CMAKE_PREFIX_PATH=${CMAKE_PREFIX_PATH}:/opt/ros/eloquent /usr/bin/cmake --build /home/neubility/path_planning_ws/path_planning/build/pso_planner_pkg -- -j16 -l16
