[0.041s] Invoking command in '/home/neubility/path_planning_ws/path_planning/src/build/pso_planner_pkg': /usr/bin/cmake /home/neubility/path_planning_ws/path_planning/src/pso_planner_pkg -DCATKIN_INSTALL_INTO_PREFIX_ROOT=0 -DCMAKE_INSTALL_PREFIX=/home/neubility/path_planning_ws/path_planning/src/install/pso_planner_pkg
[0.103s] -- The C compiler identification is GNU 7.5.0
[0.163s] -- The CXX compiler identification is GNU 7.5.0
[0.167s] -- Check for working C compiler: /usr/bin/cc
[0.228s] -- Check for working C compiler: /usr/bin/cc -- works
[0.228s] -- Detecting C compiler ABI info
[0.300s] -- Detecting C compiler ABI info - done
[0.309s] -- Detecting C compile features
[0.512s] -- Detecting C compile features - done
[0.514s] -- Check for working CXX compiler: /usr/bin/c++
[0.591s] -- Check for working CXX compiler: /usr/bin/c++ -- works
[0.592s] -- Detecting CXX compiler ABI info
[0.666s] -- Detecting CXX compiler ABI info - done
[0.672s] -- Detecting CXX compile features
[1.002s] -- Detecting CXX compile features - done
[1.016s] -- Found OpenCV: /usr (found version "3.2.0") 
[1.020s] CMake Error at CMakeLists.txt:8 (find_package):
[1.021s]   By not providing "Findcatkin.cmake" in CMAKE_MODULE_PATH this project has
[1.021s]   asked CMake to find a package configuration file provided by "catkin", but
[1.021s]   CMake did not find one.
[1.021s] 
[1.021s]   Could not find a package configuration file provided by "catkin" with any
[1.021s]   of the following names:
[1.021s] 
[1.021s]     catkinConfig.cmake
[1.021s]     catkin-config.cmake
[1.021s] 
[1.022s]   Add the installation prefix of "catkin" to CMAKE_PREFIX_PATH or set
[1.022s]   "catkin_DIR" to a directory containing one of the above files.  If "catkin"
[1.022s]   provides a separate development package or SDK, be sure it has been
[1.022s]   installed.
[1.022s] 
[1.023s] 
[1.023s] -- Configuring incomplete, errors occurred!
[1.023s] See also "/home/neubility/path_planning_ws/path_planning/src/build/pso_planner_pkg/CMakeFiles/CMakeOutput.log".
[1.033s] Invoked command in '/home/neubility/path_planning_ws/path_planning/src/build/pso_planner_pkg' returned '1': /usr/bin/cmake /home/neubility/path_planning_ws/path_planning/src/pso_planner_pkg -DCATKIN_INSTALL_INTO_PREFIX_ROOT=0 -DCMAKE_INSTALL_PREFIX=/home/neubility/path_planning_ws/path_planning/src/install/pso_planner_pkg
