[0.125s] DEBUG:colcon:Command line arguments: ['/usr/bin/colcon', 'build', '--packages-select', 'hybrid_a_star_algorithm_pkg']
[0.126s] DEBUG:colcon:Parsed command line arguments: Namespace(ament_cmake_args=None, base_paths=['.'], build_base='build', catkin_cmake_args=None, catkin_skip_building_tests=False, cmake_args=None, cmake_clean_cache=False, cmake_clean_first=False, cmake_force_configure=False, cmake_target=None, cmake_target_skip_unavailable=False, continue_on_error=False, event_handlers=None, executor='parallel', ignore_user_meta=False, install_base='install', log_base=None, log_level=None, main=<bound method BuildVerb.main of <colcon_core.verb.build.BuildVerb object at 0x7f6f822fe978>>, merge_install=False, metas=['./colcon.meta'], packages_above=None, packages_above_and_dependencies=None, packages_above_depth=None, packages_end=None, packages_ignore=None, packages_ignore_regex=None, packages_select=['hybrid_a_star_algorithm_pkg'], packages_select_build_failed=False, packages_select_by_dep=None, packages_select_regex=None, packages_select_test_failures=False, packages_skip=None, packages_skip_build_finished=False, packages_skip_by_dep=None, packages_skip_regex=None, packages_skip_test_passed=False, packages_skip_up_to=None, packages_start=None, packages_up_to=None, packages_up_to_regex=None, parallel_workers=16, paths=None, symlink_install=False, test_result_base=None, verb_extension=<colcon_core.verb.build.BuildVerb object at 0x7f6f822fe978>, verb_name='build', verb_parser=<colcon_defaults.argument_parser.defaults.DefaultArgumentsDecorator object at 0x7f6f822fecc0>)
[0.129s] Level 1:colcon.colcon_core.package_discovery:discover_packages(colcon_meta) check parameters
[0.129s] Level 1:colcon.colcon_core.package_discovery:discover_packages(recursive) check parameters
[0.129s] Level 1:colcon.colcon_core.package_discovery:discover_packages(ignore) check parameters
[0.129s] Level 1:colcon.colcon_core.package_discovery:discover_packages(path) check parameters
[0.129s] Level 1:colcon.colcon_core.package_discovery:discover_packages(colcon_meta) discover
[0.130s] Level 1:colcon.colcon_core.package_discovery:discover_packages(recursive) discover
[0.130s] INFO:colcon.colcon_core.package_discovery:Crawling recursively for packages in '/home/neubility/path_planning_ws/path_planning/src'
[0.130s] Level 1:colcon.colcon_core.package_identification:_identify(.) by extensions ['ignore', 'ignore_ament_install']
[0.130s] Level 1:colcon.colcon_core.package_identification:_identify(.) by extension 'ignore'
[0.130s] Level 1:colcon.colcon_core.package_identification:_identify(.) by extension 'ignore_ament_install'
[0.130s] Level 1:colcon.colcon_core.package_identification:_identify(.) by extensions ['colcon_pkg']
[0.130s] Level 1:colcon.colcon_core.package_identification:_identify(.) by extension 'colcon_pkg'
[0.130s] Level 1:colcon.colcon_core.package_identification:_identify(.) by extensions ['colcon_meta']
[0.130s] Level 1:colcon.colcon_core.package_identification:_identify(.) by extension 'colcon_meta'
[0.130s] Level 1:colcon.colcon_core.package_identification:_identify(.) by extensions ['ros']
[0.130s] Level 1:colcon.colcon_core.package_identification:_identify(.) by extension 'ros'
[0.138s] Level 1:colcon.colcon_core.package_identification:_identify(.) by extensions ['cmake', 'python']
[0.138s] Level 1:colcon.colcon_core.package_identification:_identify(.) by extension 'cmake'
[0.138s] Level 1:colcon.colcon_core.package_identification:_identify(.) by extension 'python'
[0.138s] Level 1:colcon.colcon_core.package_identification:_identify(.) by extensions ['python_setup_py']
[0.138s] Level 1:colcon.colcon_core.package_identification:_identify(.) by extension 'python_setup_py'
[0.138s] Level 1:colcon.colcon_core.package_identification:_identify(a_star_algorithm_pkg) by extensions ['ignore', 'ignore_ament_install']
[0.138s] Level 1:colcon.colcon_core.package_identification:_identify(a_star_algorithm_pkg) by extension 'ignore'
[0.138s] Level 1:colcon.colcon_core.package_identification:_identify(a_star_algorithm_pkg) by extension 'ignore_ament_install'
[0.138s] Level 1:colcon.colcon_core.package_identification:_identify(a_star_algorithm_pkg) by extensions ['colcon_pkg']
[0.138s] Level 1:colcon.colcon_core.package_identification:_identify(a_star_algorithm_pkg) by extension 'colcon_pkg'
[0.138s] Level 1:colcon.colcon_core.package_identification:_identify(a_star_algorithm_pkg) by extensions ['colcon_meta']
[0.138s] Level 1:colcon.colcon_core.package_identification:_identify(a_star_algorithm_pkg) by extension 'colcon_meta'
[0.138s] Level 1:colcon.colcon_core.package_identification:_identify(a_star_algorithm_pkg) by extensions ['ros']
[0.138s] Level 1:colcon.colcon_core.package_identification:_identify(a_star_algorithm_pkg) by extension 'ros'
[0.140s] DEBUG:colcon.colcon_core.package_identification:Package 'a_star_algorithm_pkg' with type 'ros.catkin' and name 'a_star_algorithm_pkg'
[0.140s] Level 1:colcon.colcon_core.package_identification:_identify(build) by extensions ['ignore', 'ignore_ament_install']
[0.140s] Level 1:colcon.colcon_core.package_identification:_identify(build) by extension 'ignore'
[0.140s] Level 1:colcon.colcon_core.package_identification:_identify(build) ignored
[0.140s] Level 1:colcon.colcon_core.package_identification:_identify(genetic_algorithm_pkg) by extensions ['ignore', 'ignore_ament_install']
[0.140s] Level 1:colcon.colcon_core.package_identification:_identify(genetic_algorithm_pkg) by extension 'ignore'
[0.140s] Level 1:colcon.colcon_core.package_identification:_identify(genetic_algorithm_pkg) by extension 'ignore_ament_install'
[0.141s] Level 1:colcon.colcon_core.package_identification:_identify(genetic_algorithm_pkg) by extensions ['colcon_pkg']
[0.141s] Level 1:colcon.colcon_core.package_identification:_identify(genetic_algorithm_pkg) by extension 'colcon_pkg'
[0.141s] Level 1:colcon.colcon_core.package_identification:_identify(genetic_algorithm_pkg) by extensions ['colcon_meta']
[0.141s] Level 1:colcon.colcon_core.package_identification:_identify(genetic_algorithm_pkg) by extension 'colcon_meta'
[0.141s] Level 1:colcon.colcon_core.package_identification:_identify(genetic_algorithm_pkg) by extensions ['ros']
[0.141s] Level 1:colcon.colcon_core.package_identification:_identify(genetic_algorithm_pkg) by extension 'ros'
[0.141s] DEBUG:colcon.colcon_core.package_identification:Package 'genetic_algorithm_pkg' with type 'ros.catkin' and name 'genetic_algorithm_pkg'
[0.142s] Level 1:colcon.colcon_core.package_identification:_identify(grid_algorithm_pkg) by extensions ['ignore', 'ignore_ament_install']
[0.142s] Level 1:colcon.colcon_core.package_identification:_identify(grid_algorithm_pkg) by extension 'ignore'
[0.142s] Level 1:colcon.colcon_core.package_identification:_identify(grid_algorithm_pkg) by extension 'ignore_ament_install'
[0.142s] Level 1:colcon.colcon_core.package_identification:_identify(grid_algorithm_pkg) by extensions ['colcon_pkg']
[0.142s] Level 1:colcon.colcon_core.package_identification:_identify(grid_algorithm_pkg) by extension 'colcon_pkg'
[0.142s] Level 1:colcon.colcon_core.package_identification:_identify(grid_algorithm_pkg) by extensions ['colcon_meta']
[0.142s] Level 1:colcon.colcon_core.package_identification:_identify(grid_algorithm_pkg) by extension 'colcon_meta'
[0.142s] Level 1:colcon.colcon_core.package_identification:_identify(grid_algorithm_pkg) by extensions ['ros']
[0.142s] Level 1:colcon.colcon_core.package_identification:_identify(grid_algorithm_pkg) by extension 'ros'
[0.142s] DEBUG:colcon.colcon_core.package_identification:Package 'grid_algorithm_pkg' with type 'ros.catkin' and name 'grid_algorithm_pkg'
[0.142s] Level 1:colcon.colcon_core.package_identification:_identify(hybrid_a_star_algorithm_pkg) by extensions ['ignore', 'ignore_ament_install']
[0.143s] Level 1:colcon.colcon_core.package_identification:_identify(hybrid_a_star_algorithm_pkg) by extension 'ignore'
[0.143s] Level 1:colcon.colcon_core.package_identification:_identify(hybrid_a_star_algorithm_pkg) by extension 'ignore_ament_install'
[0.143s] Level 1:colcon.colcon_core.package_identification:_identify(hybrid_a_star_algorithm_pkg) by extensions ['colcon_pkg']
[0.143s] Level 1:colcon.colcon_core.package_identification:_identify(hybrid_a_star_algorithm_pkg) by extension 'colcon_pkg'
[0.143s] Level 1:colcon.colcon_core.package_identification:_identify(hybrid_a_star_algorithm_pkg) by extensions ['colcon_meta']
[0.143s] Level 1:colcon.colcon_core.package_identification:_identify(hybrid_a_star_algorithm_pkg) by extension 'colcon_meta'
[0.143s] Level 1:colcon.colcon_core.package_identification:_identify(hybrid_a_star_algorithm_pkg) by extensions ['ros']
[0.143s] Level 1:colcon.colcon_core.package_identification:_identify(hybrid_a_star_algorithm_pkg) by extension 'ros'
[0.143s] DEBUG:colcon.colcon_core.package_identification:Failed to parse potential ROS package manifest in'hybrid_a_star_algorithm_pkg': Error(s) in package 'hybrid_a_star_algorithm_pkg/package.xml':
Error(s):
- The manifest of package "hybrid_a_star_algorithm_pkg" (with format version 1) must not contain the following tags: exec_depend
- Either update to a newer format or replace <exec_depend> tags with <run_depend> tags.
[0.143s] Level 1:colcon.colcon_core.package_identification:_identify(hybrid_a_star_algorithm_pkg) by extensions ['cmake', 'python']
[0.143s] Level 1:colcon.colcon_core.package_identification:_identify(hybrid_a_star_algorithm_pkg) by extension 'cmake'
[0.160s] Level 1:colcon.colcon_core.package_identification:_identify(hybrid_a_star_algorithm_pkg) by extension 'python'
[0.160s] DEBUG:colcon.colcon_core.package_identification:Package 'hybrid_a_star_algorithm_pkg' with type 'cmake' and name 'hybrid_a_star_algorithm_pkg'
[0.160s] Level 1:colcon.colcon_core.package_identification:_identify(install) by extensions ['ignore', 'ignore_ament_install']
[0.160s] Level 1:colcon.colcon_core.package_identification:_identify(install) by extension 'ignore'
[0.160s] Level 1:colcon.colcon_core.package_identification:_identify(install) ignored
[0.160s] Level 1:colcon.colcon_core.package_identification:_identify(log) by extensions ['ignore', 'ignore_ament_install']
[0.160s] Level 1:colcon.colcon_core.package_identification:_identify(log) by extension 'ignore'
[0.160s] Level 1:colcon.colcon_core.package_identification:_identify(log) ignored
[0.160s] Level 1:colcon.colcon_core.package_identification:_identify(pso_planner_pkg) by extensions ['ignore', 'ignore_ament_install']
[0.160s] Level 1:colcon.colcon_core.package_identification:_identify(pso_planner_pkg) by extension 'ignore'
[0.160s] Level 1:colcon.colcon_core.package_identification:_identify(pso_planner_pkg) by extension 'ignore_ament_install'
[0.161s] Level 1:colcon.colcon_core.package_identification:_identify(pso_planner_pkg) by extensions ['colcon_pkg']
[0.161s] Level 1:colcon.colcon_core.package_identification:_identify(pso_planner_pkg) by extension 'colcon_pkg'
[0.161s] Level 1:colcon.colcon_core.package_identification:_identify(pso_planner_pkg) by extensions ['colcon_meta']
[0.161s] Level 1:colcon.colcon_core.package_identification:_identify(pso_planner_pkg) by extension 'colcon_meta'
[0.161s] Level 1:colcon.colcon_core.package_identification:_identify(pso_planner_pkg) by extensions ['ros']
[0.161s] Level 1:colcon.colcon_core.package_identification:_identify(pso_planner_pkg) by extension 'ros'
[0.161s] DEBUG:colcon.colcon_core.package_identification:Package 'pso_planner_pkg' with type 'ros.catkin' and name 'pso_planner_pkg'
[0.161s] Level 1:colcon.colcon_core.package_discovery:discover_packages(recursive) using defaults
[0.161s] Level 1:colcon.colcon_core.package_discovery:discover_packages(ignore) discover
[0.161s] Level 1:colcon.colcon_core.package_discovery:discover_packages(ignore) using defaults
[0.161s] Level 1:colcon.colcon_core.package_discovery:discover_packages(path) discover
[0.161s] Level 1:colcon.colcon_core.package_discovery:discover_packages(path) using defaults
[0.175s] INFO:colcon.colcon_core.package_selection:Skipping not selected package 'a_star_algorithm_pkg' in 'a_star_algorithm_pkg'
[0.175s] INFO:colcon.colcon_core.package_selection:Skipping not selected package 'genetic_algorithm_pkg' in 'genetic_algorithm_pkg'
[0.175s] INFO:colcon.colcon_core.package_selection:Skipping not selected package 'grid_algorithm_pkg' in 'grid_algorithm_pkg'
[0.175s] INFO:colcon.colcon_core.package_selection:Skipping not selected package 'pso_planner_pkg' in 'pso_planner_pkg'
[0.177s] Level 5:colcon.colcon_core.verb:set package 'hybrid_a_star_algorithm_pkg' build argument 'cmake_args' from command line to 'None'
[0.177s] Level 5:colcon.colcon_core.verb:set package 'hybrid_a_star_algorithm_pkg' build argument 'cmake_target' from command line to 'None'
[0.177s] Level 5:colcon.colcon_core.verb:set package 'hybrid_a_star_algorithm_pkg' build argument 'cmake_target_skip_unavailable' from command line to 'False'
[0.177s] Level 5:colcon.colcon_core.verb:set package 'hybrid_a_star_algorithm_pkg' build argument 'cmake_clean_cache' from command line to 'False'
[0.177s] Level 5:colcon.colcon_core.verb:set package 'hybrid_a_star_algorithm_pkg' build argument 'cmake_clean_first' from command line to 'False'
[0.177s] Level 5:colcon.colcon_core.verb:set package 'hybrid_a_star_algorithm_pkg' build argument 'cmake_force_configure' from command line to 'False'
[0.177s] Level 5:colcon.colcon_core.verb:set package 'hybrid_a_star_algorithm_pkg' build argument 'ament_cmake_args' from command line to 'None'
[0.177s] Level 5:colcon.colcon_core.verb:set package 'hybrid_a_star_algorithm_pkg' build argument 'catkin_cmake_args' from command line to 'None'
[0.177s] Level 5:colcon.colcon_core.verb:set package 'hybrid_a_star_algorithm_pkg' build argument 'catkin_skip_building_tests' from command line to 'False'
[0.177s] DEBUG:colcon.colcon_core.verb:Building package 'hybrid_a_star_algorithm_pkg' with the following arguments: {'ament_cmake_args': None, 'build_base': '/home/neubility/path_planning_ws/path_planning/src/build/hybrid_a_star_algorithm_pkg', 'catkin_cmake_args': None, 'catkin_skip_building_tests': False, 'cmake_args': None, 'cmake_clean_cache': False, 'cmake_clean_first': False, 'cmake_force_configure': False, 'cmake_target': None, 'cmake_target_skip_unavailable': False, 'install_base': '/home/neubility/path_planning_ws/path_planning/src/install/hybrid_a_star_algorithm_pkg', 'merge_install': False, 'path': '/home/neubility/path_planning_ws/path_planning/src/hybrid_a_star_algorithm_pkg', 'symlink_install': False, 'test_result_base': None}
[0.177s] INFO:colcon.colcon_core.executor:Executing jobs using 'parallel' executor
[0.179s] DEBUG:colcon.colcon_parallel_executor.executor.parallel:run_until_complete
[0.179s] INFO:colcon.colcon_cmake.task.cmake.build:Building CMake package in '/home/neubility/path_planning_ws/path_planning/src/hybrid_a_star_algorithm_pkg'
[0.183s] INFO:colcon.colcon_core.plugin_system:Skipping extension 'colcon_core.shell.bat': Not used on non-Windows systems
[0.183s] INFO:colcon.colcon_core.shell:Skip shell extension 'powershell' for command environment: Not usable outside of PowerShell
[0.183s] DEBUG:colcon.colcon_core.shell:Skip shell extension 'dsv' for command environment
[0.185s] DEBUG:colcon.colcon_core.shell:Ignoring prefix path '/opt/ros/eloquent'
[0.193s] DEBUG:colcon.colcon_core.event_handler.log_command:Invoking command in '/home/neubility/path_planning_ws/path_planning/src/build/hybrid_a_star_algorithm_pkg': /usr/bin/cmake /home/neubility/path_planning_ws/path_planning/src/hybrid_a_star_algorithm_pkg -DCMAKE_INSTALL_PREFIX=/home/neubility/path_planning_ws/path_planning/src/install/hybrid_a_star_algorithm_pkg
[0.545s] DEBUG:colcon.colcon_core.event_handler.log_command:Invoked command in '/home/neubility/path_planning_ws/path_planning/src/build/hybrid_a_star_algorithm_pkg' returned '1': /usr/bin/cmake /home/neubility/path_planning_ws/path_planning/src/hybrid_a_star_algorithm_pkg -DCMAKE_INSTALL_PREFIX=/home/neubility/path_planning_ws/path_planning/src/install/hybrid_a_star_algorithm_pkg
[0.557s] DEBUG:colcon.colcon_parallel_executor.executor.parallel:closing loop
[0.558s] DEBUG:colcon.colcon_parallel_executor.executor.parallel:loop closed
[0.558s] DEBUG:colcon.colcon_parallel_executor.executor.parallel:run_until_complete finished with '1'
[0.558s] DEBUG:colcon.colcon_core.event_reactor:joining thread
[0.569s] INFO:colcon.colcon_core.plugin_system:Skipping extension 'colcon_notification.desktop_notification.terminal_notifier': Not used on non-Darwin systems
[0.570s] INFO:colcon.colcon_core.plugin_system:Skipping extension 'colcon_notification.desktop_notification.win32': Not used on non-Windows systems
[0.570s] INFO:colcon.colcon_notification.desktop_notification:Sending desktop notification using 'notify2'
[0.573s] DEBUG:colcon.colcon_core.event_reactor:joined thread
[0.574s] INFO:colcon.colcon_core.shell:Creating prefix script '/home/neubility/path_planning_ws/path_planning/src/install/local_setup.ps1'
[0.589s] INFO:colcon.colcon_core.shell:Creating prefix util module '/home/neubility/path_planning_ws/path_planning/src/install/_local_setup_util_ps1.py'
[0.590s] INFO:colcon.colcon_core.shell:Creating prefix chain script '/home/neubility/path_planning_ws/path_planning/src/install/setup.ps1'
[0.592s] INFO:colcon.colcon_core.shell:Creating prefix script '/home/neubility/path_planning_ws/path_planning/src/install/local_setup.sh'
[0.593s] INFO:colcon.colcon_core.shell:Creating prefix util module '/home/neubility/path_planning_ws/path_planning/src/install/_local_setup_util_sh.py'
[0.594s] INFO:colcon.colcon_core.shell:Creating prefix chain script '/home/neubility/path_planning_ws/path_planning/src/install/setup.sh'
[0.596s] INFO:colcon.colcon_core.shell:Creating prefix script '/home/neubility/path_planning_ws/path_planning/src/install/local_setup.bash'
[0.597s] INFO:colcon.colcon_core.shell:Creating prefix chain script '/home/neubility/path_planning_ws/path_planning/src/install/setup.bash'
[0.599s] INFO:colcon.colcon_core.shell:Creating prefix script '/home/neubility/path_planning_ws/path_planning/src/install/local_setup.zsh'
[0.599s] INFO:colcon.colcon_core.shell:Creating prefix chain script '/home/neubility/path_planning_ws/path_planning/src/install/setup.zsh'
