[0.000000] (-) TimerEvent: {}
[0.000594] (-) JobUnselected: {'identifier': 'a_star_algorithm_pkg'}
[0.000672] (-) JobUnselected: {'identifier': 'genetic_algorithm_pkg'}
[0.000702] (-) JobUnselected: {'identifier': 'grid_algorithm_pkg'}
[0.000750] (-) JobUnselected: {'identifier': 'hybrid_a_star_algorithm_pkg'}
[0.001314] (pso_planner_pkg) JobQueued: {'identifier': 'pso_planner_pkg', 'dependencies': OrderedDict()}
[0.001586] (pso_planner_pkg) JobStarted: {'identifier': 'pso_planner_pkg'}
[0.013734] (pso_planner_pkg) JobProgress: {'identifier': 'pso_planner_pkg', 'progress': 'cmake'}
[0.014711] (pso_planner_pkg) JobProgress: {'identifier': 'pso_planner_pkg', 'progress': 'build'}
[0.015508] (pso_planner_pkg) Command: {'cmd': ['/usr/bin/cmake', '--build', '/home/neubility/path_planning_ws/path_planning/build/pso_planner_pkg'], 'cwd': '/home/neubility/path_planning_ws/path_planning/build/pso_planner_pkg', 'env': OrderedDict([('GJS_DEBUG_TOPICS', 'JS ERROR;JS LOG'), ('LESSOPEN', '| /usr/bin/lesspipe %s'), ('USER', 'neubility'), ('LC_TIME', 'ko_KR.UTF-8'), ('TEXTDOMAIN', 'im-config'), ('XDG_SEAT', 'seat0'), ('SSH_AGENT_PID', '1425'), ('XDG_SESSION_TYPE', 'x11'), ('GIT_ASKPASS', '/usr/share/code/resources/app/extensions/git/dist/askpass.sh'), ('LD_LIBRARY_PATH', '/home/neubility/Qt5.14.2/Tools/QtCreator/lib:/usr/local/cuda-11.4/lib64:/home/neubility/nb_devel_ws/install/parameter_manager/lib:/home/neubility/nb_devel_ws/install/link_fake_utm_pose_generator/lib:/home/neubility/nb_devel_ws/install/link_fake_global_localization/lib:/home/neubility/nb_devel_ws/install/link_util/lib:/home/neubility/nb_devel_ws/install/link_fake_sensor_broadcaster/lib:/home/neubility/nb_devel_ws/install/link_fake_cover_motor/lib:/home/neubility/nb_devel_ws/install/link_fake_control_bridge/lib:/home/neubility/nb_devel_ws/install/groot/lib:/home/neubility/nb_devel_ws/install/autonomy_ros2_message/lib:/usr/lib/x86_64-linux-gnu/gazebo-9/plugins:/opt/ros/eloquent/opt/yaml_cpp_vendor/lib:/opt/ros/eloquent/opt/rviz_ogre_vendor/lib:/opt/ros/eloquent/lib/x86_64-linux-gnu:/opt/ros/eloquent/lib'), ('SHLVL', '2'), ('CHROME_DESKTOP', 'code-url-handler.desktop'), ('QT4_IM_MODULE', 'xim'), ('CYCLONEDDS_URI', 'file:///home/neubility/robot_cfg/cyclonedds/cyclonedds.xml'), ('HOME', '/home/neubility'), ('DESKTOP_SESSION', 'ubuntu'), ('TERM_PROGRAM_VERSION', '1.63.2'), ('GIO_LAUNCHED_DESKTOP_FILE', '/usr/share/applications/code.desktop'), ('GNOME_SHELL_SESSION_MODE', 'ubuntu'), ('GTK_MODULES', 'gail:atk-bridge'), ('VSCODE_GIT_ASKPASS_MAIN', '/usr/share/code/resources/app/extensions/git/dist/askpass-main.js'), ('ROS_PYTHON_VERSION', '3'), ('LC_MONETARY', 'ko_KR.UTF-8'), ('VSCODE_GIT_ASKPASS_NODE', '/usr/share/code/code'), ('DBUS_SESSION_BUS_ADDRESS', 'unix:path=/run/user/1000/bus'), ('MAKEFLAGS', '-j 16'), ('COLORTERM', 'truecolor'), ('GIO_LAUNCHED_DESKTOP_FILE_PID', '2906'), ('COLCON_PREFIX_PATH', '/home/neubility/nb_devel_ws/install'), ('IM_CONFIG_PHASE', '2'), ('ROS_DISTRO', 'eloquent'), ('LOGNAME', 'neubility'), ('GTK_IM_MODULE', 'ibus'), ('_', '/usr/bin/colcon'), ('ROS_VERSION', '2'), ('USERNAME', 'neubility'), ('XDG_SESSION_ID', '1'), ('TERM', 'xterm-256color'), ('ROS_LOCALHOST_ONLY', '0'), ('GNOME_DESKTOP_SESSION_ID', 'this-is-deprecated'), ('WINDOWPATH', '1'), ('PATH', '/home/neubility/Qt5.14.2/Tools/QtCreator/bin:/usr/local/cuda-11.4/bin:/opt/ros/eloquent/bin:/usr/local/sbin:/usr/local/bin:/usr/sbin:/usr/bin:/sbin:/bin:/usr/games:/usr/local/games:/snap/bin'), ('SESSION_MANAGER', 'local/neubility:@/tmp/.ICE-unix/1341,unix/neubility:/tmp/.ICE-unix/1341'), ('XDG_MENU_PREFIX', 'gnome-'), ('LC_ADDRESS', 'ko_KR.UTF-8'), ('GDK_BACKEND', 'x11'), ('XDG_RUNTIME_DIR', '/run/user/1000'), ('DISPLAY', ':0'), ('LANG', 'en_US.UTF-8'), ('XDG_CURRENT_DESKTOP', 'Unity'), ('LC_TELEPHONE', 'ko_KR.UTF-8'), ('RMW_IMPLEMENTATION', 'rmw_cyclonedds_cpp'), ('TERM_PROGRAM', 'vscode'), ('XDG_SESSION_DESKTOP', 'ubuntu'), ('XMODIFIERS', '@im=ibus'), ('VSCODE_GIT_IPC_HANDLE', '/run/user/1000/vscode-git-db6130a115.sock'), ('XAUTHORITY', '/run/user/1000/gdm/Xauthority'), ('AMENT_PREFIX_PATH', '/home/neubility/nb_devel_ws/install/parameter_manager:/home/neubility/nb_devel_ws/install/neubie1_model:/home/neubility/nb_devel_ws/install/nb_platform_pkg:/home/neubility/nb_devel_ws/install/nb_global_planner_connector:/home/neubility/nb_devel_ws/install/link_fake_utm_pose_generator:/home/neubility/nb_devel_ws/install/link_fake_global_localization:/home/neubility/nb_devel_ws/install/link_util:/home/neubility/nb_devel_ws/install/link_simulation:/home/neubility/nb_devel_ws/install/link_fake_sensor_broadcaster:/home/neubility/nb_devel_ws/install/link_fake_cover_motor:/home/neubility/nb_devel_ws/install/link_fake_control_bridge:/home/neubility/nb_devel_ws/install/groot:/home/neubility/nb_devel_ws/install/autonomy_ros2_message:/opt/ros/eloquent'), ('ORIGINAL_XDG_CURRENT_DESKTOP', 'ubuntu:GNOME'), ('SSH_AUTH_SOCK', '/run/user/1000/keyring/ssh'), ('ROS_DOMAIN_ID', '142'), ('LC_NAME', 'ko_KR.UTF-8'), ('SHELL', '/bin/bash'), ('QT_ACCESSIBILITY', '1'), ('GDMSESSION', 'ubuntu'), ('LESSCLOSE', '/usr/bin/lesspipe %s %s'), ('LC_MEASUREMENT', 'ko_KR.UTF-8'), ('TEXTDOMAINDIR', '/usr/share/locale/'), ('GJS_DEBUG_OUTPUT', 'stderr'), ('GPG_AGENT_INFO', '/run/user/1000/gnupg/S.gpg-agent:0:1'), ('LC_IDENTIFICATION', 'ko_KR.UTF-8'), ('VSCODE_GIT_ASKPASS_EXTRA_ARGS', '--ms-enable-electron-run-as-node'), ('XDG_VTNR', '1'), ('QT_IM_MODULE', 'ibus'), ('LC_ALL', 'en_US.UTF-8'), ('PWD', '/home/neubility/path_planning_ws/path_planning/build/pso_planner_pkg'), ('CLUTTER_IM_MODULE', 'xim'), ('XDG_DATA_DIRS', '/usr/share/ubuntu:/usr/local/share/:/usr/share/:/var/lib/snapd/desktop'), ('XDG_CONFIG_DIRS', '/etc/xdg/xdg-ubuntu:/etc/xdg'), ('PASSWORD', 'a'), ('LC_NUMERIC', 'ko_KR.UTF-8'), ('PYTHONPATH', '/home/neubility/nb_devel_ws/install/autonomy_ros2_message/lib/python3.6/site-packages:/opt/ros/eloquent/lib/python3.6/site-packages'), ('LC_PAPER', 'ko_KR.UTF-8'), ('BREAKPAD_DUMP_LOCATION', '/home/neubility/.config/Code/exthost Crash Reports'), ('COLCON', '1'), ('CMAKE_PREFIX_PATH', '/home/neubility/nb_devel_ws/install/parameter_manager:/home/neubility/nb_devel_ws/install/neubie1_model:/home/neubility/nb_devel_ws/install/nb_platform_pkg:/home/neubility/nb_devel_ws/install/nb_global_planner_connector:/home/neubility/nb_devel_ws/install/link_fake_utm_pose_generator:/home/neubility/nb_devel_ws/install/link_fake_global_localization:/home/neubility/nb_devel_ws/install/link_util:/home/neubility/nb_devel_ws/install/link_simulation:/home/neubility/nb_devel_ws/install/link_fake_sensor_broadcaster:/home/neubility/nb_devel_ws/install/link_fake_cover_motor:/home/neubility/nb_devel_ws/install/link_fake_control_bridge:/home/neubility/nb_devel_ws/install/groot:/home/neubility/nb_devel_ws/install/autonomy_ros2_message:/opt/ros/eloquent')]), 'shell': False}
[0.069934] (pso_planner_pkg) StdoutLine: {'line': b'\x1b[35m\x1b[1mScanning dependencies of target pso_planner_pkg\x1b[0m\n'}
[0.081577] (pso_planner_pkg) StdoutLine: {'line': b'[ 33%] \x1b[32mBuilding CXX object CMakeFiles/pso_planner_pkg.dir/src/main.cpp.o\x1b[0m\n'}
[0.099634] (-) TimerEvent: {}
[0.199971] (-) TimerEvent: {}
[0.300310] (-) TimerEvent: {}
[0.388707] (pso_planner_pkg) StderrLine: {'line': b'In file included from \x1b[01m\x1b[K/home/neubility/path_planning_ws/path_planning/src/pso_planner_pkg/src/main.cpp:8:0\x1b[m\x1b[K:\n'}
[0.389010] (pso_planner_pkg) StderrLine: {'line': b'\x1b[01m\x1b[K/home/neubility/path_planning_ws/path_planning/src/pso_planner_pkg/include/pso_planner.hpp:\x1b[m\x1b[K In constructor \xe2\x80\x98\x1b[01m\x1b[KPSOPlanner::PSOPlanner(const std::pair<double, double>&, const std::pair<double, double>&, const std::pair<double, double>&)\x1b[m\x1b[K\xe2\x80\x99:\n'}
[0.389219] (pso_planner_pkg) StderrLine: {'line': b'\x1b[01m\x1b[K/home/neubility/path_planning_ws/path_planning/src/pso_planner_pkg/include/pso_planner.hpp:120:15:\x1b[m\x1b[K \x1b[01;35m\x1b[Kwarning: \x1b[m\x1b[Kstatement has no effect [\x1b[01;35m\x1b[K-Wunused-value\x1b[m\x1b[K]\n'}
[0.389478] (pso_planner_pkg) StderrLine: {'line': b'         \x1b[01;35m\x1b[Kthis->m_personal_best_array_index\x1b[m\x1b[K;\n'}
[0.389548] (pso_planner_pkg) StderrLine: {'line': b'         \x1b[01;35m\x1b[K~~~~~~^~~~~~~~~~~~~~~~~~~~~~~~~~~\x1b[m\x1b[K\n'}
[0.389708] (pso_planner_pkg) StderrLine: {'line': b'\x1b[01m\x1b[K/home/neubility/path_planning_ws/path_planning/src/pso_planner_pkg/include/pso_planner.hpp:121:15:\x1b[m\x1b[K \x1b[01;35m\x1b[Kwarning: \x1b[m\x1b[Kstatement has no effect [\x1b[01;35m\x1b[K-Wunused-value\x1b[m\x1b[K]\n'}
[0.389792] (pso_planner_pkg) StderrLine: {'line': b'         \x1b[01;35m\x1b[Kthis->m_global_best_array_index\x1b[m\x1b[K;\n'}
[0.389849] (pso_planner_pkg) StderrLine: {'line': b'         \x1b[01;35m\x1b[K~~~~~~^~~~~~~~~~~~~~~~~~~~~~~~~\x1b[m\x1b[K\n'}
[0.389943] (pso_planner_pkg) StderrLine: {'line': b'\x1b[01m\x1b[K/home/neubility/path_planning_ws/path_planning/src/pso_planner_pkg/include/pso_planner.hpp:122:15:\x1b[m\x1b[K \x1b[01;35m\x1b[Kwarning: \x1b[m\x1b[Kstatement has no effect [\x1b[01;35m\x1b[K-Wunused-value\x1b[m\x1b[K]\n'}
[0.390015] (pso_planner_pkg) StderrLine: {'line': b'         \x1b[01;35m\x1b[Kthis->m_swarm\x1b[m\x1b[K;\n'}
[0.390068] (pso_planner_pkg) StderrLine: {'line': b'         \x1b[01;35m\x1b[K~~~~~~^~~~~~~\x1b[m\x1b[K\n'}
[0.390264] (pso_planner_pkg) StderrLine: {'line': b'\x1b[01m\x1b[K/home/neubility/path_planning_ws/path_planning/src/pso_planner_pkg/include/pso_planner.hpp:\x1b[m\x1b[K In member function \xe2\x80\x98\x1b[01m\x1b[Kvoid PSOPlanner::run()\x1b[m\x1b[K\xe2\x80\x99:\n'}
[0.390421] (pso_planner_pkg) StderrLine: {'line': b'\x1b[01m\x1b[K/home/neubility/path_planning_ws/path_planning/src/pso_planner_pkg/include/pso_planner.hpp:195:27:\x1b[m\x1b[K \x1b[01;35m\x1b[Kwarning: \x1b[m\x1b[Kcomparison between signed and unsigned integer expressions [\x1b[01;35m\x1b[K-Wsign-compare\x1b[m\x1b[K]\n'}
[0.390558] (pso_planner_pkg) StderrLine: {'line': b'         for (int i = 0; \x1b[01;35m\x1b[Ki < this->m_swarm.size()\x1b[m\x1b[K; i++)\n'}
[0.390620] (pso_planner_pkg) StderrLine: {'line': b'                         \x1b[01;35m\x1b[K~~^~~~~~~~~~~~~~~~~~~~~~\x1b[m\x1b[K\n'}
[0.391763] (pso_planner_pkg) StderrLine: {'line': b'\x1b[01m\x1b[K/home/neubility/path_planning_ws/path_planning/src/pso_planner_pkg/include/pso_planner.hpp:198:31:\x1b[m\x1b[K \x1b[01;35m\x1b[Kwarning: \x1b[m\x1b[Kcomparison between signed and unsigned integer expressions [\x1b[01;35m\x1b[K-Wsign-compare\x1b[m\x1b[K]\n'}
[0.391932] (pso_planner_pkg) StderrLine: {'line': b'             for (int j = 0; \x1b[01;35m\x1b[Kj < this->m_swarm[i].size()\x1b[m\x1b[K; j++)\n'}
[0.392058] (pso_planner_pkg) StderrLine: {'line': b'                             \x1b[01;35m\x1b[K~~^~~~~~~~~~~~~~~~~~~~~~~~~\x1b[m\x1b[K\n'}
[0.400512] (-) TimerEvent: {}
[0.401252] (pso_planner_pkg) StderrLine: {'line': b'\x1b[01m\x1b[K/home/neubility/path_planning_ws/path_planning/src/pso_planner_pkg/include/pso_planner.hpp:\x1b[m\x1b[K In member function \xe2\x80\x98\x1b[01m\x1b[Kvoid PSOPlanner::init_first_particles()\x1b[m\x1b[K\xe2\x80\x99:\n'}
[0.401595] (pso_planner_pkg) StderrLine: {'line': b'\x1b[01m\x1b[K/home/neubility/path_planning_ws/path_planning/src/pso_planner_pkg/include/pso_planner.hpp:231:72:\x1b[m\x1b[K \x1b[01;31m\x1b[Kerror: \x1b[m\x1b[Kno matching function for call to \xe2\x80\x98\x1b[01m\x1b[Kstd::vector<std::pair<int, int> >::assign(int&, int)\x1b[m\x1b[K\xe2\x80\x99\n'}
[0.401673] (pso_planner_pkg) StderrLine: {'line': b'         this->m_global_best_array_index.assign(this->m_particle_size, 0\x1b[01;31m\x1b[K)\x1b[m\x1b[K;\n'}
[0.401735] (pso_planner_pkg) StderrLine: {'line': b'                                                                        \x1b[01;31m\x1b[K^\x1b[m\x1b[K\n'}
[0.401936] (pso_planner_pkg) StderrLine: {'line': b'In file included from \x1b[01m\x1b[K/usr/include/c++/7/vector:64:0\x1b[m\x1b[K,\n'}
[0.402005] (pso_planner_pkg) StderrLine: {'line': b'                 from \x1b[01m\x1b[K/home/neubility/path_planning_ws/path_planning/src/pso_planner_pkg/include/pso_planner.hpp:5\x1b[m\x1b[K,\n'}
[0.402243] (pso_planner_pkg) StderrLine: {'line': b'                 from \x1b[01m\x1b[K/home/neubility/path_planning_ws/path_planning/src/pso_planner_pkg/src/main.cpp:8\x1b[m\x1b[K:\n'}
[0.402334] (pso_planner_pkg) StderrLine: {'line': b'\x1b[01m\x1b[K/usr/include/c++/7/bits/stl_vector.h:501:7:\x1b[m\x1b[K \x1b[01;36m\x1b[Knote: \x1b[m\x1b[Kcandidate: void std::vector<_Tp, _Alloc>::assign(std::vector<_Tp, _Alloc>::size_type, const value_type&) [with _Tp = std::pair<int, int>; _Alloc = std::allocator<std::pair<int, int> >; std::vector<_Tp, _Alloc>::size_type = long unsigned int; std::vector<_Tp, _Alloc>::value_type = std::pair<int, int>]\n'}
[0.402401] (pso_planner_pkg) StderrLine: {'line': b'       \x1b[01;36m\x1b[Kassign\x1b[m\x1b[K(size_type __n, const value_type& __val)\n'}
[0.402458] (pso_planner_pkg) StderrLine: {'line': b'       \x1b[01;36m\x1b[K^~~~~~\x1b[m\x1b[K\n'}
[0.402512] (pso_planner_pkg) StderrLine: {'line': b'\x1b[01m\x1b[K/usr/include/c++/7/bits/stl_vector.h:501:7:\x1b[m\x1b[K \x1b[01;36m\x1b[Knote: \x1b[m\x1b[K  no known conversion for argument 2 from \xe2\x80\x98\x1b[01m\x1b[Kint\x1b[m\x1b[K\xe2\x80\x99 to \xe2\x80\x98\x1b[01m\x1b[Kconst value_type& {aka const std::pair<int, int>&}\x1b[m\x1b[K\xe2\x80\x99\n'}
[0.402568] (pso_planner_pkg) StderrLine: {'line': b'\x1b[01m\x1b[K/usr/include/c++/7/bits/stl_vector.h:520:2:\x1b[m\x1b[K \x1b[01;36m\x1b[Knote: \x1b[m\x1b[Kcandidate: template<class _InputIterator, class> void std::vector<_Tp, _Alloc>::assign(_InputIterator, _InputIterator) [with _InputIterator = _InputIterator; <template-parameter-2-2> = <template-parameter-1-2>; _Tp = std::pair<int, int>; _Alloc = std::allocator<std::pair<int, int> >]\n'}
[0.402638] (pso_planner_pkg) StderrLine: {'line': b'  \x1b[01;36m\x1b[Kassign\x1b[m\x1b[K(_InputIterator __first, _InputIterator __last)\n'}
[0.402988] (pso_planner_pkg) StderrLine: {'line': b'  \x1b[01;36m\x1b[K^~~~~~\x1b[m\x1b[K\n'}
[0.403260] (pso_planner_pkg) StderrLine: {'line': b'\x1b[01m\x1b[K/usr/include/c++/7/bits/stl_vector.h:520:2:\x1b[m\x1b[K \x1b[01;36m\x1b[Knote: \x1b[m\x1b[K  template argument deduction/substitution failed:\n'}
[0.403339] (pso_planner_pkg) StderrLine: {'line': b'\x1b[01m\x1b[K/usr/include/c++/7/bits/stl_vector.h:546:7:\x1b[m\x1b[K \x1b[01;36m\x1b[Knote: \x1b[m\x1b[Kcandidate: void std::vector<_Tp, _Alloc>::assign(std::initializer_list<_Tp>) [with _Tp = std::pair<int, int>; _Alloc = std::allocator<std::pair<int, int> >]\n'}
[0.403396] (pso_planner_pkg) StderrLine: {'line': b'       \x1b[01;36m\x1b[Kassign\x1b[m\x1b[K(initializer_list<value_type> __l)\n'}
[0.403451] (pso_planner_pkg) StderrLine: {'line': b'       \x1b[01;36m\x1b[K^~~~~~\x1b[m\x1b[K\n'}
[0.403505] (pso_planner_pkg) StderrLine: {'line': b'\x1b[01m\x1b[K/usr/include/c++/7/bits/stl_vector.h:546:7:\x1b[m\x1b[K \x1b[01;36m\x1b[Knote: \x1b[m\x1b[K  candidate expects 1 argument, 2 provided\n'}
[0.403561] (pso_planner_pkg) StderrLine: {'line': b'In file included from \x1b[01m\x1b[K/home/neubility/path_planning_ws/path_planning/src/pso_planner_pkg/src/main.cpp:8:0\x1b[m\x1b[K:\n'}
[0.403615] (pso_planner_pkg) StderrLine: {'line': b'\x1b[01m\x1b[K/home/neubility/path_planning_ws/path_planning/src/pso_planner_pkg/include/pso_planner.hpp:237:27:\x1b[m\x1b[K \x1b[01;35m\x1b[Kwarning: \x1b[m\x1b[Kcomparison between signed and unsigned integer expressions [\x1b[01;35m\x1b[K-Wsign-compare\x1b[m\x1b[K]\n'}
[0.403671] (pso_planner_pkg) StderrLine: {'line': b'         for (int i = 0; \x1b[01;35m\x1b[Ki < this->m_swarm.size()\x1b[m\x1b[K; i++)\n'}
[0.403722] (pso_planner_pkg) StderrLine: {'line': b'                         \x1b[01;35m\x1b[K~~^~~~~~~~~~~~~~~~~~~~~~\x1b[m\x1b[K\n'}
[0.403774] (pso_planner_pkg) StderrLine: {'line': b'\x1b[01m\x1b[K/home/neubility/path_planning_ws/path_planning/src/pso_planner_pkg/include/pso_planner.hpp:239:31:\x1b[m\x1b[K \x1b[01;35m\x1b[Kwarning: \x1b[m\x1b[Kcomparison between signed and unsigned integer expressions [\x1b[01;35m\x1b[K-Wsign-compare\x1b[m\x1b[K]\n'}
[0.403826] (pso_planner_pkg) StderrLine: {'line': b'             for (int j = 0; \x1b[01;35m\x1b[Kj < this->m_swarm[i].size()\x1b[m\x1b[K; j++)\n'}
[0.403879] (pso_planner_pkg) StderrLine: {'line': b'                             \x1b[01;35m\x1b[K~~^~~~~~~~~~~~~~~~~~~~~~~~~\x1b[m\x1b[K\n'}
[0.403939] (pso_planner_pkg) StderrLine: {'line': b'\x1b[01m\x1b[K/home/neubility/path_planning_ws/path_planning/src/pso_planner_pkg/include/pso_planner.hpp:\x1b[m\x1b[K In member function \xe2\x80\x98\x1b[01m\x1b[Kvoid PSOPlanner::update_new_swarm_fitness_value()\x1b[m\x1b[K\xe2\x80\x99:\n'}
[0.403994] (pso_planner_pkg) StderrLine: {'line': b'\x1b[01m\x1b[K/home/neubility/path_planning_ws/path_planning/src/pso_planner_pkg/include/pso_planner.hpp:285:27:\x1b[m\x1b[K \x1b[01;35m\x1b[Kwarning: \x1b[m\x1b[Kcomparison between signed and unsigned integer expressions [\x1b[01;35m\x1b[K-Wsign-compare\x1b[m\x1b[K]\n'}
[0.404048] (pso_planner_pkg) StderrLine: {'line': b'         for (int i = 0; \x1b[01;35m\x1b[Ki < this->m_swarm.size()\x1b[m\x1b[K; i++)\n'}
[0.404100] (pso_planner_pkg) StderrLine: {'line': b'                         \x1b[01;35m\x1b[K~~^~~~~~~~~~~~~~~~~~~~~~\x1b[m\x1b[K\n'}
[0.404152] (pso_planner_pkg) StderrLine: {'line': b'In file included from \x1b[01m\x1b[K/home/neubility/path_planning_ws/path_planning/src/pso_planner_pkg/src/main.cpp:8:0\x1b[m\x1b[K:\n'}
[0.404204] (pso_planner_pkg) StderrLine: {'line': b'\x1b[01m\x1b[K/home/neubility/path_planning_ws/path_planning/src/pso_planner_pkg/include/pso_planner.hpp:\x1b[m\x1b[K In member function \xe2\x80\x98\x1b[01m\x1b[Kvoid PSOPlanner::update_personal_best_swarm()\x1b[m\x1b[K\xe2\x80\x99:\n'}
[0.404257] (pso_planner_pkg) StderrLine: {'line': b'\x1b[01m\x1b[K/home/neubility/path_planning_ws/path_planning/src/pso_planner_pkg/include/pso_planner.hpp:352:15:\x1b[m\x1b[K \x1b[01;35m\x1b[Kwarning: \x1b[m\x1b[Kstatement has no effect [\x1b[01;35m\x1b[K-Wunused-value\x1b[m\x1b[K]\n'}
[0.404309] (pso_planner_pkg) StderrLine: {'line': b'         \x1b[01;35m\x1b[Kthis->m_personal_best_array_index\x1b[m\x1b[K; // std::vector<int>\n'}
[0.404361] (pso_planner_pkg) StderrLine: {'line': b'         \x1b[01;35m\x1b[K~~~~~~^~~~~~~~~~~~~~~~~~~~~~~~~~~\x1b[m\x1b[K\n'}
[0.404413] (pso_planner_pkg) StderrLine: {'line': b'\x1b[01m\x1b[K/home/neubility/path_planning_ws/path_planning/src/pso_planner_pkg/include/pso_planner.hpp:353:27:\x1b[m\x1b[K \x1b[01;35m\x1b[Kwarning: \x1b[m\x1b[Kcomparison between signed and unsigned integer expressions [\x1b[01;35m\x1b[K-Wsign-compare\x1b[m\x1b[K]\n'}
[0.404466] (pso_planner_pkg) StderrLine: {'line': b'         for (int k = 0; \x1b[01;35m\x1b[Kk < this->m_personal_best_array_index.size()\x1b[m\x1b[K; k++)\n'}
[0.404521] (pso_planner_pkg) StderrLine: {'line': b'                         \x1b[01;35m\x1b[K~~^~~~~~~~~~~~~~~~~~~~~~~~~~~~~~~~~~~~~~~~~~\x1b[m\x1b[K\n'}
[0.404574] (pso_planner_pkg) StderrLine: {'line': b'\x1b[01m\x1b[K/home/neubility/path_planning_ws/path_planning/src/pso_planner_pkg/include/pso_planner.hpp:354:31:\x1b[m\x1b[K \x1b[01;35m\x1b[Kwarning: \x1b[m\x1b[Kcomparison between signed and unsigned integer expressions [\x1b[01;35m\x1b[K-Wsign-compare\x1b[m\x1b[K]\n'}
[0.404626] (pso_planner_pkg) StderrLine: {'line': b'             for (int i = 0; \x1b[01;35m\x1b[Ki < this->m_swarm.size()\x1b[m\x1b[K; i++)\n'}
[0.404678] (pso_planner_pkg) StderrLine: {'line': b'                             \x1b[01;35m\x1b[K~~^~~~~~~~~~~~~~~~~~~~~~\x1b[m\x1b[K\n'}
[0.404733] (pso_planner_pkg) StderrLine: {'line': b'\x1b[01m\x1b[K/home/neubility/path_planning_ws/path_planning/src/pso_planner_pkg/include/pso_planner.hpp:357:35:\x1b[m\x1b[K \x1b[01;35m\x1b[Kwarning: \x1b[m\x1b[Kcomparison between signed and unsigned integer expressions [\x1b[01;35m\x1b[K-Wsign-compare\x1b[m\x1b[K]\n'}
[0.404786] (pso_planner_pkg) StderrLine: {'line': b'                 for (int j = 0; \x1b[01;35m\x1b[Kj < this->m_swarm[i].size()\x1b[m\x1b[K; j++)\n'}
[0.404843] (pso_planner_pkg) StderrLine: {'line': b'                                 \x1b[01;35m\x1b[K~~^~~~~~~~~~~~~~~~~~~~~~~~~\x1b[m\x1b[K\n'}
[0.404898] (pso_planner_pkg) StderrLine: {'line': b'\x1b[01m\x1b[K/home/neubility/path_planning_ws/path_planning/src/pso_planner_pkg/include/pso_planner.hpp:\x1b[m\x1b[K In member function \xe2\x80\x98\x1b[01m\x1b[Kvoid PSOPlanner::update_global_best_swarm()\x1b[m\x1b[K\xe2\x80\x99:\n'}
[0.404956] (pso_planner_pkg) StderrLine: {'line': b'\x1b[01m\x1b[K/home/neubility/path_planning_ws/path_planning/src/pso_planner_pkg/include/pso_planner.hpp:379:27:\x1b[m\x1b[K \x1b[01;35m\x1b[Kwarning: \x1b[m\x1b[Kcomparison between signed and unsigned integer expressions [\x1b[01;35m\x1b[K-Wsign-compare\x1b[m\x1b[K]\n'}
[0.405010] (pso_planner_pkg) StderrLine: {'line': b'         for (int k = 0; \x1b[01;35m\x1b[Kk < this->m_global_best_array_index.size()\x1b[m\x1b[K; k++)\n'}
[0.405062] (pso_planner_pkg) StderrLine: {'line': b'                         \x1b[01;35m\x1b[K~~^~~~~~~~~~~~~~~~~~~~~~~~~~~~~~~~~~~~~~~~\x1b[m\x1b[K\n'}
[0.405113] (pso_planner_pkg) StderrLine: {'line': b'\x1b[01m\x1b[K/home/neubility/path_planning_ws/path_planning/src/pso_planner_pkg/include/pso_planner.hpp:382:31:\x1b[m\x1b[K \x1b[01;35m\x1b[Kwarning: \x1b[m\x1b[Kcomparison between signed and unsigned integer expressions [\x1b[01;35m\x1b[K-Wsign-compare\x1b[m\x1b[K]\n'}
[0.405166] (pso_planner_pkg) StderrLine: {'line': b'             for (int i = 0; \x1b[01;35m\x1b[Ki < this->m_swarm.size()\x1b[m\x1b[K; i++)\n'}
[0.405407] (pso_planner_pkg) StderrLine: {'line': b'                             \x1b[01;35m\x1b[K~~^~~~~~~~~~~~~~~~~~~~~~\x1b[m\x1b[K\n'}
[0.405560] (pso_planner_pkg) StderrLine: {'line': b'\x1b[01m\x1b[K/home/neubility/path_planning_ws/path_planning/src/pso_planner_pkg/include/pso_planner.hpp:384:35:\x1b[m\x1b[K \x1b[01;35m\x1b[Kwarning: \x1b[m\x1b[Kcomparison between signed and unsigned integer expressions [\x1b[01;35m\x1b[K-Wsign-compare\x1b[m\x1b[K]\n'}
[0.405660] (pso_planner_pkg) StderrLine: {'line': b'                 for (int j = 0; \x1b[01;35m\x1b[Kj < this->m_swarm[i].size()\x1b[m\x1b[K; j++)\n'}
[0.405774] (pso_planner_pkg) StderrLine: {'line': b'                                 \x1b[01;35m\x1b[K~~^~~~~~~~~~~~~~~~~~~~~~~~~\x1b[m\x1b[K\n'}
[0.405841] (pso_planner_pkg) StderrLine: {'line': b'\x1b[01m\x1b[K/home/neubility/path_planning_ws/path_planning/src/pso_planner_pkg/include/pso_planner.hpp:\x1b[m\x1b[K In member function \xe2\x80\x98\x1b[01m\x1b[Kvoid PSOPlanner::update_new_swarm()\x1b[m\x1b[K\xe2\x80\x99:\n'}
[0.405897] (pso_planner_pkg) StderrLine: {'line': b'\x1b[01m\x1b[K/home/neubility/path_planning_ws/path_planning/src/pso_planner_pkg/include/pso_planner.hpp:428:27:\x1b[m\x1b[K \x1b[01;35m\x1b[Kwarning: \x1b[m\x1b[Kcomparison between signed and unsigned integer expressions [\x1b[01;35m\x1b[K-Wsign-compare\x1b[m\x1b[K]\n'}
[0.405951] (pso_planner_pkg) StderrLine: {'line': b'         for (int i = 0; \x1b[01;35m\x1b[Ki < this->m_swarm.size()\x1b[m\x1b[K; i++)\n'}
[0.406004] (pso_planner_pkg) StderrLine: {'line': b'                         \x1b[01;35m\x1b[K~~^~~~~~~~~~~~~~~~~~~~~~\x1b[m\x1b[K\n'}
[0.406057] (pso_planner_pkg) StderrLine: {'line': b'\x1b[01m\x1b[K/home/neubility/path_planning_ws/path_planning/src/pso_planner_pkg/include/pso_planner.hpp:437:31:\x1b[m\x1b[K \x1b[01;35m\x1b[Kwarning: \x1b[m\x1b[Kcomparison between signed and unsigned integer expressions [\x1b[01;35m\x1b[K-Wsign-compare\x1b[m\x1b[K]\n'}
[0.406215] (pso_planner_pkg) StderrLine: {'line': b'             for (int k = 0; \x1b[01;35m\x1b[Kk < this->m_swarm[i][swarm_depth_end_index].particles.size()\x1b[m\x1b[K; k++)\n'}
[0.406388] (pso_planner_pkg) StderrLine: {'line': b'                             \x1b[01;35m\x1b[K~~^~~~~~~~~~~~~~~~~~~~~~~~~~~~~~~~~~~~~~~~~~~~~~~~~~~~~~~~~~\x1b[m\x1b[K\n'}
[0.406489] (pso_planner_pkg) StderrLine: {'line': b'\x1b[01m\x1b[K/home/neubility/path_planning_ws/path_planning/src/pso_planner_pkg/include/pso_planner.hpp:436:20:\x1b[m\x1b[K \x1b[01;35m\x1b[Kwarning: \x1b[m\x1b[Kunused variable \xe2\x80\x98\x1b[01m\x1b[Knorm_particle_velocity\x1b[m\x1b[K\xe2\x80\x99 [\x1b[01;35m\x1b[K-Wunused-variable\x1b[m\x1b[K]\n'}
[0.406585] (pso_planner_pkg) StderrLine: {'line': b'             double \x1b[01;35m\x1b[Knorm_particle_velocity\x1b[m\x1b[K = 0;\n'}
[0.406696] (pso_planner_pkg) StderrLine: {'line': b'                    \x1b[01;35m\x1b[K^~~~~~~~~~~~~~~~~~~~~~\x1b[m\x1b[K\n'}
[0.500644] (-) TimerEvent: {}
[0.601096] (-) TimerEvent: {}
[0.701665] (-) TimerEvent: {}
[0.802143] (-) TimerEvent: {}
[0.902487] (-) TimerEvent: {}
[1.002795] (-) TimerEvent: {}
[1.103154] (-) TimerEvent: {}
[1.154747] (pso_planner_pkg) StderrLine: {'line': b'\x1b[01m\x1b[K/home/neubility/path_planning_ws/path_planning/src/pso_planner_pkg/src/main.cpp:\x1b[m\x1b[K In function \xe2\x80\x98\x1b[01m\x1b[Kint main(int, char**)\x1b[m\x1b[K\xe2\x80\x99:\n'}
[1.155035] (pso_planner_pkg) StderrLine: {'line': b'\x1b[01m\x1b[K/home/neubility/path_planning_ws/path_planning/src/pso_planner_pkg/src/main.cpp:101:27:\x1b[m\x1b[K \x1b[01;35m\x1b[Kwarning: \x1b[m\x1b[Kcomparison between signed and unsigned integer expressions [\x1b[01;35m\x1b[K-Wsign-compare\x1b[m\x1b[K]\n'}
[1.155229] (pso_planner_pkg) StderrLine: {'line': b'         for (int i = 0; \x1b[01;35m\x1b[Ki < global_best_position_array.size()\x1b[m\x1b[K; i++)\n'}
[1.155420] (pso_planner_pkg) StderrLine: {'line': b'                         \x1b[01;35m\x1b[K~~^~~~~~~~~~~~~~~~~~~~~~~~~~~~~~~~~~~\x1b[m\x1b[K\n'}
[1.155519] (pso_planner_pkg) StderrLine: {'line': b'\x1b[01m\x1b[K/home/neubility/path_planning_ws/path_planning/src/pso_planner_pkg/src/main.cpp:115:27:\x1b[m\x1b[K \x1b[01;35m\x1b[Kwarning: \x1b[m\x1b[Kcomparison between signed and unsigned integer expressions [\x1b[01;35m\x1b[K-Wsign-compare\x1b[m\x1b[K]\n'}
[1.155620] (pso_planner_pkg) StderrLine: {'line': b'         for (int i = 0; \x1b[01;35m\x1b[Ki < swarms_total_fitness.size()\x1b[m\x1b[K; i++)\n'}
[1.155705] (pso_planner_pkg) StderrLine: {'line': b'                         \x1b[01;35m\x1b[K~~^~~~~~~~~~~~~~~~~~~~~~~~~~~~~\x1b[m\x1b[K\n'}
[1.156021] (pso_planner_pkg) StderrLine: {'line': b'\x1b[01m\x1b[K/home/neubility/path_planning_ws/path_planning/src/pso_planner_pkg/src/main.cpp:133:27:\x1b[m\x1b[K \x1b[01;35m\x1b[Kwarning: \x1b[m\x1b[Kcomparison between signed and unsigned integer expressions [\x1b[01;35m\x1b[K-Wsign-compare\x1b[m\x1b[K]\n'}
[1.156129] (pso_planner_pkg) StderrLine: {'line': b'         for (int i = 0; \x1b[01;35m\x1b[Ki < pso_total_result_path_points.size()\x1b[m\x1b[K; i++)\n'}
[1.156518] (pso_planner_pkg) StderrLine: {'line': b'                         \x1b[01;35m\x1b[K~~^~~~~~~~~~~~~~~~~~~~~~~~~~~~~~~~~~~~~\x1b[m\x1b[K\n'}
[1.156818] (pso_planner_pkg) StderrLine: {'line': b'\x1b[01m\x1b[K/home/neubility/path_planning_ws/path_planning/src/pso_planner_pkg/src/main.cpp:136:31:\x1b[m\x1b[K \x1b[01;35m\x1b[Kwarning: \x1b[m\x1b[Kcomparison between signed and unsigned integer expressions [\x1b[01;35m\x1b[K-Wsign-compare\x1b[m\x1b[K]\n'}
[1.156911] (pso_planner_pkg) StderrLine: {'line': b'             for (int j = 0; \x1b[01;35m\x1b[Kj < pso_total_result_path_points[i].size() - 1\x1b[m\x1b[K; j++)\n'}
[1.156969] (pso_planner_pkg) StderrLine: {'line': b'                             \x1b[01;35m\x1b[K~~^~~~~~~~~~~~~~~~~~~~~~~~~~~~~~~~~~~~~~~~~~~~\x1b[m\x1b[K\n'}
[1.157026] (pso_planner_pkg) StderrLine: {'line': b'\x1b[01m\x1b[K/home/neubility/path_planning_ws/path_planning/src/pso_planner_pkg/src/main.cpp:154:27:\x1b[m\x1b[K \x1b[01;35m\x1b[Kwarning: \x1b[m\x1b[Kcomparison between signed and unsigned integer expressions [\x1b[01;35m\x1b[K-Wsign-compare\x1b[m\x1b[K]\n'}
[1.157082] (pso_planner_pkg) StderrLine: {'line': b'         for (int i = 0; \x1b[01;35m\x1b[Ki < pso_total_result_path_points.size()\x1b[m\x1b[K; i++)\n'}
[1.157138] (pso_planner_pkg) StderrLine: {'line': b'                         \x1b[01;35m\x1b[K~~^~~~~~~~~~~~~~~~~~~~~~~~~~~~~~~~~~~~~\x1b[m\x1b[K\n'}
[1.157194] (pso_planner_pkg) StderrLine: {'line': b'\x1b[01m\x1b[K/home/neubility/path_planning_ws/path_planning/src/pso_planner_pkg/src/main.cpp:156:31:\x1b[m\x1b[K \x1b[01;35m\x1b[Kwarning: \x1b[m\x1b[Kcomparison between signed and unsigned integer expressions [\x1b[01;35m\x1b[K-Wsign-compare\x1b[m\x1b[K]\n'}
[1.157319] (pso_planner_pkg) StderrLine: {'line': b'             for (int j = 0; \x1b[01;35m\x1b[Kj < pso_total_result_path_points[i].size()\x1b[m\x1b[K; j++)\n'}
[1.157442] (pso_planner_pkg) StderrLine: {'line': b'                             \x1b[01;35m\x1b[K~~^~~~~~~~~~~~~~~~~~~~~~~~~~~~~~~~~~~~~~~~\x1b[m\x1b[K\n'}
[1.203260] (-) TimerEvent: {}
[1.303601] (-) TimerEvent: {}
[1.403924] (-) TimerEvent: {}
[1.504242] (-) TimerEvent: {}
[1.604579] (-) TimerEvent: {}
[1.704927] (-) TimerEvent: {}
[1.805237] (-) TimerEvent: {}
[1.905558] (-) TimerEvent: {}
[2.006025] (-) TimerEvent: {}
[2.106447] (-) TimerEvent: {}
[2.206831] (-) TimerEvent: {}
[2.307240] (-) TimerEvent: {}
[2.407643] (-) TimerEvent: {}
[2.508018] (-) TimerEvent: {}
[2.608406] (-) TimerEvent: {}
[2.708721] (-) TimerEvent: {}
[2.809121] (-) TimerEvent: {}
[2.909442] (-) TimerEvent: {}
[3.009739] (-) TimerEvent: {}
[3.110012] (-) TimerEvent: {}
[3.210361] (-) TimerEvent: {}
[3.310663] (-) TimerEvent: {}
[3.410970] (-) TimerEvent: {}
[3.511362] (-) TimerEvent: {}
[3.611694] (-) TimerEvent: {}
[3.712056] (-) TimerEvent: {}
[3.812407] (-) TimerEvent: {}
[3.841287] (pso_planner_pkg) StdoutLine: {'line': b"CMakeFiles/pso_planner_pkg.dir/build.make:62: recipe for target 'CMakeFiles/pso_planner_pkg.dir/src/main.cpp.o' failed\n"}
[3.841735] (pso_planner_pkg) StderrLine: {'line': b'make[2]: *** [CMakeFiles/pso_planner_pkg.dir/src/main.cpp.o] Error 1\n'}
[3.841910] (pso_planner_pkg) StdoutLine: {'line': b"CMakeFiles/Makefile2:131: recipe for target 'CMakeFiles/pso_planner_pkg.dir/all' failed\n"}
[3.841991] (pso_planner_pkg) StderrLine: {'line': b'make[1]: *** [CMakeFiles/pso_planner_pkg.dir/all] Error 2\n'}
[3.842060] (pso_planner_pkg) StdoutLine: {'line': b"Makefile:140: recipe for target 'all' failed\n"}
[3.842211] (pso_planner_pkg) StderrLine: {'line': b'make: *** [all] Error 2\n'}
[3.843891] (pso_planner_pkg) CommandEnded: {'returncode': 2}
[3.885506] (pso_planner_pkg) JobEnded: {'identifier': 'pso_planner_pkg', 'rc': 2}
[3.896466] (-) EventReactorShutdown: {}
