[0.011s] Invoking command in '/home/neubility/path_planning_ws/path_planning/build/pso_planner_pkg': CMAKE_PREFIX_PATH=${CMAKE_PREFIX_PATH}:/opt/ros/eloquent /usr/bin/cmake --build /home/neubility/path_planning_ws/path_planning/build/pso_planner_pkg -- -j16 -l16
[0.052s] [35m[1mScanning dependencies of target pso_planner_pkg[0m
[0.063s] [ 33%] [32mBuilding CXX object CMakeFiles/pso_planner_pkg.dir/src/main.cpp.o[0m
[0.320s] In file included from [01m[K/home/neubility/path_planning_ws/path_planning/src/pso_planner_pkg/src/main.cpp:8:0[m[K:
[0.320s] [01m[K/home/neubility/path_planning_ws/path_planning/src/pso_planner_pkg/include/pso_planner.hpp:[m[K In constructor ‘[01m[KPSOPlanner::PSOPlanner()[m[K’:
[0.320s] [01m[K/home/neubility/path_planning_ws/path_planning/src/pso_planner_pkg/include/pso_planner.hpp:109:15:[m[K [01;35m[Kwarning: [m[Kstatement has no effect [[01;35m[K-Wunused-value[m[K]
[0.320s]          [01;35m[Kthis->m_personal_best_array_index[m[K;
[0.320s]          [01;35m[K~~~~~~^~~~~~~~~~~~~~~~~~~~~~~~~~~[m[K
[0.320s] [01m[K/home/neubility/path_planning_ws/path_planning/src/pso_planner_pkg/include/pso_planner.hpp:110:15:[m[K [01;35m[Kwarning: [m[Kstatement has no effect [[01;35m[K-Wunused-value[m[K]
[0.320s]          [01;35m[Kthis->m_global_best_array_index[m[K;
[0.320s]          [01;35m[K~~~~~~^~~~~~~~~~~~~~~~~~~~~~~~~[m[K
[0.320s] [01m[K/home/neubility/path_planning_ws/path_planning/src/pso_planner_pkg/include/pso_planner.hpp:111:15:[m[K [01;35m[Kwarning: [m[Kstatement has no effect [[01;35m[K-Wunused-value[m[K]
[0.320s]          [01;35m[Kthis->m_swarm[m[K;
[0.320s]          [01;35m[K~~~~~~^~~~~~~[m[K
[0.328s] In file included from [01m[K/home/neubility/path_planning_ws/path_planning/src/pso_planner_pkg/src/main.cpp:8:0[m[K:
[0.328s] [01m[K/home/neubility/path_planning_ws/path_planning/src/pso_planner_pkg/include/pso_planner.hpp:[m[K In member function ‘[01m[Kvoid PSOPlanner::update_new_node_fitness_value()[m[K’:
[0.329s] [01m[K/home/neubility/path_planning_ws/path_planning/src/pso_planner_pkg/include/pso_planner.hpp:187:27:[m[K [01;35m[Kwarning: [m[Kcomparison between signed and unsigned integer expressions [[01;35m[K-Wsign-compare[m[K]
[0.329s]          for (int i = 0; [01;35m[Ki < this->m_swarm.size()[m[K; i++)
[0.329s]                          [01;35m[K~~^~~~~~~~~~~~~~~~~~~~~~[m[K
[0.329s] In file included from [01m[K/home/neubility/path_planning_ws/path_planning/src/pso_planner_pkg/src/main.cpp:8:0[m[K:
[0.329s] [01m[K/home/neubility/path_planning_ws/path_planning/src/pso_planner_pkg/include/pso_planner.hpp:224:27:[m[K [01;35m[Kwarning: [m[Kcomparison between signed and unsigned integer expressions [[01;35m[K-Wsign-compare[m[K]
[0.329s]          for (int i = 0; [01;35m[Ki < this->m_swarm.size()[m[K; i++)
[0.329s]                          [01;35m[K~~^~~~~~~~~~~~~~~~~~~~~~[m[K
[0.330s] [01m[K/home/neubility/path_planning_ws/path_planning/src/pso_planner_pkg/include/pso_planner.hpp:226:31:[m[K [01;35m[Kwarning: [m[Kcomparison between signed and unsigned integer expressions [[01;35m[K-Wsign-compare[m[K]
[0.330s]              for (int j = 0; [01;35m[Kj < this->m_swarm[i].size()[m[K; j++)
[0.330s]                              [01;35m[K~~^~~~~~~~~~~~~~~~~~~~~~~~~[m[K
[0.330s] [01m[K/home/neubility/path_planning_ws/path_planning/src/pso_planner_pkg/include/pso_planner.hpp:[m[K In member function ‘[01m[Kvoid PSOPlanner::renew_personal_best_position()[m[K’:
[0.330s] [01m[K/home/neubility/path_planning_ws/path_planning/src/pso_planner_pkg/include/pso_planner.hpp:237:15:[m[K [01;35m[Kwarning: [m[Kstatement has no effect [[01;35m[K-Wunused-value[m[K]
[0.330s]          [01;35m[Kthis->m_personal_best_array_index[m[K; // std::vector<int>
[0.330s]          [01;35m[K~~~~~~^~~~~~~~~~~~~~~~~~~~~~~~~~~[m[K
[0.330s] [01m[K/home/neubility/path_planning_ws/path_planning/src/pso_planner_pkg/include/pso_planner.hpp:238:27:[m[K [01;35m[Kwarning: [m[Kcomparison between signed and unsigned integer expressions [[01;35m[K-Wsign-compare[m[K]
[0.330s]          for (int i = 0; [01;35m[Ki < this->m_swarm.size()[m[K; i++)
[0.330s]                          [01;35m[K~~^~~~~~~~~~~~~~~~~~~~~~[m[K
[0.330s] [01m[K/home/neubility/path_planning_ws/path_planning/src/pso_planner_pkg/include/pso_planner.hpp:241:31:[m[K [01;35m[Kwarning: [m[Kcomparison between signed and unsigned integer expressions [[01;35m[K-Wsign-compare[m[K]
[0.330s]              for (int j = 0; [01;35m[Kj < this->m_swarm[i].size()[m[K; j++)
[0.330s]                              [01;35m[K~~^~~~~~~~~~~~~~~~~~~~~~~~~[m[K
[0.330s] [01m[K/home/neubility/path_planning_ws/path_planning/src/pso_planner_pkg/include/pso_planner.hpp:252:27:[m[K [01;35m[Kwarning: [m[Kcomparison between signed and unsigned integer expressions [[01;35m[K-Wsign-compare[m[K]
[0.331s]          for (int i = 0; [01;35m[Ki < m_personal_best_array_index.size()[m[K; i++)
[0.331s]                          [01;35m[K~~^~~~~~~~~~~~~~~~~~~~~~~~~~~~~~~~~~~~[m[K
[0.331s] [01m[K/home/neubility/path_planning_ws/path_planning/src/pso_planner_pkg/include/pso_planner.hpp:[m[K In member function ‘[01m[Kvoid PSOPlanner::renew_global_best_position()[m[K’:
[0.331s] [01m[K/home/neubility/path_planning_ws/path_planning/src/pso_planner_pkg/include/pso_planner.hpp:262:27:[m[K [01;35m[Kwarning: [m[Kcomparison between signed and unsigned integer expressions [[01;35m[K-Wsign-compare[m[K]
[0.331s]          for (int i = 0; [01;35m[Ki < this->m_swarm.size()[m[K; i++)
[0.331s]                          [01;35m[K~~^~~~~~~~~~~~~~~~~~~~~~[m[K
[0.331s] [01m[K/home/neubility/path_planning_ws/path_planning/src/pso_planner_pkg/include/pso_planner.hpp:264:31:[m[K [01;35m[Kwarning: [m[Kcomparison between signed and unsigned integer expressions [[01;35m[K-Wsign-compare[m[K]
[0.331s]              for (int j = 0; [01;35m[Kj < this->m_swarm[i].size()[m[K; j++)
[0.331s]                              [01;35m[K~~^~~~~~~~~~~~~~~~~~~~~~~~~[m[K
[0.332s] [01m[K/home/neubility/path_planning_ws/path_planning/src/pso_planner_pkg/include/pso_planner.hpp:[m[K In member function ‘[01m[Kvoid PSOPlanner::update_new_swarm()[m[K’:
[0.332s] [01m[K/home/neubility/path_planning_ws/path_planning/src/pso_planner_pkg/include/pso_planner.hpp:302:27:[m[K [01;35m[Kwarning: [m[Kcomparison between signed and unsigned integer expressions [[01;35m[K-Wsign-compare[m[K]
[0.332s]          for (int i = 0; [01;35m[Ki < this->m_swarm.size()[m[K; i++)
[0.332s]                          [01;35m[K~~^~~~~~~~~~~~~~~~~~~~~~[m[K
[0.332s] [01m[K/home/neubility/path_planning_ws/path_planning/src/pso_planner_pkg/include/pso_planner.hpp:307:31:[m[K [01;35m[Kwarning: [m[Kcomparison between signed and unsigned integer expressions [[01;35m[K-Wsign-compare[m[K]
[0.332s]              for (int k = 0; [01;35m[Kk < this->m_swarm[i][swarm_depth_end_index].particles.size()[m[K; k++)
[0.332s]                              [01;35m[K~~^~~~~~~~~~~~~~~~~~~~~~~~~~~~~~~~~~~~~~~~~~~~~~~~~~~~~~~~~~[m[K
[0.335s] [01m[K/home/neubility/path_planning_ws/path_planning/src/pso_planner_pkg/include/pso_planner.hpp:321:57:[m[K [01;31m[Kerror: [m[Kno match for ‘[01m[Koperator<<[m[K’ (operand types are ‘[01m[Kstd::basic_ostream<char>[m[K’ and ‘[01m[K__gnu_cxx::__alloc_traits<std::allocator<Particles> >::value_type {aka Particles}[m[K’)
[0.335s]                  std::cout << "real cur particle pos : " << this->m_swarm[i][swarm_depth_end_index].particles[k] << std::endl;
[0.335s] In file included from [01m[K/usr/include/c++/7/iostream:39:0[m[K,
[0.335s]                  from [01m[K/home/neubility/path_planning_ws/path_planning/src/pso_planner_pkg/src/main.cpp:1[m[K:
[0.336s] [01m[K/usr/include/c++/7/ostream:108:7:[m[K [01;36m[Knote: [m[Kcandidate: std::basic_ostream<_CharT, _Traits>::__ostream_type& std::basic_ostream<_CharT, _Traits>::operator<<(std::basic_ostream<_CharT, _Traits>::__ostream_type& (*)(std::basic_ostream<_CharT, _Traits>::__ostream_type&)) [with _CharT = char; _Traits = std::char_traits<char>; std::basic_ostream<_CharT, _Traits>::__ostream_type = std::basic_ostream<char>]
[0.336s]        [01;36m[Koperator[m[K<<(__ostream_type& (*__pf)(__ostream_type&))
[0.336s]        [01;36m[K^~~~~~~~[m[K
[0.336s] [01m[K/usr/include/c++/7/ostream:108:7:[m[K [01;36m[Knote: [m[K  no known conversion for argument 1 from ‘[01m[K__gnu_cxx::__alloc_traits<std::allocator<Particles> >::value_type {aka Particles}[m[K’ to ‘[01m[Kstd::basic_ostream<char>::__ostream_type& (*)(std::basic_ostream<char>::__ostream_type&) {aka std::basic_ostream<char>& (*)(std::basic_ostream<char>&)}[m[K’
[0.336s] [01m[K/usr/include/c++/7/ostream:117:7:[m[K [01;36m[Knote: [m[Kcandidate: std::basic_ostream<_CharT, _Traits>::__ostream_type& std::basic_ostream<_CharT, _Traits>::operator<<(std::basic_ostream<_CharT, _Traits>::__ios_type& (*)(std::basic_ostream<_CharT, _Traits>::__ios_type&)) [with _CharT = char; _Traits = std::char_traits<char>; std::basic_ostream<_CharT, _Traits>::__ostream_type = std::basic_ostream<char>; std::basic_ostream<_CharT, _Traits>::__ios_type = std::basic_ios<char>]
[0.336s]        [01;36m[Koperator[m[K<<(__ios_type& (*__pf)(__ios_type&))
[0.336s]        [01;36m[K^~~~~~~~[m[K
[0.336s] [01m[K/usr/include/c++/7/ostream:117:7:[m[K [01;36m[Knote: [m[K  no known conversion for argument 1 from ‘[01m[K__gnu_cxx::__alloc_traits<std::allocator<Particles> >::value_type {aka Particles}[m[K’ to ‘[01m[Kstd::basic_ostream<char>::__ios_type& (*)(std::basic_ostream<char>::__ios_type&) {aka std::basic_ios<char>& (*)(std::basic_ios<char>&)}[m[K’
[0.336s] [01m[K/usr/include/c++/7/ostream:127:7:[m[K [01;36m[Knote: [m[Kcandidate: std::basic_ostream<_CharT, _Traits>::__ostream_type& std::basic_ostream<_CharT, _Traits>::operator<<(std::ios_base& (*)(std::ios_base&)) [with _CharT = char; _Traits = std::char_traits<char>; std::basic_ostream<_CharT, _Traits>::__ostream_type = std::basic_ostream<char>]
[0.336s]        [01;36m[Koperator[m[K<<(ios_base& (*__pf) (ios_base&))
[0.336s]        [01;36m[K^~~~~~~~[m[K
[0.336s] [01m[K/usr/include/c++/7/ostream:127:7:[m[K [01;36m[Knote: [m[K  no known conversion for argument 1 from ‘[01m[K__gnu_cxx::__alloc_traits<std::allocator<Particles> >::value_type {aka Particles}[m[K’ to ‘[01m[Kstd::ios_base& (*)(std::ios_base&)[m[K’
[0.336s] [01m[K/usr/include/c++/7/ostream:166:7:[m[K [01;36m[Knote: [m[Kcandidate: std::basic_ostream<_CharT, _Traits>::__ostream_type& std::basic_ostream<_CharT, _Traits>::operator<<(long int) [with _CharT = char; _Traits = std::char_traits<char>; std::basic_ostream<_CharT, _Traits>::__ostream_type = std::basic_ostream<char>]
[0.336s]        [01;36m[Koperator[m[K<<(long __n)
[0.336s]        [01;36m[K^~~~~~~~[m[K
[0.336s] [01m[K/usr/include/c++/7/ostream:166:7:[m[K [01;36m[Knote: [m[K  no known conversion for argument 1 from ‘[01m[K__gnu_cxx::__alloc_traits<std::allocator<Particles> >::value_type {aka Particles}[m[K’ to ‘[01m[Klong int[m[K’
[0.336s] [01m[K/usr/include/c++/7/ostream:170:7:[m[K [01;36m[Knote: [m[Kcandidate: std::basic_ostream<_CharT, _Traits>::__ostream_type& std::basic_ostream<_CharT, _Traits>::operator<<(long unsigned int) [with _CharT = char; _Traits = std::char_traits<char>; std::basic_ostream<_CharT, _Traits>::__ostream_type = std::basic_ostream<char>]
[0.336s]        [01;36m[Koperator[m[K<<(unsigned long __n)
[0.336s]        [01;36m[K^~~~~~~~[m[K
[0.337s] [01m[K/usr/include/c++/7/ostream:170:7:[m[K [01;36m[Knote: [m[K  no known conversion for argument 1 from ‘[01m[K__gnu_cxx::__alloc_traits<std::allocator<Particles> >::value_type {aka Particles}[m[K’ to ‘[01m[Klong unsigned int[m[K’
[0.337s] [01m[K/usr/include/c++/7/ostream:174:7:[m[K [01;36m[Knote: [m[Kcandidate: std::basic_ostream<_CharT, _Traits>::__ostream_type& std::basic_ostream<_CharT, _Traits>::operator<<(bool) [with _CharT = char; _Traits = std::char_traits<char>; std::basic_ostream<_CharT, _Traits>::__ostream_type = std::basic_ostream<char>]
[0.337s]        [01;36m[Koperator[m[K<<(bool __n)
[0.337s]        [01;36m[K^~~~~~~~[m[K
[0.337s] [01m[K/usr/include/c++/7/ostream:174:7:[m[K [01;36m[Knote: [m[K  no known conversion for argument 1 from ‘[01m[K__gnu_cxx::__alloc_traits<std::allocator<Particles> >::value_type {aka Particles}[m[K’ to ‘[01m[Kbool[m[K’
[0.337s] In file included from [01m[K/usr/include/c++/7/ostream:693:0[m[K,
[0.337s]                  from [01m[K/usr/include/c++/7/iostream:39[m[K,
[0.337s]                  from [01m[K/home/neubility/path_planning_ws/path_planning/src/pso_planner_pkg/src/main.cpp:1[m[K:
[0.337s] [01m[K/usr/include/c++/7/bits/ostream.tcc:91:5:[m[K [01;36m[Knote: [m[Kcandidate: std::basic_ostream<_CharT, _Traits>& std::basic_ostream<_CharT, _Traits>::operator<<(short int) [with _CharT = char; _Traits = std::char_traits<char>]
[0.337s]      [01;36m[Kbasic_ostream<_CharT, _Traits>[m[K::
[0.337s]      [01;36m[K^~~~~~~~~~~~~~~~~~~~~~~~~~~~~~[m[K
[0.338s] [01m[K/usr/include/c++/7/bits/ostream.tcc:91:5:[m[K [01;36m[Knote: [m[K  no known conversion for argument 1 from ‘[01m[K__gnu_cxx::__alloc_traits<std::allocator<Particles> >::value_type {aka Particles}[m[K’ to ‘[01m[Kshort int[m[K’
[0.338s] In file included from [01m[K/usr/include/c++/7/iostream:39:0[m[K,
[0.338s]                  from [01m[K/home/neubility/path_planning_ws/path_planning/src/pso_planner_pkg/src/main.cpp:1[m[K:
[0.338s] [01m[K/usr/include/c++/7/ostream:181:7:[m[K [01;36m[Knote: [m[Kcandidate: std::basic_ostream<_CharT, _Traits>::__ostream_type& std::basic_ostream<_CharT, _Traits>::operator<<(short unsigned int) [with _CharT = char; _Traits = std::char_traits<char>; std::basic_ostream<_CharT, _Traits>::__ostream_type = std::basic_ostream<char>]
[0.338s]        [01;36m[Koperator[m[K<<(unsigned short __n)
[0.338s]        [01;36m[K^~~~~~~~[m[K
[0.338s] [01m[K/usr/include/c++/7/ostream:181:7:[m[K [01;36m[Knote: [m[K  no known conversion for argument 1 from ‘[01m[K__gnu_cxx::__alloc_traits<std::allocator<Particles> >::value_type {aka Particles}[m[K’ to ‘[01m[Kshort unsigned int[m[K’
[0.338s] In file included from [01m[K/usr/include/c++/7/ostream:693:0[m[K,
[0.338s]                  from [01m[K/usr/include/c++/7/iostream:39[m[K,
[0.338s]                  from [01m[K/home/neubility/path_planning_ws/path_planning/src/pso_planner_pkg/src/main.cpp:1[m[K:
[0.338s] [01m[K/usr/include/c++/7/bits/ostream.tcc:105:5:[m[K [01;36m[Knote: [m[Kcandidate: std::basic_ostream<_CharT, _Traits>& std::basic_ostream<_CharT, _Traits>::operator<<(int) [with _CharT = char; _Traits = std::char_traits<char>]
[0.338s]      [01;36m[Kbasic_ostream<_CharT, _Traits>[m[K::
[0.338s]      [01;36m[K^~~~~~~~~~~~~~~~~~~~~~~~~~~~~~[m[K
[0.338s] [01m[K/usr/include/c++/7/bits/ostream.tcc:105:5:[m[K [01;36m[Knote: [m[K  no known conversion for argument 1 from ‘[01m[K__gnu_cxx::__alloc_traits<std::allocator<Particles> >::value_type {aka Particles}[m[K’ to ‘[01m[Kint[m[K’
[0.338s] In file included from [01m[K/usr/include/c++/7/iostream:39:0[m[K,
[0.338s]                  from [01m[K/home/neubility/path_planning_ws/path_planning/src/pso_planner_pkg/src/main.cpp:1[m[K:
[0.338s] [01m[K/usr/include/c++/7/ostream:192:7:[m[K [01;36m[Knote: [m[Kcandidate: std::basic_ostream<_CharT, _Traits>::__ostream_type& std::basic_ostream<_CharT, _Traits>::operator<<(unsigned int) [with _CharT = char; _Traits = std::char_traits<char>; std::basic_ostream<_CharT, _Traits>::__ostream_type = std::basic_ostream<char>]
[0.338s]        [01;36m[Koperator[m[K<<(unsigned int __n)
[0.338s]        [01;36m[K^~~~~~~~[m[K
[0.338s] [01m[K/usr/include/c++/7/ostream:192:7:[m[K [01;36m[Knote: [m[K  no known conversion for argument 1 from ‘[01m[K__gnu_cxx::__alloc_traits<std::allocator<Particles> >::value_type {aka Particles}[m[K’ to ‘[01m[Kunsigned int[m[K’
[0.338s] [01m[K/usr/include/c++/7/ostream:201:7:[m[K [01;36m[Knote: [m[Kcandidate: std::basic_ostream<_CharT, _Traits>::__ostream_type& std::basic_ostream<_CharT, _Traits>::operator<<(long long int) [with _CharT = char; _Traits = std::char_traits<char>; std::basic_ostream<_CharT, _Traits>::__ostream_type = std::basic_ostream<char>]
[0.338s]        [01;36m[Koperator[m[K<<(long long __n)
[0.338s]        [01;36m[K^~~~~~~~[m[K
[0.338s] [01m[K/usr/include/c++/7/ostream:201:7:[m[K [01;36m[Knote: [m[K  no known conversion for argument 1 from ‘[01m[K__gnu_cxx::__alloc_traits<std::allocator<Particles> >::value_type {aka Particles}[m[K’ to ‘[01m[Klong long int[m[K’
[0.338s] [01m[K/usr/include/c++/7/ostream:205:7:[m[K [01;36m[Knote: [m[Kcandidate: std::basic_ostream<_CharT, _Traits>::__ostream_type& std::basic_ostream<_CharT, _Traits>::operator<<(long long unsigned int) [with _CharT = char; _Traits = std::char_traits<char>; std::basic_ostream<_CharT, _Traits>::__ostream_type = std::basic_ostream<char>]
[0.339s]        [01;36m[Koperator[m[K<<(unsigned long long __n)
[0.339s]        [01;36m[K^~~~~~~~[m[K
[0.339s] [01m[K/usr/include/c++/7/ostream:205:7:[m[K [01;36m[Knote: [m[K  no known conversion for argument 1 from ‘[01m[K__gnu_cxx::__alloc_traits<std::allocator<Particles> >::value_type {aka Particles}[m[K’ to ‘[01m[Klong long unsigned int[m[K’
[0.339s] [01m[K/usr/include/c++/7/ostream:220:7:[m[K [01;36m[Knote: [m[Kcandidate: std::basic_ostream<_CharT, _Traits>::__ostream_type& std::basic_ostream<_CharT, _Traits>::operator<<(double) [with _CharT = char; _Traits = std::char_traits<char>; std::basic_ostream<_CharT, _Traits>::__ostream_type = std::basic_ostream<char>]
[0.339s]        [01;36m[Koperator[m[K<<(double __f)
[0.339s]        [01;36m[K^~~~~~~~[m[K
[0.339s] [01m[K/usr/include/c++/7/ostream:220:7:[m[K [01;36m[Knote: [m[K  no known conversion for argument 1 from ‘[01m[K__gnu_cxx::__alloc_traits<std::allocator<Particles> >::value_type {aka Particles}[m[K’ to ‘[01m[Kdouble[m[K’
[0.339s] [01m[K/usr/include/c++/7/ostream:224:7:[m[K [01;36m[Knote: [m[Kcandidate: std::basic_ostream<_CharT, _Traits>::__ostream_type& std::basic_ostream<_CharT, _Traits>::operator<<(float) [with _CharT = char; _Traits = std::char_traits<char>; std::basic_ostream<_CharT, _Traits>::__ostream_type = std::basic_ostream<char>]
[0.339s]        [01;36m[Koperator[m[K<<(float __f)
[0.339s]        [01;36m[K^~~~~~~~[m[K
[0.339s] [01m[K/usr/include/c++/7/ostream:224:7:[m[K [01;36m[Knote: [m[K  no known conversion for argument 1 from ‘[01m[K__gnu_cxx::__alloc_traits<std::allocator<Particles> >::value_type {aka Particles}[m[K’ to ‘[01m[Kfloat[m[K’
[0.339s] [01m[K/usr/include/c++/7/ostream:232:7:[m[K [01;36m[Knote: [m[Kcandidate: std::basic_ostream<_CharT, _Traits>::__ostream_type& std::basic_ostream<_CharT, _Traits>::operator<<(long double) [with _CharT = char; _Traits = std::char_traits<char>; std::basic_ostream<_CharT, _Traits>::__ostream_type = std::basic_ostream<char>]
[0.339s]        [01;36m[Koperator[m[K<<(long double __f)
[0.339s]        [01;36m[K^~~~~~~~[m[K
[0.339s] [01m[K/usr/include/c++/7/ostream:232:7:[m[K [01;36m[Knote: [m[K  no known conversion for argument 1 from ‘[01m[K__gnu_cxx::__alloc_traits<std::allocator<Particles> >::value_type {aka Particles}[m[K’ to ‘[01m[Klong double[m[K’
[0.339s] [01m[K/usr/include/c++/7/ostream:245:7:[m[K [01;36m[Knote: [m[Kcandidate: std::basic_ostream<_CharT, _Traits>::__ostream_type& std::basic_ostream<_CharT, _Traits>::operator<<(const void*) [with _CharT = char; _Traits = std::char_traits<char>; std::basic_ostream<_CharT, _Traits>::__ostream_type = std::basic_ostream<char>]
[0.339s]        [01;36m[Koperator[m[K<<(const void* __p)
[0.339s]        [01;36m[K^~~~~~~~[m[K
[0.339s] [01m[K/usr/include/c++/7/ostream:245:7:[m[K [01;36m[Knote: [m[K  no known conversion for argument 1 from ‘[01m[K__gnu_cxx::__alloc_traits<std::allocator<Particles> >::value_type {aka Particles}[m[K’ to ‘[01m[Kconst void*[m[K’
[0.339s] In file included from [01m[K/usr/include/c++/7/ostream:693:0[m[K,
[0.339s]                  from [01m[K/usr/include/c++/7/iostream:39[m[K,
[0.339s]                  from [01m[K/home/neubility/path_planning_ws/path_planning/src/pso_planner_pkg/src/main.cpp:1[m[K:
[0.339s] [01m[K/usr/include/c++/7/bits/ostream.tcc:119:5:[m[K [01;36m[Knote: [m[Kcandidate: std::basic_ostream<_CharT, _Traits>& std::basic_ostream<_CharT, _Traits>::operator<<(std::basic_ostream<_CharT, _Traits>::__streambuf_type*) [with _CharT = char; _Traits = std::char_traits<char>; std::basic_ostream<_CharT, _Traits>::__streambuf_type = std::basic_streambuf<char>]
[0.340s]      [01;36m[Kbasic_ostream<_CharT, _Traits>[m[K::
[0.340s]      [01;36m[K^~~~~~~~~~~~~~~~~~~~~~~~~~~~~~[m[K
[0.340s] [01m[K/usr/include/c++/7/bits/ostream.tcc:119:5:[m[K [01;36m[Knote: [m[K  no known conversion for argument 1 from ‘[01m[K__gnu_cxx::__alloc_traits<std::allocator<Particles> >::value_type {aka Particles}[m[K’ to ‘[01m[Kstd::basic_ostream<char>::__streambuf_type* {aka std::basic_streambuf<char>*}[m[K’
[0.340s] In file included from [01m[K/usr/include/c++/7/memory:81:0[m[K,
[0.340s]                  from [01m[K/home/neubility/path_planning_ws/path_planning/src/pso_planner_pkg/include/pso_planner.hpp:19[m[K,
[0.340s]                  from [01m[K/home/neubility/path_planning_ws/path_planning/src/pso_planner_pkg/src/main.cpp:8[m[K:
[0.340s] [01m[K/usr/include/c++/7/bits/shared_ptr.h:66:5:[m[K [01;36m[Knote: [m[Kcandidate: template<class _Ch, class _Tr, class _Tp, __gnu_cxx::_Lock_policy _Lp> std::basic_ostream<_CharT, _Traits>& std::operator<<(std::basic_ostream<_CharT, _Traits>&, const std::__shared_ptr<_Tp, _Lp>&)
[0.340s]      [01;36m[Koperator[m[K<<(std::basic_ostream<_Ch, _Tr>& __os,
[0.340s]      [01;36m[K^~~~~~~~[m[K
[0.340s] [01m[K/usr/include/c++/7/bits/shared_ptr.h:66:5:[m[K [01;36m[Knote: [m[K  template argument deduction/substitution failed:
[0.340s] In file included from [01m[K/home/neubility/path_planning_ws/path_planning/src/pso_planner_pkg/src/main.cpp:8:0[m[K:
[0.340s] [01m[K/home/neubility/path_planning_ws/path_planning/src/pso_planner_pkg/include/pso_planner.hpp:321:111:[m[K [01;36m[Knote: [m[K  ‘[01m[K__gnu_cxx::__alloc_traits<std::allocator<Particles> >::value_type {aka Particles}[m[K’ is not derived from ‘[01m[Kconst std::__shared_ptr<_Tp, _Lp>[m[K’
[0.340s]                  std::cout << "real cur particle pos : " << this->m_swarm[i][swarm_depth_end_index].particles[k[01;36m[K][m[K << std::endl;
[0.340s]                                                                                                                [01;36m[K^[m[K
[0.340s] In file included from [01m[K/usr/include/c++/7/iostream:39:0[m[K,
[0.340s]                  from [01m[K/home/neubility/path_planning_ws/path_planning/src/pso_planner_pkg/src/main.cpp:1[m[K:
[0.340s] [01m[K/usr/include/c++/7/ostream:682:5:[m[K [01;36m[Knote: [m[Kcandidate: template<class _Ostream, class _Tp> typename std::enable_if<std::__and_<std::__not_<std::is_lvalue_reference<_Tp> >, std::__is_convertible_to_basic_ostream<_Ostream>, std::__is_insertable<typename std::__is_convertible_to_basic_ostream<_Tp>::__ostream_type, const _Tp&, void> >::value, typename std::__is_convertible_to_basic_ostream<_Tp>::__ostream_type>::type std::operator<<(_Ostream&&, const _Tp&)
[0.340s]      [01;36m[Koperator[m[K<<(_Ostream&& __os, const _Tp& __x)
[0.340s]      [01;36m[K^~~~~~~~[m[K
[0.340s] [01m[K/usr/include/c++/7/ostream:682:5:[m[K [01;36m[Knote: [m[K  template argument deduction/substitution failed:
[0.340s] /usr/include/c++/7/ostream: In substitution of ‘[01m[Ktemplate<class _Ostream, class _Tp> typename std::enable_if<std::__and_<std::__not_<std::is_lvalue_reference<_Tp> >, std::__is_convertible_to_basic_ostream<_Ostream>, std::__is_insertable<typename std::__is_convertible_to_basic_ostream<_Tp>::__ostream_type, const _Tp&, void> >::value, typename std::__is_convertible_to_basic_ostream<_Tp>::__ostream_type>::type std::operator<<(_Ostream&&, const _Tp&) [with _Ostream = std::basic_ostream<char>&; _Tp = Particles][m[K’:
[0.340s] [01m[K/home/neubility/path_planning_ws/path_planning/src/pso_planner_pkg/include/pso_planner.hpp:321:111:[m[K   required from here
[0.340s] [01m[K/usr/include/c++/7/ostream:682:5:[m[K [01;31m[Kerror: [m[Kno type named ‘[01m[Ktype[m[K’ in ‘[01m[Kstruct std::enable_if<false, std::basic_ostream<char>&>[m[K’
[0.340s] [01m[K/usr/include/c++/7/ostream:574:5:[m[K [01;36m[Knote: [m[Kcandidate: template<class _Traits> std::basic_ostream<char, _Traits>& std::operator<<(std::basic_ostream<char, _Traits>&, const unsigned char*)
[0.340s]      [01;36m[Koperator[m[K<<(basic_ostream<char, _Traits>& __out, const unsigned char* __s)
[0.341s]      [01;36m[K^~~~~~~~[m[K
[0.341s] [01m[K/usr/include/c++/7/ostream:574:5:[m[K [01;36m[Knote: [m[K  template argument deduction/substitution failed:
[0.341s] In file included from [01m[K/home/neubility/path_planning_ws/path_planning/src/pso_planner_pkg/src/main.cpp:8:0[m[K:
[0.341s] [01m[K/home/neubility/path_planning_ws/path_planning/src/pso_planner_pkg/include/pso_planner.hpp:321:111:[m[K [01;36m[Knote: [m[K  cannot convert ‘[01m[K(&((PSOPlanner*)this)->PSOPlanner::m_swarm.std::vector<std::vector<Swarm> >::operator[](((std::vector<std::vector<Swarm> >::size_type)i)))->std::vector<Swarm>::operator[](((std::vector<Swarm>::size_type)swarm_depth_end_index)).Swarm::particles.std::vector<Particles>::operator[](((std::vector<Particles>::size_type)k))[m[K’ (type ‘[01m[K__gnu_cxx::__alloc_traits<std::allocator<Particles> >::value_type {aka Particles}[m[K’) to type ‘[01m[Kconst unsigned char*[m[K’
[0.341s]                  std::cout << "real cur particle pos : " << this->m_swarm[i][swarm_depth_end_index].particles[k[01;36m[K][m[K << std::endl;
[0.341s]                                                                                                                [01;36m[K^[m[K
[0.341s] In file included from [01m[K/usr/include/c++/7/iostream:39:0[m[K,
[0.341s]                  from [01m[K/home/neubility/path_planning_ws/path_planning/src/pso_planner_pkg/src/main.cpp:1[m[K:
[0.341s] [01m[K/usr/include/c++/7/ostream:569:5:[m[K [01;36m[Knote: [m[Kcandidate: template<class _Traits> std::basic_ostream<char, _Traits>& std::operator<<(std::basic_ostream<char, _Traits>&, const signed char*)
[0.341s]      [01;36m[Koperator[m[K<<(basic_ostream<char, _Traits>& __out, const signed char* __s)
[0.341s]      [01;36m[K^~~~~~~~[m[K
[0.341s] [01m[K/usr/include/c++/7/ostream:569:5:[m[K [01;36m[Knote: [m[K  template argument deduction/substitution failed:
[0.341s] In file included from [01m[K/home/neubility/path_planning_ws/path_planning/src/pso_planner_pkg/src/main.cpp:8:0[m[K:
[0.341s] [01m[K/home/neubility/path_planning_ws/path_planning/src/pso_planner_pkg/include/pso_planner.hpp:321:111:[m[K [01;36m[Knote: [m[K  cannot convert ‘[01m[K(&((PSOPlanner*)this)->PSOPlanner::m_swarm.std::vector<std::vector<Swarm> >::operator[](((std::vector<std::vector<Swarm> >::size_type)i)))->std::vector<Swarm>::operator[](((std::vector<Swarm>::size_type)swarm_depth_end_index)).Swarm::particles.std::vector<Particles>::operator[](((std::vector<Particles>::size_type)k))[m[K’ (type ‘[01m[K__gnu_cxx::__alloc_traits<std::allocator<Particles> >::value_type {aka Particles}[m[K’) to type ‘[01m[Kconst signed char*[m[K’
[0.341s]                  std::cout << "real cur particle pos : " << this->m_swarm[i][swarm_depth_end_index].particles[k[01;36m[K][m[K << std::endl;
[0.341s]                                                                                                                [01;36m[K^[m[K
[0.341s] In file included from [01m[K/usr/include/c++/7/iostream:39:0[m[K,
[0.341s]                  from [01m[K/home/neubility/path_planning_ws/path_planning/src/pso_planner_pkg/src/main.cpp:1[m[K:
[0.341s] [01m[K/usr/include/c++/7/ostream:556:5:[m[K [01;36m[Knote: [m[Kcandidate: template<class _Traits> std::basic_ostream<char, _Traits>& std::operator<<(std::basic_ostream<char, _Traits>&, const char*)
[0.341s]      [01;36m[Koperator[m[K<<(basic_ostream<char, _Traits>& __out, const char* __s)
[0.341s]      [01;36m[K^~~~~~~~[m[K
[0.341s] [01m[K/usr/include/c++/7/ostream:556:5:[m[K [01;36m[Knote: [m[K  template argument deduction/substitution failed:
[0.341s] In file included from [01m[K/home/neubility/path_planning_ws/path_planning/src/pso_planner_pkg/src/main.cpp:8:0[m[K:
[0.342s] [01m[K/home/neubility/path_planning_ws/path_planning/src/pso_planner_pkg/include/pso_planner.hpp:321:111:[m[K [01;36m[Knote: [m[K  cannot convert ‘[01m[K(&((PSOPlanner*)this)->PSOPlanner::m_swarm.std::vector<std::vector<Swarm> >::operator[](((std::vector<std::vector<Swarm> >::size_type)i)))->std::vector<Swarm>::operator[](((std::vector<Swarm>::size_type)swarm_depth_end_index)).Swarm::particles.std::vector<Particles>::operator[](((std::vector<Particles>::size_type)k))[m[K’ (type ‘[01m[K__gnu_cxx::__alloc_traits<std::allocator<Particles> >::value_type {aka Particles}[m[K’) to type ‘[01m[Kconst char*[m[K’
[0.342s]                  std::cout << "real cur particle pos : " << this->m_swarm[i][swarm_depth_end_index].particles[k[01;36m[K][m[K << std::endl;
[0.342s]                                                                                                                [01;36m[K^[m[K
[0.342s] In file included from [01m[K/usr/include/c++/7/ostream:693:0[m[K,
[0.342s]                  from [01m[K/usr/include/c++/7/iostream:39[m[K,
[0.342s]                  from [01m[K/home/neubility/path_planning_ws/path_planning/src/pso_planner_pkg/src/main.cpp:1[m[K:
[0.342s] [01m[K/usr/include/c++/7/bits/ostream.tcc:321:5:[m[K [01;36m[Knote: [m[Kcandidate: template<class _CharT, class _Traits> std::basic_ostream<_CharT, _Traits>& std::operator<<(std::basic_ostream<_CharT, _Traits>&, const char*)
[0.342s]      [01;36m[Koperator[m[K<<(basic_ostream<_CharT, _Traits>& __out, const char* __s)
[0.342s]      [01;36m[K^~~~~~~~[m[K
[0.342s] [01m[K/usr/include/c++/7/bits/ostream.tcc:321:5:[m[K [01;36m[Knote: [m[K  template argument deduction/substitution failed:
[0.342s] In file included from [01m[K/home/neubility/path_planning_ws/path_planning/src/pso_planner_pkg/src/main.cpp:8:0[m[K:
[0.342s] [01m[K/home/neubility/path_planning_ws/path_planning/src/pso_planner_pkg/include/pso_planner.hpp:321:111:[m[K [01;36m[Knote: [m[K  cannot convert ‘[01m[K(&((PSOPlanner*)this)->PSOPlanner::m_swarm.std::vector<std::vector<Swarm> >::operator[](((std::vector<std::vector<Swarm> >::size_type)i)))->std::vector<Swarm>::operator[](((std::vector<Swarm>::size_type)swarm_depth_end_index)).Swarm::particles.std::vector<Particles>::operator[](((std::vector<Particles>::size_type)k))[m[K’ (type ‘[01m[K__gnu_cxx::__alloc_traits<std::allocator<Particles> >::value_type {aka Particles}[m[K’) to type ‘[01m[Kconst char*[m[K’
[0.342s]                  std::cout << "real cur particle pos : " << this->m_swarm[i][swarm_depth_end_index].particles[k[01;36m[K][m[K << std::endl;
[0.342s]                                                                                                                [01;36m[K^[m[K
[0.342s] In file included from [01m[K/usr/include/c++/7/iostream:39:0[m[K,
[0.342s]                  from [01m[K/home/neubility/path_planning_ws/path_planning/src/pso_planner_pkg/src/main.cpp:1[m[K:
[0.342s] [01m[K/usr/include/c++/7/ostream:539:5:[m[K [01;36m[Knote: [m[Kcandidate: template<class _CharT, class _Traits> std::basic_ostream<_CharT, _Traits>& std::operator<<(std::basic_ostream<_CharT, _Traits>&, const _CharT*)
[0.342s]      [01;36m[Koperator[m[K<<(basic_ostream<_CharT, _Traits>& __out, const _CharT* __s)
[0.342s]      [01;36m[K^~~~~~~~[m[K
[0.342s] [01m[K/usr/include/c++/7/ostream:539:5:[m[K [01;36m[Knote: [m[K  template argument deduction/substitution failed:
[0.342s] In file included from [01m[K/home/neubility/path_planning_ws/path_planning/src/pso_planner_pkg/src/main.cpp:8:0[m[K:
[0.343s] [01m[K/home/neubility/path_planning_ws/path_planning/src/pso_planner_pkg/include/pso_planner.hpp:321:111:[m[K [01;36m[Knote: [m[K  mismatched types ‘[01m[Kconst _CharT*[m[K’ and ‘[01m[KParticles[m[K’
[0.343s]                  std::cout << "real cur particle pos : " << this->m_swarm[i][swarm_depth_end_index].particles[k[01;36m[K][m[K << std::endl;
[0.343s]                                                                                                                [01;36m[K^[m[K
[0.343s] In file included from [01m[K/usr/include/c++/7/iostream:39:0[m[K,
[0.343s]                  from [01m[K/home/neubility/path_planning_ws/path_planning/src/pso_planner_pkg/src/main.cpp:1[m[K:
[0.343s] [01m[K/usr/include/c++/7/ostream:519:5:[m[K [01;36m[Knote: [m[Kcandidate: template<class _Traits> std::basic_ostream<char, _Traits>& std::operator<<(std::basic_ostream<char, _Traits>&, unsigned char)
[0.343s]      [01;36m[Koperator[m[K<<(basic_ostream<char, _Traits>& __out, unsigned char __c)
[0.343s]      [01;36m[K^~~~~~~~[m[K
[0.343s] [01m[K/usr/include/c++/7/ostream:519:5:[m[K [01;36m[Knote: [m[K  template argument deduction/substitution failed:
[0.343s] In file included from [01m[K/home/neubility/path_planning_ws/path_planning/src/pso_planner_pkg/src/main.cpp:8:0[m[K:
[0.343s] [01m[K/home/neubility/path_planning_ws/path_planning/src/pso_planner_pkg/include/pso_planner.hpp:321:111:[m[K [01;36m[Knote: [m[K  cannot convert ‘[01m[K(&((PSOPlanner*)this)->PSOPlanner::m_swarm.std::vector<std::vector<Swarm> >::operator[](((std::vector<std::vector<Swarm> >::size_type)i)))->std::vector<Swarm>::operator[](((std::vector<Swarm>::size_type)swarm_depth_end_index)).Swarm::particles.std::vector<Particles>::operator[](((std::vector<Particles>::size_type)k))[m[K’ (type ‘[01m[K__gnu_cxx::__alloc_traits<std::allocator<Particles> >::value_type {aka Particles}[m[K’) to type ‘[01m[Kunsigned char[m[K’
[0.343s]                  std::cout << "real cur particle pos : " << this->m_swarm[i][swarm_depth_end_index].particles[k[01;36m[K][m[K << std::endl;
[0.343s]                                                                                                                [01;36m[K^[m[K
[0.343s] In file included from [01m[K/usr/include/c++/7/iostream:39:0[m[K,
[0.343s]                  from [01m[K/home/neubility/path_planning_ws/path_planning/src/pso_planner_pkg/src/main.cpp:1[m[K:
[0.343s] [01m[K/usr/include/c++/7/ostream:514:5:[m[K [01;36m[Knote: [m[Kcandidate: template<class _Traits> std::basic_ostream<char, _Traits>& std::operator<<(std::basic_ostream<char, _Traits>&, signed char)
[0.344s]      [01;36m[Koperator[m[K<<(basic_ostream<char, _Traits>& __out, signed char __c)
[0.344s]      [01;36m[K^~~~~~~~[m[K
[0.344s] [01m[K/usr/include/c++/7/ostream:514:5:[m[K [01;36m[Knote: [m[K  template argument deduction/substitution failed:
[0.344s] In file included from [01m[K/home/neubility/path_planning_ws/path_planning/src/pso_planner_pkg/src/main.cpp:8:0[m[K:
[0.344s] [01m[K/home/neubility/path_planning_ws/path_planning/src/pso_planner_pkg/include/pso_planner.hpp:321:111:[m[K [01;36m[Knote: [m[K  cannot convert ‘[01m[K(&((PSOPlanner*)this)->PSOPlanner::m_swarm.std::vector<std::vector<Swarm> >::operator[](((std::vector<std::vector<Swarm> >::size_type)i)))->std::vector<Swarm>::operator[](((std::vector<Swarm>::size_type)swarm_depth_end_index)).Swarm::particles.std::vector<Particles>::operator[](((std::vector<Particles>::size_type)k))[m[K’ (type ‘[01m[K__gnu_cxx::__alloc_traits<std::allocator<Particles> >::value_type {aka Particles}[m[K’) to type ‘[01m[Ksigned char[m[K’
[0.344s]                  std::cout << "real cur particle pos : " << this->m_swarm[i][swarm_depth_end_index].particles[k[01;36m[K][m[K << std::endl;
[0.344s]                                                                                                                [01;36m[K^[m[K
[0.344s] In file included from [01m[K/usr/include/c++/7/iostream:39:0[m[K,
[0.344s]                  from [01m[K/home/neubility/path_planning_ws/path_planning/src/pso_planner_pkg/src/main.cpp:1[m[K:
[0.344s] [01m[K/usr/include/c++/7/ostream:508:5:[m[K [01;36m[Knote: [m[Kcandidate: template<class _Traits> std::basic_ostream<char, _Traits>& std::operator<<(std::basic_ostream<char, _Traits>&, char)
[0.344s]      [01;36m[Koperator[m[K<<(basic_ostream<char, _Traits>& __out, char __c)
[0.344s]      [01;36m[K^~~~~~~~[m[K
[0.344s] [01m[K/usr/include/c++/7/ostream:508:5:[m[K [01;36m[Knote: [m[K  template argument deduction/substitution failed:
[0.344s] In file included from [01m[K/home/neubility/path_planning_ws/path_planning/src/pso_planner_pkg/src/main.cpp:8:0[m[K:
[0.344s] [01m[K/home/neubility/path_planning_ws/path_planning/src/pso_planner_pkg/include/pso_planner.hpp:321:111:[m[K [01;36m[Knote: [m[K  cannot convert ‘[01m[K(&((PSOPlanner*)this)->PSOPlanner::m_swarm.std::vector<std::vector<Swarm> >::operator[](((std::vector<std::vector<Swarm> >::size_type)i)))->std::vector<Swarm>::operator[](((std::vector<Swarm>::size_type)swarm_depth_end_index)).Swarm::particles.std::vector<Particles>::operator[](((std::vector<Particles>::size_type)k))[m[K’ (type ‘[01m[K__gnu_cxx::__alloc_traits<std::allocator<Particles> >::value_type {aka Particles}[m[K’) to type ‘[01m[Kchar[m[K’
[0.344s]                  std::cout << "real cur particle pos : " << this->m_swarm[i][swarm_depth_end_index].particles[k[01;36m[K][m[K << std::endl;
[0.344s]                                                                                                                [01;36m[K^[m[K
[0.344s] In file included from [01m[K/usr/include/c++/7/iostream:39:0[m[K,
[0.344s]                  from [01m[K/home/neubility/path_planning_ws/path_planning/src/pso_planner_pkg/src/main.cpp:1[m[K:
[0.344s] [01m[K/usr/include/c++/7/ostream:502:5:[m[K [01;36m[Knote: [m[Kcandidate: template<class _CharT, class _Traits> std::basic_ostream<_CharT, _Traits>& std::operator<<(std::basic_ostream<_CharT, _Traits>&, char)
[0.344s]      [01;36m[Koperator[m[K<<(basic_ostream<_CharT, _Traits>& __out, char __c)
[0.345s]      [01;36m[K^~~~~~~~[m[K
[0.345s] [01m[K/usr/include/c++/7/ostream:502:5:[m[K [01;36m[Knote: [m[K  template argument deduction/substitution failed:
[0.345s] In file included from [01m[K/home/neubility/path_planning_ws/path_planning/src/pso_planner_pkg/src/main.cpp:8:0[m[K:
[0.345s] [01m[K/home/neubility/path_planning_ws/path_planning/src/pso_planner_pkg/include/pso_planner.hpp:321:111:[m[K [01;36m[Knote: [m[K  cannot convert ‘[01m[K(&((PSOPlanner*)this)->PSOPlanner::m_swarm.std::vector<std::vector<Swarm> >::operator[](((std::vector<std::vector<Swarm> >::size_type)i)))->std::vector<Swarm>::operator[](((std::vector<Swarm>::size_type)swarm_depth_end_index)).Swarm::particles.std::vector<Particles>::operator[](((std::vector<Particles>::size_type)k))[m[K’ (type ‘[01m[K__gnu_cxx::__alloc_traits<std::allocator<Particles> >::value_type {aka Particles}[m[K’) to type ‘[01m[Kchar[m[K’
[0.345s]                  std::cout << "real cur particle pos : " << this->m_swarm[i][swarm_depth_end_index].particles[k[01;36m[K][m[K << std::endl;
[0.345s]                                                                                                                [01;36m[K^[m[K
[0.345s] In file included from [01m[K/usr/include/c++/7/iostream:39:0[m[K,
[0.345s]                  from [01m[K/home/neubility/path_planning_ws/path_planning/src/pso_planner_pkg/src/main.cpp:1[m[K:
[0.345s] [01m[K/usr/include/c++/7/ostream:497:5:[m[K [01;36m[Knote: [m[Kcandidate: template<class _CharT, class _Traits> std::basic_ostream<_CharT, _Traits>& std::operator<<(std::basic_ostream<_CharT, _Traits>&, _CharT)
[0.345s]      [01;36m[Koperator[m[K<<(basic_ostream<_CharT, _Traits>& __out, _CharT __c)
[0.345s]      [01;36m[K^~~~~~~~[m[K
[0.345s] [01m[K/usr/include/c++/7/ostream:497:5:[m[K [01;36m[Knote: [m[K  template argument deduction/substitution failed:
[0.345s] In file included from [01m[K/home/neubility/path_planning_ws/path_planning/src/pso_planner_pkg/src/main.cpp:8:0[m[K:
[0.345s] [01m[K/home/neubility/path_planning_ws/path_planning/src/pso_planner_pkg/include/pso_planner.hpp:321:111:[m[K [01;36m[Knote: [m[K  deduced conflicting types for parameter ‘[01m[K_CharT[m[K’ (‘[01m[Kchar[m[K’ and ‘[01m[KParticles[m[K’)
[0.345s]                  std::cout << "real cur particle pos : " << this->m_swarm[i][swarm_depth_end_index].particles[k[01;36m[K][m[K << std::endl;
[0.345s]                                                                                                                [01;36m[K^[m[K
[0.345s] In file included from [01m[K/usr/include/c++/7/bits/ios_base.h:46:0[m[K,
[0.345s]                  from [01m[K/usr/include/c++/7/ios:42[m[K,
[0.345s]                  from [01m[K/usr/include/c++/7/ostream:38[m[K,
[0.345s]                  from [01m[K/usr/include/c++/7/iostream:39[m[K,
[0.345s]                  from [01m[K/home/neubility/path_planning_ws/path_planning/src/pso_planner_pkg/src/main.cpp:1[m[K:
[0.345s] [01m[K/usr/include/c++/7/system_error:217:5:[m[K [01;36m[Knote: [m[Kcandidate: template<class _CharT, class _Traits> std::basic_ostream<_CharT, _Traits>& std::operator<<(std::basic_ostream<_CharT, _Traits>&, const std::error_code&)
[0.345s]      [01;36m[Koperator[m[K<<(basic_ostream<_CharT, _Traits>& __os, const error_code& __e)
[0.345s]      [01;36m[K^~~~~~~~[m[K
[0.346s] [01m[K/usr/include/c++/7/system_error:217:5:[m[K [01;36m[Knote: [m[K  template argument deduction/substitution failed:
[0.346s] In file included from [01m[K/home/neubility/path_planning_ws/path_planning/src/pso_planner_pkg/src/main.cpp:8:0[m[K:
[0.346s] [01m[K/home/neubility/path_planning_ws/path_planning/src/pso_planner_pkg/include/pso_planner.hpp:321:111:[m[K [01;36m[Knote: [m[K  cannot convert ‘[01m[K(&((PSOPlanner*)this)->PSOPlanner::m_swarm.std::vector<std::vector<Swarm> >::operator[](((std::vector<std::vector<Swarm> >::size_type)i)))->std::vector<Swarm>::operator[](((std::vector<Swarm>::size_type)swarm_depth_end_index)).Swarm::particles.std::vector<Particles>::operator[](((std::vector<Particles>::size_type)k))[m[K’ (type ‘[01m[K__gnu_cxx::__alloc_traits<std::allocator<Particles> >::value_type {aka Particles}[m[K’) to type ‘[01m[Kconst std::error_code&[m[K’
[0.346s]                  std::cout << "real cur particle pos : " << this->m_swarm[i][swarm_depth_end_index].particles[k[01;36m[K][m[K << std::endl;
[0.346s]                                                                                                                [01;36m[K^[m[K
[0.346s] In file included from [01m[K/usr/include/c++/7/string:52:0[m[K,
[0.346s]                  from [01m[K/usr/include/c++/7/bits/locale_classes.h:40[m[K,
[0.346s]                  from [01m[K/usr/include/c++/7/bits/ios_base.h:41[m[K,
[0.346s]                  from [01m[K/usr/include/c++/7/ios:42[m[K,
[0.346s]                  from [01m[K/usr/include/c++/7/ostream:38[m[K,
[0.346s]                  from [01m[K/usr/include/c++/7/iostream:39[m[K,
[0.346s]                  from [01m[K/home/neubility/path_planning_ws/path_planning/src/pso_planner_pkg/src/main.cpp:1[m[K:
[0.346s] [01m[K/usr/include/c++/7/bits/basic_string.h:6284:5:[m[K [01;36m[Knote: [m[Kcandidate: template<class _CharT, class _Traits, class _Alloc> std::basic_ostream<_CharT, _Traits>& std::operator<<(std::basic_ostream<_CharT, _Traits>&, const std::__cxx11::basic_string<_CharT, _Traits, _Alloc>&)
[0.346s]      [01;36m[Koperator[m[K<<(basic_ostream<_CharT, _Traits>& __os,
[0.346s]      [01;36m[K^~~~~~~~[m[K
[0.346s] [01m[K/usr/include/c++/7/bits/basic_string.h:6284:5:[m[K [01;36m[Knote: [m[K  template argument deduction/substitution failed:
[0.346s] In file included from [01m[K/home/neubility/path_planning_ws/path_planning/src/pso_planner_pkg/src/main.cpp:8:0[m[K:
[0.346s] [01m[K/home/neubility/path_planning_ws/path_planning/src/pso_planner_pkg/include/pso_planner.hpp:321:111:[m[K [01;36m[Knote: [m[K  ‘[01m[K__gnu_cxx::__alloc_traits<std::allocator<Particles> >::value_type {aka Particles}[m[K’ is not derived from ‘[01m[Kconst std::__cxx11::basic_string<_CharT, _Traits, _Alloc>[m[K’
[0.346s]                  std::cout << "real cur particle pos : " << this->m_swarm[i][swarm_depth_end_index].particles[k[01;36m[K][m[K << std::endl;
[0.346s]                                                                                                                [01;36m[K^[m[K
[0.346s] [01m[K/home/neubility/path_planning_ws/path_planning/src/pso_planner_pkg/include/pso_planner.hpp:331:27:[m[K [01;35m[Kwarning: [m[Kcomparison between signed and unsigned integer expressions [[01;35m[K-Wsign-compare[m[K]
[0.346s]          for (int i = 0; [01;35m[Ki < this->m_swarm.size()[m[K; i++)
[0.346s]                          [01;35m[K~~^~~~~~~~~~~~~~~~~~~~~~[m[K
[0.347s] [01m[K/home/neubility/path_planning_ws/path_planning/src/pso_planner_pkg/include/pso_planner.hpp:333:31:[m[K [01;35m[Kwarning: [m[Kcomparison between signed and unsigned integer expressions [[01;35m[K-Wsign-compare[m[K]
[0.347s]              for (int j = 0; [01;35m[Kj < this->m_swarm[i].size()[m[K; j++)
[0.347s]                              [01;35m[K~~^~~~~~~~~~~~~~~~~~~~~~~~~[m[K
[0.347s] [01m[K/home/neubility/path_planning_ws/path_planning/src/pso_planner_pkg/include/pso_planner.hpp:[m[K In member function ‘[01m[Kvoid PSOPlanner::origin_func()[m[K’:
[0.347s] [01m[K/home/neubility/path_planning_ws/path_planning/src/pso_planner_pkg/include/pso_planner.hpp:393:27:[m[K [01;35m[Kwarning: [m[Kcomparison between signed and unsigned integer expressions [[01;35m[K-Wsign-compare[m[K]
[0.347s]          for (int i = 0; [01;35m[Ki < x_swarm.size()[m[K; i++)
[0.347s]                          [01;35m[K~~^~~~~~~~~~~~~~~~[m[K
[0.347s] [01m[K/home/neubility/path_planning_ws/path_planning/src/pso_planner_pkg/include/pso_planner.hpp:394:31:[m[K [01;35m[Kwarning: [m[Kcomparison between signed and unsigned integer expressions [[01;35m[K-Wsign-compare[m[K]
[0.347s]              for (int j = 0; [01;35m[Kj < x_swarm[i].size()[m[K; j++)
[0.347s]                              [01;35m[K~~^~~~~~~~~~~~~~~~~~~[m[K
[0.347s] [01m[K/home/neubility/path_planning_ws/path_planning/src/pso_planner_pkg/include/pso_planner.hpp:401:27:[m[K [01;35m[Kwarning: [m[Kcomparison between signed and unsigned integer expressions [[01;35m[K-Wsign-compare[m[K]
[0.347s]          for (int i = 0; [01;35m[Ki < y_swarm.size()[m[K; i++)
[0.347s]                          [01;35m[K~~^~~~~~~~~~~~~~~~[m[K
[0.347s] [01m[K/home/neubility/path_planning_ws/path_planning/src/pso_planner_pkg/include/pso_planner.hpp:402:31:[m[K [01;35m[Kwarning: [m[Kcomparison between signed and unsigned integer expressions [[01;35m[K-Wsign-compare[m[K]
[0.347s]              for (int j = 0; [01;35m[Kj < y_swarm[i].size()[m[K; j++)
[0.347s]                              [01;35m[K~~^~~~~~~~~~~~~~~~~~~[m[K
[0.974s] [01m[K/home/neubility/path_planning_ws/path_planning/src/pso_planner_pkg/src/main.cpp:[m[K In function ‘[01m[Kint main(int, char**)[m[K’:
[0.975s] [01m[K/home/neubility/path_planning_ws/path_planning/src/pso_planner_pkg/src/main.cpp:291:23:[m[K [01;35m[Kwarning: [m[Kcomparison between signed and unsigned integer expressions [[01;35m[K-Wsign-compare[m[K]
[0.975s]      for (int i = 0; [01;35m[Ki < pso_result_path_points.size() - 1[m[K; i++)
[0.975s]                      [01;35m[K~~^~~~~~~~~~~~~~~~~~~~~~~~~~~~~~~~~~~[m[K
[0.975s] [01m[K/home/neubility/path_planning_ws/path_planning/src/pso_planner_pkg/src/main.cpp:83:9:[m[K [01;35m[Kwarning: [m[Kunused variable ‘[01m[Koccupancy_grid_map_width[m[K’ [[01;35m[K-Wunused-variable[m[K]
[0.975s]      int [01;35m[Koccupancy_grid_map_width[m[K = 959;
[0.975s]          [01;35m[K^~~~~~~~~~~~~~~~~~~~~~~~[m[K
[0.975s] [01m[K/home/neubility/path_planning_ws/path_planning/src/pso_planner_pkg/src/main.cpp:84:9:[m[K [01;35m[Kwarning: [m[Kunused variable ‘[01m[Koccupancy_grid_map_height[m[K’ [[01;35m[K-Wunused-variable[m[K]
[0.975s]      int [01;35m[Koccupancy_grid_map_height[m[K = 538;
[0.975s]          [01;35m[K^~~~~~~~~~~~~~~~~~~~~~~~~[m[K
[0.975s] [01m[K/home/neubility/path_planning_ws/path_planning/src/pso_planner_pkg/src/main.cpp:139:9:[m[K [01;35m[Kwarning: [m[Kunused variable ‘[01m[Kinit_pos_x[m[K’ [[01;35m[K-Wunused-variable[m[K]
[0.975s]      int [01;35m[Kinit_pos_x[m[K = waypoints[0].first;
[0.975s]          [01;35m[K^~~~~~~~~~[m[K
[0.975s] [01m[K/home/neubility/path_planning_ws/path_planning/src/pso_planner_pkg/src/main.cpp:140:9:[m[K [01;35m[Kwarning: [m[Kunused variable ‘[01m[Kinit_pos_y[m[K’ [[01;35m[K-Wunused-variable[m[K]
[0.975s]      int [01;35m[Kinit_pos_y[m[K = waypoints[0].second;
[0.976s]          [01;35m[K^~~~~~~~~~[m[K
[0.976s] [01m[K/home/neubility/path_planning_ws/path_planning/src/pso_planner_pkg/src/main.cpp:141:9:[m[K [01;35m[Kwarning: [m[Kunused variable ‘[01m[Ktarget_x[m[K’ [[01;35m[K-Wunused-variable[m[K]
[0.976s]      int [01;35m[Ktarget_x[m[K = waypoints[waypoints.size() - 5].first;
[0.976s]          [01;35m[K^~~~~~~~[m[K
[0.976s] [01m[K/home/neubility/path_planning_ws/path_planning/src/pso_planner_pkg/src/main.cpp:142:9:[m[K [01;35m[Kwarning: [m[Kunused variable ‘[01m[Ktarget_y[m[K’ [[01;35m[K-Wunused-variable[m[K]
[0.976s]      int [01;35m[Ktarget_y[m[K = waypoints[waypoints.size() - 5].second;
[0.976s]          [01;35m[K^~~~~~~~[m[K
[3.048s] CMakeFiles/pso_planner_pkg.dir/build.make:62: recipe for target 'CMakeFiles/pso_planner_pkg.dir/src/main.cpp.o' failed
[3.048s] make[2]: *** [CMakeFiles/pso_planner_pkg.dir/src/main.cpp.o] Error 1
[3.048s] make[1]: *** [CMakeFiles/pso_planner_pkg.dir/all] Error 2
[3.048s] CMakeFiles/Makefile2:131: recipe for target 'CMakeFiles/pso_planner_pkg.dir/all' failed
[3.049s] make: *** [all] Error 2
[3.049s] Makefile:140: recipe for target 'all' failed
[3.050s] Invoked command in '/home/neubility/path_planning_ws/path_planning/build/pso_planner_pkg' returned '2': CMAKE_PREFIX_PATH=${CMAKE_PREFIX_PATH}:/opt/ros/eloquent /usr/bin/cmake --build /home/neubility/path_planning_ws/path_planning/build/pso_planner_pkg -- -j16 -l16
