[0.042s] Invoking command in '/home/neubility/path_planning_ws/path_planning/build/grid_algorithm_pkg': /usr/bin/cmake /home/neubility/path_planning_ws/path_planning/src/grid_algorithm_pkg -DCATKIN_INSTALL_INTO_PREFIX_ROOT=0 -DCMAKE_INSTALL_PREFIX=/home/neubility/path_planning_ws/path_planning/install/grid_algorithm_pkg
[0.122s] -- The C compiler identification is GNU 7.5.0
[0.186s] -- The CXX compiler identification is GNU 7.5.0
[0.189s] -- Check for working C compiler: /usr/bin/cc
[0.251s] -- Check for working C compiler: /usr/bin/cc -- works
[0.251s] -- Detecting C compiler ABI info
[0.310s] -- Detecting C compiler ABI info - done
[0.318s] -- Detecting C compile features
[0.520s] -- Detecting C compile features - done
[0.523s] -- Check for working CXX compiler: /usr/bin/c++
[0.596s] -- Check for working CXX compiler: /usr/bin/c++ -- works
[0.597s] -- Detecting CXX compiler ABI info
[0.674s] -- Detecting CXX compiler ABI info - done
[0.680s] -- Detecting CXX compile features
[1.030s] -- Detecting CXX compile features - done
[1.043s] -- Found OpenCV: /usr (found version "3.2.0") 
[1.047s] CMake Error at CMakeLists.txt:8 (find_package):
[1.048s]   By not providing "Findcatkin.cmake" in CMAKE_MODULE_PATH this project has
[1.048s]   asked CMake to find a package configuration file provided by "catkin", but
[1.048s]   CMake did not find one.
[1.048s] 
[1.048s]   Could not find a package configuration file provided by "catkin" with any
[1.049s]   of the following names:
[1.049s] 
[1.049s]     catkinConfig.cmake
[1.049s]     catkin-config.cmake
[1.050s] 
[1.050s]   Add the installation prefix of "catkin" to CMAKE_PREFIX_PATH or set
[1.050s]   "catkin_DIR" to a directory containing one of the above files.  If "catkin"
[1.052s]   provides a separate development package or SDK, be sure it has been
[1.052s]   installed.
[1.053s] 
[1.053s] 
[1.054s] -- Configuring incomplete, errors occurred!
[1.054s] See also "/home/neubility/path_planning_ws/path_planning/build/grid_algorithm_pkg/CMakeFiles/CMakeOutput.log".
