[0.026s] Invoking command in '/home/neubility/path_planning_ws/path_planning/src/build/grid_algorithm_pkg': /usr/bin/cmake /home/neubility/path_planning_ws/path_planning/src/grid_algorithm_pkg -DCATKIN_INSTALL_INTO_PREFIX_ROOT=0 -DCMAKE_INSTALL_PREFIX=/home/neubility/path_planning_ws/path_planning/src/install/grid_algorithm_pkg
[0.061s] CMake Error at CMakeLists.txt:8 (find_package):
[0.061s]   By not providing "Findcatkin.cmake" in CMAKE_MODULE_PATH this project has
[0.062s]   asked CMake to find a package configuration file provided by "catkin", but
[0.062s]   CMake did not find one.
[0.062s] 
[0.062s]   Could not find a package configuration file provided by "catkin" with any
[0.063s]   of the following names:
[0.063s] 
[0.063s]     catkinConfig.cmake
[0.063s]     catkin-config.cmake
[0.063s] 
[0.063s]   Add the installation prefix of "catkin" to CMAKE_PREFIX_PATH or set
[0.063s]   "catkin_DIR" to a directory containing one of the above files.  If "catkin"
[0.063s]   provides a separate development package or SDK, be sure it has been
[0.063s]   installed.
[0.064s] 
[0.064s] 
[0.064s] -- Configuring incomplete, errors occurred!
[0.064s] See also "/home/neubility/path_planning_ws/path_planning/src/build/grid_algorithm_pkg/CMakeFiles/CMakeOutput.log".
[0.066s] Invoked command in '/home/neubility/path_planning_ws/path_planning/src/build/grid_algorithm_pkg' returned '1': /usr/bin/cmake /home/neubility/path_planning_ws/path_planning/src/grid_algorithm_pkg -DCATKIN_INSTALL_INTO_PREFIX_ROOT=0 -DCMAKE_INSTALL_PREFIX=/home/neubility/path_planning_ws/path_planning/src/install/grid_algorithm_pkg
