[0.000000] (-) TimerEvent: {}
[0.000584] (-) JobUnselected: {'identifier': 'a_star_algorithm_pkg'}
[0.000916] (-) JobUnselected: {'identifier': 'genetic_algorithm_pkg'}
[0.000948] (-) JobUnselected: {'identifier': 'grid_algorithm_pkg'}
[0.000980] (-) JobUnselected: {'identifier': 'hybrid_a_star_algorithm_pkg'}
[0.001294] (pso_planner_pkg) JobQueued: {'identifier': 'pso_planner_pkg', 'dependencies': OrderedDict()}
[0.001334] (pso_planner_pkg) JobStarted: {'identifier': 'pso_planner_pkg'}
[0.013267] (pso_planner_pkg) JobProgress: {'identifier': 'pso_planner_pkg', 'progress': 'cmake'}
[0.013992] (pso_planner_pkg) JobProgress: {'identifier': 'pso_planner_pkg', 'progress': 'build'}
[0.014574] (pso_planner_pkg) Command: {'cmd': ['/usr/bin/cmake', '--build', '/home/neubility/path_planning_ws/path_planning/build/pso_planner_pkg'], 'cwd': '/home/neubility/path_planning_ws/path_planning/build/pso_planner_pkg', 'env': OrderedDict([('GJS_DEBUG_TOPICS', 'JS ERROR;JS LOG'), ('LESSOPEN', '| /usr/bin/lesspipe %s'), ('USER', 'neubility'), ('LC_TIME', 'ko_KR.UTF-8'), ('TEXTDOMAIN', 'im-config'), ('XDG_SEAT', 'seat0'), ('SSH_AGENT_PID', '1425'), ('XDG_SESSION_TYPE', 'x11'), ('GIT_ASKPASS', '/usr/share/code/resources/app/extensions/git/dist/askpass.sh'), ('LD_LIBRARY_PATH', '/home/neubility/Qt5.14.2/Tools/QtCreator/lib:/usr/local/cuda-11.4/lib64:/home/neubility/nb_devel_ws/install/parameter_manager/lib:/home/neubility/nb_devel_ws/install/link_fake_utm_pose_generator/lib:/home/neubility/nb_devel_ws/install/link_fake_global_localization/lib:/home/neubility/nb_devel_ws/install/link_util/lib:/home/neubility/nb_devel_ws/install/link_fake_sensor_broadcaster/lib:/home/neubility/nb_devel_ws/install/link_fake_cover_motor/lib:/home/neubility/nb_devel_ws/install/link_fake_control_bridge/lib:/home/neubility/nb_devel_ws/install/groot/lib:/home/neubility/nb_devel_ws/install/autonomy_ros2_message/lib:/usr/lib/x86_64-linux-gnu/gazebo-9/plugins:/opt/ros/eloquent/opt/yaml_cpp_vendor/lib:/opt/ros/eloquent/opt/rviz_ogre_vendor/lib:/opt/ros/eloquent/lib/x86_64-linux-gnu:/opt/ros/eloquent/lib'), ('SHLVL', '2'), ('CHROME_DESKTOP', 'code-url-handler.desktop'), ('QT4_IM_MODULE', 'xim'), ('CYCLONEDDS_URI', 'file:///home/neubility/robot_cfg/cyclonedds/cyclonedds.xml'), ('HOME', '/home/neubility'), ('DESKTOP_SESSION', 'ubuntu'), ('TERM_PROGRAM_VERSION', '1.63.2'), ('GIO_LAUNCHED_DESKTOP_FILE', '/usr/share/applications/code.desktop'), ('GNOME_SHELL_SESSION_MODE', 'ubuntu'), ('GTK_MODULES', 'gail:atk-bridge'), ('VSCODE_GIT_ASKPASS_MAIN', '/usr/share/code/resources/app/extensions/git/dist/askpass-main.js'), ('ROS_PYTHON_VERSION', '3'), ('LC_MONETARY', 'ko_KR.UTF-8'), ('VSCODE_GIT_ASKPASS_NODE', '/usr/share/code/code'), ('DBUS_SESSION_BUS_ADDRESS', 'unix:path=/run/user/1000/bus'), ('MAKEFLAGS', '-j 16'), ('COLORTERM', 'truecolor'), ('GIO_LAUNCHED_DESKTOP_FILE_PID', '2906'), ('COLCON_PREFIX_PATH', '/home/neubility/nb_devel_ws/install'), ('IM_CONFIG_PHASE', '2'), ('ROS_DISTRO', 'eloquent'), ('LOGNAME', 'neubility'), ('GTK_IM_MODULE', 'ibus'), ('_', '/usr/bin/colcon'), ('ROS_VERSION', '2'), ('USERNAME', 'neubility'), ('XDG_SESSION_ID', '1'), ('TERM', 'xterm-256color'), ('ROS_LOCALHOST_ONLY', '0'), ('GNOME_DESKTOP_SESSION_ID', 'this-is-deprecated'), ('WINDOWPATH', '1'), ('PATH', '/home/neubility/Qt5.14.2/Tools/QtCreator/bin:/usr/local/cuda-11.4/bin:/opt/ros/eloquent/bin:/usr/local/sbin:/usr/local/bin:/usr/sbin:/usr/bin:/sbin:/bin:/usr/games:/usr/local/games:/snap/bin'), ('SESSION_MANAGER', 'local/neubility:@/tmp/.ICE-unix/1341,unix/neubility:/tmp/.ICE-unix/1341'), ('XDG_MENU_PREFIX', 'gnome-'), ('LC_ADDRESS', 'ko_KR.UTF-8'), ('GDK_BACKEND', 'x11'), ('XDG_RUNTIME_DIR', '/run/user/1000'), ('DISPLAY', ':0'), ('LANG', 'en_US.UTF-8'), ('XDG_CURRENT_DESKTOP', 'Unity'), ('LC_TELEPHONE', 'ko_KR.UTF-8'), ('RMW_IMPLEMENTATION', 'rmw_cyclonedds_cpp'), ('TERM_PROGRAM', 'vscode'), ('XDG_SESSION_DESKTOP', 'ubuntu'), ('XMODIFIERS', '@im=ibus'), ('VSCODE_GIT_IPC_HANDLE', '/run/user/1000/vscode-git-db6130a115.sock'), ('XAUTHORITY', '/run/user/1000/gdm/Xauthority'), ('AMENT_PREFIX_PATH', '/home/neubility/nb_devel_ws/install/parameter_manager:/home/neubility/nb_devel_ws/install/neubie1_model:/home/neubility/nb_devel_ws/install/nb_platform_pkg:/home/neubility/nb_devel_ws/install/nb_global_planner_connector:/home/neubility/nb_devel_ws/install/link_fake_utm_pose_generator:/home/neubility/nb_devel_ws/install/link_fake_global_localization:/home/neubility/nb_devel_ws/install/link_util:/home/neubility/nb_devel_ws/install/link_simulation:/home/neubility/nb_devel_ws/install/link_fake_sensor_broadcaster:/home/neubility/nb_devel_ws/install/link_fake_cover_motor:/home/neubility/nb_devel_ws/install/link_fake_control_bridge:/home/neubility/nb_devel_ws/install/groot:/home/neubility/nb_devel_ws/install/autonomy_ros2_message:/opt/ros/eloquent'), ('ORIGINAL_XDG_CURRENT_DESKTOP', 'ubuntu:GNOME'), ('SSH_AUTH_SOCK', '/run/user/1000/keyring/ssh'), ('ROS_DOMAIN_ID', '142'), ('LC_NAME', 'ko_KR.UTF-8'), ('SHELL', '/bin/bash'), ('QT_ACCESSIBILITY', '1'), ('GDMSESSION', 'ubuntu'), ('LESSCLOSE', '/usr/bin/lesspipe %s %s'), ('LC_MEASUREMENT', 'ko_KR.UTF-8'), ('TEXTDOMAINDIR', '/usr/share/locale/'), ('GJS_DEBUG_OUTPUT', 'stderr'), ('GPG_AGENT_INFO', '/run/user/1000/gnupg/S.gpg-agent:0:1'), ('LC_IDENTIFICATION', 'ko_KR.UTF-8'), ('VSCODE_GIT_ASKPASS_EXTRA_ARGS', '--ms-enable-electron-run-as-node'), ('XDG_VTNR', '1'), ('QT_IM_MODULE', 'ibus'), ('LC_ALL', 'en_US.UTF-8'), ('PWD', '/home/neubility/path_planning_ws/path_planning/build/pso_planner_pkg'), ('CLUTTER_IM_MODULE', 'xim'), ('XDG_DATA_DIRS', '/usr/share/ubuntu:/usr/local/share/:/usr/share/:/var/lib/snapd/desktop'), ('XDG_CONFIG_DIRS', '/etc/xdg/xdg-ubuntu:/etc/xdg'), ('PASSWORD', 'a'), ('LC_NUMERIC', 'ko_KR.UTF-8'), ('PYTHONPATH', '/home/neubility/nb_devel_ws/install/autonomy_ros2_message/lib/python3.6/site-packages:/opt/ros/eloquent/lib/python3.6/site-packages'), ('LC_PAPER', 'ko_KR.UTF-8'), ('BREAKPAD_DUMP_LOCATION', '/home/neubility/.config/Code/exthost Crash Reports'), ('COLCON', '1'), ('CMAKE_PREFIX_PATH', '/home/neubility/nb_devel_ws/install/parameter_manager:/home/neubility/nb_devel_ws/install/neubie1_model:/home/neubility/nb_devel_ws/install/nb_platform_pkg:/home/neubility/nb_devel_ws/install/nb_global_planner_connector:/home/neubility/nb_devel_ws/install/link_fake_utm_pose_generator:/home/neubility/nb_devel_ws/install/link_fake_global_localization:/home/neubility/nb_devel_ws/install/link_util:/home/neubility/nb_devel_ws/install/link_simulation:/home/neubility/nb_devel_ws/install/link_fake_sensor_broadcaster:/home/neubility/nb_devel_ws/install/link_fake_cover_motor:/home/neubility/nb_devel_ws/install/link_fake_control_bridge:/home/neubility/nb_devel_ws/install/groot:/home/neubility/nb_devel_ws/install/autonomy_ros2_message:/opt/ros/eloquent')]), 'shell': False}
[0.065493] (pso_planner_pkg) StdoutLine: {'line': b'\x1b[35m\x1b[1mScanning dependencies of target pso_planner_pkg\x1b[0m\n'}
[0.083985] (pso_planner_pkg) StdoutLine: {'line': b'[ 33%] \x1b[32mBuilding CXX object CMakeFiles/pso_planner_pkg.dir/src/main.cpp.o\x1b[0m\n'}
[0.099452] (-) TimerEvent: {}
[0.199806] (-) TimerEvent: {}
[0.300253] (-) TimerEvent: {}
[0.379038] (pso_planner_pkg) StderrLine: {'line': b'In file included from \x1b[01m\x1b[K/home/neubility/path_planning_ws/path_planning/src/pso_planner_pkg/src/main.cpp:8:0\x1b[m\x1b[K:\n'}
[0.379311] (pso_planner_pkg) StderrLine: {'line': b'\x1b[01m\x1b[K/home/neubility/path_planning_ws/path_planning/src/pso_planner_pkg/include/pso_planner.hpp:\x1b[m\x1b[K In constructor \xe2\x80\x98\x1b[01m\x1b[KPSOPlanner::PSOPlanner(const std::pair<double, double>&, const std::pair<double, double>&, const std::pair<double, double>&)\x1b[m\x1b[K\xe2\x80\x99:\n'}
[0.379462] (pso_planner_pkg) StderrLine: {'line': b'\x1b[01m\x1b[K/home/neubility/path_planning_ws/path_planning/src/pso_planner_pkg/include/pso_planner.hpp:120:15:\x1b[m\x1b[K \x1b[01;35m\x1b[Kwarning: \x1b[m\x1b[Kstatement has no effect [\x1b[01;35m\x1b[K-Wunused-value\x1b[m\x1b[K]\n'}
[0.379587] (pso_planner_pkg) StderrLine: {'line': b'         \x1b[01;35m\x1b[Kthis->m_personal_best_array_index\x1b[m\x1b[K;\n'}
[0.379652] (pso_planner_pkg) StderrLine: {'line': b'         \x1b[01;35m\x1b[K~~~~~~^~~~~~~~~~~~~~~~~~~~~~~~~~~\x1b[m\x1b[K\n'}
[0.379943] (pso_planner_pkg) StderrLine: {'line': b'\x1b[01m\x1b[K/home/neubility/path_planning_ws/path_planning/src/pso_planner_pkg/include/pso_planner.hpp:121:15:\x1b[m\x1b[K \x1b[01;35m\x1b[Kwarning: \x1b[m\x1b[Kstatement has no effect [\x1b[01;35m\x1b[K-Wunused-value\x1b[m\x1b[K]\n'}
[0.380154] (pso_planner_pkg) StderrLine: {'line': b'         \x1b[01;35m\x1b[Kthis->m_global_best_array_index\x1b[m\x1b[K;\n'}
[0.380252] (pso_planner_pkg) StderrLine: {'line': b'         \x1b[01;35m\x1b[K~~~~~~^~~~~~~~~~~~~~~~~~~~~~~~~\x1b[m\x1b[K\n'}
[0.380313] (pso_planner_pkg) StderrLine: {'line': b'\x1b[01m\x1b[K/home/neubility/path_planning_ws/path_planning/src/pso_planner_pkg/include/pso_planner.hpp:122:15:\x1b[m\x1b[K \x1b[01;35m\x1b[Kwarning: \x1b[m\x1b[Kstatement has no effect [\x1b[01;35m\x1b[K-Wunused-value\x1b[m\x1b[K]\n'}
[0.380374] (pso_planner_pkg) StderrLine: {'line': b'         \x1b[01;35m\x1b[Kthis->m_swarm\x1b[m\x1b[K;\n'}
[0.380431] (pso_planner_pkg) StderrLine: {'line': b'         \x1b[01;35m\x1b[K~~~~~~^~~~~~~\x1b[m\x1b[K\n'}
[0.380485] (pso_planner_pkg) StderrLine: {'line': b'\x1b[01m\x1b[K/home/neubility/path_planning_ws/path_planning/src/pso_planner_pkg/include/pso_planner.hpp:\x1b[m\x1b[K In member function \xe2\x80\x98\x1b[01m\x1b[Kvoid PSOPlanner::run()\x1b[m\x1b[K\xe2\x80\x99:\n'}
[0.380547] (pso_planner_pkg) StderrLine: {'line': b'\x1b[01m\x1b[K/home/neubility/path_planning_ws/path_planning/src/pso_planner_pkg/include/pso_planner.hpp:195:27:\x1b[m\x1b[K \x1b[01;35m\x1b[Kwarning: \x1b[m\x1b[Kcomparison between signed and unsigned integer expressions [\x1b[01;35m\x1b[K-Wsign-compare\x1b[m\x1b[K]\n'}
[0.380601] (pso_planner_pkg) StderrLine: {'line': b'         for (int i = 0; \x1b[01;35m\x1b[Ki < this->m_swarm.size()\x1b[m\x1b[K; i++)\n'}
[0.380655] (pso_planner_pkg) StderrLine: {'line': b'                         \x1b[01;35m\x1b[K~~^~~~~~~~~~~~~~~~~~~~~~\x1b[m\x1b[K\n'}
[0.381756] (pso_planner_pkg) StderrLine: {'line': b'\x1b[01m\x1b[K/home/neubility/path_planning_ws/path_planning/src/pso_planner_pkg/include/pso_planner.hpp:198:31:\x1b[m\x1b[K \x1b[01;35m\x1b[Kwarning: \x1b[m\x1b[Kcomparison between signed and unsigned integer expressions [\x1b[01;35m\x1b[K-Wsign-compare\x1b[m\x1b[K]\n'}
[0.381998] (pso_planner_pkg) StderrLine: {'line': b'             for (int j = 0; \x1b[01;35m\x1b[Kj < this->m_swarm[i].size()\x1b[m\x1b[K; j++)\n'}
[0.382145] (pso_planner_pkg) StderrLine: {'line': b'                             \x1b[01;35m\x1b[K~~^~~~~~~~~~~~~~~~~~~~~~~~~\x1b[m\x1b[K\n'}
[0.389943] (pso_planner_pkg) StderrLine: {'line': b'\x1b[01m\x1b[K/home/neubility/path_planning_ws/path_planning/src/pso_planner_pkg/include/pso_planner.hpp:\x1b[m\x1b[K In member function \xe2\x80\x98\x1b[01m\x1b[Kvoid PSOPlanner::init_first_particles()\x1b[m\x1b[K\xe2\x80\x99:\n'}
[0.390197] (pso_planner_pkg) StderrLine: {'line': b'\x1b[01m\x1b[K/home/neubility/path_planning_ws/path_planning/src/pso_planner_pkg/include/pso_planner.hpp:236:27:\x1b[m\x1b[K \x1b[01;35m\x1b[Kwarning: \x1b[m\x1b[Kcomparison between signed and unsigned integer expressions [\x1b[01;35m\x1b[K-Wsign-compare\x1b[m\x1b[K]\n'}
[0.390333] (pso_planner_pkg) StderrLine: {'line': b'         for (int i = 0; \x1b[01;35m\x1b[Ki < this->m_swarm.size()\x1b[m\x1b[K; i++)\n'}
[0.390453] (pso_planner_pkg) StderrLine: {'line': b'                         \x1b[01;35m\x1b[K~~^~~~~~~~~~~~~~~~~~~~~~\x1b[m\x1b[K\n'}
[0.390722] (pso_planner_pkg) StderrLine: {'line': b'\x1b[01m\x1b[K/home/neubility/path_planning_ws/path_planning/src/pso_planner_pkg/include/pso_planner.hpp:238:31:\x1b[m\x1b[K \x1b[01;35m\x1b[Kwarning: \x1b[m\x1b[Kcomparison between signed and unsigned integer expressions [\x1b[01;35m\x1b[K-Wsign-compare\x1b[m\x1b[K]\n'}
[0.390801] (pso_planner_pkg) StderrLine: {'line': b'             for (int j = 0; \x1b[01;35m\x1b[Kj < this->m_swarm[i].size()\x1b[m\x1b[K; j++)\n'}
[0.390856] (pso_planner_pkg) StderrLine: {'line': b'                             \x1b[01;35m\x1b[K~~^~~~~~~~~~~~~~~~~~~~~~~~~\x1b[m\x1b[K\n'}
[0.390919] (pso_planner_pkg) StderrLine: {'line': b'\x1b[01m\x1b[K/home/neubility/path_planning_ws/path_planning/src/pso_planner_pkg/include/pso_planner.hpp:\x1b[m\x1b[K In member function \xe2\x80\x98\x1b[01m\x1b[Kvoid PSOPlanner::update_new_swarm_fitness_value()\x1b[m\x1b[K\xe2\x80\x99:\n'}
[0.390977] (pso_planner_pkg) StderrLine: {'line': b'\x1b[01m\x1b[K/home/neubility/path_planning_ws/path_planning/src/pso_planner_pkg/include/pso_planner.hpp:284:27:\x1b[m\x1b[K \x1b[01;35m\x1b[Kwarning: \x1b[m\x1b[Kcomparison between signed and unsigned integer expressions [\x1b[01;35m\x1b[K-Wsign-compare\x1b[m\x1b[K]\n'}
[0.391036] (pso_planner_pkg) StderrLine: {'line': b'         for (int i = 0; \x1b[01;35m\x1b[Ki < this->m_swarm.size()\x1b[m\x1b[K; i++)\n'}
[0.391088] (pso_planner_pkg) StderrLine: {'line': b'                         \x1b[01;35m\x1b[K~~^~~~~~~~~~~~~~~~~~~~~~\x1b[m\x1b[K\n'}
[0.391617] (pso_planner_pkg) StderrLine: {'line': b'In file included from \x1b[01m\x1b[K/home/neubility/path_planning_ws/path_planning/src/pso_planner_pkg/src/main.cpp:8:0\x1b[m\x1b[K:\n'}
[0.391862] (pso_planner_pkg) StderrLine: {'line': b'\x1b[01m\x1b[K/home/neubility/path_planning_ws/path_planning/src/pso_planner_pkg/include/pso_planner.hpp:\x1b[m\x1b[K In member function \xe2\x80\x98\x1b[01m\x1b[Kvoid PSOPlanner::update_personal_best_swarm()\x1b[m\x1b[K\xe2\x80\x99:\n'}
[0.392058] (pso_planner_pkg) StderrLine: {'line': b'\x1b[01m\x1b[K/home/neubility/path_planning_ws/path_planning/src/pso_planner_pkg/include/pso_planner.hpp:351:15:\x1b[m\x1b[K \x1b[01;35m\x1b[Kwarning: \x1b[m\x1b[Kstatement has no effect [\x1b[01;35m\x1b[K-Wunused-value\x1b[m\x1b[K]\n'}
[0.392371] (pso_planner_pkg) StderrLine: {'line': b'         \x1b[01;35m\x1b[Kthis->m_personal_best_array_index\x1b[m\x1b[K; // std::vector<int>\n'}
[0.392785] (pso_planner_pkg) StderrLine: {'line': b'         \x1b[01;35m\x1b[K~~~~~~^~~~~~~~~~~~~~~~~~~~~~~~~~~\x1b[m\x1b[K\n'}
[0.392944] (pso_planner_pkg) StderrLine: {'line': b'\x1b[01m\x1b[K/home/neubility/path_planning_ws/path_planning/src/pso_planner_pkg/include/pso_planner.hpp:352:27:\x1b[m\x1b[K \x1b[01;35m\x1b[Kwarning: \x1b[m\x1b[Kcomparison between signed and unsigned integer expressions [\x1b[01;35m\x1b[K-Wsign-compare\x1b[m\x1b[K]\n'}
[0.393016] (pso_planner_pkg) StderrLine: {'line': b'         for (int k = 0; \x1b[01;35m\x1b[Kk < this->m_personal_best_array_index.size()\x1b[m\x1b[K; k++)\n'}
[0.393080] (pso_planner_pkg) StderrLine: {'line': b'                         \x1b[01;35m\x1b[K~~^~~~~~~~~~~~~~~~~~~~~~~~~~~~~~~~~~~~~~~~~~\x1b[m\x1b[K\n'}
[0.393139] (pso_planner_pkg) StderrLine: {'line': b'\x1b[01m\x1b[K/home/neubility/path_planning_ws/path_planning/src/pso_planner_pkg/include/pso_planner.hpp:353:31:\x1b[m\x1b[K \x1b[01;35m\x1b[Kwarning: \x1b[m\x1b[Kcomparison between signed and unsigned integer expressions [\x1b[01;35m\x1b[K-Wsign-compare\x1b[m\x1b[K]\n'}
[0.393201] (pso_planner_pkg) StderrLine: {'line': b'             for (int i = 0; \x1b[01;35m\x1b[Ki < this->m_swarm.size()\x1b[m\x1b[K; i++)\n'}
[0.393261] (pso_planner_pkg) StderrLine: {'line': b'                             \x1b[01;35m\x1b[K~~^~~~~~~~~~~~~~~~~~~~~~\x1b[m\x1b[K\n'}
[0.393320] (pso_planner_pkg) StderrLine: {'line': b'\x1b[01m\x1b[K/home/neubility/path_planning_ws/path_planning/src/pso_planner_pkg/include/pso_planner.hpp:356:35:\x1b[m\x1b[K \x1b[01;35m\x1b[Kwarning: \x1b[m\x1b[Kcomparison between signed and unsigned integer expressions [\x1b[01;35m\x1b[K-Wsign-compare\x1b[m\x1b[K]\n'}
[0.393378] (pso_planner_pkg) StderrLine: {'line': b'                 for (int j = 0; \x1b[01;35m\x1b[Kj < this->m_swarm[i].size()\x1b[m\x1b[K; j++)\n'}
[0.393526] (pso_planner_pkg) StderrLine: {'line': b'                                 \x1b[01;35m\x1b[K~~^~~~~~~~~~~~~~~~~~~~~~~~~\x1b[m\x1b[K\n'}
[0.393615] (pso_planner_pkg) StderrLine: {'line': b'\x1b[01m\x1b[K/home/neubility/path_planning_ws/path_planning/src/pso_planner_pkg/include/pso_planner.hpp:\x1b[m\x1b[K In member function \xe2\x80\x98\x1b[01m\x1b[Kvoid PSOPlanner::update_global_best_swarm()\x1b[m\x1b[K\xe2\x80\x99:\n'}
[0.393901] (pso_planner_pkg) StderrLine: {'line': b'\x1b[01m\x1b[K/home/neubility/path_planning_ws/path_planning/src/pso_planner_pkg/include/pso_planner.hpp:378:27:\x1b[m\x1b[K \x1b[01;35m\x1b[Kwarning: \x1b[m\x1b[Kcomparison between signed and unsigned integer expressions [\x1b[01;35m\x1b[K-Wsign-compare\x1b[m\x1b[K]\n'}
[0.394022] (pso_planner_pkg) StderrLine: {'line': b'         for (int k = 0; \x1b[01;35m\x1b[Kk < this->m_global_best_array_index.size()\x1b[m\x1b[K; k++)\n'}
[0.394081] (pso_planner_pkg) StderrLine: {'line': b'                         \x1b[01;35m\x1b[K~~^~~~~~~~~~~~~~~~~~~~~~~~~~~~~~~~~~~~~~~~\x1b[m\x1b[K\n'}
[0.394137] (pso_planner_pkg) StderrLine: {'line': b'\x1b[01m\x1b[K/home/neubility/path_planning_ws/path_planning/src/pso_planner_pkg/include/pso_planner.hpp:381:31:\x1b[m\x1b[K \x1b[01;35m\x1b[Kwarning: \x1b[m\x1b[Kcomparison between signed and unsigned integer expressions [\x1b[01;35m\x1b[K-Wsign-compare\x1b[m\x1b[K]\n'}
[0.394192] (pso_planner_pkg) StderrLine: {'line': b'             for (int i = 0; \x1b[01;35m\x1b[Ki < this->m_swarm.size()\x1b[m\x1b[K; i++)\n'}
[0.394246] (pso_planner_pkg) StderrLine: {'line': b'                             \x1b[01;35m\x1b[K~~^~~~~~~~~~~~~~~~~~~~~~\x1b[m\x1b[K\n'}
[0.394300] (pso_planner_pkg) StderrLine: {'line': b'\x1b[01m\x1b[K/home/neubility/path_planning_ws/path_planning/src/pso_planner_pkg/include/pso_planner.hpp:383:35:\x1b[m\x1b[K \x1b[01;35m\x1b[Kwarning: \x1b[m\x1b[Kcomparison between signed and unsigned integer expressions [\x1b[01;35m\x1b[K-Wsign-compare\x1b[m\x1b[K]\n'}
[0.394354] (pso_planner_pkg) StderrLine: {'line': b'                 for (int j = 0; \x1b[01;35m\x1b[Kj < this->m_swarm[i].size()\x1b[m\x1b[K; j++)\n'}
[0.394407] (pso_planner_pkg) StderrLine: {'line': b'                                 \x1b[01;35m\x1b[K~~^~~~~~~~~~~~~~~~~~~~~~~~~\x1b[m\x1b[K\n'}
[0.398264] (pso_planner_pkg) StderrLine: {'line': b'\x1b[01m\x1b[K/home/neubility/path_planning_ws/path_planning/src/pso_planner_pkg/include/pso_planner.hpp:\x1b[m\x1b[K In member function \xe2\x80\x98\x1b[01m\x1b[Kvoid PSOPlanner::update_new_swarm()\x1b[m\x1b[K\xe2\x80\x99:\n'}
[0.398526] (pso_planner_pkg) StderrLine: {'line': b'\x1b[01m\x1b[K/home/neubility/path_planning_ws/path_planning/src/pso_planner_pkg/include/pso_planner.hpp:427:27:\x1b[m\x1b[K \x1b[01;35m\x1b[Kwarning: \x1b[m\x1b[Kcomparison between signed and unsigned integer expressions [\x1b[01;35m\x1b[K-Wsign-compare\x1b[m\x1b[K]\n'}
[0.398667] (pso_planner_pkg) StderrLine: {'line': b'         for (int i = 0; \x1b[01;35m\x1b[Ki < this->m_swarm.size()\x1b[m\x1b[K; i++)\n'}
[0.398790] (pso_planner_pkg) StderrLine: {'line': b'                         \x1b[01;35m\x1b[K~~^~~~~~~~~~~~~~~~~~~~~~\x1b[m\x1b[K\n'}
[0.398849] (pso_planner_pkg) StderrLine: {'line': b'\x1b[01m\x1b[K/home/neubility/path_planning_ws/path_planning/src/pso_planner_pkg/include/pso_planner.hpp:436:31:\x1b[m\x1b[K \x1b[01;35m\x1b[Kwarning: \x1b[m\x1b[Kcomparison between signed and unsigned integer expressions [\x1b[01;35m\x1b[K-Wsign-compare\x1b[m\x1b[K]\n'}
[0.398908] (pso_planner_pkg) StderrLine: {'line': b'             for (int k = 0; \x1b[01;35m\x1b[Kk < this->m_swarm[i][swarm_depth_end_index].particles.size()\x1b[m\x1b[K; k++)\n'}
[0.398965] (pso_planner_pkg) StderrLine: {'line': b'                             \x1b[01;35m\x1b[K~~^~~~~~~~~~~~~~~~~~~~~~~~~~~~~~~~~~~~~~~~~~~~~~~~~~~~~~~~~~\x1b[m\x1b[K\n'}
[0.399169] (pso_planner_pkg) StderrLine: {'line': b'\x1b[01m\x1b[K/home/neubility/path_planning_ws/path_planning/src/pso_planner_pkg/include/pso_planner.hpp:435:20:\x1b[m\x1b[K \x1b[01;35m\x1b[Kwarning: \x1b[m\x1b[Kunused variable \xe2\x80\x98\x1b[01m\x1b[Knorm_particle_velocity\x1b[m\x1b[K\xe2\x80\x99 [\x1b[01;35m\x1b[K-Wunused-variable\x1b[m\x1b[K]\n'}
[0.399239] (pso_planner_pkg) StderrLine: {'line': b'             double \x1b[01;35m\x1b[Knorm_particle_velocity\x1b[m\x1b[K = 0;\n'}
[0.399297] (pso_planner_pkg) StderrLine: {'line': b'                    \x1b[01;35m\x1b[K^~~~~~~~~~~~~~~~~~~~~~\x1b[m\x1b[K\n'}
[0.400312] (-) TimerEvent: {}
[0.500526] (-) TimerEvent: {}
[0.600892] (-) TimerEvent: {}
[0.701229] (-) TimerEvent: {}
[0.801603] (-) TimerEvent: {}
[0.902044] (-) TimerEvent: {}
[1.002360] (-) TimerEvent: {}
[1.102708] (-) TimerEvent: {}
[1.180933] (pso_planner_pkg) StderrLine: {'line': b'\x1b[01m\x1b[K/home/neubility/path_planning_ws/path_planning/src/pso_planner_pkg/src/main.cpp:\x1b[m\x1b[K In function \xe2\x80\x98\x1b[01m\x1b[Kint main(int, char**)\x1b[m\x1b[K\xe2\x80\x99:\n'}
[1.181164] (pso_planner_pkg) StderrLine: {'line': b'\x1b[01m\x1b[K/home/neubility/path_planning_ws/path_planning/src/pso_planner_pkg/src/main.cpp:84:93:\x1b[m\x1b[K \x1b[01;31m\x1b[Kerror: \x1b[m\x1b[Kconversion from \xe2\x80\x98\x1b[01m\x1b[Kstd::vector<std::pair<int, int> >\x1b[m\x1b[K\xe2\x80\x99 to non-scalar type \xe2\x80\x98\x1b[01m\x1b[Kstd::pair<int, int>\x1b[m\x1b[K\xe2\x80\x99 requested\n'}
[1.181301] (pso_planner_pkg) StderrLine: {'line': b'         std::pair<int, int> global_best_array_index = \x1b[01;31m\x1b[Kpso_search.get_global_best_array_index()\x1b[m\x1b[K;\n'}
[1.181378] (pso_planner_pkg) StderrLine: {'line': b'                                                       \x1b[01;31m\x1b[K~~~~~~~~~~~~~~~~~~~~~~~~~~~~~~~~~~~~~~^~\x1b[m\x1b[K\n'}
[1.181540] (pso_planner_pkg) StderrLine: {'line': b'\x1b[01m\x1b[K/home/neubility/path_planning_ws/path_planning/src/pso_planner_pkg/src/main.cpp:101:27:\x1b[m\x1b[K \x1b[01;35m\x1b[Kwarning: \x1b[m\x1b[Kcomparison between signed and unsigned integer expressions [\x1b[01;35m\x1b[K-Wsign-compare\x1b[m\x1b[K]\n'}
[1.181604] (pso_planner_pkg) StderrLine: {'line': b'         for (int i = 0; \x1b[01;35m\x1b[Ki < global_best_position_array.size()\x1b[m\x1b[K; i++)\n'}
[1.181752] (pso_planner_pkg) StderrLine: {'line': b'                         \x1b[01;35m\x1b[K~~^~~~~~~~~~~~~~~~~~~~~~~~~~~~~~~~~~~\x1b[m\x1b[K\n'}
[1.182007] (pso_planner_pkg) StderrLine: {'line': b'\x1b[01m\x1b[K/home/neubility/path_planning_ws/path_planning/src/pso_planner_pkg/src/main.cpp:115:27:\x1b[m\x1b[K \x1b[01;35m\x1b[Kwarning: \x1b[m\x1b[Kcomparison between signed and unsigned integer expressions [\x1b[01;35m\x1b[K-Wsign-compare\x1b[m\x1b[K]\n'}
[1.182156] (pso_planner_pkg) StderrLine: {'line': b'         for (int i = 0; \x1b[01;35m\x1b[Ki < swarms_total_fitness.size()\x1b[m\x1b[K; i++)\n'}
[1.182251] (pso_planner_pkg) StderrLine: {'line': b'                         \x1b[01;35m\x1b[K~~^~~~~~~~~~~~~~~~~~~~~~~~~~~~~\x1b[m\x1b[K\n'}
[1.182810] (pso_planner_pkg) StderrLine: {'line': b'\x1b[01m\x1b[K/home/neubility/path_planning_ws/path_planning/src/pso_planner_pkg/src/main.cpp:133:27:\x1b[m\x1b[K \x1b[01;35m\x1b[Kwarning: \x1b[m\x1b[Kcomparison between signed and unsigned integer expressions [\x1b[01;35m\x1b[K-Wsign-compare\x1b[m\x1b[K]\n'}
[1.182940] (pso_planner_pkg) StderrLine: {'line': b'         for (int i = 0; \x1b[01;35m\x1b[Ki < pso_total_result_path_points.size()\x1b[m\x1b[K; i++)\n'}
[1.182996] (pso_planner_pkg) StderrLine: {'line': b'                         \x1b[01;35m\x1b[K~~^~~~~~~~~~~~~~~~~~~~~~~~~~~~~~~~~~~~~\x1b[m\x1b[K\n'}
[1.183092] (pso_planner_pkg) StderrLine: {'line': b'\x1b[01m\x1b[K/home/neubility/path_planning_ws/path_planning/src/pso_planner_pkg/src/main.cpp:136:31:\x1b[m\x1b[K \x1b[01;35m\x1b[Kwarning: \x1b[m\x1b[Kcomparison between signed and unsigned integer expressions [\x1b[01;35m\x1b[K-Wsign-compare\x1b[m\x1b[K]\n'}
[1.183167] (pso_planner_pkg) StderrLine: {'line': b'             for (int j = 0; \x1b[01;35m\x1b[Kj < pso_total_result_path_points[i].size() - 1\x1b[m\x1b[K; j++)\n'}
[1.183223] (pso_planner_pkg) StderrLine: {'line': b'                             \x1b[01;35m\x1b[K~~^~~~~~~~~~~~~~~~~~~~~~~~~~~~~~~~~~~~~~~~~~~~\x1b[m\x1b[K\n'}
[1.183364] (pso_planner_pkg) StderrLine: {'line': b'\x1b[01m\x1b[K/home/neubility/path_planning_ws/path_planning/src/pso_planner_pkg/src/main.cpp:154:27:\x1b[m\x1b[K \x1b[01;35m\x1b[Kwarning: \x1b[m\x1b[Kcomparison between signed and unsigned integer expressions [\x1b[01;35m\x1b[K-Wsign-compare\x1b[m\x1b[K]\n'}
[1.183453] (pso_planner_pkg) StderrLine: {'line': b'         for (int i = 0; \x1b[01;35m\x1b[Ki < pso_total_result_path_points.size()\x1b[m\x1b[K; i++)\n'}
[1.183519] (pso_planner_pkg) StderrLine: {'line': b'                         \x1b[01;35m\x1b[K~~^~~~~~~~~~~~~~~~~~~~~~~~~~~~~~~~~~~~~\x1b[m\x1b[K\n'}
[1.183576] (pso_planner_pkg) StderrLine: {'line': b'\x1b[01m\x1b[K/home/neubility/path_planning_ws/path_planning/src/pso_planner_pkg/src/main.cpp:156:31:\x1b[m\x1b[K \x1b[01;35m\x1b[Kwarning: \x1b[m\x1b[Kcomparison between signed and unsigned integer expressions [\x1b[01;35m\x1b[K-Wsign-compare\x1b[m\x1b[K]\n'}
[1.183634] (pso_planner_pkg) StderrLine: {'line': b'             for (int j = 0; \x1b[01;35m\x1b[Kj < pso_total_result_path_points[i].size()\x1b[m\x1b[K; j++)\n'}
[1.183688] (pso_planner_pkg) StderrLine: {'line': b'                             \x1b[01;35m\x1b[K~~^~~~~~~~~~~~~~~~~~~~~~~~~~~~~~~~~~~~~~~~\x1b[m\x1b[K\n'}
[1.202807] (-) TimerEvent: {}
[1.303118] (-) TimerEvent: {}
[1.403446] (-) TimerEvent: {}
[1.503801] (-) TimerEvent: {}
[1.604129] (-) TimerEvent: {}
[1.704841] (-) TimerEvent: {}
[1.805244] (-) TimerEvent: {}
[1.905537] (-) TimerEvent: {}
[2.006002] (-) TimerEvent: {}
[2.106352] (-) TimerEvent: {}
[2.206809] (-) TimerEvent: {}
[2.307190] (-) TimerEvent: {}
[2.407470] (-) TimerEvent: {}
[2.507782] (-) TimerEvent: {}
[2.608088] (-) TimerEvent: {}
[2.708410] (-) TimerEvent: {}
[2.808785] (-) TimerEvent: {}
[2.909224] (-) TimerEvent: {}
[3.009607] (-) TimerEvent: {}
[3.110194] (-) TimerEvent: {}
[3.210736] (-) TimerEvent: {}
[3.311160] (-) TimerEvent: {}
[3.411565] (-) TimerEvent: {}
[3.511971] (-) TimerEvent: {}
[3.612284] (-) TimerEvent: {}
[3.712646] (-) TimerEvent: {}
[3.812997] (-) TimerEvent: {}
[3.842061] (pso_planner_pkg) StdoutLine: {'line': b"CMakeFiles/pso_planner_pkg.dir/build.make:62: recipe for target 'CMakeFiles/pso_planner_pkg.dir/src/main.cpp.o' failed\n"}
[3.843067] (pso_planner_pkg) StderrLine: {'line': b'make[2]: *** [CMakeFiles/pso_planner_pkg.dir/src/main.cpp.o] Error 1\n'}
[3.843265] (pso_planner_pkg) StdoutLine: {'line': b"CMakeFiles/Makefile2:131: recipe for target 'CMakeFiles/pso_planner_pkg.dir/all' failed\n"}
[3.843434] (pso_planner_pkg) StderrLine: {'line': b'make[1]: *** [CMakeFiles/pso_planner_pkg.dir/all] Error 2\n'}
[3.843502] (pso_planner_pkg) StderrLine: {'line': b'make: *** [all] Error 2\n'}
[3.843558] (pso_planner_pkg) StdoutLine: {'line': b"Makefile:140: recipe for target 'all' failed\n"}
[3.844653] (pso_planner_pkg) CommandEnded: {'returncode': 2}
[3.887986] (pso_planner_pkg) JobEnded: {'identifier': 'pso_planner_pkg', 'rc': 2}
[3.899013] (-) EventReactorShutdown: {}
