[0.055s] Invoking command in '/home/neubility/path_planning_ws/path_planning/build/a_star_algorithm_pkg': /usr/bin/cmake /home/neubility/path_planning_ws/path_planning/src/a_star_algorithm_pkg -DCATKIN_INSTALL_INTO_PREFIX_ROOT=0 -DCMAKE_INSTALL_PREFIX=/home/neubility/path_planning_ws/path_planning/install/a_star_algorithm_pkg
[0.107s] CMake Error at CMakeLists.txt:8 (find_package):
[0.108s]   By not providing "Findcatkin.cmake" in CMAKE_MODULE_PATH this project has
[0.108s]   asked CMake to find a package configuration file provided by "catkin", but
[0.108s]   CMake did not find one.
[0.109s] 
[0.110s]   Could not find a package configuration file provided by "catkin" with any
[0.110s]   of the following names:
[0.110s] 
[0.110s]     catkinConfig.cmake
[0.110s]     catkin-config.cmake
[0.110s] 
[0.111s]   Add the installation prefix of "catkin" to CMAKE_PREFIX_PATH or set
[0.111s]   "catkin_DIR" to a directory containing one of the above files.  If "catkin"
[0.111s]   provides a separate development package or SDK, be sure it has been
[0.111s]   installed.
[0.111s] 
[0.111s] 
[0.111s] -- Configuring incomplete, errors occurred!
[0.111s] See also "/home/neubility/path_planning_ws/path_planning/build/a_star_algorithm_pkg/CMakeFiles/CMakeOutput.log".
[0.112s] Invoked command in '/home/neubility/path_planning_ws/path_planning/build/a_star_algorithm_pkg' returned '1': /usr/bin/cmake /home/neubility/path_planning_ws/path_planning/src/a_star_algorithm_pkg -DCATKIN_INSTALL_INTO_PREFIX_ROOT=0 -DCMAKE_INSTALL_PREFIX=/home/neubility/path_planning_ws/path_planning/install/a_star_algorithm_pkg
