[100%] Built target hybrid_a_star_algorithm_pkg
[100%] Built target hybrid_a_star_algorithm_pkg
[36mInstall the project...[0m
-- Install configuration: ""
-- Up-to-date: /home/neubility/path_planning_ws/path_planning/src/install/hybrid_a_star_algorithm_pkg/lib/hybrid_a_star_algorithm_pkg/hybrid_a_star_algorithm_pkg
-- Installing: /home/neubility/path_planning_ws/path_planning/src/install/hybrid_a_star_algorithm_pkg/share/hybrid_a_star_algorithm_pkg/launch
-- Installing: /home/neubility/path_planning_ws/path_planning/src/install/hybrid_a_star_algorithm_pkg/share/ament_index/resource_index/package_run_dependencies/hybrid_a_star_algorithm_pkg
-- Installing: /home/neubility/path_planning_ws/path_planning/src/install/hybrid_a_star_algorithm_pkg/share/ament_index/resource_index/parent_prefix_path/hybrid_a_star_algorithm_pkg
-- Installing: /home/neubility/path_planning_ws/path_planning/src/install/hybrid_a_star_algorithm_pkg/share/hybrid_a_star_algorithm_pkg/environment/ament_prefix_path.sh
-- Installing: /home/neubility/path_planning_ws/path_planning/src/install/hybrid_a_star_algorithm_pkg/share/hybrid_a_star_algorithm_pkg/environment/ament_prefix_path.dsv
-- Installing: /home/neubility/path_planning_ws/path_planning/src/install/hybrid_a_star_algorithm_pkg/share/hybrid_a_star_algorithm_pkg/environment/path.sh
-- Installing: /home/neubility/path_planning_ws/path_planning/src/install/hybrid_a_star_algorithm_pkg/share/hybrid_a_star_algorithm_pkg/environment/path.dsv
-- Installing: /home/neubility/path_planning_ws/path_planning/src/install/hybrid_a_star_algorithm_pkg/share/hybrid_a_star_algorithm_pkg/local_setup.bash
-- Installing: /home/neubility/path_planning_ws/path_planning/src/install/hybrid_a_star_algorithm_pkg/share/hybrid_a_star_algorithm_pkg/local_setup.sh
-- Installing: /home/neubility/path_planning_ws/path_planning/src/install/hybrid_a_star_algorithm_pkg/share/hybrid_a_star_algorithm_pkg/local_setup.zsh
-- Installing: /home/neubility/path_planning_ws/path_planning/src/install/hybrid_a_star_algorithm_pkg/share/hybrid_a_star_algorithm_pkg/local_setup.dsv
-- Installing: /home/neubility/path_planning_ws/path_planning/src/install/hybrid_a_star_algorithm_pkg/share/hybrid_a_star_algorithm_pkg/package.dsv
-- Installing: /home/neubility/path_planning_ws/path_planning/src/install/hybrid_a_star_algorithm_pkg/share/ament_index/resource_index/packages/hybrid_a_star_algorithm_pkg
-- Installing: /home/neubility/path_planning_ws/path_planning/src/install/hybrid_a_star_algorithm_pkg/share/hybrid_a_star_algorithm_pkg/cmake/hybrid_a_star_algorithm_pkgConfig.cmake
-- Installing: /home/neubility/path_planning_ws/path_planning/src/install/hybrid_a_star_algorithm_pkg/share/hybrid_a_star_algorithm_pkg/cmake/hybrid_a_star_algorithm_pkgConfig-version.cmake
-- Installing: /home/neubility/path_planning_ws/path_planning/src/install/hybrid_a_star_algorithm_pkg/share/hybrid_a_star_algorithm_pkg/package.xml
